src/App.tsx(25,10): error TS2614: Module '"./components/ui/ResourceVisualization"' has no exported member 'ResourceVisualization'. Did you mean to use 'import ResourceVisualization from "./components/ui/ResourceVisualization"' instead?
src/App.tsx(358,9): error TS6133: 'profiler' is declared but its value is never read.
src/components/buildings/modules/ExplorationHub/ExplorationHub.tsx(376,11): error TS6196: 'ExplorationTask' is declared but never used.
src/components/buildings/modules/ExplorationHub/MissionReplay.tsx(162,13): error TS6133: 'isCurrentEvent' is declared but its value is never read.
src/components/buildings/modules/hangar/ShipHangar.tsx(3,3): error TS2440: Import declaration conflicts with local declaration of 'Ship'.
src/components/buildings/modules/hangar/ShipHangar.tsx(60,7): error TS6133: '_mockShips' is declared but its value is never read.
src/components/buildings/modules/hangar/ShipHangar.tsx(192,48): error TS2339: Property 'on' does not exist on type 'ShipHangarManager'.
src/components/buildings/modules/hangar/ShipHangar.tsx(192,68): error TS7031: Binding element 'ship' implicitly has an 'any' type.
src/components/buildings/modules/hangar/ShipHangar.tsx(198,50): error TS2339: Property 'on' does not exist on type 'ShipHangarManager'.
src/components/buildings/modules/hangar/ShipHangar.tsx(198,72): error TS7031: Binding element 'shipId' implicitly has an 'any' type.
src/components/buildings/modules/hangar/ShipHangar.tsx(207,50): error TS2339: Property 'on' does not exist on type 'ShipHangarManager'.
src/components/buildings/modules/hangar/ShipHangar.tsx(207,72): error TS7031: Binding element 'ship' implicitly has an 'any' type.
src/components/buildings/modules/hangar/ShipHangar.tsx(376,25): error TS17001: JSX elements cannot have multiple attributes with the same name.
src/components/buildings/modules/hangar/ShipHangar.tsx(443,18): error TS2367: This comparison appears to be unintentional because the types '"idle" | "engaging" | "patrolling" | "damaged" | "returning"' and 'ShipStatus.DOCKED' have no overlap.
src/components/buildings/modules/hangar/ShipHangar.tsx(451,18): error TS2367: This comparison appears to be unintentional because the types '"idle" | "engaging" | "patrolling" | "damaged" | "returning"' and 'ShipStatus.DEPLOYED' have no overlap.
src/components/buildings/modules/hangar/StandardShipHangar.tsx(36,48): error TS2339: Property 'on' does not exist on type 'ShipHangarManager'.
src/components/buildings/modules/hangar/StandardShipHangar.tsx(36,68): error TS7031: Binding element 'ship' implicitly has an 'any' type.
src/components/buildings/modules/hangar/StandardShipHangar.tsx(42,50): error TS2339: Property 'on' does not exist on type 'ShipHangarManager'.
src/components/buildings/modules/hangar/StandardShipHangar.tsx(42,72): error TS7031: Binding element 'shipId' implicitly has an 'any' type.
src/components/buildings/modules/hangar/StandardShipHangar.tsx(51,50): error TS2339: Property 'on' does not exist on type 'ShipHangarManager'.
src/components/buildings/modules/hangar/StandardShipHangar.tsx(51,72): error TS7031: Binding element 'ship' implicitly has an 'any' type.
src/components/buildings/modules/MiningHub/MineralProcessingCentre.tsx(182,9): error TS6133: 'resourcesByType' is declared but its value is never read.
src/components/buildings/modules/MiningHub/MiningControls.tsx(121,9): error TS6133: 'getResourceTypeColor' is declared but its value is never read.
src/components/buildings/modules/MiningHub/MiningMap.tsx(26,3): error TS6133: 'techBonuses' is declared but its value is never read.
src/components/buildings/modules/MiningHub/MiningMap.tsx(27,3): error TS6133: 'ships' is declared but its value is never read.
src/components/buildings/modules/MiningHub/MiningMap.tsx(28,3): error TS6133: 'children' is declared but its value is never read.
src/components/core/SystemIntegration.tsx(38,6): error TS6196: 'ModuleEventType' is declared but never used.
src/components/core/SystemIntegration.tsx(117,13): error TS6133: '_production' is declared but its value is never read.
src/components/core/SystemIntegration.tsx(118,13): error TS6133: '_consumption' is declared but its value is never read.
src/components/exploration/AdvancedFilteringDemo.tsx(187,42): error TS2345: Argument of type 'import("/Users/deadcoast/CursorProjects/Galactic_Sprawl/src/types/resources/ResourceTypes").ResourceType' is not assignable to parameter of type 'import("/Users/deadcoast/CursorProjects/Galactic_Sprawl/src/types/resources/StandardizedResourceTypes").ResourceType'.
  Type '"minerals"' is not assignable to type 'ResourceType'. Did you mean 'ResourceType.MINERALS'?
src/components/exploration/AnalysisConfigManager.tsx(44,3): error TS6133: 'onUpdateConfig' is declared but its value is never read.
src/components/exploration/DataAnalysisSystem.tsx(95,10): error TS6133: '_DatasetInfo' is declared but its value is never read.
src/components/exploration/DatasetManager.tsx(37,3): error TS6133: 'onUpdateDataset' is declared but its value is never read.
src/components/exploration/ExplorationSystemIntegration.tsx(114,42): error TS2345: Argument of type 'import("/Users/deadcoast/CursorProjects/Galactic_Sprawl/src/types/resources/ResourceTypes").ResourceType' is not assignable to parameter of type 'import("/Users/deadcoast/CursorProjects/Galactic_Sprawl/src/types/resources/StandardizedResourceTypes").ResourceType'.
  Type '"minerals"' is not assignable to type 'ResourceType'. Did you mean 'ResourceType.MINERALS'?
src/components/exploration/MemoryOptimizedCanvasDemo.tsx(186,10): error TS2590: Expression produces a union type that is too complex to represent.
src/components/exploration/ResourceDiscoveryDemo.tsx(264,11): error TS2719: Type 'ResourceDiscovery[]' is not assignable to type 'ResourceDiscovery[]'. Two different types with this name exist, but they are unrelated.
  Type 'ResourceDiscovery' is not assignable to type 'ResourceDiscovery'. Two different types with this name exist, but they are unrelated.
    Types of property 'processedData' are incompatible.
      Type 'ResourceData[] | undefined' is not assignable to type 'ResourceData[] | undefined'. Two different types with this name exist, but they are unrelated.
        Type 'ResourceData[]' is not assignable to type 'ResourceData[]'. Two different types with this name exist, but they are unrelated.
          Type 'ResourceData' is not assignable to type 'ResourceData'. Two different types with this name exist, but they are unrelated.
            Types of property 'type' are incompatible.
              Type 'import("/Users/deadcoast/CursorProjects/Galactic_Sprawl/src/types/resources/ResourceTypes").ResourceType' is not assignable to type 'import("/Users/deadcoast/CursorProjects/Galactic_Sprawl/src/types/resources/StandardizedResourceTypes").ResourceType'.
                Type '"minerals"' is not assignable to type 'ResourceType'. Did you mean 'ResourceType.MINERALS'?
src/components/exploration/ResourceDiscoveryDemo.tsx(266,11): error TS2719: Type '(discoveryId: string, processedData: ResourceData[]) => void' is not assignable to type '(discoveryId: string, processedData: ResourceData[]) => void'. Two different types with this name exist, but they are unrelated.
  Types of parameters 'processedData' and 'processedData' are incompatible.
    Type 'ResourceData[]' is not assignable to type 'ResourceData[]'. Two different types with this name exist, but they are unrelated.
      Type 'ResourceData' is not assignable to type 'ResourceData'. Two different types with this name exist, but they are unrelated.
        Types of property 'type' are incompatible.
          Type 'import("/Users/deadcoast/CursorProjects/Galactic_Sprawl/src/types/resources/StandardizedResourceTypes").ResourceType' is not assignable to type 'import("/Users/deadcoast/CursorProjects/Galactic_Sprawl/src/types/resources/ResourceTypes").ResourceType'.
src/components/exploration/ResourceDiscoverySystem.tsx(7,8): error TS2307: Cannot find module '../../utils/resources/ResourceTypeConverter' or its corresponding type declarations.
src/components/exploration/unified/core/BaseAnalysisVisualizer.tsx(20,1): error TS6133: 'VisualizationValue' is declared but its value is never read.
src/components/exploration/unified/core/BaseAnalysisVisualizer.tsx(164,11): error TS6133: 'data' is declared but its value is never read.
src/components/exploration/unified/core/BaseAnalysisVisualizer.tsx(164,17): error TS6133: 'width' is declared but its value is never read.
src/components/exploration/unified/core/BaseAnalysisVisualizer.tsx(164,24): error TS6133: 'height' is declared but its value is never read.
src/components/exploration/unified/core/BaseAnalysisVisualizer.tsx(164,32): error TS6133: 'options' is declared but its value is never read.
src/components/exploration/unified/core/BaseAnalysisVisualizer.tsx(170,12): error TS6133: 'data' is declared but its value is never read.
src/components/exploration/unified/core/BaseAnalysisVisualizer.tsx(170,18): error TS6133: 'width' is declared but its value is never read.
src/components/exploration/unified/core/BaseAnalysisVisualizer.tsx(170,25): error TS6133: 'height' is declared but its value is never read.
src/components/exploration/unified/core/BaseAnalysisVisualizer.tsx(170,33): error TS6133: 'options' is declared but its value is never read.
src/components/exploration/unified/core/BaseAnalysisVisualizer.tsx(176,15): error TS6133: 'data' is declared but its value is never read.
src/components/exploration/unified/core/BaseAnalysisVisualizer.tsx(176,21): error TS6133: 'width' is declared but its value is never read.
src/components/exploration/unified/core/BaseAnalysisVisualizer.tsx(176,28): error TS6133: 'height' is declared but its value is never read.
src/components/exploration/unified/core/BaseAnalysisVisualizer.tsx(176,36): error TS6133: 'options' is declared but its value is never read.
src/components/exploration/unified/core/BaseAnalysisVisualizer.tsx(182,11): error TS6133: 'data' is declared but its value is never read.
src/components/exploration/unified/core/BaseAnalysisVisualizer.tsx(182,17): error TS6133: 'width' is declared but its value is never read.
src/components/exploration/unified/core/BaseAnalysisVisualizer.tsx(182,24): error TS6133: 'height' is declared but its value is never read.
src/components/exploration/unified/core/BaseAnalysisVisualizer.tsx(182,32): error TS6133: 'options' is declared but its value is never read.
src/components/exploration/unified/core/BaseAnalysisVisualizer.tsx(188,13): error TS6133: 'data' is declared but its value is never read.
src/components/exploration/unified/core/BaseAnalysisVisualizer.tsx(188,19): error TS6133: 'width' is declared but its value is never read.
src/components/exploration/unified/core/BaseAnalysisVisualizer.tsx(188,26): error TS6133: 'height' is declared but its value is never read.
src/components/exploration/unified/core/BaseAnalysisVisualizer.tsx(188,34): error TS6133: 'options' is declared but its value is never read.
src/components/exploration/unified/core/BaseAnalysisVisualizer.tsx(194,15): error TS6133: 'data' is declared but its value is never read.
src/components/exploration/unified/core/BaseAnalysisVisualizer.tsx(194,21): error TS6133: 'width' is declared but its value is never read.
src/components/exploration/unified/core/BaseAnalysisVisualizer.tsx(194,28): error TS6133: 'height' is declared but its value is never read.
src/components/exploration/unified/core/BaseAnalysisVisualizer.tsx(194,36): error TS6133: 'options' is declared but its value is never read.
src/components/exploration/unified/core/BaseAnalysisVisualizer.tsx(200,15): error TS6133: 'data' is declared but its value is never read.
src/components/exploration/unified/core/BaseAnalysisVisualizer.tsx(200,21): error TS6133: 'width' is declared but its value is never read.
src/components/exploration/unified/core/BaseAnalysisVisualizer.tsx(200,28): error TS6133: 'height' is declared but its value is never read.
src/components/exploration/unified/core/BaseAnalysisVisualizer.tsx(200,36): error TS6133: 'options' is declared but its value is never read.
src/components/exploration/unified/core/BaseAnalysisVisualizer.tsx(206,19): error TS6133: 'width' is declared but its value is never read.
src/components/exploration/unified/core/BaseAnalysisVisualizer.tsx(206,26): error TS6133: 'height' is declared but its value is never read.
src/components/exploration/unified/core/BaseAnalysisVisualizer.tsx(206,34): error TS6133: 'options' is declared but its value is never read.
src/components/exploration/unified/core/BaseAnalysisVisualizer.tsx(240,14): error TS6133: 'data' is declared but its value is never read.
src/components/exploration/unified/core/BaseAnalysisVisualizer.tsx(240,20): error TS6133: 'width' is declared but its value is never read.
src/components/exploration/unified/core/BaseAnalysisVisualizer.tsx(240,27): error TS6133: 'height' is declared but its value is never read.
src/components/exploration/unified/core/BaseAnalysisVisualizer.tsx(240,35): error TS6133: 'options' is declared but its value is never read.
src/components/exploration/unified/core/BaseMap.tsx(18,3): error TS6133: 'Coordinates' is declared but its value is never read.
src/components/exploration/unified/core/BaseMap.tsx(134,3): error TS6133: 'onEntityClick' is declared but its value is never read.
src/components/exploration/unified/system/GalaxyExplorationSystem.tsx(549,11): error TS6133: 'settings' is declared but its value is never read.
src/components/exploration/unified/system/GalaxyExplorationSystem.tsx(638,11): error TS6133: 'settings' is declared but its value is never read.
src/components/exploration/visualizations/AnalysisVisualization.tsx(533,13): error TS2322: Type 'import("/Users/deadcoast/CursorProjects/Galactic_Sprawl/src/types/resources/ResourceTypes").ResourceType[]' is not assignable to type 'import("/Users/deadcoast/CursorProjects/Galactic_Sprawl/src/types/resources/StandardizedResourceTypes").ResourceType[]'.
  Type 'import("/Users/deadcoast/CursorProjects/Galactic_Sprawl/src/types/resources/ResourceTypes").ResourceType' is not assignable to type 'import("/Users/deadcoast/CursorProjects/Galactic_Sprawl/src/types/resources/StandardizedResourceTypes").ResourceType'.
    Type '"minerals"' is not assignable to type 'ResourceType'. Did you mean 'ResourceType.MINERALS'?
src/components/exploration/visualizations/charts/BaseChart.tsx(248,9): error TS6133: 'yKeys' is declared but its value is never read.
src/components/exploration/visualizations/charts/HeatMap.tsx(97,3): error TS6133: 'cellTooltip' is declared but its value is never read.
src/components/exploration/visualizations/charts/HeatMap.tsx(113,3): error TS6133: 'grid' is declared but its value is never read.
src/components/exploration/visualizations/charts/HeatMap.tsx(114,3): error TS6133: 'animate' is declared but its value is never read.
src/components/exploration/visualizations/charts/HeatMap.tsx(345,32): error TS6133: 'index' is declared but its value is never read.
src/components/exploration/visualizations/charts/LineChart.tsx(24,6): error TS6196: 'ReferenceLinePosition' is declared but never used.
src/components/exploration/visualizations/charts/ResourceMappingVisualization.tsx(31,8): error TS2307: Cannot find module '../../../../utils/resources/ResourceTypeConverter' or its corresponding type declarations.
src/components/exploration/visualizations/charts/ResourceMappingVisualization.tsx(116,12): error TS7053: Element implicitly has an 'any' type because expression of type 'string' can't be used to index type 'Record<ResourceType, string>'.
  No index signature with a parameter of type 'string' was found on type 'Record<ResourceType, string>'.
src/components/exploration/visualizations/charts/ResourceMappingVisualization.tsx(120,12): error TS7053: Element implicitly has an 'any' type because expression of type 'any' can't be used to index type 'Record<ResourceType, string>'.
src/components/exploration/visualizations/charts/ResourceMappingVisualization.tsx(216,9): error TS6133: 'getHeatMapCellColor' is declared but its value is never read.
src/components/exploration/visualizations/charts/ScatterPlot.tsx(25,6): error TS6196: 'ReferenceLinePosition' is declared but never used.
src/components/exploration/visualizations/DataVisualizationDemo.tsx(134,62): error TS6133: 'index' is declared but its value is never read.
src/components/performance/LongSessionMemoryVisualizer.tsx(521,9): error TS6133: 'drawNoDataMessage' is declared but its value is never read.
src/components/ui/api/TypeSafeApiDemo.tsx(42,6): error TS6196: 'User' is declared but never used.
src/components/ui/api/TypeSafeApiDemo.tsx(43,6): error TS6196: 'Todo' is declared but never used.
src/components/ui/api/TypeSafeApiDemo.tsx(160,8): error TS6196: '_User' is declared but never used.
src/components/ui/api/TypeSafeApiDemo.tsx(161,8): error TS6196: '_Todo' is declared but never used.
src/components/ui/common/Button.tsx(1,8): error TS6133: 'React' is declared but its value is never read.
src/components/ui/event/VirtualizedEventLog.tsx(93,3): error TS6133: 'showDetails' is declared but its value is never read.
src/components/ui/event/VirtualizedEventLog.tsx(207,5): error TS6133: 'index' is declared but its value is never read.
src/components/ui/event/VirtualizedEventLog.tsx(218,11): error TS6133: 'eventId' is declared but its value is never read.
src/components/ui/GameHUD.tsx(23,10): error TS2614: Module '"./ResourceVisualization"' has no exported member 'ResourceVisualization'. Did you mean to use 'import ResourceVisualization from "./ResourceVisualization"' instead?
src/components/ui/GameHUD.tsx(33,11): error TS6196: 'MenuItem' is declared but never used.
src/components/ui/GameHUD.tsx(76,10): error TS6133: '_createNotification' is declared but its value is never read.
src/components/ui/GameHUD.tsx(135,9): error TS6133: 'gameContext' is declared but its value is never read.
src/components/ui/GameHUD.tsx(136,9): error TS6133: 'moduleContext' is declared but its value is never read.
src/components/ui/modules/ModuleCard.tsx(63,67): error TS6133: 'updateStatus' is declared but its value is never read.
src/components/ui/performance/AnimationPerformanceProfilerDemo.tsx(161,39): error TS6133: 'd' is declared but its value is never read.
src/components/ui/performance/AnimationPerformanceProfilerDemo.tsx(276,25): error TS6133: 'targetHeight' is declared but its value is never read.
src/components/ui/performance/DynamicBudgetAdjustmentPanel.tsx(152,9): error TS6133: 'handleConfigChange' is declared but its value is never read.
src/components/ui/performance/InterpolationMemoizationDemo.tsx(33,9): error TS6133: 'svgRef' is declared but its value is never read.
src/components/ui/performance/OptimizationComparisonView.tsx(30,3): error TS6133: 'width' is declared but its value is never read.
src/components/ui/performance/OptimizationComparisonView.tsx(31,3): error TS6133: 'height' is declared but its value is never read.
src/components/ui/performance/UserBehaviorCorrelationView.tsx(241,21): error TS6133: 'event' is declared but its value is never read.
src/components/ui/performance/UserBehaviorCorrelationView.tsx(356,19): error TS6133: 'd' is declared but its value is never read.
src/components/ui/performance/UserBehaviorCorrelationView.tsx(361,21): error TS6133: 'event' is declared but its value is never read.
src/components/ui/performance/UserBehaviorCorrelationView.tsx(375,20): error TS6133: 'd' is declared but its value is never read.
src/components/ui/performance/UserBehaviorCorrelationView.tsx(377,20): error TS6133: 'd' is declared but its value is never read.
src/components/ui/performance/UserBehaviorCorrelationView.tsx(390,19): error TS6133: 'd' is declared but its value is never read.
src/components/ui/performance/VisualizationInspector.tsx(997,17): error TS6133: '_tooltip' is declared but its value is never read.
src/components/ui/performance/VisualizationInspector.tsx(1419,15): error TS6133: '_jsHeapSize' is declared but its value is never read.
src/components/ui/performance/VisualizationInspector.tsx(1826,9): error TS6133: '_handleTabChange' is declared but its value is never read.
src/components/ui/performance/VisualizationInspector.tsx(1831,9): error TS6133: '_startRecording' is declared but its value is never read.
src/components/ui/performance/VisualizationInspector.tsx(1838,9): error TS6133: '_stopRecording' is declared but its value is never read.
src/components/ui/performance/VisualizationInspector.tsx(1845,9): error TS6133: '_getJsHeapSize' is declared but its value is never read.
src/components/ui/resource/ChainVisualization.tsx(4,10): error TS2305: Module '"../../../types/resources/StandardizedResourceTypes"' has no exported member 'FlowNode'.
src/components/ui/resource/ConverterDashboard.tsx(3,10): error TS2305: Module '"../../../types/resources/StandardizedResourceTypes"' has no exported member 'FlowNode'.
src/components/ui/resource/ResourceDisplay.tsx(6,42): error TS2307: Cannot find module '../../../utils/resources/ResourceTypeConverter' or its corresponding type declarations.
src/components/ui/resource/ResourceEventDemo.tsx(29,10): error TS6133: 'resourceEventCount' is declared but its value is never read.
src/components/ui/resource/ResourceEventDemo.tsx(33,11): error TS6133: 'latestEvent' is declared but its value is never read.
src/components/ui/resource/ResourceEventDemo.tsx(34,5): error TS2345: Argument of type 'ModuleEventBus' is not assignable to parameter of type 'EventBus<ModuleEvent>'.
  Types of property 'emit' are incompatible.
    Type '(event: ModuleEvent) => void' is not assignable to type '{ (event: ModuleEvent): void; <T = any>(eventName: string, data: T): void; }'.
      Types of parameters 'event' and 'eventName' are incompatible.
        Type 'string' is not assignable to type 'ModuleEvent'.
src/components/ui/resource/ResourceEventDemo.tsx(55,11): error TS6133: 'latestEvents' is declared but its value is never read.
src/components/ui/resource/ResourceEventDemo.tsx(56,5): error TS2345: Argument of type 'ModuleEventBus' is not assignable to parameter of type 'EventBus<ModuleEvent>'.
  Types of property 'emit' are incompatible.
    Type '(event: ModuleEvent) => void' is not assignable to type '{ (event: ModuleEvent): void; <T = any>(eventName: string, data: T): void; }'.
      Types of parameters 'event' and 'eventName' are incompatible.
        Type 'string' is not assignable to type 'ModuleEvent'.
src/components/ui/resource/ResourceFlowDiagram.tsx(7,3): error TS2305: Module '"../../../types/resources/StandardizedResourceTypes"' has no exported member 'FlowNodeType'.
src/components/ui/resource/ResourceFlowDiagram.tsx(237,30): error TS6133: 'event' is declared but its value is never read.
src/components/ui/resource/ResourceFlowDiagram.tsx(262,30): error TS6133: 'event' is declared but its value is never read.
src/components/ui/resource/ResourceFlowDiagramDemo.tsx(4,10): error TS2305: Module '"../../../types/resources/StandardizedResourceTypes"' has no exported member 'FlowNodeType'.
src/components/ui/resource/ResourceForecastingVisualization.tsx(71,9): error TS6133: '_ratePerMinute' is declared but its value is never read.
src/components/ui/resource/ResourceForecastingVisualization.tsx(74,9): error TS6133: '_componentId' is declared but its value is never read.
src/components/ui/resource/ResourceForecastingVisualization.tsx(83,9): error TS6133: '_resourceRates' is declared but its value is never read.
src/components/ui/resource/ResourceManagementDashboard.tsx(126,6): error TS6196: '_CustomEventType' is declared but never used.
src/components/ui/resource/ResourceManagementDashboard.tsx(338,9): error TS6133: '_handleThresholdChange' is declared but its value is never read.
src/components/ui/resource/ResourceOptimizationSuggestions.tsx(57,9): error TS6133: 'componentId' is declared but its value is never read.
src/components/ui/resource/ResourceThresholdVisualization.tsx(264,9): error TS6133: 'currentStatus' is declared but its value is never read.
src/components/ui/ResourceEventMonitor.tsx(7,7): error TS6133: 'RESOURCE_EVENT_TYPES' is declared but its value is never read.
src/components/ui/ResourceVisualization.tsx(9,8): error TS2306: File '/Users/deadcoast/CursorProjects/Galactic_Sprawl/src/utils/resources/ResourceTypeMigration.ts' is not a module.
src/components/ui/ResourceVisualization.tsx(167,10): error TS6133: 'ResourceDisplay' is declared but its value is never read.
src/components/ui/ResourceVisualizationEnhanced.tsx(6,42): error TS2307: Cannot find module '../../utils/resources/ResourceTypeConverter' or its corresponding type declarations.
src/components/ui/showcase/DataDashboardApp.tsx(110,11): error TS6196: 'TimeSeriesAnimationConfig' is declared but never used.
src/components/ui/showcase/DataDashboardApp.tsx(233,11): error TS6196: 'D3Link' is declared but never used.
src/components/ui/showcase/DataDashboardApp.tsx(327,10): error TS6133: 'worldMapData' is declared but its value is never read.
src/components/ui/showcase/DataDashboardApp.tsx(368,9): error TS6133: 'handleTimeRangeChange' is declared but its value is never read.
src/components/ui/showcase/DataDashboardApp.tsx(586,13): error TS6133: 'labels' is declared but its value is never read.
src/components/ui/showcase/DataDashboardApp.tsx(695,9): error TS6133: 'convertTimeSeriesDataToD3Format' is declared but its value is never read.
src/components/ui/showcase/DataDashboardApp.tsx(741,9): error TS6133: 'convertGeoDataToD3Format' is declared but its value is never read.
src/components/ui/showcase/DataDashboardApp.tsx(1425,35): error TS6133: 'pointCount' is declared but its value is never read.
src/components/ui/showcase/PerformanceMonitoringDashboard.tsx(84,23): error TS6133: 'setFrameBudget' is declared but its value is never read.
src/components/ui/showcase/PerformanceMonitoringDashboard.tsx(183,38): error TS6133: 'deltaTime' is declared but its value is never read.
src/components/ui/showcase/PerformanceMonitoringDashboard.tsx(525,19): error TS6133: 'd' is declared but its value is never read.
src/components/ui/showcase/PerformanceMonitoringDashboard.tsx(663,19): error TS6133: 'd' is declared but its value is never read.
src/components/ui/showcase/PerformanceMonitoringDashboard.tsx(790,19): error TS6133: 'd' is declared but its value is never read.
src/components/ui/showcase/PerformanceMonitoringDashboard.tsx(840,9): error TS6133: 'colorScale' is declared but its value is never read.
src/components/ui/showcase/PerformanceMonitoringDashboard.tsx(1081,19): error TS6133: 'd' is declared but its value is never read.
src/components/ui/showcase/PerformanceMonitoringDashboard.tsx(1125,34): error TS6133: 'event' is declared but its value is never read.
src/components/ui/showcase/UnifiedOptimizationDemo.tsx(203,11): error TS6133: '_xAxis' is declared but its value is never read.
src/components/ui/showcase/UnifiedOptimizationDemo.tsx(208,11): error TS6133: '_yAxis' is declared but its value is never read.
src/components/ui/showcase/UnifiedOptimizationDemo.tsx(607,19): error TS6133: '_memoizedInterpolators' is declared but its value is never read.
src/components/ui/visualization/ChartCoordinationDemo.tsx(102,9): error TS6133: 'handleScatterBrush' is declared but its value is never read.
src/components/ui/visualization/DataTransitionParticleSystem.tsx(17,11): error TS6196: 'DataTransitionConfig' is declared but never used.
src/components/ui/visualization/DataTransitionParticleSystem.tsx(133,13): error TS6133: 'delay' is declared but its value is never read.
src/components/ui/visualization/DataTransitionParticleSystem.tsx(160,15): error TS6133: 'currentPosition' is declared but its value is never read.
src/components/ui/visualization/HeatMapDensityVisualization.tsx(96,9): error TS6133: 'canvasRef' is declared but its value is never read.
src/components/ui/visualization/ParticleTransitionDemo.tsx(408,47): error TS6133: 'progress' is declared but its value is never read.
src/components/ui/visualization/ParticleTransitionVisualization.tsx(338,13): error TS6133: '_deltaTime' is declared but its value is never read.
src/components/ui/visualization/TypeSafeVisualizationDemo.tsx(256,11): error TS6133: '_g' is declared but its value is never read.
src/components/ui/visualizations/AnimationTypeSafetyDemo.tsx(86,11): error TS6133: 'animationSequence' is declared but its value is never read.
src/components/ui/visualizations/AnimationTypeSafetyDemo.tsx(125,32): error TS6133: 'd' is declared but its value is never read.
src/components/ui/visualizations/FlowDiagram.tsx(181,3): error TS6133: 'nodeMap' is declared but its value is never read.
src/components/ui/visualizations/FlowDiagram.tsx(229,7): error TS6133: 'isNodeReference' is declared but its value is never read.
src/components/ui/visualizations/FlowDiagram.tsx(250,10): error TS6133: 'selectedNodeId' is declared but its value is never read.
src/components/ui/visualizations/FlowDiagram.tsx(251,10): error TS6133: 'selectedLinkId' is declared but its value is never read.
src/components/ui/visualizations/FlowDiagram.tsx(259,13): error TS6133: 'flowDataSchema' is declared but its value is never read.
src/components/ui/visualizations/FlowDiagram.tsx(359,6): error TS6133: 'event' is declared but its value is never read.
src/components/ui/visualizations/FlowDiagram.tsx(373,6): error TS6133: 'event' is declared but its value is never read.
src/components/ui/visualizations/FlowDiagram.tsx(407,27): error TS6133: 'nodeMap' is declared but its value is never read.
src/components/ui/visualizations/FlowDiagram.tsx(574,34): error TS6133: 'event' is declared but its value is never read.
src/components/ui/visualizations/FlowDiagram.tsx(581,33): error TS6133: 'event' is declared but its value is never read.
src/components/ui/visualizations/TemporalAnalysisView.tsx(152,10): error TS6133: 'isAnimating' is declared but its value is never read.
src/components/ui/visualizations/TemporalAnalysisView.tsx(175,9): error TS6133: 'categoryScale' is declared but its value is never read.
src/components/ui/visualizations/TemporalAnalysisView.tsx(197,11): error TS6133: 'xAxis' is declared but its value is never read.
src/components/ui/visualizations/TemporalAnalysisView.tsx(213,11): error TS6133: 'yAxis' is declared but its value is never read.
src/components/ui/visualizations/TemporalAnalysisView.tsx(390,5): error TS6133: 'chart' is declared but its value is never read.
src/components/ui/visualizations/TemporalAnalysisView.tsx(411,13): error TS6133: 'startTimestamp' is declared but its value is never read.
src/components/ui/visualizations/TemporalAnalysisView.tsx(457,9): error TS6133: 'createNodeHoverHandler' is declared but its value is never read.
src/components/ui/visualizations/TemporalAnalysisView.tsx(460,13): error TS6133: 'value' is declared but its value is never read.
src/components/ui/visualizations/TemporalAnalysisView.tsx(461,13): error TS6133: 'timestamp' is declared but its value is never read.
src/components/ui/visualizations/TemporalAnalysisView.tsx(462,13): error TS6133: 'category' is declared but its value is never read.
src/components/visualization/AnomalyVisualization.tsx(19,3): error TS6133: 'chartId' is declared but its value is never read.
src/components/visualization/AnomalyVisualization.tsx(20,3): error TS6133: 'groupId' is declared but its value is never read.
src/components/visualization/AnomalyVisualization.tsx(21,3): error TS6133: 'initialState' is declared but its value is never read.
src/contexts/DataAnalysisContext.tsx(55,10): error TS6133: 'isProcessingData' is declared but its value is never read.
src/contexts/ModuleContext.test.tsx(412,11): error TS6133: '_oldBuildingId' is declared but its value is never read.
src/contexts/ModuleContext.test.tsx(413,11): error TS6133: '_oldAttachPointId' is declared but its value is never read.
src/contexts/ModuleContext.tsx(286,10): error TS6133: '_dispatchLegacyAction' is declared but its value is never read.
src/contexts/ResourceRatesContext.tsx(10,6): error TS6196: '_CoreResourceType' is declared but never used.
src/contexts/ThresholdContext.tsx(44,7): error TS6133: 'getResourceName' is declared but its value is never read.
src/errorHandling/ErrorBoundary.tsx(1,8): error TS6133: 'React' is declared but its value is never read.
src/errorHandling/GlobalErrorBoundary.tsx(26,9): error TS6133: 'handleReset' is declared but its value is never read.
src/errorHandling/utils/errorBoundaryHOC.tsx(1,43): error TS6133: 'ReactNode' is declared but its value is never read.
src/hooks/combat/useCombatAI.ts(85,25): error TS2339: Property 'on' does not exist on type 'BehaviorTreeManager'.
src/hooks/combat/useCombatAI.ts(86,25): error TS2339: Property 'on' does not exist on type 'BehaviorTreeManager'.
src/hooks/combat/useCombatAI.ts(137,27): error TS2339: Property 'off' does not exist on type 'BehaviorTreeManager'.
src/hooks/combat/useCombatAI.ts(138,27): error TS2339: Property 'off' does not exist on type 'BehaviorTreeManager'.
src/hooks/factions/useFactionBehavior.ts(4,30): error TS2307: Cannot find module '../../lib/utils/EventEmitter' or its corresponding type declarations.
src/hooks/factions/useFactionBehavior.ts(1105,7): error TS2740: Type '{ MINERALS: number; ENERGY: number; PLASMA: number; EXOTIC: number; GAS: number; POPULATION: number; RESEARCH: number; }' is missing the following properties from type 'Record<ResourceType, number>': IRON, COPPER, TITANIUM, URANIUM, and 6 more.
src/hooks/factions/useFactionBehavior.ts(1141,35): error TS2339: Property 'emit' does not exist on type 'FactionBehaviorEventEmitter'.
src/hooks/factions/useFactionBehavior.ts(1255,29): error TS2339: Property 'emit' does not exist on type 'FactionBehaviorEventEmitter'.
src/hooks/factions/useFactionBehavior.ts(1264,29): error TS2339: Property 'emit' does not exist on type 'FactionBehaviorEventEmitter'.
src/hooks/factions/useFactionBehavior.ts(1274,39): error TS2551: Property 'minerals' does not exist on type '{ MINERALS: number; ENERGY: number; PLASMA: number; EXOTIC: number; GAS: number; POPULATION: number; RESEARCH: number; }'. Did you mean 'MINERALS'?
src/hooks/factions/useFactionBehavior.ts(1276,31): error TS2339: Property 'emit' does not exist on type 'FactionBehaviorEventEmitter'.
src/hooks/factions/useFactionBehavior.ts(1290,31): error TS2339: Property 'emit' does not exist on type 'FactionBehaviorEventEmitter'.
src/hooks/factions/useFactionBehavior.ts(1345,29): error TS2339: Property 'subscribe' does not exist on type 'FactionBehaviorEventEmitter'.
src/hooks/factions/useFactionBehavior.ts(1347,31): error TS2339: Property 'unsubscribe' does not exist on type 'FactionBehaviorEventEmitter'.
src/hooks/factions/useFactionBehavior.ts(1828,35): error TS2551: Property 'minerals' does not exist on type '{ MINERALS: number; GAS: number; EXOTIC: number; }'. Did you mean 'MINERALS'?
src/hooks/factions/useFactionBehavior.ts(1831,33): error TS2551: Property 'exotic' does not exist on type '{ MINERALS: number; GAS: number; EXOTIC: number; }'. Did you mean 'EXOTIC'?
src/hooks/factions/useFactionBehavior.ts(1832,30): error TS2551: Property 'gas' does not exist on type '{ MINERALS: number; GAS: number; EXOTIC: number; }'. Did you mean 'GAS'?
src/hooks/factions/useFactionBehavior.ts(1987,34): error TS2551: Property 'minerals' does not exist on type '{ MINERALS: number; ENERGY: number; PLASMA: number; EXOTIC: number; GAS: number; POPULATION: number; RESEARCH: number; }'. Did you mean 'MINERALS'?
src/hooks/factions/useFactionBehavior.ts(2005,7): error TS2561: Object literal may only specify known properties, but 'minerals' does not exist in type 'Record<ResourceType, number>'. Did you mean to write 'MINERALS'?
src/hooks/factions/useFactionBehavior.ts(2023,34): error TS2551: Property 'minerals' does not exist on type '{ MINERALS: number; ENERGY: number; PLASMA: number; EXOTIC: number; GAS: number; POPULATION: number; RESEARCH: number; }'. Did you mean 'MINERALS'?
src/hooks/factions/useFactionBehavior.ts(2023,79): error TS2551: Property 'energy' does not exist on type '{ MINERALS: number; ENERGY: number; PLASMA: number; EXOTIC: number; GAS: number; POPULATION: number; RESEARCH: number; }'. Did you mean 'ENERGY'?
src/hooks/factions/useFactionBehavior.ts(2084,13): error TS2769: No overload matches this call.
  Overload 1 of 2, '(predicate: (value: [string, { fieldId: string; type: ResourceType; amount: number; }], index: number, array: [string, { fieldId: string; type: ResourceType; amount: number; }][]) => value is [...], thisArg?: any): [...][]', gave the following error.
    Argument of type '(entry: ResourceNodeEntry) => boolean' is not assignable to parameter of type '(value: [string, { fieldId: string; type: ResourceType; amount: number; }], index: number, array: [string, { fieldId: string; type: ResourceType; amount: number; }][]) => value is [...]'.
      Types of parameters 'entry' and 'value' are incompatible.
        Type '[string, { fieldId: string; type: ResourceType; amount: number; }]' is not assignable to type 'ResourceNodeEntry'.
          Type at position 1 in source is not compatible with type at position 1 in target.
            The types of 'type' are incompatible between these types.
              Type 'import("/Users/deadcoast/CursorProjects/Galactic_Sprawl/src/types/resources/ResourceTypes").ResourceType' is not assignable to type 'import("/Users/deadcoast/CursorProjects/Galactic_Sprawl/src/types/resources/StandardizedResourceTypes").ResourceType'.
                Type '"minerals"' is not assignable to type 'ResourceType'. Did you mean 'ResourceType.MINERALS'?
  Overload 2 of 2, '(predicate: (value: [string, { fieldId: string; type: ResourceType; amount: number; }], index: number, array: [string, { fieldId: string; type: ResourceType; amount: number; }][]) => unknown, thisArg?: any): [...][]', gave the following error.
    Argument of type '(entry: ResourceNodeEntry) => boolean' is not assignable to parameter of type '(value: [string, { fieldId: string; type: ResourceType; amount: number; }], index: number, array: [string, { fieldId: string; type: ResourceType; amount: number; }][]) => unknown'.
      Types of parameters 'entry' and 'value' are incompatible.
        Type '[string, { fieldId: string; type: ResourceType; amount: number; }]' is not assignable to type 'ResourceNodeEntry'.
          Type at position 1 in source is not compatible with type at position 1 in target.
            The types of 'type' are incompatible between these types.
              Type 'import("/Users/deadcoast/CursorProjects/Galactic_Sprawl/src/types/resources/ResourceTypes").ResourceType' is not assignable to type 'import("/Users/deadcoast/CursorProjects/Galactic_Sprawl/src/types/resources/StandardizedResourceTypes").ResourceType'.
                Type '"minerals"' is not assignable to type 'ResourceType'. Did you mean 'ResourceType.MINERALS'?
src/hooks/factions/useFactionBehavior.ts(2097,10): error TS2345: Argument of type '(entry: ResourceNodeEntry) => WeightedResource | null' is not assignable to parameter of type '(value: [string, { fieldId: string; type: ResourceType; amount: number; }], index: number, array: [string, { fieldId: string; type: ResourceType; amount: number; }][]) => WeightedResource | null'.
  Types of parameters 'entry' and 'value' are incompatible.
    Type '[string, { fieldId: string; type: ResourceType; amount: number; }]' is not assignable to type 'ResourceNodeEntry'.
      Type at position 1 in source is not compatible with type at position 1 in target.
        The types of 'type' are incompatible between these types.
          Type 'import("/Users/deadcoast/CursorProjects/Galactic_Sprawl/src/types/resources/ResourceTypes").ResourceType' is not assignable to type 'import("/Users/deadcoast/CursorProjects/Galactic_Sprawl/src/types/resources/StandardizedResourceTypes").ResourceType'.
            Type '"minerals"' is not assignable to type 'ResourceType'. Did you mean 'ResourceType.MINERALS'?
src/hooks/modules/useModuleState.ts(60,9): error TS6133: '_modules' is declared but its value is never read.
src/hooks/resources/useResourceManagement.tsx(12,42): error TS2307: Cannot find module '../../utils/resources/ResourceTypeConverter' or its corresponding type declarations.
src/hooks/resources/useResourceState.ts(112,9): error TS6133: '_netRates' is declared but its value is never read.
src/hooks/resources/useResourceState.ts(127,9): error TS6133: '_totalProduction' is declared but its value is never read.
src/hooks/resources/useResourceState.ts(137,9): error TS6133: '_totalConsumption' is declared but its value is never read.
src/hooks/resources/useResourceSystem.ts(229,72): error TS2345: Argument of type 'import("/Users/deadcoast/CursorProjects/Galactic_Sprawl/src/types/resources/StandardizedResourceTypes").ResourceType' is not assignable to parameter of type 'import("/Users/deadcoast/CursorProjects/Galactic_Sprawl/src/types/resources/ResourceTypes").ResourceType'.
src/hooks/ui/useComponentRegistration.ts(99,26): error TS6133: 'renderTime' is declared but its value is never read.
src/hooks/useWorker.ts(22,3): error TS6133: 'onProgress' is declared but its value is never read.
src/initialization/gameSystemsIntegration.ts(330,21): error TS2339: Property 'on' does not exist on type 'TechTreeManager'.
src/initialization/gameSystemsIntegration.ts(366,23): error TS2339: Property 'off' does not exist on type 'TechTreeManager'.
src/initialization/moduleFrameworkInit.ts(76,9): error TS2322: Type 'import("/Users/deadcoast/CursorProjects/Galactic_Sprawl/src/types/resources/ResourceTypes").ResourceType' is not assignable to type 'import("/Users/deadcoast/CursorProjects/Galactic_Sprawl/src/types/resources/StandardizedResourceTypes").ResourceType'.
  Type '"minerals"' is not assignable to type 'ResourceType'. Did you mean 'ResourceType.MINERALS'?
src/initialization/moduleFrameworkInit.ts(109,9): error TS2322: Type 'import("/Users/deadcoast/CursorProjects/Galactic_Sprawl/src/types/resources/ResourceTypes").ResourceType' is not assignable to type 'import("/Users/deadcoast/CursorProjects/Galactic_Sprawl/src/types/resources/StandardizedResourceTypes").ResourceType'.
  Type '"minerals"' is not assignable to type 'ResourceType'. Did you mean 'ResourceType.MINERALS'?
src/lib/ai/ResourceConsumptionPredictor.ts(73,15): error TS2322: Type '{ timestamp: number; resourceType: ResourceType | ResourceType; value: number; sessionDuration: number; userActions: number; systemLoad: number; }[]' is not assignable to type 'ConsumptionDataPoint[]'.
  Type '{ timestamp: number; resourceType: ResourceType | ResourceType; value: number; sessionDuration: number; userActions: number; systemLoad: number; }' is not assignable to type 'ConsumptionDataPoint'.
    Types of property 'resourceType' are incompatible.
      Type 'ResourceType | ResourceType' is not assignable to type 'ResourceType'.
        Type 'ResourceType.MINERALS' is not assignable to type 'ResourceType'. Did you mean '"minerals"'?
src/lib/ai/shipBehavior.ts(1,30): error TS2307: Cannot find module '../../lib/utils/EventEmitter' or its corresponding type declarations.
src/lib/ai/shipBehavior.ts(114,10): error TS2339: Property 'emit' does not exist on type 'ShipBehaviorManagerImpl'.
src/lib/ai/shipBehavior.ts(134,10): error TS2339: Property 'emit' does not exist on type 'ShipBehaviorManagerImpl'.
src/lib/ai/shipBehavior.ts(164,12): error TS2339: Property 'emit' does not exist on type 'ShipBehaviorManagerImpl'.
src/lib/ai/shipMovement.ts(1,30): error TS2307: Cannot find module '../utils/EventEmitter' or its corresponding type declarations.
src/lib/ai/shipMovement.ts(68,10): error TS2339: Property 'emit' does not exist on type 'ShipMovementManagerImpl'.
src/lib/ai/shipMovement.ts(86,10): error TS2339: Property 'emit' does not exist on type 'ShipMovementManagerImpl'.
src/lib/ai/shipMovement.ts(114,14): error TS2339: Property 'emit' does not exist on type 'ShipMovementManagerImpl'.
src/lib/ai/shipMovement.ts(153,12): error TS2339: Property 'emit' does not exist on type 'ShipMovementManagerImpl'.
src/lib/ai/shipMovement.ts(166,12): error TS2339: Property 'emit' does not exist on type 'ShipMovementManagerImpl'.
src/lib/events/EventBus.ts(330,3): error TS2393: Duplicate function implementation.
src/lib/events/EventBus.ts(611,10): error TS2393: Duplicate function implementation.
src/lib/events/ModuleEventBus.ts(69,21): error TS6133: 'type' is declared but its value is never read.
src/lib/events/ModuleEventBus.ts(69,44): error TS6133: 'listener' is declared but its value is never read.
src/lib/events/ModuleEventBus.ts(83,3): error TS2416: Property 'emit' in type 'ModuleEventBus' is not assignable to the same property in base type 'EventBus<ModuleEvent>'.
  Type '(event: ModuleEvent) => void' is not assignable to type '{ (event: ModuleEvent): void; <T = any>(eventName: string, data: T): void; }'.
    Types of parameters 'event' and 'eventName' are incompatible.
      Type 'string' is not assignable to type 'ModuleEvent'.
src/lib/optimization/EntityPool.ts(1,30): error TS2307: Cannot find module '../utils/EventEmitter' or its corresponding type declarations.
src/lib/optimization/EntityPool.ts(94,14): error TS2339: Property 'emit' does not exist on type 'EntityPool<T>'.
src/lib/optimization/EntityPool.ts(106,10): error TS2339: Property 'emit' does not exist on type 'EntityPool<T>'.
src/lib/optimization/EntityPool.ts(118,12): error TS2339: Property 'emit' does not exist on type 'EntityPool<T>'.
src/lib/optimization/EntityPool.ts(156,10): error TS2339: Property 'emit' does not exist on type 'EntityPool<T>'.
src/lib/optimization/RenderBatcher.ts(2,30): error TS2307: Cannot find module '../utils/EventEmitter' or its corresponding type declarations.
src/lib/optimization/RenderBatcher.ts(60,10): error TS2339: Property 'emit' does not exist on type 'RenderBatcher'.
src/lib/optimization/RenderBatcher.ts(72,12): error TS2339: Property 'emit' does not exist on type 'RenderBatcher'.
src/lib/optimization/RenderBatcher.ts(85,14): error TS2339: Property 'emit' does not exist on type 'RenderBatcher'.
src/lib/optimization/RenderBatcher.ts(96,12): error TS2339: Property 'emit' does not exist on type 'RenderBatcher'.
src/lib/optimization/RenderBatcher.ts(117,10): error TS2339: Property 'emit' does not exist on type 'RenderBatcher'.
src/lib/optimization/RenderBatcher.ts(197,10): error TS2339: Property 'emit' does not exist on type 'RenderBatcher'.
src/lib/optimization/WebGLShaderManager.ts(690,13): error TS6133: 'deltaTime' is declared but its value is never read.
src/lib/patterns/Singleton.ts(23,32): error TS6133: 'T' is declared but its value is never read.
src/lib/services/BaseService.ts(94,29): error TS6133: 'context' is declared but its value is never read.
src/lib/visualization/ChartCoordinationManager.ts(1,30): error TS2307: Cannot find module '../utils/EventEmitter' or its corresponding type declarations.
src/lib/visualization/ChartCoordinationManager.ts(151,41): error TS6133: 'groupId' is declared but its value is never read.
src/lib/visualization/ParticleSystem.ts(456,36): error TS6133: 'id' is declared but its value is never read.
src/managers/ai/BehaviorTreeManager.ts(4,30): error TS2307: Cannot find module '../../utils/EventEmitter' or its corresponding type declarations.
src/managers/ai/BehaviorTreeManager.ts(239,16): error TS2339: Property 'emit' does not exist on type 'BehaviorTreeManager'.
src/managers/ai/BehaviorTreeManager.ts(337,12): error TS2339: Property 'emit' does not exist on type 'BehaviorTreeManager'.
src/managers/ai/BehaviorTreeManager.ts(344,12): error TS2339: Property 'emit' does not exist on type 'BehaviorTreeManager'.
src/managers/ai/BehaviorTreeManager.ts(351,12): error TS2339: Property 'emit' does not exist on type 'BehaviorTreeManager'.
src/managers/ai/BehaviorTreeManager.ts(366,12): error TS2339: Property 'emit' does not exist on type 'BehaviorTreeManager'.
src/managers/ai/BehaviorTreeManager.ts(372,12): error TS2339: Property 'emit' does not exist on type 'BehaviorTreeManager'.
src/managers/ai/BehaviorTreeManager.ts(379,12): error TS2339: Property 'emit' does not exist on type 'BehaviorTreeManager'.
src/managers/ai/BehaviorTreeManager.ts(386,12): error TS2339: Property 'emit' does not exist on type 'BehaviorTreeManager'.
src/managers/ai/BehaviorTreeManager.ts(397,12): error TS2339: Property 'emit' does not exist on type 'BehaviorTreeManager'.
src/managers/colony/ColonyManagerImpl.ts(5,30): error TS2307: Cannot find module '../../utils/EventEmitter' or its corresponding type declarations.
src/managers/colony/ColonyManagerImpl.ts(104,10): error TS2339: Property 'emit' does not exist on type 'ColonyManagerImpl'.
src/managers/colony/ColonyManagerImpl.ts(160,10): error TS2339: Property 'emit' does not exist on type 'ColonyManagerImpl'.
src/managers/colony/ColonyManagerImpl.ts(206,10): error TS2339: Property 'emit' does not exist on type 'ColonyManagerImpl'.
src/managers/colony/ColonyManagerImpl.ts(254,10): error TS2339: Property 'emit' does not exist on type 'ColonyManagerImpl'.
src/managers/colony/ColonyManagerImpl.ts(271,10): error TS2339: Property 'emit' does not exist on type 'ColonyManagerImpl'.
src/managers/colony/ColonyManagerImpl.ts(305,10): error TS2339: Property 'emit' does not exist on type 'ColonyManagerImpl'.
src/managers/colony/ColonyManagerImpl.ts(323,10): error TS2339: Property 'emit' does not exist on type 'ColonyManagerImpl'.
src/managers/combat/CombatMechanicsSystem.ts(2,30): error TS2307: Cannot find module '../../utils/EventEmitter' or its corresponding type declarations.
src/managers/combat/EnvironmentalHazardManager.ts(18,30): error TS2307: Cannot find module '../../lib/utils/EventEmitter' or its corresponding type declarations.
src/managers/combat/EnvironmentalHazardManager.ts(266,10): error TS2339: Property 'emit' does not exist on type 'EnvironmentalHazardManager'.
src/managers/combat/EnvironmentalHazardManager.ts(403,10): error TS2339: Property 'emit' does not exist on type 'EnvironmentalHazardManager'.
src/managers/combat/ObjectDetectionSystem.ts(7,30): error TS2307: Cannot find module '../../utils/EventEmitter' or its corresponding type declarations.
src/managers/combat/ThreatAssessmentManager.ts(2,30): error TS2307: Cannot find module '../../utils/EventEmitter' or its corresponding type declarations.
src/managers/combat/WarShipManagerImpl.ts(2,30): error TS2307: Cannot find module '../../lib/utils/EventEmitter' or its corresponding type declarations.
src/managers/combat/WarShipManagerImpl.ts(215,12): error TS2339: Property 'emit' does not exist on type 'WarShipManagerImpl'.
src/managers/combat/WarShipManagerImpl.ts(243,12): error TS2339: Property 'emit' does not exist on type 'WarShipManagerImpl'.
src/managers/combat/WarShipManagerImpl.ts(285,10): error TS2339: Property 'emit' does not exist on type 'WarShipManagerImpl'.
src/managers/combat/WarShipManagerImpl.ts(304,12): error TS2339: Property 'emit' does not exist on type 'WarShipManagerImpl'.
src/managers/combat/WarShipManagerImpl.ts(322,12): error TS2339: Property 'emit' does not exist on type 'WarShipManagerImpl'.
src/managers/combat/WarShipManagerImpl.ts(355,12): error TS2339: Property 'emit' does not exist on type 'WarShipManagerImpl'.
src/managers/combat/WarShipManagerImpl.ts(367,12): error TS2339: Property 'emit' does not exist on type 'WarShipManagerImpl'.
src/managers/effects/EffectLifecycleManager.ts(2,30): error TS2307: Cannot find module '../../utils/EventEmitter' or its corresponding type declarations.
src/managers/effects/EffectLifecycleManager.ts(67,10): error TS2339: Property 'emit' does not exist on type 'EffectLifecycleManager'.
src/managers/effects/EffectLifecycleManager.ts(116,10): error TS2339: Property 'emit' does not exist on type 'EffectLifecycleManager'.
src/managers/effects/EffectLifecycleManager.ts(159,10): error TS2339: Property 'removeAllListeners' does not exist on type 'EffectLifecycleManager'.
src/managers/exploration/ExplorationManager.ts(608,7): error TS6133: 'explorationEventBus' is declared but its value is never read.
src/managers/exploration/ExplorationManagerImpl.ts(108,13): error TS6138: Property 'eventBus' is declared but its value is never read.
src/managers/exploration/ReconShipManagerImpl.ts(239,11): error TS6133: 'dt' is declared but its value is never read.
src/managers/factions/FactionRelationshipManager.ts(5,30): error TS2307: Cannot find module '../../utils/EventEmitter' or its corresponding type declarations.
src/managers/factions/FactionRelationshipManager.ts(245,12): error TS2339: Property 'emit' does not exist on type 'FactionRelationshipManager'.
src/managers/factions/FactionRelationshipManager.ts(289,12): error TS2339: Property 'emit' does not exist on type 'FactionRelationshipManager'.
src/managers/factions/FactionRelationshipManager.ts(327,12): error TS2339: Property 'emit' does not exist on type 'FactionRelationshipManager'.
src/managers/factions/FactionRelationshipManager.ts(357,12): error TS2339: Property 'emit' does not exist on type 'FactionRelationshipManager'.
src/managers/game/AsteroidFieldManager.ts(2,30): error TS2307: Cannot find module '../../lib/utils/EventEmitter' or its corresponding type declarations.
src/managers/game/AsteroidFieldManager.ts(118,16): error TS2339: Property 'emit' does not exist on type 'AsteroidFieldManager'.
src/managers/game/AsteroidFieldManager.ts(128,14): error TS2339: Property 'emit' does not exist on type 'AsteroidFieldManager'.
src/managers/game/AsteroidFieldManager.ts(139,14): error TS2339: Property 'emit' does not exist on type 'AsteroidFieldManager'.
src/managers/game/AsteroidFieldManager.ts(199,12): error TS2339: Property 'emit' does not exist on type 'AsteroidFieldManager'.
src/managers/game/AsteroidFieldManager.ts(211,12): error TS2339: Property 'emit' does not exist on type 'AsteroidFieldManager'.
src/managers/game/AsteroidFieldManager.ts(215,10): error TS2339: Property 'emit' does not exist on type 'AsteroidFieldManager'.
src/managers/game/AsteroidFieldManager.ts(320,10): error TS2339: Property 'emit' does not exist on type 'AsteroidFieldManager'.
src/managers/game/AsteroidFieldManager.ts(353,10): error TS2339: Property 'emit' does not exist on type 'AsteroidFieldManager'.
src/managers/game/AsteroidFieldManager.ts(430,10): error TS2339: Property 'emit' does not exist on type 'AsteroidFieldManager'.
src/managers/game/AsteroidFieldManager.ts(484,10): error TS2339: Property 'emit' does not exist on type 'AsteroidFieldManager'.
src/managers/game/AsteroidFieldManager.ts(520,18): error TS2339: Property 'emit' does not exist on type 'AsteroidFieldManager'.
src/managers/game/AutomationManager.ts(378,13): error TS2345: Argument of type 'import("/Users/deadcoast/CursorProjects/Galactic_Sprawl/src/types/resources/ResourceTypes").ResourceType' is not assignable to parameter of type 'import("/Users/deadcoast/CursorProjects/Galactic_Sprawl/src/types/resources/StandardizedResourceTypes").ResourceType'.
  Type '"minerals"' is not assignable to type 'ResourceType'. Did you mean 'ResourceType.MINERALS'?
src/managers/game/AutomationManager.ts(402,39): error TS2345: Argument of type 'import("/Users/deadcoast/CursorProjects/Galactic_Sprawl/src/types/resources/ResourceTypes").ResourceType' is not assignable to parameter of type 'import("/Users/deadcoast/CursorProjects/Galactic_Sprawl/src/types/resources/StandardizedResourceTypes").ResourceType'.
  Type '"minerals"' is not assignable to type 'ResourceType'. Did you mean 'ResourceType.MINERALS'?
src/managers/game/AutomationManager.ts(415,44): error TS2345: Argument of type 'import("/Users/deadcoast/CursorProjects/Galactic_Sprawl/src/types/resources/ResourceTypes").ResourceType' is not assignable to parameter of type 'import("/Users/deadcoast/CursorProjects/Galactic_Sprawl/src/types/resources/StandardizedResourceTypes").ResourceType'.
  Type '"minerals"' is not assignable to type 'ResourceType'. Did you mean 'ResourceType.MINERALS'?
src/managers/game/gameManager.ts(26,11): error TS6133: 'eventBus' is declared but its value is never read.
src/managers/game/ParticleSystemManager.ts(4,30): error TS2307: Cannot find module '../../utils/EventEmitter' or its corresponding type declarations.
src/managers/game/ParticleSystemManager.ts(107,10): error TS2339: Property 'emit' does not exist on type 'ParticleSystemManager'.
src/managers/game/ResourceManager.ts(27,8): error TS2307: Cannot find module '../../utils/resources/ResourceTypeConverter' or its corresponding type declarations.
src/managers/game/ResourceManager.ts(113,11): error TS6133: 'eventBus' is declared but its value is never read.
src/managers/game/ResourceManager.ts(986,23): error TS7053: Element implicitly has an 'any' type because expression of type 'any' can't be used to index type '{ MINERALS: number; ENERGY: number; POPULATION: number; RESEARCH: number; PLASMA: number; GAS: number; EXOTIC: number; IRON: number; COPPER: number; TITANIUM: number; URANIUM: number; WATER: number; ... 4 more ...; EXOTIC_MATTER: number; }'.
src/managers/game/ResourceManager.ts(1058,26): error TS7053: Element implicitly has an 'any' type because expression of type 'any' can't be used to index type '{ MINERALS: number; ENERGY: number; POPULATION: number; RESEARCH: number; PLASMA: number; GAS: number; EXOTIC: number; IRON: number; COPPER: number; TITANIUM: number; URANIUM: number; WATER: number; ... 4 more ...; EXOTIC_MATTER: number; }'.
src/managers/game/techTreeManager.ts(1,30): error TS2307: Cannot find module '../../lib/utils/EventEmitter' or its corresponding type declarations.
src/managers/game/techTreeManager.ts(57,10): error TS2339: Property 'emit' does not exist on type 'TechTreeManager'.
src/managers/mining/MiningResourceIntegration.ts(5,3): error TS2305: Module '"../../types/resources/StandardizedResourceTypes"' has no exported member 'FlowConnection'.
src/managers/mining/MiningResourceIntegration.ts(6,3): error TS2305: Module '"../../types/resources/StandardizedResourceTypes"' has no exported member 'FlowNode'.
src/managers/mining/MiningResourceIntegration.ts(7,3): error TS2305: Module '"../../types/resources/StandardizedResourceTypes"' has no exported member 'FlowNodeType'.
src/managers/mining/MiningResourceIntegration.ts(8,3): error TS2724: '"../../types/resources/StandardizedResourceTypes"' has no exported member named 'ResourcePriority'. Did you mean 'ResourceRarity'?
src/managers/mining/MiningResourceIntegration.ts(135,24): error TS2339: Property 'on' does not exist on type 'MiningShipManagerImpl'.
src/managers/mining/MiningResourceIntegration.ts(161,24): error TS2339: Property 'on' does not exist on type 'MiningShipManagerImpl'.
src/managers/mining/MiningResourceIntegration.ts(174,24): error TS2339: Property 'on' does not exist on type 'MiningShipManagerImpl'.
src/managers/mining/MiningResourceIntegration.ts(239,24): error TS2339: Property 'emit' does not exist on type 'MiningShipManagerImpl'.
src/managers/mining/MiningResourceIntegration.ts(513,7): error TS2322: Type '{ id: string; type: import("/Users/deadcoast/CursorProjects/Galactic_Sprawl/src/types/resources/StandardizedResourceTypes").ResourceType; position: import("/Users/deadcoast/CursorProjects/Galactic_Sprawl/src/types/core/GameTypes").Position; thresholds: { ...; }; }[]' is not assignable to type '{ id: string; type: import("/Users/deadcoast/CursorProjects/Galactic_Sprawl/src/types/resources/ResourceTypes").ResourceType; position: import("/Users/deadcoast/CursorProjects/Galactic_Sprawl/src/types/core/GameTypes").Position; thresholds: { ...; }; }[]'.
  Type '{ id: string; type: import("/Users/deadcoast/CursorProjects/Galactic_Sprawl/src/types/resources/StandardizedResourceTypes").ResourceType; position: import("/Users/deadcoast/CursorProjects/Galactic_Sprawl/src/types/core/GameTypes").Position; thresholds: { ...; }; }' is not assignable to type '{ id: string; type: import("/Users/deadcoast/CursorProjects/Galactic_Sprawl/src/types/resources/ResourceTypes").ResourceType; position: import("/Users/deadcoast/CursorProjects/Galactic_Sprawl/src/types/core/GameTypes").Position; thresholds: { ...; }; }'.
    Types of property 'type' are incompatible.
      Type 'import("/Users/deadcoast/CursorProjects/Galactic_Sprawl/src/types/resources/StandardizedResourceTypes").ResourceType' is not assignable to type 'import("/Users/deadcoast/CursorProjects/Galactic_Sprawl/src/types/resources/ResourceTypes").ResourceType'.
src/managers/mining/MiningShipManagerImpl.ts(2,30): error TS2307: Cannot find module '../../lib/utils/EventEmitter' or its corresponding type declarations.
src/managers/mining/MiningShipManagerImpl.ts(63,12): error TS2339: Property 'emit' does not exist on type 'MiningShipManagerImpl'.
src/managers/mining/MiningShipManagerImpl.ts(80,12): error TS2339: Property 'emit' does not exist on type 'MiningShipManagerImpl'.
src/managers/mining/MiningShipManagerImpl.ts(186,10): error TS2339: Property 'emit' does not exist on type 'MiningShipManagerImpl'.
src/managers/mining/MiningShipManagerImpl.ts(216,12): error TS2339: Property 'emit' does not exist on type 'MiningShipManagerImpl'.
src/managers/mining/MiningShipManagerImpl.ts(234,12): error TS2339: Property 'emit' does not exist on type 'MiningShipManagerImpl'.
src/managers/mining/MiningShipManagerImpl.ts(247,12): error TS2339: Property 'emit' does not exist on type 'MiningShipManagerImpl'.
src/managers/module/ModuleUpgradeManager.ts(409,38): error TS2345: Argument of type 'import("/Users/deadcoast/CursorProjects/Galactic_Sprawl/src/types/resources/ResourceTypes").ResourceType' is not assignable to parameter of type 'import("/Users/deadcoast/CursorProjects/Galactic_Sprawl/src/types/resources/StandardizedResourceTypes").ResourceType'.
  Type '"minerals"' is not assignable to type 'ResourceType'. Did you mean 'ResourceType.MINERALS'?
src/managers/module/OfficerManager.ts(17,30): error TS2307: Cannot find module '../../utils/EventEmitter' or its corresponding type declarations.
src/managers/module/OfficerManager.ts(47,21): error TS2339: Property 'on' does not exist on type 'TechTreeManager'.
src/managers/module/OfficerManager.ts(56,14): error TS2339: Property 'emit' does not exist on type 'OfficerManager'.
src/managers/module/OfficerManager.ts(67,12): error TS2339: Property 'emit' does not exist on type 'OfficerManager'.
src/managers/module/OfficerManager.ts(273,10): error TS2339: Property 'emit' does not exist on type 'OfficerManager'.
src/managers/module/OfficerManager.ts(306,10): error TS2339: Property 'emit' does not exist on type 'OfficerManager'.
src/managers/module/OfficerManager.ts(326,10): error TS2339: Property 'emit' does not exist on type 'OfficerManager'.
src/managers/module/OfficerManager.ts(350,10): error TS2339: Property 'emit' does not exist on type 'OfficerManager'.
src/managers/module/OfficerManager.ts(381,10): error TS2339: Property 'emit' does not exist on type 'OfficerManager'.
src/managers/module/OfficerManager.ts(494,12): error TS2339: Property 'emit' does not exist on type 'OfficerManager'.
src/managers/module/OfficerManager.ts(505,10): error TS2339: Property 'emit' does not exist on type 'OfficerManager'.
src/managers/module/OfficerManager.ts(595,10): error TS2339: Property 'emit' does not exist on type 'OfficerManager'.
src/managers/module/ShipHangarManager.ts(4,30): error TS2307: Cannot find module '../../lib/utils/EventEmitter' or its corresponding type declarations.
src/managers/module/ShipHangarManager.ts(184,21): error TS2339: Property 'on' does not exist on type 'TechTreeManager'.
src/managers/module/ShipHangarManager.ts(221,12): error TS2339: Property 'emit' does not exist on type 'ShipHangarManager'.
src/managers/module/ShipHangarManager.ts(374,43): error TS2345: Argument of type 'import("/Users/deadcoast/CursorProjects/Galactic_Sprawl/src/types/resources/ResourceTypes").ResourceType' is not assignable to parameter of type 'import("/Users/deadcoast/CursorProjects/Galactic_Sprawl/src/types/resources/StandardizedResourceTypes").ResourceType'.
  Type '"minerals"' is not assignable to type 'ResourceType'. Did you mean 'ResourceType.MINERALS'?
src/managers/module/ShipHangarManager.ts(391,10): error TS2339: Property 'emit' does not exist on type 'ShipHangarManager'.
src/managers/module/ShipHangarManager.ts(413,40): error TS2345: Argument of type 'import("/Users/deadcoast/CursorProjects/Galactic_Sprawl/src/types/resources/ResourceTypes").ResourceType' is not assignable to parameter of type 'import("/Users/deadcoast/CursorProjects/Galactic_Sprawl/src/types/resources/StandardizedResourceTypes").ResourceType'.
  Type '"minerals"' is not assignable to type 'ResourceType'. Did you mean 'ResourceType.MINERALS'?
src/managers/module/ShipHangarManager.ts(417,10): error TS2339: Property 'emit' does not exist on type 'ShipHangarManager'.
src/managers/module/ShipHangarManager.ts(431,10): error TS2339: Property 'emit' does not exist on type 'ShipHangarManager'.
src/managers/module/ShipHangarManager.ts(450,10): error TS2339: Property 'emit' does not exist on type 'ShipHangarManager'.
src/managers/module/ShipHangarManager.ts(540,12): error TS2339: Property 'emit' does not exist on type 'ShipHangarManager'.
src/managers/module/ShipHangarManager.ts(556,10): error TS2339: Property 'emit' does not exist on type 'ShipHangarManager'.
src/managers/module/ShipHangarManager.ts(569,14): error TS2339: Property 'emit' does not exist on type 'ShipHangarManager'.
src/managers/module/ShipHangarManager.ts(606,43): error TS2345: Argument of type 'import("/Users/deadcoast/CursorProjects/Galactic_Sprawl/src/types/resources/ResourceTypes").ResourceType' is not assignable to parameter of type 'import("/Users/deadcoast/CursorProjects/Galactic_Sprawl/src/types/resources/StandardizedResourceTypes").ResourceType'.
  Type '"minerals"' is not assignable to type 'ResourceType'. Did you mean 'ResourceType.MINERALS'?
src/managers/module/ShipHangarManager.ts(625,10): error TS2339: Property 'emit' does not exist on type 'ShipHangarManager'.
src/managers/module/ShipHangarManager.ts(680,14): error TS2339: Property 'emit' does not exist on type 'ShipHangarManager'.
src/managers/module/ShipHangarManager.ts(836,10): error TS2339: Property 'emit' does not exist on type 'ShipHangarManager'.
src/managers/module/ShipHangarManager.ts(1070,43): error TS2345: Argument of type 'import("/Users/deadcoast/CursorProjects/Galactic_Sprawl/src/types/resources/ResourceTypes").ResourceType' is not assignable to parameter of type 'import("/Users/deadcoast/CursorProjects/Galactic_Sprawl/src/types/resources/StandardizedResourceTypes").ResourceType'.
  Type '"minerals"' is not assignable to type 'ResourceType'. Did you mean 'ResourceType.MINERALS'?
src/managers/module/ShipHangarManager.ts(1095,10): error TS2339: Property 'emit' does not exist on type 'ShipHangarManager'.
src/managers/module/ShipHangarManager.ts(1123,40): error TS2345: Argument of type 'import("/Users/deadcoast/CursorProjects/Galactic_Sprawl/src/types/resources/ResourceTypes").ResourceType' is not assignable to parameter of type 'import("/Users/deadcoast/CursorProjects/Galactic_Sprawl/src/types/resources/StandardizedResourceTypes").ResourceType'.
  Type '"minerals"' is not assignable to type 'ResourceType'. Did you mean 'ResourceType.MINERALS'?
src/managers/module/ShipHangarManager.ts(1139,10): error TS2339: Property 'emit' does not exist on type 'ShipHangarManager'.
src/managers/module/ShipHangarManager.ts(1174,10): error TS2339: Property 'emit' does not exist on type 'ShipHangarManager'.
src/managers/module/ShipHangarManager.ts(1333,43): error TS2345: Argument of type 'import("/Users/deadcoast/CursorProjects/Galactic_Sprawl/src/types/resources/ResourceTypes").ResourceType' is not assignable to parameter of type 'import("/Users/deadcoast/CursorProjects/Galactic_Sprawl/src/types/resources/StandardizedResourceTypes").ResourceType'.
  Type '"minerals"' is not assignable to type 'ResourceType'. Did you mean 'ResourceType.MINERALS'?
src/managers/module/ShipHangarManager.ts(1359,10): error TS2339: Property 'emit' does not exist on type 'ShipHangarManager'.
src/managers/module/ShipHangarManager.ts(1387,40): error TS2345: Argument of type 'import("/Users/deadcoast/CursorProjects/Galactic_Sprawl/src/types/resources/ResourceTypes").ResourceType' is not assignable to parameter of type 'import("/Users/deadcoast/CursorProjects/Galactic_Sprawl/src/types/resources/StandardizedResourceTypes").ResourceType'.
  Type '"minerals"' is not assignable to type 'ResourceType'. Did you mean 'ResourceType.MINERALS'?
src/managers/module/ShipHangarManager.ts(1403,10): error TS2339: Property 'emit' does not exist on type 'ShipHangarManager'.
src/managers/module/ShipHangarManager.ts(1446,10): error TS2339: Property 'emit' does not exist on type 'ShipHangarManager'.
src/managers/module/ShipHangarManager.ts(1459,12): error TS2339: Property 'emit' does not exist on type 'ShipHangarManager'.
src/managers/module/ShipHangarManager.ts(1465,12): error TS2339: Property 'emit' does not exist on type 'ShipHangarManager'.
src/managers/module/ShipHangarManager.ts(1473,12): error TS2339: Property 'emit' does not exist on type 'ShipHangarManager'.
src/managers/module/ShipHangarManager.ts(1511,10): error TS2339: Property 'emit' does not exist on type 'ShipHangarManager'.
src/managers/module/ShipHangarManager.ts(1555,10): error TS2339: Property 'emit' does not exist on type 'ShipHangarManager'.
src/managers/module/ShipHangarManager.ts(1703,10): error TS2339: Property 'emit' does not exist on type 'ShipHangarManager'.
src/managers/module/ShipHangarManager.ts(1746,10): error TS2339: Property 'emit' does not exist on type 'ShipHangarManager'.
src/managers/module/ShipHangarManager.ts(1816,12): error TS2339: Property 'emit' does not exist on type 'ShipHangarManager'.
src/managers/module/ShipHangarManager.ts(1826,43): error TS2345: Argument of type 'import("/Users/deadcoast/CursorProjects/Galactic_Sprawl/src/types/resources/ResourceTypes").ResourceType' is not assignable to parameter of type 'import("/Users/deadcoast/CursorProjects/Galactic_Sprawl/src/types/resources/StandardizedResourceTypes").ResourceType'.
  Type '"minerals"' is not assignable to type 'ResourceType'. Did you mean 'ResourceType.MINERALS'?
src/managers/module/ShipHangarManager.ts(1834,10): error TS2339: Property 'emit' does not exist on type 'ShipHangarManager'.
src/managers/module/ShipHangarManager.ts(1899,10): error TS2339: Property 'emit' does not exist on type 'ShipHangarManager'.
src/managers/module/ShipHangarManager.ts(1938,10): error TS2339: Property 'emit' does not exist on type 'ShipHangarManager'.
src/managers/module/ShipHangarManager.ts(2064,44): error TS2345: Argument of type 'import("/Users/deadcoast/CursorProjects/Galactic_Sprawl/src/types/resources/ResourceTypes").ResourceType' is not assignable to parameter of type 'import("/Users/deadcoast/CursorProjects/Galactic_Sprawl/src/types/resources/StandardizedResourceTypes").ResourceType'.
  Type '"minerals"' is not assignable to type 'ResourceType'. Did you mean 'ResourceType.MINERALS'?
src/managers/module/ShipHangarManager.ts(2125,14): error TS2339: Property 'emit' does not exist on type 'ShipHangarManager'.
src/managers/module/SubModuleManager.ts(686,38): error TS2345: Argument of type 'import("/Users/deadcoast/CursorProjects/Galactic_Sprawl/src/types/resources/ResourceTypes").ResourceType' is not assignable to parameter of type 'import("/Users/deadcoast/CursorProjects/Galactic_Sprawl/src/types/resources/StandardizedResourceTypes").ResourceType'.
  Type '"minerals"' is not assignable to type 'ResourceType'. Did you mean 'ResourceType.MINERALS'?
src/managers/resource/AdaptivePerformanceManager.ts(17,42): error TS2307: Cannot find module '../../utils/resources/ResourceTypeConverter' or its corresponding type declarations.
src/managers/resource/AdaptivePerformanceManager.ts(140,9): error TS2322: Type 'ResourceType | ResourceType' is not assignable to type 'ResourceType'.
  Type 'ResourceType.MINERALS' is not assignable to type 'ResourceType'. Did you mean '"minerals"'?
src/managers/resource/AdaptivePerformanceManager.ts(193,57): error TS2345: Argument of type 'ResourceType | ResourceType' is not assignable to parameter of type 'ResourceType'.
  Type 'ResourceType.MINERALS' is not assignable to type 'ResourceType'. Did you mean '"minerals"'?
src/managers/resource/ResourceConversionManager.ts(14,3): error TS2305: Module '"../../types/resources/StandardizedResourceTypes"' has no exported member 'ChainExecutionStatus'.
src/managers/resource/ResourceConversionManager.ts(15,3): error TS2305: Module '"../../types/resources/StandardizedResourceTypes"' has no exported member 'ConversionChain'.
src/managers/resource/ResourceConversionManager.ts(16,3): error TS2305: Module '"../../types/resources/StandardizedResourceTypes"' has no exported member 'FlowNode'.
src/managers/resource/ResourceConversionManager.ts(17,3): error TS2305: Module '"../../types/resources/StandardizedResourceTypes"' has no exported member 'ResourceConversionRecipe'.
src/managers/resource/ResourceConversionManager.ts(55,11): error TS6133: '_resourceCapacityBuffer' is declared but its value is never read.
src/managers/resource/ResourceConversionManager.ts(56,11): error TS6133: '_lastProcessingTime' is declared but its value is never read.
src/managers/resource/ResourceConversionManager.ts(145,35): error TS7006: Parameter 'recipeId' implicitly has an 'any' type.
src/managers/resource/ResourceConversionManager.ts(291,20): error TS2339: Property 'active' does not exist on type 'ExtendedResourceConversionProcess'.
src/managers/resource/ResourceConversionManager.ts(291,38): error TS2339: Property 'paused' does not exist on type 'ExtendedResourceConversionProcess'.
src/managers/resource/ResourceConversionManager.ts(297,37): error TS2339: Property 'startTime' does not exist on type 'ExtendedResourceConversionProcess'.
src/managers/resource/ResourceConversionManager.ts(298,57): error TS2339: Property 'recipeId' does not exist on type 'ExtendedResourceConversionProcess'.
src/managers/resource/ResourceConversionManager.ts(304,15): error TS2339: Property 'progress' does not exist on type 'ExtendedResourceConversionProcess'.
src/managers/resource/ResourceConversionManager.ts(307,19): error TS2339: Property 'progress' does not exist on type 'ExtendedResourceConversionProcess'.
src/managers/resource/ResourceConversionManager.ts(327,13): error TS2339: Property 'active' does not exist on type 'ExtendedResourceConversionProcess'.
src/managers/resource/ResourceConversionManager.ts(328,13): error TS2339: Property 'progress' does not exist on type 'ExtendedResourceConversionProcess'.
src/managers/resource/ResourceConversionManager.ts(329,13): error TS2339: Property 'endTime' does not exist on type 'ExtendedResourceConversionProcess'.
src/managers/resource/ResourceConversionManager.ts(332,55): error TS2339: Property 'recipeId' does not exist on type 'ExtendedResourceConversionProcess'.
src/managers/resource/ResourceConversionManager.ts(343,27): error TS2339: Property 'recipeId' does not exist on type 'ExtendedResourceConversionProcess'.
src/managers/resource/ResourceConversionManager.ts(344,30): error TS2339: Property 'sourceId' does not exist on type 'ExtendedResourceConversionProcess'.
src/managers/resource/ResourceConversionManager.ts(347,29): error TS2339: Property 'appliedEfficiency' does not exist on type 'ExtendedResourceConversionProcess'.
src/managers/resource/ResourceConversionManager.ts(355,29): error TS2339: Property 'recipeId' does not exist on type 'ExtendedResourceConversionProcess'.
src/managers/resource/ResourceConversionManager.ts(356,32): error TS2339: Property 'sourceId' does not exist on type 'ExtendedResourceConversionProcess'.
src/managers/resource/ResourceConversionManager.ts(359,31): error TS2339: Property 'appliedEfficiency' does not exist on type 'ExtendedResourceConversionProcess'.
src/managers/resource/ResourceConversionManager.ts(390,34): error TS6133: 'converterId' is declared but its value is never read.
src/managers/resource/ResourceConversionManager.ts(404,11): error TS6133: '_applyEfficiencyToProcess' is declared but its value is never read.
src/managers/resource/ResourceConversionManager.ts(419,11): error TS6133: '_applyEfficiencyToOutputs' is declared but its value is never read.
src/managers/resource/ResourceConversionManager.ts(431,11): error TS6133: 'calculateConverterEfficiency' is declared but its value is never read.
src/managers/resource/ResourceConversionManager.ts(470,5): error TS6133: 'inputs' is declared but its value is never read.
src/managers/resource/ResourceFlowManager.ts(3,3): error TS2305: Module '"../../types/resources/StandardizedResourceTypes"' has no exported member 'ChainExecutionStatus'.
src/managers/resource/ResourceFlowManager.ts(4,3): error TS2305: Module '"../../types/resources/StandardizedResourceTypes"' has no exported member 'ConversionChain'.
src/managers/resource/ResourceFlowManager.ts(5,3): error TS2305: Module '"../../types/resources/StandardizedResourceTypes"' has no exported member 'FlowConnection'.
src/managers/resource/ResourceFlowManager.ts(6,3): error TS2305: Module '"../../types/resources/StandardizedResourceTypes"' has no exported member 'FlowNode'.
src/managers/resource/ResourceFlowManager.ts(7,3): error TS2305: Module '"../../types/resources/StandardizedResourceTypes"' has no exported member 'FlowNodeType'.
src/managers/resource/ResourceFlowManager.ts(8,3): error TS2305: Module '"../../types/resources/StandardizedResourceTypes"' has no exported member 'ResourceConversionProcess'.
src/managers/resource/ResourceFlowManager.ts(9,3): error TS2305: Module '"../../types/resources/StandardizedResourceTypes"' has no exported member 'ResourceConversionRecipe'.
src/managers/resource/ResourceFlowManager.ts(10,3): error TS2305: Module '"../../types/resources/StandardizedResourceTypes"' has no exported member 'ResourceFlow'.
src/managers/resource/ResourceFlowManager.ts(13,3): error TS2305: Module '"../../types/resources/StandardizedResourceTypes"' has no exported member 'ResourceTransfer'.
src/managers/resource/ResourceFlowManager.ts(37,8): error TS2307: Cannot find module '../../utils/resources/ResourceTypeConverter' or its corresponding type declarations.
src/managers/resource/ResourceFlowManager.ts(82,15): error TS2305: Module '"../../types/resources/StandardizedResourceTypes"' has no exported member 'FlowNode'.
src/managers/resource/ResourceFlowManager.ts(199,11): error TS6133: '_resourceCapacityBuffer' is declared but its value is never read.
src/managers/resource/ResourceFlowManager.ts(200,11): error TS6133: '_lastProcessingTime' is declared but its value is never read.
src/managers/resource/ResourceFlowManager.ts(665,11): error TS6133: 'convertToStandardizedTransfer' is declared but its value is never read.
src/managers/resource/ResourceFlowManager.ts(1090,11): error TS6133: 'calculateConverterEfficiency' is declared but its value is never read.
src/managers/resource/ResourceFlowManager.ts(1206,11): error TS6133: '_applyEfficiencyToProcess' is declared but its value is never read.
src/managers/resource/ResourceFlowManager.ts(1220,11): error TS6133: '_applyEfficiencyToOutputs' is declared but its value is never read.
src/managers/resource/ResourceFlowManager.ts(1284,39): error TS7006: Parameter 'r' implicitly has an 'any' type.
src/managers/resource/ResourceFlowManager.ts(1294,39): error TS7006: Parameter 'r' implicitly has an 'any' type.
src/managers/resource/ResourceFlowManager.ts(1345,40): error TS2339: Property 'progress' does not exist on type 'ExtendedResourceConversionProcess'.
src/managers/resource/ResourceFlowManager.ts(1429,11): error TS6133: '_processNextChainStep' is declared but its value is never read.
src/managers/resource/ResourceFlowManager.ts(1480,19): error TS2339: Property 'paused' does not exist on type 'ExtendedResourceConversionProcess'.
src/managers/resource/ResourceFlowManager.ts(1485,20): error TS2339: Property 'active' does not exist on type 'ExtendedResourceConversionProcess'.
src/managers/resource/ResourceFlowManager.ts(1493,26): error TS2339: Property 'endTime' does not exist on type 'ExtendedResourceConversionProcess'.
src/managers/resource/ResourceFlowManager.ts(1545,11): error TS6133: 'startConversionProcess' is declared but its value is never read.
src/managers/resource/ResourceFlowManager.ts(1693,11): error TS6133: 'addResourceToNode' is declared but its value is never read.
src/managers/resource/ResourceFlowTypes.ts(12,3): error TS2305: Module '"../../types/resources/StandardizedResourceTypes"' has no exported member 'FlowNode'.
src/managers/resource/ResourceFlowTypes.ts(13,3): error TS2305: Module '"../../types/resources/StandardizedResourceTypes"' has no exported member 'ResourceConversionProcess'.
src/managers/resource/ResourceIntegration.ts(10,3): error TS2305: Module '"../../types/resources/StandardizedResourceTypes"' has no exported member 'FlowConnection'.
src/managers/resource/ResourceIntegration.ts(11,3): error TS2305: Module '"../../types/resources/StandardizedResourceTypes"' has no exported member 'FlowNode'.
src/managers/resource/ResourceIntegration.ts(12,3): error TS2305: Module '"../../types/resources/StandardizedResourceTypes"' has no exported member 'FlowNodeType'.
src/managers/resource/ResourceIntegration.ts(13,3): error TS2724: '"../../types/resources/StandardizedResourceTypes"' has no exported member named 'ResourcePriority'. Did you mean 'ResourceRarity'?
src/managers/resource/ResourceIntegration.ts(15,36): error TS2307: Cannot find module '../../utils/resources/ResourceTypeConverter' or its corresponding type declarations.
src/managers/resource/ResourceIntegration.ts(361,13): error TS6133: '_resourcePriority' is declared but its value is never read.
src/managers/ships/ShipHangarManager.ts(7,35): error TS2307: Cannot find module '../../lib/events/StandardEventBus' or its corresponding type declarations.
src/managers/ships/ShipHangarManager.ts(127,10): error TS2339: Property 'emit' does not exist on type 'ShipHangarManager'.
src/managers/ships/ShipHangarManager.ts(142,10): error TS2339: Property 'emit' does not exist on type 'ShipHangarManager'.
src/managers/ships/ShipHangarManager.ts(157,10): error TS2339: Property 'emit' does not exist on type 'ShipHangarManager'.
src/managers/ships/ShipHangarManager.ts(176,10): error TS2339: Property 'emit' does not exist on type 'ShipHangarManager'.
src/managers/ships/ShipHangarManager.ts(194,10): error TS2339: Property 'emit' does not exist on type 'ShipHangarManager'.
src/managers/ships/ShipHangarManager.ts(215,10): error TS2339: Property 'emit' does not exist on type 'ShipHangarManager'.
src/managers/ships/ShipHangarManager.ts(237,10): error TS2339: Property 'emit' does not exist on type 'ShipHangarManager'.
src/managers/ships/ShipHangarManager.ts(255,10): error TS2339: Property 'emit' does not exist on type 'ShipHangarManager'.
src/managers/ships/ShipHangarManager.ts(274,10): error TS2339: Property 'emit' does not exist on type 'ShipHangarManager'.
src/managers/ships/ShipHangarManager.ts(306,10): error TS2339: Property 'emit' does not exist on type 'ShipHangarManager'.
src/managers/ships/ShipHangarManager.ts(337,10): error TS2339: Property 'emit' does not exist on type 'ShipHangarManager'.
src/managers/ships/ShipHangarManager.ts(348,10): error TS2339: Property 'emit' does not exist on type 'ShipHangarManager'.
src/managers/weapons/WeaponEffectManager.ts(3,30): error TS2307: Cannot find module '../../utils/EventEmitter' or its corresponding type declarations.
src/managers/weapons/WeaponEffectManager.ts(142,10): error TS2339: Property 'emit' does not exist on type 'WeaponEffectManager'.
src/managers/weapons/WeaponEffectManager.ts(240,14): error TS2339: Property 'emit' does not exist on type 'WeaponEffectManager'.
src/managers/weapons/WeaponEffectManager.ts(248,10): error TS2339: Property 'emit' does not exist on type 'WeaponEffectManager'.
src/managers/weapons/WeaponUpgradeManager.ts(9,30): error TS2307: Cannot find module '../../utils/EventEmitter' or its corresponding type declarations.
src/managers/weapons/WeaponUpgradeManager.ts(238,10): error TS2339: Property 'emit' does not exist on type 'WeaponUpgradeManager'.
src/managers/weapons/WeaponUpgradeManager.ts(239,10): error TS2339: Property 'emit' does not exist on type 'WeaponUpgradeManager'.
src/managers/weapons/WeaponUpgradeManager.ts(326,14): error TS2339: Property 'emit' does not exist on type 'WeaponUpgradeManager'.
src/managers/weapons/WeaponUpgradeManager.ts(364,10): error TS2339: Property 'on' does not exist on type 'WeaponUpgradeManager'.
src/managers/weapons/WeaponUpgradeManager.ts(367,14): error TS2339: Property 'off' does not exist on type 'WeaponUpgradeManager'.
src/managers/weapons/WeaponUpgradeManager.ts(379,10): error TS2339: Property 'emit' does not exist on type 'WeaponUpgradeManager'.
src/pages/performance/MultitabPerformanceTestPage.tsx(23,10): error TS6133: 'report' is declared but its value is never read.
src/registry/ResourceRegistry.ts(158,11): error TS6133: 'listeners' is declared but its value is never read.
src/registry/ResourceRegistry.ts(278,48): error TS6133: 'relatedResources' is declared but its value is never read.
src/registry/ResourceRegistry.ts(840,48): error TS6133: 'resourceType' is declared but its value is never read.
src/registry/ResourceRegistryIntegration.ts(78,35): error TS6133: 'resourceFlowManager' is declared but its value is never read.
src/registry/ResourceRegistryIntegration.ts(104,32): error TS6133: 'resourceFlowManager' is declared but its value is never read.
src/registry/ResourceRegistryIntegration.ts(130,44): error TS6133: 'resourceFlowManager' is declared but its value is never read.
src/resource/ResourceSystem.ts(10,8): error TS2307: Cannot find module '../utils/resources/ResourceTypeConverter' or its corresponding type declarations.
src/resource/ResourceSystem.ts(66,14): error TS2417: Class static side 'typeof ResourceSystem' incorrectly extends base class static side 'typeof Singleton'.
  The types returned by 'getInstance()' are incompatible between these types.
    Type 'ResourceSystem' is not assignable to type 'T'.
      'ResourceSystem' is assignable to the constraint of type 'T', but 'T' could be instantiated with a different subtype of constraint 'Singleton<T>'.
src/resource/subsystems/ResourceFlowSubsystem.ts(12,8): error TS2307: Cannot find module '../../utils/resources/ResourceTypeConverter' or its corresponding type declarations.
src/resource/subsystems/ResourceFlowSubsystem.ts(117,11): error TS6133: 'lastOptimizationTime' is declared but its value is never read.
src/resource/subsystems/ResourceFlowSubsystem.ts(125,11): error TS6133: 'parentSystem' is declared but its value is never read.
src/resource/subsystems/ResourceFlowSubsystem.ts(567,13): error TS2345: Argument of type '{ [k: string]: ResourceState; }' is not assignable to parameter of type 'Map<ResourceType, ResourceState>'.
  Type '{ [k: string]: ResourceState; }' is missing the following properties from type 'Map<ResourceType, ResourceState>': clear, delete, forEach, get, and 8 more.
src/resource/subsystems/ResourceFlowSubsystem.ts(682,36): error TS6133: 'converter' is declared but its value is never read.
src/resource/subsystems/ResourceFlowSubsystem.ts(682,57): error TS6133: 'activeConnections' is declared but its value is never read.
src/resource/subsystems/ResourceStorageSubsystem.ts(8,42): error TS2307: Cannot find module '../../utils/resources/ResourceTypeConverter' or its corresponding type declarations.
src/resource/subsystems/ResourceStorageSubsystem.ts(518,19): error TS6133: 'resType' is declared but its value is never read.
src/resource/subsystems/ResourceThresholdSubsystem.ts(7,42): error TS2307: Cannot find module '../../utils/resources/ResourceTypeConverter' or its corresponding type declarations.
src/resource/subsystems/ResourceThresholdSubsystem.ts(66,11): error TS6133: 'parentSystem' is declared but its value is never read.
src/resource/subsystems/ResourceThresholdSubsystem.ts(67,11): error TS6133: 'config' is declared but its value is never read.
src/resource/subsystems/ResourceTransferSubsystem.ts(7,42): error TS2307: Cannot find module '../../utils/resources/ResourceTypeConverter' or its corresponding type declarations.
src/scripts/runNetworkTests.ts(88,74): error TS6133: 'match' is declared but its value is never read.
src/scripts/runNetworkTests.ts(106,29): error TS6133: 'results' is declared but its value is never read.
src/services/AnalysisAlgorithmService.ts(129,11): error TS6133: 'pendingResult' is declared but its value is never read.
src/services/AnalysisAlgorithmService.ts(307,11): error TS6133: 'sampleRate' is declared but its value is never read.
src/services/AnalysisAlgorithmService.ts(400,5): error TS6133: 'options' is declared but its value is never read.
src/services/AnalysisAlgorithmService.ts(661,5): error TS6133: 'options' is declared but its value is never read.
src/services/AnalysisAlgorithmService.ts(970,5): error TS6133: 'options' is declared but its value is never read.
src/services/AnalysisAlgorithmService.ts(1024,5): error TS6133: 'options' is declared but its value is never read.
src/services/AnalysisAlgorithmService.ts(1030,7): error TS2339: Property 'algorithm' does not exist on type '{ variables: string[]; clusters?: number | undefined; method?: "kmeans" | "hierarchical" | "dbscan" | undefined; }'.
src/services/AnalysisAlgorithmService.ts(1031,7): error TS2339: Property 'features' does not exist on type '{ variables: string[]; clusters?: number | undefined; method?: "kmeans" | "hierarchical" | "dbscan" | undefined; }'.
src/services/AnalysisAlgorithmService.ts(1032,7): error TS2339: Property 'k' does not exist on type '{ variables: string[]; clusters?: number | undefined; method?: "kmeans" | "hierarchical" | "dbscan" | undefined; }'.
src/services/AnalysisAlgorithmService.ts(1033,7): error TS2339: Property 'maxIterations' does not exist on type '{ variables: string[]; clusters?: number | undefined; method?: "kmeans" | "hierarchical" | "dbscan" | undefined; }'.
src/services/AnalysisAlgorithmService.ts(1034,7): error TS2339: Property 'distanceMetric' does not exist on type '{ variables: string[]; clusters?: number | undefined; method?: "kmeans" | "hierarchical" | "dbscan" | undefined; }'.
src/services/AnalysisAlgorithmService.ts(1035,7): error TS2339: Property 'normalize' does not exist on type '{ variables: string[]; clusters?: number | undefined; method?: "kmeans" | "hierarchical" | "dbscan" | undefined; }'.
src/services/AnalysisAlgorithmService.ts(1064,37): error TS7006: Parameter 'feature' implicitly has an 'any' type.
src/services/AnalysisAlgorithmService.ts(1122,42): error TS7006: Parameter 'feature' implicitly has an 'any' type.
src/services/AnalysisAlgorithmService.ts(1157,42): error TS7006: Parameter 'feature' implicitly has an 'any' type.
src/services/AnalysisAlgorithmService.ts(1157,51): error TS7006: Parameter 'featureIndex' implicitly has an 'any' type.
src/services/AnalysisAlgorithmService.ts(1467,34): error TS6133: 'i' is declared but its value is never read.
src/services/AnalysisAlgorithmService.ts(1509,11): error TS6133: 'sortDataPoints' is declared but its value is never read.
src/services/AnalysisAlgorithmService.ts(1528,11): error TS6133: 'groupDataByProperty' is declared but its value is never read.
src/services/AnalysisAlgorithmService.ts(1660,11): error TS6133: 'calculateSpearmanCorrelation' is declared but its value is never read.
src/services/AnalysisAlgorithmService.ts(1668,11): error TS6133: 'calculateKendallCorrelation' is declared but its value is never read.
src/services/AnalysisAlgorithmService.ts(1713,11): error TS6133: 'calculateTrendLine' is declared but its value is never read.
src/services/AnalysisAlgorithmService.ts(1815,9): error TS2322: Type 'number' is not assignable to type 'undefined'.
src/services/AnalysisAlgorithmService.ts(2079,5): error TS6133: 'options' is declared but its value is never read.
src/services/AnalysisAlgorithmService.ts(2085,7): error TS2339: Property 'targetVariable' does not exist on type '{ target: string; features: string[]; method?: "linear" | "randomForest" | "neuralNetwork" | undefined; testSize?: number | undefined; }'.
src/services/AnalysisAlgorithmService.ts(2087,7): error TS2339: Property 'predictionHorizon' does not exist on type '{ target: string; features: string[]; method?: "linear" | "randomForest" | "neuralNetwork" | undefined; testSize?: number | undefined; }'.
src/services/AnalysisAlgorithmService.ts(2088,7): error TS2339: Property 'model' does not exist on type '{ target: string; features: string[]; method?: "linear" | "randomForest" | "neuralNetwork" | undefined; testSize?: number | undefined; }'.
src/services/AnalysisAlgorithmService.ts(2089,7): error TS2339: Property 'testSplit' does not exist on type '{ target: string; features: string[]; method?: "linear" | "randomForest" | "neuralNetwork" | undefined; testSize?: number | undefined; }'.
src/services/AnalysisAlgorithmService.ts(2090,7): error TS2339: Property 'epochs' does not exist on type '{ target: string; features: string[]; method?: "linear" | "randomForest" | "neuralNetwork" | undefined; testSize?: number | undefined; }'.
src/services/AnalysisAlgorithmService.ts(2538,5): error TS6133: 'featureNames' is declared but its value is never read.
src/services/AnalysisAlgorithmService.ts(2568,38): error TS6133: 'normalizedTestFeatures' is declared but its value is never read.
src/services/AnalysisAlgorithmService.ts(2579,11): error TS6133: 'normalizedTestTargets' is declared but its value is never read.
src/services/AnalysisAlgorithmService.ts(2681,11): error TS2588: Cannot assign to 'gradBias2' because it is a constant.
src/services/AnalysisAlgorithmService.ts(2698,9): error TS2588: Cannot assign to 'bias2' because it is a constant.
src/services/AnalysisAlgorithmService.ts(2980,5): error TS6133: 'options' is declared but its value is never read.
src/services/AnalysisAlgorithmService.ts(3335,5): error TS6133: 'dataset' is declared but its value is never read.
src/services/AnalysisAlgorithmService.ts(3336,5): error TS6133: 'options' is declared but its value is never read.
src/services/AnalysisAlgorithmService.ts(3345,7): error TS6133: 'normalizeValues' is declared but its value is never read.
src/services/AnalysisAlgorithmService.ts(3346,7): error TS6133: 'timeRange' is declared but its value is never read.
src/services/AnalysisAlgorithmService.ts(3347,7): error TS6133: 'groupBy' is declared but its value is never read.
src/services/AnalysisAlgorithmService.ts(3375,5): error TS6133: 'dataset' is declared but its value is never read.
src/services/AnalysisAlgorithmService.ts(3376,5): error TS6133: 'options' is declared but its value is never read.
src/services/AnalysisAlgorithmService.ts(3382,33): error TS6133: 'includeNeighbors' is declared but its value is never read.
src/services/AnalysisAlgorithmService.ts(3382,59): error TS6133: 'timeRange' is declared but its value is never read.
src/services/AnomalyDetectionService.ts(25,7): error TS2417: Class static side 'typeof AnomalyDetectionServiceImpl' incorrectly extends base class static side 'typeof AbstractBaseService'.
  The types returned by 'getInstance()' are incompatible between these types.
    Type 'AnomalyDetectionServiceImpl' is not assignable to type 'T'.
      'AnomalyDetectionServiceImpl' is assignable to the constraint of type 'T', but 'T' could be instantiated with a different subtype of constraint 'Singleton<T>'.
src/services/APIService.ts(261,27): error TS2684: The 'this' context of type 'typeof APIServiceImpl' is not assignable to method's 'this' of type 'new () => APIServiceImpl'.
  Cannot assign a 'protected' constructor type to a 'public' constructor type.
src/services/ComponentRegistryService.ts(28,7): error TS2417: Class static side 'typeof ComponentRegistryServiceImpl' incorrectly extends base class static side 'typeof AbstractBaseService'.
  The types returned by 'getInstance()' are incompatible between these types.
    Type 'ComponentRegistryServiceImpl' is not assignable to type 'T'.
      'ComponentRegistryServiceImpl' is assignable to the constraint of type 'T', but 'T' could be instantiated with a different subtype of constraint 'Singleton<T>'.
src/services/ComponentRegistryService.ts(164,53): error TS6133: 'eventData' is declared but its value is never read.
src/services/DataCollectionService.ts(985,32): error TS2345: Argument of type 'PropertyType' is not assignable to parameter of type 'string | number | boolean'.
  Type 'string[]' is not assignable to type 'string | number | boolean'.
src/services/DataCollectionService.ts(987,18): error TS2345: Argument of type 'PropertyType' is not assignable to parameter of type 'string | number | boolean'.
  Type 'string[]' is not assignable to type 'string | number | boolean'.
src/services/ErrorLoggingService.ts(140,36): error TS2684: The 'this' context of type 'typeof ErrorLoggingServiceImpl' is not assignable to method's 'this' of type 'new () => ErrorLoggingServiceImpl'.
  Cannot assign a 'protected' constructor type to a 'public' constructor type.
src/services/EventPropagationService.ts(10,7): error TS2417: Class static side 'typeof EventPropagationServiceImpl' incorrectly extends base class static side 'typeof AbstractBaseService'.
  The types returned by 'getInstance()' are incompatible between these types.
    Type 'EventPropagationServiceImpl' is not assignable to type 'T'.
      'EventPropagationServiceImpl' is assignable to the constraint of type 'T', but 'T' could be instantiated with a different subtype of constraint 'Singleton<T>'.
src/services/RealTimeDataService.ts(41,7): error TS2417: Class static side 'typeof RealTimeDataServiceImpl' incorrectly extends base class static side 'typeof AbstractBaseService'.
  The types returned by 'getInstance()' are incompatible between these types.
    Type 'RealTimeDataServiceImpl' is not assignable to type 'T'.
      'RealTimeDataServiceImpl' is assignable to the constraint of type 'T', but 'T' could be instantiated with a different subtype of constraint 'Singleton<T>'.
src/services/RecoveryService.ts(39,7): error TS2417: Class static side 'typeof RecoveryServiceImpl' incorrectly extends base class static side 'typeof AbstractBaseService'.
  The types returned by 'getInstance()' are incompatible between these types.
    Type 'RecoveryServiceImpl' is not assignable to type 'T'.
      'RecoveryServiceImpl' is assignable to the constraint of type 'T', but 'T' could be instantiated with a different subtype of constraint 'Singleton<T>'.
src/services/RecoveryService.ts(139,5): error TS6133: 'metadata' is declared but its value is never read.
src/services/telemetry/SessionPerformanceTracker.ts(92,11): error TS2430: Interface 'NavigatorExtended' incorrectly extends interface 'Navigator'.
  Types of property 'connection' are incompatible.
    Type '{ effectiveType?: string | undefined; type?: string | undefined; } | undefined' is not assignable to type '{ saveData: boolean; } | undefined'.
      Property 'saveData' is missing in type '{ effectiveType?: string | undefined; type?: string | undefined; }' but required in type '{ saveData: boolean; }'.
src/services/telemetry/SessionPerformanceTracker.ts(125,11): error TS6133: 'lastTransmitTime' is declared but its value is never read.
src/services/telemetry/SessionPerformanceTracker.ts(186,11): error TS6133: 'screenHeight' is declared but its value is never read.
src/services/telemetry/SessionPerformanceTracker.ts(280,45): error TS2554: Expected 2 arguments, but got 1.
src/services/WebGLService.ts(44,7): error TS2417: Class static side 'typeof WebGLServiceImpl' incorrectly extends base class static side 'typeof AbstractBaseService'.
  The types returned by 'getInstance()' are incompatible between these types.
    Type 'WebGLServiceImpl' is not assignable to type 'T'.
      'WebGLServiceImpl' is assignable to the constraint of type 'T', but 'T' could be instantiated with a different subtype of constraint 'Singleton<T>'.
src/services/WebGLService.ts(47,11): error TS6133: 'canvas' is declared but its value is never read.
src/services/WorkerService.ts(28,7): error TS2417: Class static side 'typeof WorkerServiceImpl' incorrectly extends base class static side 'typeof AbstractBaseService'.
  The types returned by 'getInstance()' are incompatible between these types.
    Type 'WorkerServiceImpl' is not assignable to type 'T'.
      'WorkerServiceImpl' is assignable to the constraint of type 'T', but 'T' could be instantiated with a different subtype of constraint 'Singleton<T>'.
src/systems/exploration/DiscoveryClassification.ts(57,18): error TS2339: Property 'enhanceAnalysis' does not exist on type 'DiscoveryClassification'.
src/systems/exploration/DiscoveryClassification.ts(93,52): error TS2345: Argument of type '{ type: DiscoveryType; confidence: number; details: { resourceType: ResourceType; estimatedQuantity: number; extractionDifficulty: number; qualityIndicators: QualityIndicators; }; }' is not assignable to parameter of type 'ClassificationResult'.
  Type '{ type: DiscoveryType; confidence: number; details: { resourceType: ResourceType; estimatedQuantity: number; extractionDifficulty: number; qualityIndicators: QualityIndicators; }; }' is missing the following properties from type 'ClassificationResult': timestamp, analysisTime, enhancementApplied
src/systems/exploration/DiscoveryClassification.ts(94,5): error TS2739: Type '{ type: DiscoveryType; confidence: number; details: { resourceType: ResourceType; estimatedQuantity: number; extractionDifficulty: number; qualityIndicators: QualityIndicators; }; }' is missing the following properties from type 'ClassificationResult': timestamp, analysisTime, enhancementApplied
src/systems/exploration/DiscoveryClassification.ts(154,36): error TS2339: Property 'analyzeResourceSignature' does not exist on type 'DiscoveryClassification'.
src/systems/exploration/DiscoveryClassification.ts(155,38): error TS2339: Property 'analyzeComposition' does not exist on type 'DiscoveryClassification'.
src/systems/exploration/DiscoveryClassification.ts(182,5): error TS6133: 'signatureAnalysis' is declared but its value is never read.
src/systems/exploration/DiscoveryClassification.ts(183,5): error TS6133: 'compositionAnalysis' is declared but its value is never read.
src/systems/exploration/DiscoveryClassification.ts(189,35): error TS6133: 'discovery' is declared but its value is never read.
src/systems/exploration/DiscoveryClassification.ts(193,31): error TS6133: 'discovery' is declared but its value is never read.
src/systems/exploration/DiscoveryClassification.ts(197,32): error TS6133: 'discovery' is declared but its value is never read.
src/systems/exploration/DiscoveryClassification.ts(201,35): error TS6133: 'discovery' is declared but its value is never read.
src/systems/exploration/DiscoveryClassification.ts(205,33): error TS6133: 'discovery' is declared but its value is never read.
src/systems/exploration/DiscoveryClassification.ts(209,35): error TS6133: 'discovery' is declared but its value is never read.
src/systems/exploration/DiscoveryClassification.ts(213,35): error TS6133: 'discovery' is declared but its value is never read.
src/systems/exploration/DiscoveryClassification.ts(217,37): error TS6133: 'discovery' is declared but its value is never read.
src/systems/exploration/DiscoveryClassification.ts(221,27): error TS6133: 'composition' is declared but its value is never read.
src/systems/exploration/DiscoveryClassification.ts(225,28): error TS6133: 'pressure' is declared but its value is never read.
src/systems/exploration/DiscoveryClassification.ts(225,46): error TS6133: 'temperature' is declared but its value is never read.
src/systems/exploration/DiscoveryClassification.ts(229,34): error TS6133: 'location' is declared but its value is never read.
src/systems/exploration/DiscoveryClassification.ts(233,11): error TS6133: 'analyzeSpectralProfile' is declared but its value is never read.
src/systems/exploration/DiscoveryClassification.ts(233,34): error TS6133: 'metadata' is declared but its value is never read.
src/systems/exploration/DiscoveryClassification.ts(241,11): error TS6133: 'analyzeDensityProfile' is declared but its value is never read.
src/systems/exploration/DiscoveryClassification.ts(241,33): error TS6133: 'metadata' is declared but its value is never read.
src/systems/exploration/DiscoveryClassification.ts(249,11): error TS6133: 'analyzeThermalProfile' is declared but its value is never read.
src/systems/exploration/DiscoveryClassification.ts(249,33): error TS6133: 'metadata' is declared but its value is never read.
src/systems/exploration/DiscoveryClassification.ts(257,11): error TS6133: 'identifyElements' is declared but its value is never read.
src/systems/exploration/DiscoveryClassification.ts(257,28): error TS6133: 'metadata' is declared but its value is never read.
src/systems/exploration/DiscoveryClassification.ts(261,11): error TS6133: 'analyzeStructure' is declared but its value is never read.
src/systems/exploration/DiscoveryClassification.ts(261,28): error TS6133: 'metadata' is declared but its value is never read.
src/systems/exploration/DiscoveryClassification.ts(269,40): error TS6133: 'result' is declared but its value is never read.
src/systems/exploration/DiscoveryClassification.ts(273,31): error TS6133: 'result' is declared but its value is never read.
src/systems/exploration/DiscoveryClassification.ts(277,31): error TS6133: 'result' is declared but its value is never read.
src/systems/exploration/DiscoveryClassification.ts(281,11): error TS6133: 'determineEnhancementStrategies' is declared but its value is never read.
src/systems/exploration/DiscoveryClassification.ts(281,42): error TS6133: 'result' is declared but its value is never read.
src/systems/exploration/DiscoveryClassification.ts(285,11): error TS6133: 'updateAnalysisResult' is declared but its value is never read.
src/systems/exploration/DiscoveryClassification.ts(333,19): error TS2339: Property 'publish' does not exist on type 'EventBus<BaseEvent>'.
src/test/examples/TypeSystemExample.test.ts(66,9): error TS2353: Object literal may only specify known properties, and 'incrementCount' does not exist in type 'Partial<StateManager<ExampleState>>'.
src/test/examples/TypeSystemExample.test.ts(120,9): error TS2353: Object literal may only specify known properties, and 'processCountChange' does not exist in type 'Partial<EventCapableManager<BaseEvent>>'.
src/test/examples/TypeSystemExample.test.ts(171,42): error TS2339: Property 'data' does not exist on type 'never'.
src/test/examples/TypeSystemExample.test.ts(172,30): error TS2339: Property 'data' does not exist on type 'never'.
src/test/examples/TypeSystemExample.test.ts(173,30): error TS2339: Property 'data' does not exist on type 'never'.
src/tests/components/exploration/ExplorationManager.test.ts(13,30): error TS2554: Expected 2 arguments, but got 1.
src/tests/components/exploration/ExplorationManager.test.ts(49,7): error TS2322: Type '"discovered"' is not assignable to type '"unmapped" | "mapped" | "scanning" | "analyzed"'.
src/tests/components/exploration/ExplorationManager.test.ts(56,7): error TS2322: Type '"discovered"' is not assignable to type '"unmapped" | "mapped" | "scanning" | "analyzed"'.
src/tests/components/exploration/ExplorationManager.test.ts(65,12): error TS2532: Object is possibly 'undefined'.
src/tests/components/exploration/ExplorationManager.test.ts(71,12): error TS2532: Object is possibly 'undefined'.
src/tests/components/exploration/ExplorationManager.test.ts(96,9): error TS2322: Type 'string' is not assignable to type '"unmapped" | "mapped" | "scanning" | "analyzed"'.
src/tests/components/ui/ResourceVisualization.snapshot.test.tsx(4,10): error TS2614: Module '"../../../components/ui/ResourceVisualization"' has no exported member 'ResourceVisualization'. Did you mean to use 'import ResourceVisualization from "../../../components/ui/ResourceVisualization"' instead?
src/tests/components/ui/ResourceVisualization.snapshot.test.tsx(6,42): error TS2307: Cannot find module '../../../utils/resources/ResourceTypeConverter' or its corresponding type declarations.
src/tests/components/ui/ResourceVisualization.snapshot.test.tsx(104,18): error TS6133: 'selector' is declared but its value is never read.
src/tests/contexts/exploration/ClassificationContext.test.tsx(389,11): error TS6133: 'initialClassificationsCount' is declared but its value is never read.
src/tests/contexts/GameContext.test.tsx(14,3): error TS2724: '"../../managers/game/gameManager"' has no exported member named 'GameManagerEventType'. Did you mean 'GameManagerEvent'?
src/tests/contexts/ResourceRatesContext.test.tsx(14,7): error TS6133: 'mockEventBus' is declared but its value is never read.
src/tests/errorHandling/ErrorBoundary.test.tsx(90,24): error TS6133: 'error' is declared but its value is never read.
src/tests/errorHandling/ErrorBoundary.test.tsx(295,9): error TS2304: Cannot find name 'cleanup'.
src/tests/examples/ResourceTypeExample.test.ts(15,8): error TS2307: Cannot find module '../../utils/resources/ResourceTypeConverter' or its corresponding type declarations.
src/tests/factories/createTestGameProvider.tsx(2,10): error TS2459: Module '"../../contexts/GameContext"' declares 'GameContext' locally, but it is not exported.
src/tests/factories/SimpleGameProviderTest.test.tsx(4,10): error TS2459: Module '"../../contexts/GameContext"' declares 'GameContext' locally, but it is not exported.
src/tests/factories/SimpleGameProviderTest.test.tsx(36,58): error TS2339: Property 'state' does not exist on type '{}'.
src/tests/factories/SimpleGameProviderTest.test.tsx(37,54): error TS2339: Property 'state' does not exist on type '{}'.
src/tests/fixtures/resourceFixtures.ts(3,3): error TS2460: Module '"../../managers/resource/ResourceFlowManager"' declares 'FlowConnection' locally, but it is exported as 'FlowNode'.
src/tests/fixtures/resourceFixtures.ts(5,3): error TS2724: '"../../managers/resource/ResourceFlowManager"' has no exported member named 'FlowNodeType'. Did you mean 'FlowNode'?
src/tests/helpers/ResourceNetworkGenerator.ts(9,30): error TS2307: Cannot find module '../../types/resources/FlowTypes' or its corresponding type declarations.
src/tests/helpers/ResourceNetworkGenerator.ts(97,35): error TS2693: 'ResourceType' only refers to a type, but is being used as a value here.
src/tests/helpers/ResourceNetworkGenerator.ts(168,9): error TS6133: 'getNodesForResourceType' is declared but its value is never read.
src/tests/helpers/ResourceNetworkGenerator.ts(296,50): error TS2693: 'ResourceType' only refers to a type, but is being used as a value here.
src/tests/helpers/UserInteractionSimulator.ts(335,30): error TS2345: Argument of type '() => Promise<void>' is not assignable to parameter of type 'Promise<void>'.
src/tests/hooks/factory/hookFactories.test.tsx(1,1): error TS6133: 'React' is declared but its value is never read.
src/tests/hooks/factory/hookFactories.test.tsx(2,1): error TS6192: All imports in import declaration are unused.
src/tests/hooks/factory/hookFactories.test.tsx(4,44): error TS2307: Cannot find module '@testing-library/react-hooks' or its corresponding type declarations.
src/tests/hooks/factory/hookFactories.test.tsx(251,10): error TS7006: Parameter 'props' implicitly has an 'any' type.
src/tests/hooks/resources/useResourceTracking.test.tsx(5,42): error TS2307: Cannot find module '../../../utils/resources/ResourceTypeConverter' or its corresponding type declarations.
src/tests/hooks/useGameStateHook.test.tsx(131,32): error TS6133: 'selectorCallCounts' is declared but its value is never read.
src/tests/integration/ManagerIntegration.test.ts(40,7): error TS2554: Expected 0-1 arguments, but got 2.
src/tests/integration/ManagerIntegration.test.ts(66,30): error TS2345: Argument of type 'ResourceManager' is not assignable to parameter of type 'BaseManager<BaseEvent>'.
  Property 'name' is missing in type 'ResourceManager' but required in type 'BaseManager<BaseEvent>'.
src/tests/integration/ManagerIntegration.test.ts(67,30): error TS2345: Argument of type 'ModuleManager' is not assignable to parameter of type 'BaseManager<BaseEvent>'.
  Property 'name' is missing in type 'ModuleManager' but required in type 'BaseManager<BaseEvent>'.
src/tests/integration/ManagerIntegration.test.ts(68,38): error TS2339: Property 'name' does not exist on type 'ResourceManager'.
src/tests/integration/ManagerIntegration.test.ts(70,30): error TS2345: Argument of type 'GameLoopManager' is not assignable to parameter of type 'BaseManager<BaseEvent>'.
  Type 'GameLoopManager' is missing the following properties from type 'BaseManager<BaseEvent>': id, name, eventBus, initialize, and 6 more.
src/tests/integration/ManagerIntegration.test.ts(71,38): error TS2339: Property 'name' does not exist on type 'ResourceManager'.
src/tests/integration/ManagerIntegration.test.ts(71,58): error TS2339: Property 'name' does not exist on type 'ModuleManager'.
src/tests/integration/ManagerIntegration.test.ts(80,28): error TS2339: Property 'isInitialized' does not exist on type 'GameLoopManager'.
src/tests/integration/ManagerIntegration.test.ts(130,7): error TS2353: Object literal may only specify known properties, and 'cost' does not exist in type 'ModuleConfig'.
src/tests/integration/ManagerIntegration.test.ts(156,27): error TS2339: Property 'initialize' does not exist on type 'GameLoopManager'.
src/tests/integration/ManagerIntegration.test.ts(209,7): error TS2353: Object literal may only specify known properties, and 'cost' does not exist in type 'ModuleConfig'.
src/tests/integration/ManagerIntegration.test.ts(219,11): error TS6133: 'module' is declared but its value is never read.
src/tests/integration/ManagerIntegration.test.ts(235,30): error TS2345: Argument of type 'ResourceManager' is not assignable to parameter of type 'BaseManager<BaseEvent>'.
  Property 'name' is missing in type 'ResourceManager' but required in type 'BaseManager<BaseEvent>'.
src/tests/integration/ManagerIntegration.test.ts(236,30): error TS2345: Argument of type 'ModuleManager' is not assignable to parameter of type 'BaseManager<BaseEvent>'.
  Property 'name' is missing in type 'ModuleManager' but required in type 'BaseManager<BaseEvent>'.
src/tests/integration/ManagerIntegration.test.ts(237,38): error TS2339: Property 'name' does not exist on type 'ResourceManager'.
src/tests/integration/ManagerIntegration.test.ts(239,30): error TS2345: Argument of type 'GameLoopManager' is not assignable to parameter of type 'BaseManager<BaseEvent>'.
  Type 'GameLoopManager' is missing the following properties from type 'BaseManager<BaseEvent>': id, name, eventBus, initialize, and 6 more.
src/tests/integration/ManagerIntegration.test.ts(240,38): error TS2339: Property 'name' does not exist on type 'ResourceManager'.
src/tests/integration/ManagerIntegration.test.ts(240,58): error TS2339: Property 'name' does not exist on type 'ModuleManager'.
src/tests/integration/ManagerIntegration.test.ts(249,67): error TS2769: No overload matches this call.
  Overload 1 of 3, '(object: GameLoopManager, method: never): SpyInstance<never, never, any>', gave the following error.
    Argument of type '"dispose"' is not assignable to parameter of type 'never'.
  Overload 2 of 3, '(object: GameLoopManager, method: keyof GameLoopManager): SpyInstance<void | GameLoopStats, [] | [config: Partial<GameLoopConfig>] | [id: ...] | [id: ...] | [factor: ...], any>', gave the following error.
    Argument of type '"dispose"' is not assignable to parameter of type 'keyof GameLoopManager'.
src/tests/integration/ManagerIntegration.test.ts(260,38): error TS2339: Property 'mock' does not exist on type 'never'.
src/tests/integration/ModuleSystemIntegration.test.tsx(114,29): error TS2339: Property 'mockReturnValue' does not exist on type '(moduleId: string) => BaseModule | undefined'.
src/tests/integration/ModuleSystemIntegration.test.tsx(115,36): error TS2339: Property 'mockReturnValue' does not exist on type '() => BaseModule[]'.
src/tests/integration/ModuleSystemIntegration.test.tsx(116,36): error TS2339: Property 'mockReturnValue' does not exist on type '(eventType: EventType, handler: (event: BaseEvent) => void) => () => void'.
src/tests/integration/ModuleSystemIntegration.test.tsx(119,48): error TS2339: Property 'mockReturnValue' does not exist on type '(moduleId: string) => ModuleStatusDetails | undefined'.
src/tests/integration/ModuleSystemIntegration.test.tsx(120,41): error TS2339: Property 'mockReturnValue' does not exist on type '(moduleId: string) => ExtendedModuleStatus | undefined'.
src/tests/integration/ModuleSystemIntegration.test.tsx(167,26): error TS2322: Type '"mining"' is not assignable to type 'ModuleType | undefined'.
src/tests/integration/ModuleSystemIntegration.test.tsx(172,38): error TS2339: Property 'mockImplementation' does not exist on type '(type: ModuleType) => BaseModule[]'.
src/tests/integration/ModuleSystemIntegration.test.tsx(172,57): error TS7006: Parameter 'type' implicitly has an 'any' type.
src/tests/integration/ModuleSystemIntegration.test.tsx(177,26): error TS2322: Type '"energy"' is not assignable to type 'ModuleType | undefined'.
src/tests/integration/ModuleSystemIntegration.test.tsx(250,60): error TS2339: Property 'mock' does not exist on type '(eventType: EventType, handler: (event: BaseEvent) => void) => () => void'.
src/tests/integration/ModuleSystemIntegration.test.tsx(323,34): error TS2339: Property 'mockImplementation' does not exist on type '(event: BaseEvent) => void'.
src/tests/integration/ModuleSystemIntegration.test.tsx(323,53): error TS6133: 'event' is declared but its value is never read.
src/tests/integration/ModuleSystemIntegration.test.tsx(323,53): error TS7006: Parameter 'event' implicitly has an 'any' type.
src/tests/integration/ModuleSystemIntegration.test.tsx(325,57): error TS2339: Property 'mock' does not exist on type '(eventType: EventType, handler: (event: BaseEvent) => void) => () => void'.
src/tests/integration/ModuleSystemIntegration.test.tsx(326,19): error TS7006: Parameter 'call' implicitly has an 'any' type.
src/tests/integration/ModuleSystemIntegration.test.tsx(327,16): error TS7006: Parameter 'call' implicitly has an 'any' type.
src/tests/integration/ModuleSystemIntegration.test.tsx(330,26): error TS7006: Parameter 'handler' implicitly has an 'any' type.
src/tests/integration/OptimizationComponents.test.ts(12,23): error TS7016: Could not find a declaration file for module 'jsdom'. '/Users/deadcoast/CursorProjects/Galactic_Sprawl/node_modules/jsdom/lib/api.js' implicitly has an 'any' type.
  Try `npm i --save-dev @types/jsdom` if it exists or add a new declaration (.d.ts) file containing `declare module 'jsdom';`
src/tests/integration/OptimizationComponents.test.ts(15,10): error TS2305: Module '"../../utils/performance/D3AnimationQualityManager"' has no exported member 'qualityManager'.
src/tests/integration/OptimizationComponents.test.ts(16,10): error TS2305: Module '"../../utils/performance/D3BatchedUpdates"' has no exported member 'batchedUpdates'.
src/tests/integration/OptimizationComponents.test.ts(17,10): error TS2724: '"../../utils/performance/D3InterpolationCache"' has no exported member named 'interpolationCache'. Did you mean 'InterpolationCache'?
src/tests/integration/OptimizationComponents.test.ts(66,27): error TS2339: Property 'reset' does not exist on type '{ registerAnimation: (config: Omit<RegisteredAnimationConfig, "id"> & { id?: string | undefined; }, callback: AnimationFrameCallback) => string; ... 13 more ...; syncAnimations: (groupId: string, action: "complete" | ... 3 more ... | "resume") => void; }'.
src/tests/integration/OptimizationComponents.test.ts(80,27): error TS2551: Property 'pauseAllAnimations' does not exist on type '{ registerAnimation: (config: Omit<RegisteredAnimationConfig, "id"> & { id?: string | undefined; }, callback: AnimationFrameCallback) => string; ... 13 more ...; syncAnimations: (groupId: string, action: "complete" | ... 3 more ... | "resume") => void; }'. Did you mean 'pauseAnimation'?
src/tests/integration/OptimizationComponents.test.ts(144,12): error TS6133: 'updateNodePositions' is declared but its value is never read.
src/tests/integration/OptimizationComponents.test.ts(183,17): error TS6133: 'rect' is declared but its value is never read.
src/tests/integration/OptimizationComponents.test.ts(183,24): error TS18047: 'element' is possibly 'null'.
src/tests/integration/OptimizationComponents.test.ts(183,32): error TS2339: Property 'getBoundingClientRect' does not exist on type 'Window | Document | Element | SVGCircleElement | EnterElement'.
  Property 'getBoundingClientRect' does not exist on type 'Window'.
src/tests/integration/OptimizationComponents.test.ts(184,11): error TS18047: 'element' is possibly 'null'.
src/tests/integration/OptimizationComponents.test.ts(184,19): error TS2339: Property 'setAttribute' does not exist on type 'Window | Document | Element | SVGCircleElement | EnterElement'.
  Property 'setAttribute' does not exist on type 'Window'.
src/tests/integration/OptimizationComponents.test.ts(185,11): error TS18047: 'element' is possibly 'null'.
src/tests/integration/OptimizationComponents.test.ts(185,19): error TS2339: Property 'setAttribute' does not exist on type 'Window | Document | Element | SVGCircleElement | EnterElement'.
  Property 'setAttribute' does not exist on type 'Window'.
src/tests/integration/OptimizationComponents.test.ts(230,15): error TS18047: 'element' is possibly 'null'.
src/tests/integration/OptimizationComponents.test.ts(230,23): error TS2339: Property 'setAttribute' does not exist on type 'Window | Document | Element | SVGCircleElement | EnterElement'.
  Property 'setAttribute' does not exist on type 'Window'.
src/tests/integration/OptimizationComponents.test.ts(231,15): error TS18047: 'element' is possibly 'null'.
src/tests/integration/OptimizationComponents.test.ts(231,23): error TS2339: Property 'setAttribute' does not exist on type 'Window | Document | Element | SVGCircleElement | EnterElement'.
  Property 'setAttribute' does not exist on type 'Window'.
src/tests/integration/OptimizationComponents.test.ts(341,23): error TS6133: 'deltaTime' is declared but its value is never read.
src/tests/integration/OptimizationComponents.test.ts(341,34): error TS6133: 'frameInfo' is declared but its value is never read.
src/tests/integration/OptimizationComponents.test.ts(438,21): error TS6133: 'deltaTime' is declared but its value is never read.
src/tests/integration/OptimizationComponents.test.ts(450,25): error TS18047: 'node' is possibly 'null'.
src/tests/integration/OptimizationComponents.test.ts(450,30): error TS2339: Property 'getBoundingClientRect' does not exist on type 'Window | Document | Element | SVGCircleElement | EnterElement'.
  Property 'getBoundingClientRect' does not exist on type 'Window'.
src/tests/integration/OptimizationComponents.test.ts(503,31): error TS2339: Property 'generateReport' does not exist on type '{ start: (id?: string | undefined, name?: string | undefined, config?: AnimationConfig | undefined) => void; stop: () => AnimationPerformanceReport; ... 5 more ...; getStatus: () => { ...; }; }'.
src/tests/integration/OptimizationComponents.test.ts(677,21): error TS6133: 'deltaTime' is declared but its value is never read.
src/tests/integration/OptimizationComponents.test.ts(692,50): error TS6133: 'd' is declared but its value is never read.
src/tests/integration/OptimizationComponents.test.ts(729,31): error TS2339: Property 'generateReport' does not exist on type '{ start: (id?: string | undefined, name?: string | undefined, config?: AnimationConfig | undefined) => void; stop: () => AnimationPerformanceReport; ... 5 more ...; getStatus: () => { ...; }; }'.
src/tests/integration/resource/MiningResourceIntegration.test.ts(112,19): error TS2674: Constructor of class 'ResourceFlowManager' is protected and only accessible within the class declaration.
src/tests/integration/resource/MiningResourceIntegration.test.ts(130,17): error TS2339: Property 'cleanup' does not exist on type 'ResourceFlowManager'.
src/tests/integration/resource/ResourceFlowManagerIntegration.test.ts(6,3): error TS2305: Module '"../../../types/resources/StandardizedResourceTypes"' has no exported member 'FlowNodeType'.
src/tests/integration/resource/ResourceFlowManagerIntegration.test.ts(13,8): error TS2307: Cannot find module '../../../utils/resources/ResourceTypeConverter' or its corresponding type declarations.
src/tests/integration/resource/ResourceFlowManagerIntegration.test.ts(44,7): error TS6133: 'resourceRegistry' is declared but its value is never read.
src/tests/integration/ui/ResourceVisualization.test.tsx(3,10): error TS2614: Module '"../../../components/ui/ResourceVisualization"' has no exported member 'ResourceVisualization'. Did you mean to use 'import ResourceVisualization from "../../../components/ui/ResourceVisualization"' instead?
src/tests/integration/ui/ResourceVisualization.test.tsx(11,42): error TS2307: Cannot find module '../../../utils/resources/ResourceTypeConverter' or its corresponding type declarations.
src/tests/integration/ui/ResourceVisualization.test.tsx(65,19): error TS2674: Constructor of class 'ResourceFlowManager' is protected and only accessible within the class declaration.
src/tests/integration/ui/ResourceVisualization.test.tsx(114,17): error TS2339: Property 'cleanup' does not exist on type 'ResourceFlowManager'.
src/tests/integration/ui/ResourceVisualization.test.tsx(220,13): error TS2740: Type '{ [x: number]: number; }' is missing the following properties from type 'Record<ResourceType, number>': minerals, energy, population, research, and 3 more.
src/tests/integration/ui/ResourceVisualization.test.tsx(229,13): error TS2740: Type '{ [x: number]: number; }' is missing the following properties from type 'Record<ResourceType, number>': minerals, energy, population, research, and 3 more.
src/tests/integration/ui/ResourceVisualization.test.tsx(239,11): error TS2740: Type '{ [x: number]: number; }' is missing the following properties from type 'Record<ResourceType, number>': minerals, energy, population, research, and 3 more.
src/tests/integration/ui/ResourceVisualization.test.tsx(339,11): error TS2740: Type '{ [x: number]: number; }' is missing the following properties from type 'Record<ResourceType, number>': minerals, energy, population, research, and 3 more.
src/tests/integration/ui/ResourceVisualization.test.tsx(348,11): error TS2740: Type '{ [x: number]: number; }' is missing the following properties from type 'Record<ResourceType, number>': minerals, energy, population, research, and 3 more.
src/tests/integration/ui/ResourceVisualization.test.tsx(358,9): error TS2740: Type '{ [x: number]: number; }' is missing the following properties from type 'Record<ResourceType, number>': minerals, energy, population, research, and 3 more.
src/tests/lib/events/UnifiedEventSystem.test.ts(21,17): error TS2551: Property 'resetInstance' does not exist on type 'typeof EventSystem'. Did you mean 'getInstance'?
src/tests/lib/events/UnifiedEventSystem.test.ts(178,17): error TS2551: Property 'resetInstance' does not exist on type 'typeof EventSystem'. Did you mean 'getInstance'?
src/tests/lib/managers/BaseManager.test.ts(33,10): error TS2416: Property 'dependencies' in type 'TestManager' is not assignable to the same property in base type 'AbstractBaseManager<TestEvent>'.
  Type 'Record<string, unknown> | undefined' is not assignable to type 'string[]'.
    Type 'undefined' is not assignable to type 'string[]'.
src/tests/lib/managers/BaseManager.test.ts(33,10): error TS2612: Property 'dependencies' will overwrite the base property in 'AbstractBaseManager<TestEvent>'. If this is intentional, add an initializer. Otherwise, add a 'declare' modifier or remove the redundant declaration.
src/tests/lib/patterns/Singleton.test.ts(44,23): error TS2684: The 'this' context of type 'typeof TestSingleton' is not assignable to method's 'this' of type 'new () => TestSingleton'.
  Cannot assign a 'protected' constructor type to a 'public' constructor type.
src/tests/lib/patterns/Singleton.test.ts(45,23): error TS2684: The 'this' context of type 'typeof TestSingleton' is not assignable to method's 'this' of type 'new () => TestSingleton'.
  Cannot assign a 'protected' constructor type to a 'public' constructor type.
src/tests/lib/patterns/Singleton.test.ts(51,26): error TS2684: The 'this' context of type 'typeof TestSingleton' is not assignable to method's 'this' of type 'new () => TestSingleton'.
  Cannot assign a 'protected' constructor type to a 'public' constructor type.
src/tests/lib/patterns/Singleton.test.ts(52,29): error TS2684: The 'this' context of type 'typeof AnotherSingleton' is not assignable to method's 'this' of type 'new () => AnotherSingleton'.
  Cannot assign a 'protected' constructor type to a 'public' constructor type.
src/tests/lib/patterns/Singleton.test.ts(61,27): error TS2684: The 'this' context of type 'typeof TestSingleton' is not assignable to method's 'this' of type 'new () => TestSingleton'.
  Cannot assign a 'protected' constructor type to a 'public' constructor type.
src/tests/lib/patterns/Singleton.test.ts(62,30): error TS2684: The 'this' context of type 'typeof AnotherSingleton' is not assignable to method's 'this' of type 'new () => AnotherSingleton'.
  Cannot assign a 'protected' constructor type to a 'public' constructor type.
src/tests/lib/patterns/Singleton.test.ts(69,22): error TS2684: The 'this' context of type 'typeof TestSingleton' is not assignable to method's 'this' of type 'new () => TestSingleton'.
  Cannot assign a 'protected' constructor type to a 'public' constructor type.
src/tests/lib/patterns/Singleton.test.ts(75,22): error TS2684: The 'this' context of type 'typeof TestSingleton' is not assignable to method's 'this' of type 'new () => TestSingleton'.
  Cannot assign a 'protected' constructor type to a 'public' constructor type.
src/tests/lib/patterns/Singleton.test.ts(82,23): error TS2684: The 'this' context of type 'typeof TestSingleton' is not assignable to method's 'this' of type 'new () => TestSingleton'.
  Cannot assign a 'protected' constructor type to a 'public' constructor type.
src/tests/lib/patterns/Singleton.test.ts(89,23): error TS2684: The 'this' context of type 'typeof TestSingleton' is not assignable to method's 'this' of type 'new () => TestSingleton'.
  Cannot assign a 'protected' constructor type to a 'public' constructor type.
src/tests/lib/registry/ServiceRegistry.test.ts(100,16): error TS2684: The 'this' context of type 'typeof ServiceRegistry' is not assignable to method's 'this' of type 'new () => ServiceRegistry'.
  Cannot assign a 'protected' constructor type to a 'public' constructor type.
src/tests/managers/exploration/ExplorationManagerImpl.test.ts(79,12): error TS2416: Property 'emit' in type 'TestEventBus' is not assignable to the same property in base type 'EventBus<BaseEvent>'.
  Type '(event: BaseEvent) => void' is not assignable to type '{ (event: BaseEvent): void; <T = any>(eventName: string, data: T): void; }'.
    Types of parameters 'event' and 'eventName' are incompatible.
      Type 'string' is not assignable to type 'BaseEvent'.
src/tests/managers/exploration/ExplorationManagerImpl.test.ts(99,53): error TS2345: Argument of type 'TestEventBus' is not assignable to parameter of type 'EventBus<BaseEvent>'.
  Types of property 'emit' are incompatible.
    Type '(event: BaseEvent) => void' is not assignable to type '{ (event: BaseEvent): void; <T = any>(eventName: string, data: T): void; }'.
      Types of parameters 'event' and 'eventName' are incompatible.
        Type 'string' is not assignable to type 'BaseEvent'.
src/tests/managers/exploration/ExplorationManagerImpl.test.ts(128,11): error TS6133: 'system' is declared but its value is never read.
src/tests/managers/exploration/ExplorationManagerImpl.test.ts(258,11): error TS6133: 'system' is declared but its value is never read.
src/tests/managers/resource/ResourceFlowManager.batch.test.ts(20,19): error TS2674: Constructor of class 'ResourceFlowManager' is protected and only accessible within the class declaration.
src/tests/managers/resource/ResourceFlowManager.batch.test.ts(25,17): error TS2339: Property 'cleanup' does not exist on type 'ResourceFlowManager'.
src/tests/managers/resource/ResourceFlowManager.batch.test.ts(93,21): error TS2339: Property 'transfers' does not exist on type 'Promise<FlowOptimizationResult>'.
src/tests/managers/resource/ResourceFlowManager.batch.test.ts(94,21): error TS2339: Property 'updatedConnections' does not exist on type 'Promise<FlowOptimizationResult>'.
src/tests/managers/resource/ResourceFlowManager.batch.test.ts(97,21): error TS2339: Property 'performanceMetrics' does not exist on type 'Promise<FlowOptimizationResult>'.
src/tests/managers/resource/ResourceFlowManager.batch.test.ts(98,18): error TS2339: Property 'performanceMetrics' does not exist on type 'Promise<FlowOptimizationResult>'.
src/tests/managers/resource/ResourceFlowManager.batch.test.ts(99,23): error TS2339: Property 'performanceMetrics' does not exist on type 'Promise<FlowOptimizationResult>'.
src/tests/managers/resource/ResourceFlowManager.batch.test.ts(100,23): error TS2339: Property 'performanceMetrics' does not exist on type 'Promise<FlowOptimizationResult>'.
src/tests/managers/resource/ResourceFlowManager.batch.test.ts(101,23): error TS2339: Property 'performanceMetrics' does not exist on type 'Promise<FlowOptimizationResult>'.
src/tests/managers/resource/ResourceFlowManager.batch.test.ts(102,23): error TS2339: Property 'performanceMetrics' does not exist on type 'Promise<FlowOptimizationResult>'.
src/tests/managers/resource/ResourceFlowManager.batch.test.ts(112,21): error TS2674: Constructor of class 'ResourceFlowManager' is protected and only accessible within the class declaration.
src/tests/managers/resource/ResourceFlowManager.batch.test.ts(188,21): error TS2339: Property 'updatedConnections' does not exist on type 'Promise<FlowOptimizationResult>'.
src/tests/managers/resource/ResourceFlowManager.batch.test.ts(192,21): error TS2339: Property 'performanceMetrics' does not exist on type 'Promise<FlowOptimizationResult>'.
src/tests/managers/resource/ResourceFlowManager.batch.test.ts(193,18): error TS2339: Property 'performanceMetrics' does not exist on type 'Promise<FlowOptimizationResult>'.
src/tests/managers/resource/ResourceFlowManager.batch.test.ts(195,23): error TS2339: Property 'performanceMetrics' does not exist on type 'Promise<FlowOptimizationResult>'.
src/tests/managers/resource/ResourceFlowManager.batch.test.ts(197,23): error TS2339: Property 'performanceMetrics' does not exist on type 'Promise<FlowOptimizationResult>'.
src/tests/managers/resource/ResourceFlowManager.batch.test.ts(207,21): error TS2674: Constructor of class 'ResourceFlowManager' is protected and only accessible within the class declaration.
src/tests/managers/resource/ResourceFlowManager.batch.test.ts(253,21): error TS2339: Property 'updatedConnections' does not exist on type 'Promise<FlowOptimizationResult>'.
src/tests/managers/resource/ResourceFlowManager.batch.test.ts(257,21): error TS2339: Property 'performanceMetrics' does not exist on type 'Promise<FlowOptimizationResult>'.
src/tests/managers/resource/ResourceFlowManager.batch.test.ts(258,18): error TS2339: Property 'performanceMetrics' does not exist on type 'Promise<FlowOptimizationResult>'.
src/tests/managers/resource/ResourceFlowManager.batch.test.ts(260,23): error TS2339: Property 'performanceMetrics' does not exist on type 'Promise<FlowOptimizationResult>'.
src/tests/managers/resource/ResourceFlowManager.batch.test.ts(262,23): error TS2339: Property 'performanceMetrics' does not exist on type 'Promise<FlowOptimizationResult>'.
src/tests/managers/resource/ResourceFlowManager.batch.test.ts(267,33): error TS2674: Constructor of class 'ResourceFlowManager' is protected and only accessible within the class declaration.
src/tests/managers/resource/ResourceFlowManager.batch.test.ts(268,33): error TS2674: Constructor of class 'ResourceFlowManager' is protected and only accessible within the class declaration.
src/tests/managers/resource/ResourceFlowManager.cache.test.ts(10,15): error TS2724: '"../../../managers/resource/ResourceFlowManager"' has no exported member named 'FlowNodeType'. Did you mean 'FlowNode'?
src/tests/managers/resource/ResourceFlowManager.cache.test.ts(34,19): error TS2674: Constructor of class 'ResourceFlowManager' is protected and only accessible within the class declaration.
src/tests/managers/resource/ResourceFlowManager.cache.test.ts(38,17): error TS2339: Property 'cleanup' does not exist on type 'ResourceFlowManager'.
src/tests/managers/resource/ResourceFlowManager.cache.test.ts(58,44): error TS7053: Element implicitly has an 'any' type because expression of type '"network"' can't be used to index type 'ResourceFlowManager'.
  Property 'network' does not exist on type 'ResourceFlowManager'.
src/tests/managers/resource/ResourceFlowManager.cache.test.ts(119,44): error TS7053: Element implicitly has an 'any' type because expression of type '"network"' can't be used to index type 'ResourceFlowManager'.
  Property 'network' does not exist on type 'ResourceFlowManager'.
src/tests/managers/resource/ResourceFlowManager.cache.test.ts(152,44): error TS7053: Element implicitly has an 'any' type because expression of type '"network"' can't be used to index type 'ResourceFlowManager'.
  Property 'network' does not exist on type 'ResourceFlowManager'.
src/tests/managers/resource/ResourceFlowManager.cache.test.ts(193,44): error TS7053: Element implicitly has an 'any' type because expression of type '"network"' can't be used to index type 'ResourceFlowManager'.
  Property 'network' does not exist on type 'ResourceFlowManager'.
src/tests/managers/resource/ResourceFlowManager.chain.test.ts(4,3): error TS2724: '"../../../managers/resource/ResourceFlowManager"' has no exported member named 'FlowNodeType'. Did you mean 'FlowNode'?
src/tests/managers/resource/ResourceFlowManager.chain.test.ts(69,19): error TS2674: Constructor of class 'ResourceFlowManager' is protected and only accessible within the class declaration.
src/tests/managers/resource/ResourceFlowManager.chain.test.ts(76,17): error TS2339: Property 'registerRecipe' does not exist on type 'ResourceFlowManager'.
src/tests/managers/resource/ResourceFlowManager.chain.test.ts(77,17): error TS2339: Property 'registerRecipe' does not exist on type 'ResourceFlowManager'.
src/tests/managers/resource/ResourceFlowManager.chain.test.ts(80,17): error TS2339: Property 'registerChain' does not exist on type 'ResourceFlowManager'.
src/tests/managers/resource/ResourceFlowManager.chain.test.ts(88,17): error TS2339: Property 'cleanup' does not exist on type 'ResourceFlowManager'.
src/tests/managers/resource/ResourceFlowManager.chain.test.ts(95,32): error TS2339: Property 'getChains' does not exist on type 'ResourceFlowManager'.
src/tests/managers/resource/ResourceFlowManager.chain.test.ts(100,40): error TS2339: Property 'getChain' does not exist on type 'ResourceFlowManager'.
src/tests/managers/resource/ResourceFlowManager.chain.test.ts(108,37): error TS2339: Property 'startChain' does not exist on type 'ResourceFlowManager'.
src/tests/managers/resource/ResourceFlowManager.chain.test.ts(131,37): error TS2339: Property 'startChain' does not exist on type 'ResourceFlowManager'.
src/tests/managers/resource/ResourceFlowManager.chain.test.ts(138,39): error TS2339: Property 'getChainStatus' does not exist on type 'ResourceFlowManager'.
src/tests/managers/resource/ResourceFlowManager.chain.test.ts(145,37): error TS2339: Property 'getChainStatus' does not exist on type 'ResourceFlowManager'.
src/tests/managers/resource/ResourceFlowManager.chain.test.ts(152,37): error TS2339: Property 'startChain' does not exist on type 'ResourceFlowManager'.
src/tests/managers/resource/ResourceFlowManager.chain.test.ts(156,32): error TS2339: Property 'pauseChain' does not exist on type 'ResourceFlowManager'.
src/tests/managers/resource/ResourceFlowManager.chain.test.ts(160,38): error TS2339: Property 'getChainStatus' does not exist on type 'ResourceFlowManager'.
src/tests/managers/resource/ResourceFlowManager.chain.test.ts(164,33): error TS2339: Property 'resumeChain' does not exist on type 'ResourceFlowManager'.
src/tests/managers/resource/ResourceFlowManager.chain.test.ts(168,39): error TS2339: Property 'getChainStatus' does not exist on type 'ResourceFlowManager'.
src/tests/managers/resource/ResourceFlowManager.chain.test.ts(174,37): error TS2339: Property 'startChain' does not exist on type 'ResourceFlowManager'.
src/tests/managers/resource/ResourceFlowManager.chain.test.ts(178,35): error TS2339: Property 'cancelChain' does not exist on type 'ResourceFlowManager'.
src/tests/managers/resource/ResourceFlowManager.chain.test.ts(182,41): error TS2339: Property 'getChainStatus' does not exist on type 'ResourceFlowManager'.
src/tests/managers/resource/ResourceFlowManager.chain.test.ts(193,17): error TS2339: Property 'startChain' does not exist on type 'ResourceFlowManager'.
src/tests/managers/resource/ResourceFlowManager.chain.test.ts(199,37): error TS2339: Property 'getChainStatus' does not exist on type 'ResourceFlowManager'.
src/tests/managers/resource/ResourceFlowManager.enum.test.ts(4,3): error TS2305: Module '"../../../types/resources/StandardizedResourceTypes"' has no exported member 'FlowConnection'.
src/tests/managers/resource/ResourceFlowManager.enum.test.ts(5,3): error TS2305: Module '"../../../types/resources/StandardizedResourceTypes"' has no exported member 'FlowNode'.
src/tests/managers/resource/ResourceFlowManager.enum.test.ts(6,3): error TS2305: Module '"../../../types/resources/StandardizedResourceTypes"' has no exported member 'FlowNodeType'.
src/tests/managers/resource/ResourceFlowManager.enum.test.ts(7,3): error TS2305: Module '"../../../types/resources/StandardizedResourceTypes"' has no exported member 'ResourceFlow'.
src/tests/managers/resource/ResourceFlowManager.enum.test.ts(8,3): error TS2724: '"../../../types/resources/StandardizedResourceTypes"' has no exported member named 'ResourcePriority'. Did you mean 'ResourceRarity'?
src/tests/managers/resource/ResourceFlowManager.enum.test.ts(41,19): error TS2674: Constructor of class 'ResourceFlowManager' is protected and only accessible within the class declaration.
src/tests/managers/resource/ResourceFlowManager.enum.test.ts(46,17): error TS2339: Property 'cleanup' does not exist on type 'ResourceFlowManager'.
src/tests/managers/resource/ResourceFlowManager.errors.test.ts(10,15): error TS2460: Module '"../../../managers/resource/ResourceFlowManager"' declares 'FlowConnection' locally, but it is exported as 'FlowNode'.
src/tests/managers/resource/ResourceFlowManager.errors.test.ts(29,19): error TS2674: Constructor of class 'ResourceFlowManager' is protected and only accessible within the class declaration.
src/tests/managers/resource/ResourceFlowManager.errors.test.ts(33,17): error TS2339: Property 'cleanup' does not exist on type 'ResourceFlowManager'.
src/tests/managers/resource/ResourceFlowManager.errors.test.ts(166,21): error TS2339: Property 'transfers' does not exist on type 'Promise<FlowOptimizationResult>'.
src/tests/managers/resource/ResourceFlowManager.errors.test.ts(167,21): error TS2339: Property 'updatedConnections' does not exist on type 'Promise<FlowOptimizationResult>'.
src/tests/managers/resource/ResourceFlowManager.errors.test.ts(168,21): error TS2339: Property 'bottlenecks' does not exist on type 'Promise<FlowOptimizationResult>'.
src/tests/managers/resource/ResourceFlowManager.errors.test.ts(169,21): error TS2339: Property 'underutilized' does not exist on type 'Promise<FlowOptimizationResult>'.
src/tests/managers/resource/ResourceFlowManager.errors.test.ts(205,21): error TS2339: Property 'transfers' does not exist on type 'Promise<FlowOptimizationResult>'.
src/tests/managers/resource/ResourceFlowManager.errors.test.ts(206,21): error TS2339: Property 'updatedConnections' does not exist on type 'Promise<FlowOptimizationResult>'.
src/tests/managers/resource/ResourceFlowManager.errors.test.ts(252,21): error TS2339: Property 'transfers' does not exist on type 'Promise<FlowOptimizationResult>'.
src/tests/managers/resource/ResourceFlowManager.errors.test.ts(266,22): error TS2339: Property 'transfers' does not exist on type 'Promise<FlowOptimizationResult>'.
src/tests/managers/resource/ResourceFlowManager.errors.test.ts(404,21): error TS2339: Property 'transfers' does not exist on type 'Promise<FlowOptimizationResult>'.
src/tests/managers/resource/ResourceFlowManager.errors.test.ts(411,30): error TS2339: Property 'transfers' does not exist on type 'Promise<FlowOptimizationResult>'.
src/tests/managers/resource/ResourceFlowManager.errors.test.ts(455,26): error TS2339: Property 'transfers' does not exist on type 'Promise<FlowOptimizationResult>'.
src/tests/managers/resource/ResourceFlowManager.errors.test.ts(468,27): error TS2339: Property 'performanceMetrics' does not exist on type 'Promise<FlowOptimizationResult>'.
src/tests/managers/resource/ResourceFlowManager.test.ts(16,3): error TS2460: Module '"../../../managers/resource/ResourceFlowManager"' declares 'FlowConnection' locally, but it is exported as 'FlowNode'.
src/tests/managers/resource/ResourceFlowManager.test.ts(18,3): error TS2724: '"../../../managers/resource/ResourceFlowManager"' has no exported member named 'FlowNodeType'. Did you mean 'FlowNode'?
src/tests/managers/resource/ResourceFlowManager.test.ts(40,19): error TS2674: Constructor of class 'ResourceFlowManager' is protected and only accessible within the class declaration.
src/tests/managers/resource/ResourceFlowManager.test.ts(45,17): error TS2339: Property 'cleanup' does not exist on type 'ResourceFlowManager'.
src/tests/managers/resource/ResourceFlowManager.test.ts(200,31): error TS2674: Constructor of class 'ResourceFlowManager' is protected and only accessible within the class declaration.
src/tests/managers/resource/ResourceFlowManager.test.ts(246,5): error TS2578: Unused '@ts-expect-error' directive.
src/tests/managers/resource/ResourceFlowManager.test.ts(250,5): error TS2578: Unused '@ts-expect-error' directive.
src/tests/managers/resource/ResourceFlowManager.test.ts(375,31): error TS2674: Constructor of class 'ResourceFlowManager' is protected and only accessible within the class declaration.
src/tests/managers/resource/ResourceFlowManager.test.ts(451,5): error TS2578: Unused '@ts-expect-error' directive.
src/tests/managers/resource/ResourceFlowManager.test.ts(453,5): error TS2578: Unused '@ts-expect-error' directive.
src/tests/managers/resource/ResourceFlowManager.test.ts(457,5): error TS2578: Unused '@ts-expect-error' directive.
src/tests/managers/resource/ResourceFlowManager.test.ts(499,31): error TS2674: Constructor of class 'ResourceFlowManager' is protected and only accessible within the class declaration.
src/tests/managers/resource/ResourceFlowManager.test.ts(556,5): error TS2578: Unused '@ts-expect-error' directive.
src/tests/performance/AdvancedPerformanceScenarios.ts(10,29): error TS2307: Cannot find module '../../types/events/ModuleEvent' or its corresponding type declarations.
src/tests/performance/AdvancedPerformanceScenarios.ts(11,30): error TS2307: Cannot find module '../../types/resources/FlowTypes' or its corresponding type declarations.
src/tests/performance/AdvancedPerformanceScenarios.ts(12,1): error TS6133: 'ResourceType' is declared but its value is never read.
src/tests/performance/AdvancedPerformanceScenarios.ts(19,29): error TS2307: Cannot find module '../../utils/performance/throttling/UIThrottling' or its corresponding type declarations.
src/tests/performance/AdvancedPerformanceScenarios.ts(43,7): error TS2693: 'ResourceType' only refers to a type, but is being used as a value here.
src/tests/performance/AdvancedPerformanceScenarios.ts(44,7): error TS2693: 'ResourceType' only refers to a type, but is being used as a value here.
src/tests/performance/AdvancedPerformanceScenarios.ts(45,7): error TS2693: 'ResourceType' only refers to a type, but is being used as a value here.
src/tests/performance/AdvancedPerformanceScenarios.ts(46,7): error TS2693: 'ResourceType' only refers to a type, but is being used as a value here.
src/tests/performance/AdvancedPerformanceScenarios.ts(47,7): error TS2693: 'ResourceType' only refers to a type, but is being used as a value here.
src/tests/performance/AdvancedPerformanceScenarios.ts(48,7): error TS2693: 'ResourceType' only refers to a type, but is being used as a value here.
src/tests/performance/AdvancedPerformanceScenarios.ts(49,7): error TS2693: 'ResourceType' only refers to a type, but is being used as a value here.
src/tests/performance/AdvancedPerformanceScenarios.ts(50,7): error TS2693: 'ResourceType' only refers to a type, but is being used as a value here.
src/tests/performance/AdvancedPerformanceScenarios.ts(55,19): error TS2674: Constructor of class 'ResourceFlowManager' is protected and only accessible within the class declaration.
src/tests/performance/AdvancedPerformanceScenarios.ts(104,19): error TS2674: Constructor of class 'ResourceFlowManager' is protected and only accessible within the class declaration.
src/tests/performance/AdvancedPerformanceScenarios.ts(105,28): error TS2554: Expected 1-2 arguments, but got 0.
src/tests/performance/AdvancedPerformanceScenarios.ts(141,58): error TS2341: Property 'processEvent' is private and only accessible within class 'EventPrioritizer<T>'.
src/tests/performance/AdvancedPerformanceScenarios.ts(209,23): error TS2674: Constructor of class 'ResourceFlowManager' is protected and only accessible within the class declaration.
src/tests/performance/AdvancedPerformanceScenarios.ts(267,25): error TS2674: Constructor of class 'ResourceFlowManager' is protected and only accessible within the class declaration.
src/tests/performance/AdvancedPerformanceScenarios.ts(301,9): error TS2322: Type 'string' is not assignable to type 'number'.
src/tests/performance/AdvancedPerformanceScenarios.ts(302,9): error TS2322: Type 'number | undefined' is not assignable to type 'number'.
  Type 'undefined' is not assignable to type 'number'.
src/tests/performance/AdvancedPerformanceScenarios.ts(381,25): error TS2674: Constructor of class 'ResourceFlowManager' is protected and only accessible within the class declaration.
src/tests/performance/LongSessionMemoryTestSuite.ts(98,11): error TS6133: 'leakDetectedHandler' is declared but its value is never read.
src/tests/performance/LongSessionMemoryTestSuite.ts(155,11): error TS6133: 'initialSnapshot' is declared but its value is never read.
src/tests/performance/LongSessionMemoryTestSuite.ts(325,7): error TS2322: Type 'MemoryTrendAnalysis | null' is not assignable to type 'MemoryTrendAnalysis | undefined'.
  Type 'null' is not assignable to type 'MemoryTrendAnalysis | undefined'.
src/tests/performance/LongSessionMemoryTestSuite.ts(748,44): error TS7006: Parameter 's' implicitly has an 'any' type.
src/tests/performance/MultitabPerformanceTestSuite.ts(357,28): error TS6133: 'tabId' is declared but its value is never read.
src/tests/performance/MultitabPerformanceTestSuite.ts(422,7): error TS2322: Type 'TestConfiguration' is not assignable to type 'Record<string, unknown>'.
  Index signature for type 'string' is missing in type 'TestConfiguration'.
src/tests/performance/MultitabPerformanceTestSuite.ts(632,36): error TS6133: 'e' is declared but its value is never read.
src/tests/performance/NetworkDegradationTestSuite.ts(230,35): error TS6133: 'resource' is declared but its value is never read.
src/tests/performance/NetworkDegradationTestSuite.ts(244,17): error TS6133: 'startTime' is declared but its value is never read.
src/tests/performance/ResourceFlowManager.benchmark.ts(135,23): error TS2674: Constructor of class 'ResourceFlowManager' is protected and only accessible within the class declaration.
src/tests/performance/ResourceFlowManager.benchmark.ts(156,23): error TS2674: Constructor of class 'ResourceFlowManager' is protected and only accessible within the class declaration.
src/tests/performance/ResourceFlowManager.benchmark.ts(177,23): error TS2674: Constructor of class 'ResourceFlowManager' is protected and only accessible within the class declaration.
src/tests/performance/ResourceFlowManager.benchmark.ts(198,23): error TS2674: Constructor of class 'ResourceFlowManager' is protected and only accessible within the class declaration.
src/tests/performance/ResourceFlowManager.benchmark.ts(219,23): error TS2674: Constructor of class 'ResourceFlowManager' is protected and only accessible within the class declaration.
src/tests/performance/ResourceFlowManager.benchmark.ts(240,23): error TS2674: Constructor of class 'ResourceFlowManager' is protected and only accessible within the class declaration.
src/tests/performance/ResourceFlowManager.benchmark.ts(261,23): error TS2674: Constructor of class 'ResourceFlowManager' is protected and only accessible within the class declaration.
src/tests/types/CommonTypesTest.ts(6,3): error TS6133: 'BaseDataRecord' is declared but its value is never read.
src/tests/types/D3AnimationTypes.test.ts(73,10): error TS2540: Cannot assign to 'timer' because it is a read-only property.
src/tests/types/D3AnimationTypes.test.ts(73,26): error TS6133: 'callback' is declared but its value is never read.
src/tests/types/D3AnimationTypes.test.ts(90,10): error TS2540: Cannot assign to 'timer' because it is a read-only property.
src/tests/types/D3AnimationTypes.test.ts(99,10): error TS2540: Cannot assign to 'timer' because it is a read-only property.
src/tests/types/D3AnimationTypes.test.ts(99,37): error TS6133: 'delay' is declared but its value is never read.
src/tests/types/D3AnimationTypes.test.ts(121,10): error TS2540: Cannot assign to 'timer' because it is a read-only property.
src/tests/types/D3AnimationTypes.test.ts(141,13): error TS6133: 'transition' is declared but its value is never read.
src/tests/types/D3AnimationTypes.test.ts(142,9): error TS2322: Type 'Selection<SVGElement, unknown, null, undefined>' is not assignable to type 'Selection<SVGElement, unknown, Element, undefined>'.
  The types of 'select(...).select(...).merge' are incompatible between these types.
    Type '(other: Selection<null, undefined, null, undefined> | TransitionLike<null, undefined>) => Selection<null, undefined, null, undefined>' is not assignable to type '(other: Selection<null, undefined, Element, undefined> | TransitionLike<null, undefined>) => Selection<null, undefined, Element, undefined>'.
      Types of parameters 'other' and 'other' are incompatible.
        Type 'Selection<null, undefined, Element, undefined> | TransitionLike<null, undefined>' is not assignable to type 'Selection<null, undefined, null, undefined> | TransitionLike<null, undefined>'.
          Type 'Selection<null, undefined, Element, undefined>' is not assignable to type 'Selection<null, undefined, null, undefined> | TransitionLike<null, undefined>'.
            Type 'Selection<null, undefined, Element, undefined>' is not assignable to type 'Selection<null, undefined, null, undefined>'.
              Types of property 'data' are incompatible.
                Type '{ (): undefined[]; <NewDatum>(data: NewDatum[] | Iterable<NewDatum> | ValueFn<Element, undefined, NewDatum[] | Iterable<NewDatum>>, key?: ValueFn<...> | undefined): Selection<...>; }' is not assignable to type '{ (): undefined[]; <NewDatum>(data: NewDatum[] | Iterable<NewDatum> | ValueFn<null, undefined, NewDatum[] | Iterable<NewDatum>>, key?: ValueFn<...> | undefined): Selection<...>; }'.
                  Types of parameters 'data' and 'data' are incompatible.
                    Type 'any[] | Iterable<any> | ValueFn<null, undefined, any[] | Iterable<any>>' is not assignable to type 'any[] | Iterable<any> | ValueFn<Element, undefined, any[] | Iterable<any>>'.
                      Type 'ValueFn<null, undefined, any[] | Iterable<any>>' is not assignable to type 'any[] | Iterable<any> | ValueFn<Element, undefined, any[] | Iterable<any>>'.
                        Type 'ValueFn<null, undefined, any[] | Iterable<any>>' is not assignable to type 'ValueFn<Element, undefined, any[] | Iterable<any>>'.
                          Type 'Element' is not assignable to type 'null'.
src/tests/types/D3AnimationTypes.test.ts(166,9): error TS2322: Type 'Selection<SVGElement, unknown, null, undefined>' is not assignable to type 'Selection<SVGElement, unknown, Element, undefined>'.
  The types of 'select(...).select(...).merge' are incompatible between these types.
    Type '(other: Selection<null, undefined, null, undefined> | TransitionLike<null, undefined>) => Selection<null, undefined, null, undefined>' is not assignable to type '(other: Selection<null, undefined, Element, undefined> | TransitionLike<null, undefined>) => Selection<null, undefined, Element, undefined>'.
      Types of parameters 'other' and 'other' are incompatible.
        Type 'Selection<null, undefined, Element, undefined> | TransitionLike<null, undefined>' is not assignable to type 'Selection<null, undefined, null, undefined> | TransitionLike<null, undefined>'.
          Type 'Selection<null, undefined, Element, undefined>' is not assignable to type 'Selection<null, undefined, null, undefined> | TransitionLike<null, undefined>'.
            Type 'Selection<null, undefined, Element, undefined>' is not assignable to type 'Selection<null, undefined, null, undefined>'.
              Types of property 'merge' are incompatible.
                Type '(other: Selection<null, undefined, Element, undefined> | TransitionLike<null, undefined>) => Selection<null, undefined, Element, undefined>' is not assignable to type '(other: Selection<null, undefined, null, undefined> | TransitionLike<null, undefined>) => Selection<null, undefined, null, undefined>'.
                  Types of parameters 'other' and 'other' are incompatible.
                    Type 'Selection<null, undefined, null, undefined> | TransitionLike<null, undefined>' is not assignable to type 'Selection<null, undefined, Element, undefined> | TransitionLike<null, undefined>'.
                      Type 'Selection<null, undefined, null, undefined>' is not assignable to type 'Selection<null, undefined, Element, undefined> | TransitionLike<null, undefined>'.
src/tests/types/D3AnimationTypes.test.ts(186,24): error TS6133: 'd' is declared but its value is never read.
src/tests/types/D3AnimationTypes.test.ts(188,9): error TS2322: Type 'Selection<SVGElement, unknown, null, undefined>' is not assignable to type 'Selection<SVGElement, unknown, Element, undefined>'.
  The types of 'select(...).select(...).merge' are incompatible between these types.
    Type '(other: Selection<null, undefined, null, undefined> | TransitionLike<null, undefined>) => Selection<null, undefined, null, undefined>' is not assignable to type '(other: Selection<null, undefined, Element, undefined> | TransitionLike<null, undefined>) => Selection<null, undefined, Element, undefined>'.
      Types of parameters 'other' and 'other' are incompatible.
        Type 'Selection<null, undefined, Element, undefined> | TransitionLike<null, undefined>' is not assignable to type 'Selection<null, undefined, null, undefined> | TransitionLike<null, undefined>'.
          Type 'Selection<null, undefined, Element, undefined>' is not assignable to type 'Selection<null, undefined, null, undefined> | TransitionLike<null, undefined>'.
            Type 'Selection<null, undefined, Element, undefined>' is not assignable to type 'Selection<null, undefined, null, undefined>'.
              Types of property 'merge' are incompatible.
                Type '(other: Selection<null, undefined, Element, undefined> | TransitionLike<null, undefined>) => Selection<null, undefined, Element, undefined>' is not assignable to type '(other: Selection<null, undefined, null, undefined> | TransitionLike<null, undefined>) => Selection<null, undefined, null, undefined>'.
                  Types of parameters 'other' and 'other' are incompatible.
                    Type 'Selection<null, undefined, null, undefined> | TransitionLike<null, undefined>' is not assignable to type 'Selection<null, undefined, Element, undefined> | TransitionLike<null, undefined>'.
                      Type 'Selection<null, undefined, null, undefined>' is not assignable to type 'Selection<null, undefined, Element, undefined> | TransitionLike<null, undefined>'.
src/tests/types/D3AnimationTypes.test.ts(219,7): error TS2741: Property '__promisify__' is missing in type 'Mock<number, [callback: any], any>' but required in type 'typeof setTimeout'.
src/tests/types/D3AnimationTypes.test.ts(226,25): error TS2322: Type 'Selection<SVGElement, unknown, null, undefined>' is not assignable to type 'Selection<SVGElement, unknown, Element, undefined>'.
  The types of 'select(...).select(...).merge' are incompatible between these types.
    Type '(other: Selection<null, undefined, null, undefined> | TransitionLike<null, undefined>) => Selection<null, undefined, null, undefined>' is not assignable to type '(other: Selection<null, undefined, Element, undefined> | TransitionLike<null, undefined>) => Selection<null, undefined, Element, undefined>'.
      Types of parameters 'other' and 'other' are incompatible.
        Type 'Selection<null, undefined, Element, undefined> | TransitionLike<null, undefined>' is not assignable to type 'Selection<null, undefined, null, undefined> | TransitionLike<null, undefined>'.
          Type 'Selection<null, undefined, Element, undefined>' is not assignable to type 'Selection<null, undefined, null, undefined> | TransitionLike<null, undefined>'.
            Type 'Selection<null, undefined, Element, undefined>' is not assignable to type 'Selection<null, undefined, null, undefined>'.
              Types of property 'merge' are incompatible.
                Type '(other: Selection<null, undefined, Element, undefined> | TransitionLike<null, undefined>) => Selection<null, undefined, Element, undefined>' is not assignable to type '(other: Selection<null, undefined, null, undefined> | TransitionLike<null, undefined>) => Selection<null, undefined, null, undefined>'.
                  Types of parameters 'other' and 'other' are incompatible.
                    Type 'Selection<null, undefined, null, undefined> | TransitionLike<null, undefined>' is not assignable to type 'Selection<null, undefined, Element, undefined> | TransitionLike<null, undefined>'.
                      Type 'Selection<null, undefined, null, undefined>' is not assignable to type 'Selection<null, undefined, Element, undefined> | TransitionLike<null, undefined>'.
src/tests/types/D3AnimationTypes.test.ts(226,55): error TS2322: Type 'Selection<SVGElement, unknown, null, undefined>' is not assignable to type 'Selection<SVGElement, unknown, Element, undefined>'.
  The types of 'select(...).select(...).merge' are incompatible between these types.
    Type '(other: Selection<null, undefined, null, undefined> | TransitionLike<null, undefined>) => Selection<null, undefined, null, undefined>' is not assignable to type '(other: Selection<null, undefined, Element, undefined> | TransitionLike<null, undefined>) => Selection<null, undefined, Element, undefined>'.
      Types of parameters 'other' and 'other' are incompatible.
        Type 'Selection<null, undefined, Element, undefined> | TransitionLike<null, undefined>' is not assignable to type 'Selection<null, undefined, null, undefined> | TransitionLike<null, undefined>'.
          Type 'Selection<null, undefined, Element, undefined>' is not assignable to type 'Selection<null, undefined, null, undefined> | TransitionLike<null, undefined>'.
            Type 'Selection<null, undefined, Element, undefined>' is not assignable to type 'Selection<null, undefined, null, undefined>'.
              Types of property 'merge' are incompatible.
                Type '(other: Selection<null, undefined, Element, undefined> | TransitionLike<null, undefined>) => Selection<null, undefined, Element, undefined>' is not assignable to type '(other: Selection<null, undefined, null, undefined> | TransitionLike<null, undefined>) => Selection<null, undefined, null, undefined>'.
                  Types of parameters 'other' and 'other' are incompatible.
                    Type 'Selection<null, undefined, null, undefined> | TransitionLike<null, undefined>' is not assignable to type 'Selection<null, undefined, Element, undefined> | TransitionLike<null, undefined>'.
                      Type 'Selection<null, undefined, null, undefined>' is not assignable to type 'Selection<null, undefined, Element, undefined> | TransitionLike<null, undefined>'.
src/tests/types/D3AnimationTypes.test.ts(265,25): error TS2322: Type 'Selection<SVGElement, unknown, null, undefined>' is not assignable to type 'Selection<SVGElement, unknown, Element, undefined>'.
  The types of 'select(...).select(...).merge' are incompatible between these types.
    Type '(other: Selection<null, undefined, null, undefined> | TransitionLike<null, undefined>) => Selection<null, undefined, null, undefined>' is not assignable to type '(other: Selection<null, undefined, Element, undefined> | TransitionLike<null, undefined>) => Selection<null, undefined, Element, undefined>'.
      Types of parameters 'other' and 'other' are incompatible.
        Type 'Selection<null, undefined, Element, undefined> | TransitionLike<null, undefined>' is not assignable to type 'Selection<null, undefined, null, undefined> | TransitionLike<null, undefined>'.
          Type 'Selection<null, undefined, Element, undefined>' is not assignable to type 'Selection<null, undefined, null, undefined> | TransitionLike<null, undefined>'.
            Type 'Selection<null, undefined, Element, undefined>' is not assignable to type 'Selection<null, undefined, null, undefined>'.
              Types of property 'merge' are incompatible.
                Type '(other: Selection<null, undefined, Element, undefined> | TransitionLike<null, undefined>) => Selection<null, undefined, Element, undefined>' is not assignable to type '(other: Selection<null, undefined, null, undefined> | TransitionLike<null, undefined>) => Selection<null, undefined, null, undefined>'.
                  Types of parameters 'other' and 'other' are incompatible.
                    Type 'Selection<null, undefined, null, undefined> | TransitionLike<null, undefined>' is not assignable to type 'Selection<null, undefined, Element, undefined> | TransitionLike<null, undefined>'.
                      Type 'Selection<null, undefined, null, undefined>' is not assignable to type 'Selection<null, undefined, Element, undefined> | TransitionLike<null, undefined>'.
src/tests/types/D3ValidationHooks.test.ts(83,33): error TS6133: 'name' is declared but its value is never read.
src/tests/unit/resources/ResourceTypeConverter.test.ts(23,8): error TS2307: Cannot find module '../../../utils/resources/ResourceTypeConverter' or its corresponding type declarations.
src/tests/utils/events/EventPrioritizer.test.ts(6,11): error TS2430: Interface 'TestEvent' incorrectly extends interface 'BaseEvent'.
  Types of property 'type' are incompatible.
    Type 'string' is not assignable to type 'EventType'.
src/tests/utils/events/EventPrioritizer.test.ts(18,3): error TS2322: Type '"test-type"' is not assignable to type 'ModuleType'.
src/tests/utils/events/EventPrioritizer.test.ts(29,37): error TS2344: Type 'TestEvent' does not satisfy the constraint 'BaseEvent'.
  Types of property 'type' are incompatible.
    Type 'string' is not assignable to type 'EventType'.
src/tests/utils/events/EventPrioritizer.test.ts(37,40): error TS2344: Type 'TestEvent' does not satisfy the constraint 'BaseEvent'.
  Types of property 'type' are incompatible.
    Type 'string' is not assignable to type 'EventType'.
src/tests/utils/events/EventPrioritizer.test.ts(175,51): error TS2344: Type 'TestEvent' does not satisfy the constraint 'BaseEvent'.
  Types of property 'type' are incompatible.
    Type 'string' is not assignable to type 'EventType'.
src/tests/utils/fixtureUtils.ts(2,20): error TS2724: '"../../managers/resource/ResourceFlowManager"' has no exported member named 'FlowNodeType'. Did you mean 'FlowNode'?
src/tests/utils/index.ts(20,1): error TS2308: Module './asyncTestUtils' has already exported a member named 'waitForCondition'. Consider explicitly re-exporting to resolve the ambiguity.
src/tests/utils/index.ts(20,1): error TS2308: Module './performanceUtils' has already exported a member named 'createPerformanceReporter'. Consider explicitly re-exporting to resolve the ambiguity.
src/tests/utils/index.ts(20,1): error TS2308: Module './performanceUtils' has already exported a member named 'measureExecutionTime'. Consider explicitly re-exporting to resolve the ambiguity.
src/tests/utils/index.ts(20,1): error TS2308: Module './performanceUtils' has already exported a member named 'measureMemoryUsage'. Consider explicitly re-exporting to resolve the ambiguity.
src/tests/utils/index.ts(20,1): error TS2308: Module './renderUtils' has already exported a member named 'AllProviders'. Consider explicitly re-exporting to resolve the ambiguity.
src/tests/utils/index.ts(20,1): error TS2308: Module './renderUtils' has already exported a member named 'renderWithProviders'. Consider explicitly re-exporting to resolve the ambiguity.
src/tests/utils/index.ts(30,3): error TS6133: 'runBenchmark' is declared but its value is never read.
src/tests/utils/index.ts(31,3): error TS6133: 'measureAsyncExecutionTime' is declared but its value is never read.
src/tests/utils/index.ts(32,3): error TS6133: 'measureAsyncMemoryUsage' is declared but its value is never read.
src/tests/utils/index.ts(33,3): error TS6133: 'runAsyncBenchmark' is declared but its value is never read.
src/tests/utils/performance/benchmarks/PerformanceBenchmarkTools.test.ts(28,5): error TS2741: Property 'rss' is missing in type 'Mock<any, any>' but required in type 'MemoryUsageFn'.
src/tests/utils/performance/benchmarks/PerformanceBenchmarkTools.test.ts(129,34): error TS6133: 'resolve' is declared but its value is never read.
src/tests/utils/performance/benchmarks/PerformanceBenchmarkTools.test.ts(362,18): error TS2339: Property 'lastRun' does not exist on type '{ id: string; name: string; schedule: "onDemand"; benchmarks: { name: string; run: () => { name: string; executionTimeMs: number; timestamp: Date; }; }[]; }'.
src/types/common/VectorTypes.ts(85,17): error TS2339: Property 'x' does not exist on type 'never'.
src/types/common/VectorTypes.ts(86,17): error TS2339: Property 'y' does not exist on type 'never'.
src/types/common/VectorTypes.ts(87,17): error TS2339: Property 'z' does not exist on type 'never'.
src/types/common/VectorTypes.ts(92,17): error TS2339: Property 'x' does not exist on type 'never'.
src/types/common/VectorTypes.ts(93,17): error TS2339: Property 'y' does not exist on type 'never'.
src/types/common/VectorTypes.ts(94,17): error TS2339: Property 'z' does not exist on type 'never'.
src/types/common/VectorTypes.ts(95,17): error TS2339: Property 'w' does not exist on type 'never'.
src/types/common/VectorTypes.ts(114,38): error TS2339: Property 'x' does not exist on type 'never'.
src/types/common/VectorTypes.ts(114,62): error TS2339: Property 'y' does not exist on type 'never'.
src/types/common/VectorTypes.ts(114,86): error TS2339: Property 'z' does not exist on type 'never'.
src/types/common/VectorTypes.ts(118,23): error TS2339: Property 'x' does not exist on type 'never'.
src/types/common/VectorTypes.ts(118,47): error TS2339: Property 'y' does not exist on type 'never'.
src/types/common/VectorTypes.ts(118,71): error TS2339: Property 'z' does not exist on type 'never'.
src/types/common/VectorTypes.ts(118,95): error TS2339: Property 'w' does not exist on type 'never'.
src/types/config/TypeSafeConfig.ts(381,32): error TS6133: 'feature' is declared but its value is never read.
src/types/events/SharedEventTypes.ts(127,3): error TS6133: 'T' is declared but its value is never read.
src/types/exploration/unified/ExplorationTypes.ts(700,3): error TS2484: Export declaration conflicts with exported declaration of 'ExplorationEntity'.
src/types/exploration/unified/ExplorationTypes.ts(701,3): error TS2484: Export declaration conflicts with exported declaration of 'Coordinates'.
src/types/exploration/unified/ExplorationTypes.ts(702,3): error TS2484: Export declaration conflicts with exported declaration of 'Sector'.
src/types/exploration/unified/ExplorationTypes.ts(703,3): error TS2484: Export declaration conflicts with exported declaration of 'StarSystem'.
src/types/exploration/unified/ExplorationTypes.ts(704,3): error TS2484: Export declaration conflicts with exported declaration of 'Planet'.
src/types/exploration/unified/ExplorationTypes.ts(705,3): error TS2484: Export declaration conflicts with exported declaration of 'Moon'.
src/types/exploration/unified/ExplorationTypes.ts(706,3): error TS2484: Export declaration conflicts with exported declaration of 'AsteroidBelt'.
src/types/exploration/unified/ExplorationTypes.ts(707,3): error TS2484: Export declaration conflicts with exported declaration of 'JumpPoint'.
src/types/exploration/unified/ExplorationTypes.ts(708,3): error TS2484: Export declaration conflicts with exported declaration of 'SpecialFeature'.
src/types/exploration/unified/ExplorationTypes.ts(709,3): error TS2484: Export declaration conflicts with exported declaration of 'ResourceDeposit'.
src/types/exploration/unified/ExplorationTypes.ts(710,3): error TS2484: Export declaration conflicts with exported declaration of 'Anomaly'.
src/types/exploration/unified/ExplorationTypes.ts(711,3): error TS2484: Export declaration conflicts with exported declaration of 'AnomalyComposition'.
src/types/exploration/unified/ExplorationTypes.ts(712,3): error TS2484: Export declaration conflicts with exported declaration of 'Effect'.
src/types/exploration/unified/ExplorationTypes.ts(713,3): error TS2484: Export declaration conflicts with exported declaration of 'InvestigationStatus'.
src/types/exploration/unified/ExplorationTypes.ts(714,3): error TS2484: Export declaration conflicts with exported declaration of 'Finding'.
src/types/exploration/unified/ExplorationTypes.ts(715,3): error TS2484: Export declaration conflicts with exported declaration of 'PotentialUse'.
src/types/exploration/unified/ExplorationTypes.ts(716,3): error TS2484: Export declaration conflicts with exported declaration of 'VisualData'.
src/types/exploration/unified/ExplorationTypes.ts(717,3): error TS2484: Export declaration conflicts with exported declaration of 'EnvironmentalCondition'.
src/types/exploration/unified/ExplorationTypes.ts(718,3): error TS2484: Export declaration conflicts with exported declaration of 'FactionControl'.
src/types/exploration/unified/ExplorationTypes.ts(719,3): error TS2484: Export declaration conflicts with exported declaration of 'TradeRoute'.
src/types/exploration/unified/ExplorationTypes.ts(720,3): error TS2484: Export declaration conflicts with exported declaration of 'AnalysisResult'.
src/types/exploration/unified/ExplorationTypes.ts(721,3): error TS2484: Export declaration conflicts with exported declaration of 'Insight'.
src/types/exploration/unified/ExplorationTypes.ts(722,3): error TS2484: Export declaration conflicts with exported declaration of 'ExplorationActivity'.
src/types/exploration/unified/ExplorationTypes.ts(723,3): error TS2484: Export declaration conflicts with exported declaration of 'ExplorationResult'.
src/types/exploration/unified/ExplorationTypes.ts(724,3): error TS2484: Export declaration conflicts with exported declaration of 'Reward'.
src/types/exploration/unified/ExplorationTypes.ts(725,3): error TS2484: Export declaration conflicts with exported declaration of 'MapViewport'.
src/types/exploration/unified/ExplorationTypes.ts(726,3): error TS2484: Export declaration conflicts with exported declaration of 'MapVisualSettings'.
src/types/exploration/unified/ExplorationTypes.ts(727,3): error TS2484: Export declaration conflicts with exported declaration of 'MapSelection'.
src/types/exploration/unified/ExplorationTypes.ts(728,3): error TS2484: Export declaration conflicts with exported declaration of 'ExplorationState'.
src/types/exploration/unified/ExplorationTypes.ts(729,3): error TS2484: Export declaration conflicts with exported declaration of 'ExplorationContextType'.
src/types/exploration/unified/ExplorationTypes.ts(730,3): error TS2484: Export declaration conflicts with exported declaration of 'ExplorationEvent'.
src/types/exploration/unified/ExplorationTypes.ts(735,3): error TS2484: Export declaration conflicts with exported declaration of 'ExplorationStatus'.
src/types/exploration/unified/ExplorationTypes.ts(736,3): error TS2484: Export declaration conflicts with exported declaration of 'StarType'.
src/types/exploration/unified/ExplorationTypes.ts(737,3): error TS2484: Export declaration conflicts with exported declaration of 'PlanetType'.
src/types/exploration/unified/ExplorationTypes.ts(738,3): error TS2484: Export declaration conflicts with exported declaration of 'JumpPointStatus'.
src/types/exploration/unified/ExplorationTypes.ts(739,3): error TS2484: Export declaration conflicts with exported declaration of 'SpecialFeatureType'.
src/types/exploration/unified/ExplorationTypes.ts(740,3): error TS2484: Export declaration conflicts with exported declaration of 'AnomalyType'.
src/types/exploration/unified/ExplorationTypes.ts(741,3): error TS2484: Export declaration conflicts with exported declaration of 'EffectType'.
src/types/exploration/unified/ExplorationTypes.ts(742,3): error TS2484: Export declaration conflicts with exported declaration of 'InvestigationStage'.
src/types/exploration/unified/ExplorationTypes.ts(743,3): error TS2484: Export declaration conflicts with exported declaration of 'FindingCategory'.
src/types/exploration/unified/ExplorationTypes.ts(744,3): error TS2484: Export declaration conflicts with exported declaration of 'DangerLevel'.
src/types/exploration/unified/ExplorationTypes.ts(745,3): error TS2484: Export declaration conflicts with exported declaration of 'EnvironmentalConditionType'.
src/types/exploration/unified/ExplorationTypes.ts(746,3): error TS2484: Export declaration conflicts with exported declaration of 'Disposition'.
src/types/exploration/unified/ExplorationTypes.ts(747,3): error TS2484: Export declaration conflicts with exported declaration of 'AnalysisType'.
src/types/exploration/unified/ExplorationTypes.ts(748,3): error TS2484: Export declaration conflicts with exported declaration of 'ExplorationActivityType'.
src/types/exploration/unified/ExplorationTypes.ts(749,3): error TS2484: Export declaration conflicts with exported declaration of 'RewardType'.
src/types/exploration/unified/ExplorationTypes.ts(750,3): error TS2484: Export declaration conflicts with exported declaration of 'DetailLevel'.
src/types/exploration/unified/ExplorationTypes.ts(751,3): error TS2484: Export declaration conflicts with exported declaration of 'MapTheme'.
src/types/exploration/unified/ExplorationTypes.ts(752,3): error TS2484: Export declaration conflicts with exported declaration of 'ExplorationEventType'.
src/types/exploration/unified/ExplorationTypeUtils.ts(20,3): error TS6133: 'StarSystem' is declared but its value is never read.
src/types/exploration/unified/ExplorationTypeUtils.ts(21,3): error TS6133: 'Planet' is declared but its value is never read.
src/types/exploration/unified/ExplorationTypeUtils.ts(34,17): error TS2323: Cannot redeclare exported variable 'dataPointToCoordinates'.
src/types/exploration/unified/ExplorationTypeUtils.ts(48,17): error TS2323: Cannot redeclare exported variable 'dataPointToAnomaly'.
src/types/exploration/unified/ExplorationTypeUtils.ts(77,17): error TS2323: Cannot redeclare exported variable 'dataPointToResourceDeposit'.
src/types/exploration/unified/ExplorationTypeUtils.ts(93,17): error TS2323: Cannot redeclare exported variable 'dataPointToSector'.
src/types/exploration/unified/ExplorationTypeUtils.ts(94,3): error TS2741: Property 'accessibility' is missing in type '{ id: string; name: string; type: "sector"; discoveredAt: number; coordinates: Coordinates; explorationStatus: ExplorationStatus.DETECTED; systems: never[]; resources: never[]; anomalies: never[]; tradeRoutes: never[]; dangerLevel: DangerLevel; environmentalConditions: never[]; }' but required in type 'Sector'.
src/types/exploration/unified/ExplorationTypeUtils.ts(113,17): error TS2323: Cannot redeclare exported variable 'anomalyToDataPoint'.
src/types/exploration/unified/ExplorationTypeUtils.ts(128,7): error TS2322: Type 'number | undefined' is not assignable to type 'string | number | boolean | string[]'.
  Type 'undefined' is not assignable to type 'string | number | boolean | string[]'.
src/types/exploration/unified/ExplorationTypeUtils.ts(129,7): error TS2322: Type 'string | undefined' is not assignable to type 'string | number | boolean | string[]'.
  Type 'undefined' is not assignable to type 'string | number | boolean | string[]'.
src/types/exploration/unified/ExplorationTypeUtils.ts(130,7): error TS2322: Type 'string | undefined' is not assignable to type 'string | number | boolean | string[]'.
  Type 'undefined' is not assignable to type 'string | number | boolean | string[]'.
src/types/exploration/unified/ExplorationTypeUtils.ts(131,7): error TS2322: Type 'VisualData | undefined' is not assignable to type 'string | number | boolean | string[]'.
  Type 'undefined' is not assignable to type 'string | number | boolean | string[]'.
src/types/exploration/unified/ExplorationTypeUtils.ts(139,17): error TS2323: Cannot redeclare exported variable 'resourceDepositToDataPoint'.
src/types/exploration/unified/ExplorationTypeUtils.ts(154,7): error TS2322: Type 'number | undefined' is not assignable to type 'string | number | boolean | string[]'.
  Type 'undefined' is not assignable to type 'string | number | boolean | string[]'.
src/types/exploration/unified/ExplorationTypeUtils.ts(155,7): error TS2322: Type 'string | undefined' is not assignable to type 'string | number | boolean | string[]'.
  Type 'undefined' is not assignable to type 'string | number | boolean | string[]'.
src/types/exploration/unified/ExplorationTypeUtils.ts(156,7): error TS2322: Type 'string | undefined' is not assignable to type 'string | number | boolean | string[]'.
  Type 'undefined' is not assignable to type 'string | number | boolean | string[]'.
src/types/exploration/unified/ExplorationTypeUtils.ts(164,17): error TS2323: Cannot redeclare exported variable 'sectorToDataPoint'.
src/types/exploration/unified/ExplorationTypeUtils.ts(179,7): error TS2322: Type 'number | undefined' is not assignable to type 'string | number | boolean | string[]'.
  Type 'undefined' is not assignable to type 'string | number | boolean | string[]'.
src/types/exploration/unified/ExplorationTypeUtils.ts(180,7): error TS2322: Type 'string | undefined' is not assignable to type 'string | number | boolean | string[]'.
  Type 'undefined' is not assignable to type 'string | number | boolean | string[]'.
src/types/exploration/unified/ExplorationTypeUtils.ts(181,7): error TS2322: Type 'string | undefined' is not assignable to type 'string | number | boolean | string[]'.
  Type 'undefined' is not assignable to type 'string | number | boolean | string[]'.
src/types/exploration/unified/ExplorationTypeUtils.ts(223,37): error TS2693: 'ResourceType' only refers to a type, but is being used as a value here.
src/types/exploration/unified/ExplorationTypeUtils.ts(228,10): error TS2693: 'ResourceType' only refers to a type, but is being used as a value here.
src/types/exploration/unified/ExplorationTypeUtils.ts(265,17): error TS2323: Cannot redeclare exported variable 'createDefaultEffect'.
src/types/exploration/unified/ExplorationTypeUtils.ts(329,17): error TS2323: Cannot redeclare exported variable 'createDefaultAnalysisResult'.
src/types/exploration/unified/ExplorationTypeUtils.ts(348,17): error TS2323: Cannot redeclare exported variable 'filterByExplorationStatus'.
src/types/exploration/unified/ExplorationTypeUtils.ts(358,17): error TS2323: Cannot redeclare exported variable 'sortByDiscoveryDate'.
src/types/exploration/unified/ExplorationTypeUtils.ts(370,17): error TS2323: Cannot redeclare exported variable 'calculateDistance'.
src/types/exploration/unified/ExplorationTypeUtils.ts(381,17): error TS2323: Cannot redeclare exported variable 'findNearestEntities'.
src/types/exploration/unified/ExplorationTypeUtils.ts(399,17): error TS2323: Cannot redeclare exported variable 'createEmptyExplorationState'.
src/types/exploration/unified/ExplorationTypeUtils.ts(416,3): error TS2323: Cannot redeclare exported variable 'dataPointToCoordinates'.
src/types/exploration/unified/ExplorationTypeUtils.ts(416,3): error TS2484: Export declaration conflicts with exported declaration of 'dataPointToCoordinates'.
src/types/exploration/unified/ExplorationTypeUtils.ts(417,3): error TS2323: Cannot redeclare exported variable 'dataPointToAnomaly'.
src/types/exploration/unified/ExplorationTypeUtils.ts(417,3): error TS2484: Export declaration conflicts with exported declaration of 'dataPointToAnomaly'.
src/types/exploration/unified/ExplorationTypeUtils.ts(418,3): error TS2323: Cannot redeclare exported variable 'dataPointToResourceDeposit'.
src/types/exploration/unified/ExplorationTypeUtils.ts(418,3): error TS2484: Export declaration conflicts with exported declaration of 'dataPointToResourceDeposit'.
src/types/exploration/unified/ExplorationTypeUtils.ts(419,3): error TS2323: Cannot redeclare exported variable 'dataPointToSector'.
src/types/exploration/unified/ExplorationTypeUtils.ts(419,3): error TS2484: Export declaration conflicts with exported declaration of 'dataPointToSector'.
src/types/exploration/unified/ExplorationTypeUtils.ts(420,3): error TS2323: Cannot redeclare exported variable 'anomalyToDataPoint'.
src/types/exploration/unified/ExplorationTypeUtils.ts(420,3): error TS2484: Export declaration conflicts with exported declaration of 'anomalyToDataPoint'.
src/types/exploration/unified/ExplorationTypeUtils.ts(421,3): error TS2323: Cannot redeclare exported variable 'resourceDepositToDataPoint'.
src/types/exploration/unified/ExplorationTypeUtils.ts(421,3): error TS2484: Export declaration conflicts with exported declaration of 'resourceDepositToDataPoint'.
src/types/exploration/unified/ExplorationTypeUtils.ts(422,3): error TS2323: Cannot redeclare exported variable 'sectorToDataPoint'.
src/types/exploration/unified/ExplorationTypeUtils.ts(422,3): error TS2484: Export declaration conflicts with exported declaration of 'sectorToDataPoint'.
src/types/exploration/unified/ExplorationTypeUtils.ts(426,3): error TS2323: Cannot redeclare exported variable 'createDefaultEffect'.
src/types/exploration/unified/ExplorationTypeUtils.ts(426,3): error TS2484: Export declaration conflicts with exported declaration of 'createDefaultEffect'.
src/types/exploration/unified/ExplorationTypeUtils.ts(427,3): error TS2323: Cannot redeclare exported variable 'createDefaultAnalysisResult'.
src/types/exploration/unified/ExplorationTypeUtils.ts(427,3): error TS2484: Export declaration conflicts with exported declaration of 'createDefaultAnalysisResult'.
src/types/exploration/unified/ExplorationTypeUtils.ts(428,3): error TS2323: Cannot redeclare exported variable 'filterByExplorationStatus'.
src/types/exploration/unified/ExplorationTypeUtils.ts(428,3): error TS2484: Export declaration conflicts with exported declaration of 'filterByExplorationStatus'.
src/types/exploration/unified/ExplorationTypeUtils.ts(429,3): error TS2323: Cannot redeclare exported variable 'sortByDiscoveryDate'.
src/types/exploration/unified/ExplorationTypeUtils.ts(429,3): error TS2484: Export declaration conflicts with exported declaration of 'sortByDiscoveryDate'.
src/types/exploration/unified/ExplorationTypeUtils.ts(430,3): error TS2323: Cannot redeclare exported variable 'calculateDistance'.
src/types/exploration/unified/ExplorationTypeUtils.ts(430,3): error TS2484: Export declaration conflicts with exported declaration of 'calculateDistance'.
src/types/exploration/unified/ExplorationTypeUtils.ts(431,3): error TS2323: Cannot redeclare exported variable 'findNearestEntities'.
src/types/exploration/unified/ExplorationTypeUtils.ts(431,3): error TS2484: Export declaration conflicts with exported declaration of 'findNearestEntities'.
src/types/exploration/unified/ExplorationTypeUtils.ts(432,3): error TS2323: Cannot redeclare exported variable 'createEmptyExplorationState'.
src/types/exploration/unified/ExplorationTypeUtils.ts(432,3): error TS2484: Export declaration conflicts with exported declaration of 'createEmptyExplorationState'.
src/types/state/TypeSafeStateManagement.ts(122,5): error TS7053: Element implicitly has an 'any' type because expression of type '"DEFAULT"' can't be used to index type 'Partial<Record<A["type"], (state: S, action: any) => S>>'.
  Property 'DEFAULT' does not exist on type 'Partial<Record<A["type"], (state: S, action: any) => S>>'.
src/types/state/TypeSafeStateManagement.ts(122,33): error TS7006: Parameter 'state' implicitly has an 'any' type.
src/types/state/TypeSafeStateManagement.ts(133,23): error TS7053: Element implicitly has an 'any' type because expression of type 'string' can't be used to index type 'Partial<Record<A["type"], (state: S, action: any) => S>>'.
  No index signature with a parameter of type 'string' was found on type 'Partial<Record<A["type"], (state: S, action: any) => S>>'.
src/types/state/TypeSafeStateManagement.ts(133,53): error TS7053: Element implicitly has an 'any' type because expression of type '"DEFAULT"' can't be used to index type 'Partial<Record<A["type"], (state: S, action: any) => S>>'.
  Property 'DEFAULT' does not exist on type 'Partial<Record<A["type"], (state: S, action: any) => S>>'.
src/types/state/TypeSafeStateManagement.ts(146,3): error TS6133: 'initialState' is declared but its value is never read.
src/types/state/TypeSafeStateManagement.ts(202,21): error TS7053: Element implicitly has an 'any' type because expression of type 'string' can't be used to index type 'Record<A["type"], (state: S, action: A) => S>'.
  No index signature with a parameter of type 'string' was found on type 'Record<A["type"], (state: S, action: A) => S>'.
src/types/state/TypeSafeStateManagement.ts(214,52): error TS2345: Argument of type 'Action<string>' is not assignable to parameter of type 'A'.
  'Action<string>' is assignable to the constraint of type 'A', but 'A' could be instantiated with a different subtype of constraint 'Action<string>'.
src/types/state/TypeSafeStateManagement.ts(330,20): error TS2339: Property 'payload' does not exist on type 'Action<string>'.
src/types/state/TypeSafeStateManagement.ts(336,21): error TS2339: Property 'payload' does not exist on type 'Action<string>'.
src/types/visualizations/D3DragTypes.ts(96,10): error TS2769: No overload matches this call.
  Overload 1 of 3, '(accessor: ValueFn<ContainerElement, Datum, DragContainerElement>): DragBehavior<ContainerElement, Datum, ParentDatum>', gave the following error.
    Type 'ContainerElement' is not assignable to type 'DragContainerElement'.
      Type 'Element' is not assignable to type 'DragContainerElement'.
        Type 'Element' is missing the following properties from type 'SVGGElement': transform, getBBox, getCTM, getScreenCTM, and 106 more.
          Type 'ContainerElement' is not assignable to type 'SVGGElement'.
            Type 'Element' is missing the following properties from type 'SVGGElement': transform, getBBox, getCTM, getScreenCTM, and 106 more.
  Overload 2 of 3, '(container: DragContainerElement): DragBehavior<ContainerElement, Datum, ParentDatum>', gave the following error.
    Argument of type '() => ContainerElement' is not assignable to parameter of type 'DragContainerElement'.
src/types/visualizations/D3DragTypes.ts(129,19): error TS2339: Property 'fx' does not exist on type 'object'.
src/types/visualizations/D3DragTypes.ts(129,38): error TS2339: Property 'x' does not exist on type 'object'.
src/types/visualizations/D3DragTypes.ts(130,19): error TS2339: Property 'fy' does not exist on type 'object'.
src/types/visualizations/D3DragTypes.ts(130,38): error TS2339: Property 'y' does not exist on type 'object'.
src/types/visualizations/D3DragTypes.ts(140,19): error TS2339: Property 'fx' does not exist on type 'object'.
src/types/visualizations/D3DragTypes.ts(141,19): error TS2339: Property 'fy' does not exist on type 'object'.
src/types/visualizations/D3DragTypes.ts(152,19): error TS2339: Property 'fx' does not exist on type 'object'.
src/types/visualizations/D3DragTypes.ts(153,19): error TS2339: Property 'fy' does not exist on type 'object'.
src/types/visualizations/D3SelectionTypes.ts(44,3): error TS6133: 'elementType' is declared but its value is never read.
src/types/visualizations/D3SelectionTypes.ts(58,3): error TS6133: 'elementType' is declared but its value is never read.
src/types/visualizations/D3SelectionTypes.ts(96,3): error TS6133: 'elementType' is declared but its value is never read.
src/types/visualizations/D3SelectionTypes.ts(144,60): error TS2554: Expected 1-3 arguments, but got 4.
src/types/visualizations/D3SelectionTypes.ts(235,34): error TS2769: No overload matches this call.
  Overload 1 of 3, '(typenames: string, listener: null): Selection<GElement, Datum, PElement, PDatum>', gave the following error.
    Argument of type '(event: Event, d: Datum, i: number, g: GElement[]) => void' is not assignable to parameter of type 'null'.
  Overload 2 of 3, '(typenames: string, listener: (this: GElement, event: any, d: Datum) => void, options?: any): Selection<GElement, Datum, PElement, PDatum>', gave the following error.
    Argument of type '(event: Event, d: Datum, i: number, g: GElement[]) => void' is not assignable to parameter of type '(this: GElement, event: any, d: Datum) => void'.
      Target signature provides too few arguments. Expected 4 or more, but got 2.
src/types/visualizations/D3SelectionTypes.ts(347,31): error TS2769: No overload matches this call.
  Overload 1 of 3, '(typenames: string, listener: null): Selection<GElement, Datum, PElement, PDatum>', gave the following error.
    Argument of type '(event: Event, d: Datum, i: number, g: GElement[]) => void' is not assignable to parameter of type 'null'.
  Overload 2 of 3, '(typenames: string, listener: (this: GElement, event: any, d: Datum) => void, options?: any): Selection<GElement, Datum, PElement, PDatum>', gave the following error.
    Argument of type '(event: Event, d: Datum, i: number, g: GElement[]) => void' is not assignable to parameter of type '(this: GElement, event: any, d: Datum) => void'.
      Target signature provides too few arguments. Expected 4 or more, but got 2.
src/types/visualizations/D3SelectionTypes.ts(452,23): error TS2694: Namespace '"/Users/deadcoast/CursorProjects/Galactic_Sprawl/node_modules/@types/d3/index"' has no exported member 'EasingFn'.
src/types/visualizations/D3SelectionTypes.ts(483,32): error TS2769: No overload matches this call.
  Overload 1 of 3, '(typenames: string, listener: null): Transition<GElement, Datum, PElement, PDatum>', gave the following error.
    Argument of type '(event: Event, d: Datum) => void' is not assignable to parameter of type 'null'.
  Overload 2 of 3, '(typenames: string, listener: ValueFn<GElement, Datum, void>): Transition<GElement, Datum, PElement, PDatum>', gave the following error.
    Argument of type '(event: Event, d: Datum) => void' is not assignable to parameter of type 'ValueFn<GElement, Datum, void>'.
      Types of parameters 'event' and 'datum' are incompatible.
        Type 'Datum' is not assignable to type 'Event'.
src/types/visualizations/D3ZoomTypes.ts(18,3): error TS6133: 'PElement' is declared but its value is never read.
src/types/visualizations/D3ZoomTypes.ts(19,3): error TS6133: 'PDatum' is declared but its value is never read.
src/types/visualizations/D3ZoomTypes.ts(20,26): error TS2344: Type 'Element' does not satisfy the constraint 'Element'.
  Type 'BaseType' is not assignable to type 'Element'.
    Type 'null' is not assignable to type 'Element'.
src/types/visualizations/D3ZoomTypes.ts(95,20): error TS2344: Type 'Element' does not satisfy the constraint 'Element'.
  Type 'BaseType' is not assignable to type 'Element'.
    Type 'null' is not assignable to type 'Element'.
src/types/visualizations/D3ZoomTypes.ts(97,24): error TS2344: Type 'Element' does not satisfy the constraint 'Element'.
  Type 'BaseType' is not assignable to type 'Element'.
    Type 'null' is not assignable to type 'Element'.
src/types/visualizations/D3ZoomTypes.ts(128,57): error TS2554: Expected 3 arguments, but got 2.
src/types/visualizations/D3ZoomTypes.ts(135,22): error TS2345: Argument of type '((a: ZoomView, b: ZoomView) => ZoomInterpolator) | null' is not assignable to parameter of type '(a: ZoomView, b: ZoomView) => (t: number) => ZoomView'.
  Type 'null' is not assignable to type '(a: ZoomView, b: ZoomView) => (t: number) => ZoomView'.
src/types/visualizations/D3ZoomTypes.ts(155,33): error TS2344: Type 'GElement' does not satisfy the constraint 'Element'.
  Type 'BaseType' is not assignable to type 'Element'.
    Type 'null' is not assignable to type 'Element'.
src/types/visualizations/D3ZoomTypes.ts(246,22): error TS2554: Expected 3 arguments, but got 2.
src/types/visualizations/D3ZoomTypes.ts(246,27): error TS2683: 'this' implicitly has type 'any' because it does not have a type annotation.
src/ui/components/Badge/variants/StatusBadge.tsx(1,8): error TS6133: 'React' is declared but its value is never read.
src/ui/components/Button/Button.tsx(1,8): error TS6133: 'React' is declared but its value is never read.
src/ui/components/Button/variants/AbilityButton.tsx(1,8): error TS6133: 'React' is declared but its value is never read.
src/ui/components/Card/Card.tsx(1,8): error TS6133: 'React' is declared but its value is never read.
src/ui/components/Card/Card.tsx(12,18): error TS2430: Interface 'CardProps' incorrectly extends interface 'HTMLAttributes<HTMLDivElement>'.
  Types of property 'title' are incompatible.
    Type 'ReactNode' is not assignable to type 'string | undefined'.
      Type 'null' is not assignable to type 'string | undefined'.
src/ui/components/Card/variants/ModuleCard.tsx(1,8): error TS6133: 'React' is declared but its value is never read.
src/ui/components/Card/variants/ModuleCard.tsx(55,18): error TS2430: Interface 'ModuleCardProps' incorrectly extends interface 'Omit<CardProps, "title" | "subtitle">'.
  Types of property 'onSelect' are incompatible.
    Type '((module: Module) => void) | undefined' is not assignable to type 'ReactEventHandler<HTMLDivElement> | undefined'.
      Type '(module: Module) => void' is not assignable to type 'ReactEventHandler<HTMLDivElement>'.
        Types of parameters 'module' and 'event' are incompatible.
          Type 'SyntheticEvent<HTMLDivElement, Event>' is missing the following properties from type 'Module': id, name, description, status, and 5 more.
src/utils/dataTransforms/chartTransforms.ts(19,3): error TS6133: 'AnalysisType' is declared but its value is never read.
src/utils/dataTransforms/chartTransforms.ts(376,12): error TS2339: Property 'config' does not exist on type 'AnalysisResult'.
src/utils/dataTransforms/chartTransforms.ts(403,78): error TS2345: Argument of type 'undefined' is not assignable to parameter of type 'Record<string, unknown>'.
src/utils/dataTransforms/chartTransforms.ts(494,47): error TS2345: Argument of type 'AnalysisResult' is not assignable to parameter of type 'Record<string, unknown>'.
  Index signature for type 'string' is missing in type 'AnalysisResult'.
src/utils/dataTransforms/chartTransforms.ts(495,39): error TS2345: Argument of type 'AnalysisResult' is not assignable to parameter of type 'Record<string, unknown>'.
  Index signature for type 'string' is missing in type 'AnalysisResult'.
src/utils/dataTransforms/chartTransforms.ts(590,35): error TS2345: Argument of type 'ResourceGridCell' is not assignable to parameter of type 'Record<string, unknown>'.
  Index signature for type 'string' is missing in type 'ResourceGridCell'.
src/utils/dataTransforms/chartTransforms.ts(592,44): error TS2345: Argument of type 'ResourceGridCell' is not assignable to parameter of type 'Record<string, unknown>'.
  Index signature for type 'string' is missing in type 'ResourceGridCell'.
src/utils/dataTransforms/chartTransforms.ts(709,24): error TS2339: Property 'toLowerCase' does not exist on type 'never'.
src/utils/dataTransforms/chartTransforms.ts(713,25): error TS2339: Property 'toLowerCase' does not exist on type 'never'.
src/utils/dataTransforms/filterTransforms.ts(382,20): error TS2339: Property 'toLowerCase' does not exist on type 'never'.
src/utils/dataTransforms/filterTransforms.ts(386,21): error TS2339: Property 'toLowerCase' does not exist on type 'never'.
src/utils/dataTransforms/filterTransforms.ts(390,9): error TS2365: Operator '>=' cannot be applied to types 'never' and 'string | number'.
src/utils/dataTransforms/filterTransforms.ts(390,35): error TS2365: Operator '<=' cannot be applied to types 'never' and 'string | number'.
src/utils/dataTransforms/filterTransforms.ts(595,35): error TS2339: Property 'length' does not exist on type 'never'.
src/utils/dataTransforms/scientificTransforms.ts(425,74): error TS2345: Argument of type 'undefined' is not assignable to parameter of type 'Record<string, unknown>'.
src/utils/events/EventPrioritizer.ts(172,11): error TS6133: 'processing' is declared but its value is never read.
src/utils/performance/benchmarks/PerformanceBenchmarkTools.ts(19,30): error TS2307: Cannot find module '../../../types/resources/FlowTypes' or its corresponding type declarations.
src/utils/performance/benchmarks/PerformanceBenchmarkTools.ts(305,5): error TS2693: 'ResourceType' only refers to a type, but is being used as a value here.
src/utils/performance/benchmarks/PerformanceBenchmarkTools.ts(306,5): error TS2693: 'ResourceType' only refers to a type, but is being used as a value here.
src/utils/performance/benchmarks/PerformanceBenchmarkTools.ts(307,5): error TS2693: 'ResourceType' only refers to a type, but is being used as a value here.
src/utils/performance/benchmarks/PerformanceBenchmarkTools.ts(308,5): error TS2693: 'ResourceType' only refers to a type, but is being used as a value here.
src/utils/performance/benchmarks/PerformanceBenchmarkTools.ts(312,19): error TS2674: Constructor of class 'ResourceFlowManager' is protected and only accessible within the class declaration.
src/utils/performance/benchmarks/PerformanceBenchmarkTools.ts(321,9): error TS6133: 'converters' is declared but its value is never read.
src/utils/performance/benchmarks/PerformanceBenchmarkTools.ts(402,23): error TS2674: Constructor of class 'ResourceFlowManager' is protected and only accessible within the class declaration.
src/utils/performance/D3AccessorBenchmark.ts(209,15): error TS6133: 'transform' is declared but its value is never read.
src/utils/performance/D3AccessorBenchmark.ts(227,15): error TS6133: 'transform' is declared but its value is never read.
src/utils/performance/D3AccessorBenchmark.ts(262,15): error TS6133: 'transform' is declared but its value is never read.
src/utils/performance/D3AccessorBenchmark.ts(277,15): error TS6133: 'transform' is declared but its value is never read.
src/utils/performance/D3AccessorBenchmark.ts(298,15): error TS6133: 'transform' is declared but its value is never read.
src/utils/performance/D3AccessorBenchmark.ts(313,15): error TS6133: 'transform' is declared but its value is never read.
src/utils/performance/D3AnimationFrameManager.ts(314,15): error TS6133: 'callbackDuration' is declared but its value is never read.
src/utils/performance/D3AnimationFrameManager.ts(983,9): error TS6133: 'originalTransition' is declared but its value is never read.
src/utils/performance/D3AnimationFrameManager.ts(988,15): error TS6133: 'deltaTime' is declared but its value is never read.
src/utils/performance/D3AnimationFrameManager.ts(988,26): error TS6133: 'frameInfo' is declared but its value is never read.
src/utils/performance/D3AnimationFrameManager.ts(1028,15): error TS6133: 'deltaTime' is declared but its value is never read.
src/utils/performance/D3AnimationFrameManager.ts(1028,26): error TS6133: 'frameInfo' is declared but its value is never read.
src/utils/performance/D3AnimationFrameManager.ts(1086,15): error TS6133: 'deltaTime' is declared but its value is never read.
src/utils/performance/D3AnimationFrameManager.ts(1086,26): error TS6133: 'frameInfo' is declared but its value is never read.
src/utils/performance/D3AnimationProfiler.ts(132,5): error TS6133: 'detailedMetrics' is declared but its value is never read.
src/utils/performance/D3AnimationProfiler.ts(527,47): error TS2683: 'this' implicitly has type 'any' because it does not have a type annotation.
src/utils/performance/D3AnimationProfiler.ts(527,53): error TS2345: Argument of type 'any[]' is not assignable to parameter of type '[transition: Transition<BaseType, any, any, any>]'.
  Target requires 1 element(s) but source may have fewer.
src/utils/performance/D3AnimationProfiler.ts(539,41): error TS2683: 'this' implicitly has type 'any' because it does not have a type annotation.
src/utils/performance/D3AnimationProfiler.ts(539,47): error TS2345: Argument of type 'any[]' is not assignable to parameter of type '[name: string, value: string | number | boolean | readonly (string | number)[] | ValueFn<GElement, Datum, string | number | boolean | readonly (string | number)[] | null> | null]'.
  Target requires 2 element(s) but source may have fewer.
src/utils/performance/D3AnimationProfiler.ts(551,42): error TS2683: 'this' implicitly has type 'any' because it does not have a type annotation.
src/utils/performance/D3AnimationProfiler.ts(551,48): error TS2345: Argument of type 'any[]' is not assignable to parameter of type '[name: string, value: ValueFn<GElement, Datum, string | number | boolean | null>, priority?: "important" | null | undefined]'.
  Target requires 2 element(s) but source may have fewer.
src/utils/performance/D3AnimationQualityManager.ts(903,21): error TS2352: Conversion of type 'Selection<GElement, unknown, HTMLElement, any>' to type 'Selection<GElement, unknown, null, undefined>' may be a mistake because neither type sufficiently overlaps with the other. If this was intentional, convert the expression to 'unknown' first.
  The types returned by 'select(...)' are incompatible between these types.
    Type 'Selection<any, unknown, HTMLElement, any>' is not comparable to type 'Selection<any, unknown, null, undefined>'.
      Type 'HTMLElement' is not comparable to type 'null'.
src/utils/performance/D3AnimationQualityManager.ts(903,31): error TS2769: No overload matches this call.
  Overload 1 of 2, '(selector: string): Selection<GElement, unknown, HTMLElement, any>', gave the following error.
    Argument of type 'string | GElement' is not assignable to parameter of type 'string'.
      Type 'GElement' is not assignable to type 'string'.
        Type 'Element' is not assignable to type 'string'.
  Overload 2 of 2, '(node: BaseType): Selection<BaseType, unknown, null, undefined>', gave the following error.
    Argument of type 'string | GElement' is not assignable to parameter of type 'BaseType'.
      Type 'string' is not assignable to type 'BaseType'.
src/utils/performance/D3AnimationQualityManager.ts(944,54): error TS2769: No overload matches this call.
  Overload 1 of 3, '(milliseconds: number): Transition<GElement, Datum, PElement, PDatum>', gave the following error.
    Argument of type 'number | undefined' is not assignable to parameter of type 'number'.
      Type 'undefined' is not assignable to type 'number'.
  Overload 2 of 3, '(milliseconds: ValueFn<GElement, Datum, number>): Transition<GElement, Datum, PElement, PDatum>', gave the following error.
    Argument of type 'number | undefined' is not assignable to parameter of type 'ValueFn<GElement, Datum, number>'.
      Type 'undefined' is not assignable to type 'ValueFn<GElement, Datum, number>'.
src/utils/performance/D3AnimationQualityManager.ts(980,52): error TS2345: Argument of type '(d: NewDatum, i: number, data: NewDatum[]) => string' is not assignable to parameter of type 'ValueFn<GElement | PElement, OldDatum | NewDatum, KeyType>'.
  Types of parameters 'd' and 'datum' are incompatible.
    Type 'OldDatum | NewDatum' is not assignable to type 'NewDatum'.
      'NewDatum' could be instantiated with an arbitrary type which could be unrelated to 'OldDatum | NewDatum'.
src/utils/performance/D3AnimationQualityManager.ts(1047,49): error TS2686: 'React' refers to a UMD global, but the current file is a module. Consider adding an import instead.
src/utils/performance/D3AnimationQualityManager.ts(1051,3): error TS2686: 'React' refers to a UMD global, but the current file is a module. Consider adding an import instead.
src/utils/performance/D3BatchedUpdates.ts(501,33): error TS2683: 'this' implicitly has type 'any' because it does not have a type annotation.
src/utils/performance/D3BatchedUpdates.ts(501,39): error TS2345: Argument of type 'any[]' is not assignable to parameter of type '[name: string, value: string | number | boolean | readonly (string | number)[] | ValueFn<GElement, Datum, string | number | boolean | readonly (string | number)[] | null> | null]'.
  Target requires 2 element(s) but source may have fewer.
src/utils/performance/D3BatchedUpdates.ts(507,46): error TS2345: Argument of type 'any[]' is not assignable to parameter of type '[name: string, value: string | number | boolean | readonly (string | number)[] | ValueFn<GElement, Datum, string | number | boolean | readonly (string | number)[] | null> | null]'.
  Target requires 2 element(s) but source may have fewer.
src/utils/performance/D3BatchedUpdates.ts(522,34): error TS2683: 'this' implicitly has type 'any' because it does not have a type annotation.
src/utils/performance/D3BatchedUpdates.ts(522,40): error TS2345: Argument of type 'any[]' is not assignable to parameter of type '[name: string, value: ValueFn<GElement, Datum, string | number | boolean | null>, priority?: "important" | null | undefined]'.
  Target requires 2 element(s) but source may have fewer.
src/utils/performance/D3BatchedUpdates.ts(528,47): error TS2345: Argument of type 'any[]' is not assignable to parameter of type '[name: string, value: ValueFn<GElement, Datum, string | number | boolean | null>, priority?: "important" | null | undefined]'.
  Target requires 2 element(s) but source may have fewer.
src/utils/performance/D3BatchedUpdates.ts(543,37): error TS2683: 'this' implicitly has type 'any' because it does not have a type annotation.
src/utils/performance/D3BatchedUpdates.ts(543,43): error TS2345: Argument of type 'any[]' is not assignable to parameter of type '[name: Local<unknown>, value: unknown]'.
  Target requires 2 element(s) but source may have fewer.
src/utils/performance/D3BatchedUpdates.ts(549,50): error TS2345: Argument of type 'any[]' is not assignable to parameter of type '[name: Local<unknown>, value: unknown]'.
  Target requires 2 element(s) but source may have fewer.
src/utils/performance/D3BatchedUpdates.ts(564,33): error TS2683: 'this' implicitly has type 'any' because it does not have a type annotation.
src/utils/performance/D3BatchedUpdates.ts(564,39): error TS2345: Argument of type 'any[]' is not assignable to parameter of type '[value: string | ValueFn<GElement, Datum, string | null> | null]'.
  Target requires 1 element(s) but source may have fewer.
src/utils/performance/D3BatchedUpdates.ts(570,46): error TS2345: Argument of type 'any[]' is not assignable to parameter of type '[value: string | ValueFn<GElement, Datum, string | null> | null]'.
  Target requires 1 element(s) but source may have fewer.
src/utils/performance/D3BatchedUpdates.ts(585,33): error TS2683: 'this' implicitly has type 'any' because it does not have a type annotation.
src/utils/performance/D3BatchedUpdates.ts(585,39): error TS2345: Argument of type 'any[]' is not assignable to parameter of type '[value: string | number | boolean | ValueFn<GElement, Datum, string | number | boolean | null> | null]'.
  Target requires 1 element(s) but source may have fewer.
src/utils/performance/D3BatchedUpdates.ts(591,46): error TS2345: Argument of type 'any[]' is not assignable to parameter of type '[value: string | number | boolean | ValueFn<GElement, Datum, string | number | boolean | null> | null]'.
  Target requires 1 element(s) but source may have fewer.
src/utils/performance/D3BatchedUpdates.ts(614,23): error TS2352: Conversion of type 'Selection<GElement, Datum, HTMLElement, any>' to type 'Selection<GElement, Datum, null, undefined>' may be a mistake because neither type sufficiently overlaps with the other. If this was intentional, convert the expression to 'unknown' first.
  The types returned by 'select(...).select(...)' are incompatible between these types.
    Type 'Selection<null, undefined, HTMLElement, any>' is not comparable to type 'Selection<null, undefined, null, undefined>'.
      Type 'HTMLElement' is not comparable to type 'null'.
src/utils/performance/D3BatchedUpdates.ts(614,33): error TS2769: No overload matches this call.
  Overload 1 of 2, '(selector: string): Selection<GElement, Datum, HTMLElement, any>', gave the following error.
    Argument of type 'string | GElement' is not assignable to parameter of type 'string'.
      Type 'GElement' is not assignable to type 'string'.
        Type 'Element' is not assignable to type 'string'.
  Overload 2 of 2, '(node: BaseType): Selection<BaseType, Datum, null, undefined>', gave the following error.
    Argument of type 'string | GElement' is not assignable to parameter of type 'BaseType'.
      Type 'string' is not assignable to type 'BaseType'.
src/utils/performance/D3BatchedUpdates.ts(615,5): error TS2322: Type 'Selection<GElement, Datum, Element, undefined>' is not assignable to type 'Selection<GElement, Datum, null, undefined>'.
  The types of 'select(...).select(...).data' are incompatible between these types.
    Type '{ (): undefined[]; <NewDatum>(data: NewDatum[] | Iterable<NewDatum> | ValueFn<Element, undefined, NewDatum[] | Iterable<NewDatum>>, key?: ValueFn<...> | undefined): Selection<...>; }' is not assignable to type '{ (): undefined[]; <NewDatum>(data: NewDatum[] | Iterable<NewDatum> | ValueFn<null, undefined, NewDatum[] | Iterable<NewDatum>>, key?: ValueFn<...> | undefined): Selection<...>; }'.
      Types of parameters 'data' and 'data' are incompatible.
        Type 'any[] | Iterable<any> | ValueFn<null, undefined, any[] | Iterable<any>>' is not assignable to type 'any[] | Iterable<any> | ValueFn<Element, undefined, any[] | Iterable<any>>'.
          Type 'ValueFn<null, undefined, any[] | Iterable<any>>' is not assignable to type 'any[] | Iterable<any> | ValueFn<Element, undefined, any[] | Iterable<any>>'.
            Type 'ValueFn<null, undefined, any[] | Iterable<any>>' is not assignable to type 'ValueFn<Element, undefined, any[] | Iterable<any>>'.
              Type 'Element' is not assignable to type 'null'.
src/utils/performance/D3BatchedUpdates.ts(615,35): error TS2345: Argument of type 'Selection<GElement, Datum, null, undefined>' is not assignable to parameter of type 'Selection<GElement, Datum, Element, undefined>'.
  The types of 'select(...).select(...).data' are incompatible between these types.
    Type '{ (): undefined[]; <NewDatum>(data: NewDatum[] | Iterable<NewDatum> | ValueFn<null, undefined, NewDatum[] | Iterable<NewDatum>>, key?: ValueFn<...> | undefined): Selection<...>; }' is not assignable to type '{ (): undefined[]; <NewDatum>(data: NewDatum[] | Iterable<NewDatum> | ValueFn<Element, undefined, NewDatum[] | Iterable<NewDatum>>, key?: ValueFn<...> | undefined): Selection<...>; }'.
      Types of parameters 'data' and 'data' are incompatible.
        Type 'any[] | Iterable<any> | ValueFn<Element, undefined, any[] | Iterable<any>>' is not assignable to type 'any[] | Iterable<any> | ValueFn<null, undefined, any[] | Iterable<any>>'.
          Type 'ValueFn<Element, undefined, any[] | Iterable<any>>' is not assignable to type 'any[] | Iterable<any> | ValueFn<null, undefined, any[] | Iterable<any>>'.
            Type 'ValueFn<Element, undefined, any[] | Iterable<any>>' is not assignable to type 'ValueFn<null, undefined, any[] | Iterable<any>>'.
              Type 'null' is not assignable to type 'Element'.
src/utils/performance/D3BatchedUpdates.ts(636,49): error TS2683: 'this' implicitly has type 'any' because it does not have a type annotation.
src/utils/performance/D3BatchedUpdates.ts(636,55): error TS2345: Argument of type 'any[]' is not assignable to parameter of type '[transition: Transition<BaseType, any, any, any>]'.
  Target requires 1 element(s) but source may have fewer.
src/utils/performance/D3BatchedUpdates.ts(645,29): error TS2554: Expected 3 arguments, but got 2.
src/utils/performance/D3BatchedUpdates.ts(645,34): error TS2683: 'this' implicitly has type 'any' because it does not have a type annotation.
src/utils/performance/D3BatchedUpdates.ts(649,13): error TS6133: 'originalTween' is declared but its value is never read.
src/utils/performance/D3BatchedUpdates.ts(654,43): error TS2554: Expected 3 arguments, but got 2.
src/utils/performance/D3BatchedUpdates.ts(655,43): error TS2554: Expected 3 arguments, but got 2.
src/utils/performance/D3BatchedUpdates.ts(674,14): error TS2683: 'this' implicitly has type 'any' because it does not have a type annotation.
src/utils/performance/D3BatchedUpdates.ts(680,30): error TS2554: Expected 3-4 arguments, but got 2.
src/utils/performance/D3BatchedUpdates.ts(680,35): error TS2683: 'this' implicitly has type 'any' because it does not have a type annotation.
src/utils/performance/D3BatchedUpdates.ts(684,13): error TS6133: 'originalTween' is declared but its value is never read.
src/utils/performance/D3BatchedUpdates.ts(689,44): error TS2554: Expected 3-4 arguments, but got 2.
src/utils/performance/D3BatchedUpdates.ts(690,44): error TS2554: Expected 3-4 arguments, but got 2.
src/utils/performance/D3BatchedUpdates.ts(697,57): error TS2769: No overload matches this call.
  Overload 1 of 4, '(name: string, value: string | number | boolean, priority?: "important" | null | undefined): Selection<GElement, unknown, null, undefined>', gave the following error.
    Argument of type 'string | undefined' is not assignable to parameter of type '"important" | null | undefined'.
      Type 'string' is not assignable to type '"important"'.
  Overload 2 of 4, '(name: string, value: ValueFn<GElement, unknown, string | number | boolean | null>, priority?: "important" | null | undefined): Selection<GElement, unknown, null, undefined>', gave the following error.
    Argument of type 'string | undefined' is not assignable to parameter of type '"important" | null | undefined'.
      Type 'string' is not assignable to type '"important"'.
src/utils/performance/D3BatchedUpdates.ts(709,14): error TS2683: 'this' implicitly has type 'any' because it does not have a type annotation.
src/utils/performance/D3InterpolationCache.ts(681,49): error TS2683: 'this' implicitly has type 'any' because it does not have a type annotation.
src/utils/performance/D3InterpolationCache.ts(681,55): error TS2345: Argument of type 'any[]' is not assignable to parameter of type '[transition: Transition<BaseType, any, any, any>]'.
  Target requires 1 element(s) but source may have fewer.
src/utils/performance/D3InterpolationCache.ts(688,5): error TS2322: Type '(name: string, factory: any) => any' is not assignable to type '{ (name: string): ValueFn<GElement, Datum, (this: GElement, t: number) => string> | undefined; (name: string, factory: null): Transition<GElement, Datum, PElement, PDatum>; (name: string, factory: ValueFn<...>): Transition<...>; }'.
  Target signature provides too few arguments. Expected 2 or more, but got 1.
src/utils/performance/D3InterpolationCache.ts(702,5): error TS2322: Type '(name: string, factory: any) => any' is not assignable to type '{ (name: string): ValueFn<GElement, Datum, (this: GElement, t: number) => string> | undefined; (name: string, factory: null): Transition<GElement, Datum, PElement, PDatum>; (name: string, factory: ValueFn<...>, priority?: "important" | ... 1 more ... | undefined): Transition<...>; }'.
  Target signature provides too few arguments. Expected 2 or more, but got 1.
src/utils/performance/D3PerformanceProfiler.ts(182,5): error TS6133: 'totalDurationMs' is declared but its value is never read.
src/utils/performance/D3PerformanceProfiler.ts(539,17): error TS6133: 'transform' is declared but its value is never read.
src/utils/performance/D3PerformanceProfiler.ts(555,17): error TS6133: 'transform' is declared but its value is never read.
src/utils/performance/HookPerformanceDashboard.tsx(57,3): error TS6133: 'showDetails' is declared but its value is never read.
src/utils/performance/longsession/LongSessionMemoryTracker.ts(31,5): error TS2717: Subsequent property declarations must have the same type.  Property 'memory' must be of type 'PerformanceMetrics | undefined', but here has type 'PerformanceMemory | undefined'.
src/utils/performance/longsession/LongSessionMemoryTracker.ts(619,7): error TS2322: Type 'import("/Users/deadcoast/CursorProjects/Galactic_Sprawl/src/types/events/ModuleEventTypes").ModuleType' is not assignable to type 'import("/Users/deadcoast/CursorProjects/Galactic_Sprawl/src/types/buildings/ModuleTypes").ModuleType'.
  Type '"module-manager"' is not assignable to type 'ModuleType'.
src/utils/performance/multitab/MultitabCommunicationChannel.ts(217,9): error TS2322: Type '{}' is not assignable to type '"coordinator" | "worker"'.
src/utils/performance/multitab/MultitabCommunicationChannel.ts(219,9): error TS2322: Type '{}' is not assignable to type '"idle" | "error" | "ready" | "complete" | "testing"'.
src/utils/performance/multitab/MultitabCommunicationChannel.ts(384,7): error TS2322: Type 'null' is not assignable to type 'Record<string, unknown> | undefined'.
src/utils/performance/network/NetworkDegradationSimulator.ts(365,11): error TS18046: 'error' is of type 'unknown'.
src/utils/performance/network/NetworkDegradationSimulator.ts(390,37): error TS2345: Argument of type 'any[]' is not assignable to parameter of type '[method: string, url: string | URL, async: boolean, username?: string | null | undefined, password?: string | null | undefined]'.
  Target requires 3 element(s) but source may have fewer.
src/utils/performance/network/NetworkDegradationSimulator.ts(398,39): error TS2345: Argument of type 'any[]' is not assignable to parameter of type '[body?: Document | XMLHttpRequestBodyInit | null | undefined]'.
  Target allows only 1 element(s) but source may have more.
src/utils/performance/network/NetworkDegradationSimulator.ts(405,11): error TS6133: 'originalOnload' is declared but its value is never read.
src/utils/performance/network/NetworkDegradationSimulator.ts(416,38): error TS2345: Argument of type 'ErrorEvent' is not assignable to parameter of type 'ProgressEvent<EventTarget>'.
  Type 'ErrorEvent' is missing the following properties from type 'ProgressEvent<EventTarget>': lengthComputable, loaded, total
src/utils/performance/network/NetworkDegradationSimulator.ts(436,52): error TS2345: Argument of type 'any[]' is not assignable to parameter of type '[ev: Event]'.
  Target requires 1 element(s) but source may have fewer.
src/utils/performance/network/NetworkDegradationSimulator.ts(444,48): error TS2345: Argument of type 'any[]' is not assignable to parameter of type '[ev: Event]'.
  Target requires 1 element(s) but source may have fewer.
src/utils/performance/network/NetworkDegradationSimulator.ts(450,32): error TS2345: Argument of type 'any[]' is not assignable to parameter of type '[body?: Document | XMLHttpRequestBodyInit | null | undefined]'.
  Target allows only 1 element(s) but source may have more.
src/utils/performance/network/NetworkDegradationSimulator.ts(470,13): error TS2556: A spread argument must either have a tuple type or be passed to a rest parameter.
src/utils/performance/network/NetworkDegradationSimulator.ts(800,35): error TS18046: 'error' is of type 'unknown'.
src/utils/resources/resourceValidation.ts(18,58): error TS2307: Cannot find module './ResourceTypeConverter' or its corresponding type declarations.
src/utils/testing/hookTestingUtils.tsx(155,21): error TS6133: 'updatedState' is declared but its value is never read.
src/utils/testing/hookTestingUtils.tsx(417,9): error TS6133: 'testPerformanceConfig' is declared but its value is never read.
src/utils/workers/ResourceFlowWorkerUtil.ts(9,3): error TS2305: Module '"../../types/resources/StandardizedResourceTypes"' has no exported member 'FlowConnection'.
src/utils/workers/ResourceFlowWorkerUtil.ts(10,3): error TS2305: Module '"../../types/resources/StandardizedResourceTypes"' has no exported member 'FlowNode'.
src/utils/workers/ResourceFlowWorkerUtil.ts(12,3): error TS2305: Module '"../../types/resources/StandardizedResourceTypes"' has no exported member 'ResourceTransfer'.
src/visualization/renderers/CanvasRenderer.tsx(173,46): error TS6133: 'options' is declared but its value is never read.
src/visualization/renderers/CanvasRenderer.tsx(409,43): error TS6133: 'options' is declared but its value is never read.
src/visualization/renderers/CanvasRenderer.tsx(584,11): error TS6133: 'xAxis' is declared but its value is never read.
src/visualization/renderers/CanvasRenderer.tsx(585,11): error TS6133: 'yAxis' is declared but its value is never read.
src/visualization/renderers/CanvasRenderer.tsx(711,43): error TS2358: The left-hand side of an 'instanceof' expression must be of type 'any', an object type or a type parameter.
src/visualization/renderers/CanvasRenderer.tsx(1059,56): error TS2304: Cannot find name 'ChartDataPoint'.
src/visualization/renderers/CanvasRenderer.tsx(1069,14): error TS2304: Cannot find name 'ChartDataPoint'.
src/visualization/renderers/CanvasRenderer.tsx(1133,5): error TS6133: 'chartArea' is declared but its value is never read.
src/visualization/renderers/CanvasRenderer.tsx(1134,33): error TS2339: Property 'x' does not exist on type 'ChartAxes | undefined'.
src/visualization/renderers/CanvasRenderer.tsx(1135,33): error TS2339: Property 'y' does not exist on type 'ChartAxes | undefined'.
src/visualization/renderers/CanvasRenderer.tsx(1278,40): error TS6133: 'm' is declared but its value is never read.
src/visualization/renderers/SVGRenderer.tsx(70,11): error TS6133: 'themeColors' is declared but its value is never read.
src/visualization/renderers/SVGRenderer.tsx(173,46): error TS6133: 'options' is declared but its value is never read.
src/visualization/renderers/SVGRenderer.tsx(512,5): error TS6133: 'options' is declared but its value is never read.
src/visualization/renderers/SVGRenderer.tsx(922,43): error TS2358: The left-hand side of an 'instanceof' expression must be of type 'any', an object type or a type parameter.
src/visualization/renderers/SVGRenderer.tsx(1302,5): error TS6133: 'chartArea' is declared but its value is never read.
src/visualization/renderers/SVGRenderer.tsx(1303,33): error TS2339: Property 'x' does not exist on type 'ChartAxes | undefined'.
src/visualization/renderers/SVGRenderer.tsx(1304,33): error TS2339: Property 'y' does not exist on type 'ChartAxes | undefined'.
src/visualization/renderers/SVGRenderer.tsx(1447,40): error TS6133: 'm' is declared but its value is never read.
src/visualization/renderers/WebGLRenderer.tsx(210,46): error TS6133: 'options' is declared but its value is never read.
src/visualization/renderers/WebGLRenderer.tsx(1115,43): error TS2358: The left-hand side of an 'instanceof' expression must be of type 'any', an object type or a type parameter.
src/visualization/renderers/WebGLRenderer.tsx(1541,5): error TS6133: 'chartArea' is declared but its value is never read.
src/visualization/renderers/WebGLRenderer.tsx(1542,33): error TS2339: Property 'x' does not exist on type 'ChartAxes | undefined'.
src/visualization/renderers/WebGLRenderer.tsx(1543,33): error TS2339: Property 'y' does not exist on type 'ChartAxes | undefined'.
src/visualization/renderers/WebGLRenderer.tsx(1648,11): error TS6133: 'getAllXValues' is declared but its value is never read.
src/visualization/renderers/WebGLRenderer.tsx(1686,44): error TS6133: 'm' is declared but its value is never read.
src/visualization/renderers/WebGLRenderer.tsx(1721,11): error TS6133: 'hexToRgba' is declared but its value is never read.
src/visualization/renderers/WebGLRenderer.tsx(1724,40): error TS6133: 'm' is declared but its value is never read.
src/visualization/renderers/WebGLRenderer.tsx(1747,5): error TS6133: 'data' is declared but its value is never read.
src/visualization/renderers/WebGLRenderer.tsx(1748,5): error TS6133: 'options' is declared but its value is never read.
src/workers/ResourceFlowWorker.ts(10,3): error TS2305: Module '"../types/resources/StandardizedResourceTypes"' has no exported member 'FlowConnection'.
src/workers/ResourceFlowWorker.ts(11,3): error TS2305: Module '"../types/resources/StandardizedResourceTypes"' has no exported member 'FlowNode'.
src/workers/ResourceFlowWorker.ts(13,3): error TS2305: Module '"../types/resources/StandardizedResourceTypes"' has no exported member 'ResourceTransfer'.
src/workers/ResourceFlowWorker.ts(53,32): error TS18046: 'data' is of type 'unknown'.
src/workers/ResourceFlowWorker.ts(53,44): error TS18046: 'data' is of type 'unknown'.
src/workers/ResourceFlowWorker.ts(53,62): error TS18046: 'data' is of type 'unknown'.
src/workers/ResourceFlowWorker.ts(57,31): error TS18046: 'data' is of type 'unknown'.
src/workers/ResourceFlowWorker.ts(57,43): error TS18046: 'data' is of type 'unknown'.
src/workers/ResourceFlowWorker.ts(57,61): error TS18046: 'data' is of type 'unknown'.
src/workers/ResourceFlowWorker.ts(62,11): error TS18046: 'data' is of type 'unknown'.
src/workers/ResourceFlowWorker.ts(63,11): error TS18046: 'data' is of type 'unknown'.
src/workers/ResourceFlowWorker.ts(64,11): error TS18046: 'data' is of type 'unknown'.
src/workers/ResourceFlowWorker.ts(65,11): error TS18046: 'data' is of type 'unknown'.
src/workers/ResourceFlowWorker.ts(70,36): error TS18046: 'data' is of type 'unknown'.
src/workers/ResourceFlowWorker.ts(70,54): error TS18046: 'data' is of type 'unknown'.
src/workers/ResourceFlowWorker.ts(70,73): error TS18046: 'data' is of type 'unknown'.
src/workers/ResourceFlowWorker.ts(74,45): error TS18046: 'data' is of type 'unknown'.
src/workers/ResourceFlowWorker.ts(107,3): error TS6133: 'resourceStates' is declared but its value is never read.
src/workers/ResourceFlowWorker.ts(190,3): error TS6133: 'activeConnections' is declared but its value is never read.
src/workers/ResourceFlowWorker.ts(203,7): error TS7053: Element implicitly has an 'any' type because expression of type 'any' can't be used to index type 'Partial<Record<ResourceType, number>>'.
src/workers/ResourceFlowWorker.ts(203,37): error TS7053: Element implicitly has an 'any' type because expression of type 'any' can't be used to index type 'Partial<Record<ResourceType, number>>'.
src/workers/ResourceFlowWorker.ts(211,7): error TS7053: Element implicitly has an 'any' type because expression of type 'any' can't be used to index type 'Partial<Record<ResourceType, number>>'.
src/workers/ResourceFlowWorker.ts(211,31): error TS7053: Element implicitly has an 'any' type because expression of type 'any' can't be used to index type 'Partial<Record<ResourceType, number>>'.
src/workers/ResourceFlowWorker.ts(219,7): error TS7053: Element implicitly has an 'any' type because expression of type 'any' can't be used to index type 'Partial<Record<ResourceType, number>>'.
src/workers/ResourceFlowWorker.ts(219,37): error TS7053: Element implicitly has an 'any' type because expression of type 'any' can't be used to index type 'Partial<Record<ResourceType, number>>'.
