../../../../src/components/buildings/colony/ColonyManagementSystem.tsx(35,22): error TS2694: Namespace '"/Users/deadcoast/CursorProjects/Galactic_Sprawl/src/types/resources/ResourceTypes".ResourceType' has no exported member 'FOOD'.
../../../../src/components/buildings/colony/ColonyManagementSystem.tsx(92,20): error TS2694: Namespace '"/Users/deadcoast/CursorProjects/Galactic_Sprawl/src/types/resources/ResourceTypes".ResourceType' has no exported member 'FOOD'.
../../../../src/components/buildings/colony/ColonyManagementSystem.tsx(104,34): error TS2694: Namespace '"/Users/deadcoast/CursorProjects/Galactic_Sprawl/src/types/resources/ResourceTypes".ResourceType' has no exported member 'FOOD'.
../../../../src/components/buildings/colony/ColonyManagementSystem.tsx(447,25): error TS2339: Property 'FOOD' does not exist on type 'typeof ResourceType'.
../../../../src/components/buildings/colony/ColonyManagementSystem.tsx(492,25): error TS2339: Property 'FOOD' does not exist on type 'typeof ResourceType'.
../../../../src/components/buildings/colony/ColonyManagementSystem.tsx(509,25): error TS2339: Property 'FOOD' does not exist on type 'typeof ResourceType'.
../../../../src/components/buildings/colony/ColonyManagementSystem.tsx(526,25): error TS2339: Property 'FOOD' does not exist on type 'typeof ResourceType'.
../../../../src/components/buildings/colony/ColonyManagementSystem.tsx(544,20): error TS2339: Property 'FOOD' does not exist on type 'typeof ResourceType'.
../../../../src/components/buildings/colony/GrowthRateModifiers.tsx(22,22): error TS2694: Namespace '"/Users/deadcoast/CursorProjects/Galactic_Sprawl/src/types/resources/ResourceTypes".ResourceType' has no exported member 'FOOD'.
../../../../src/components/buildings/colony/GrowthRateModifiers.tsx(112,25): error TS2339: Property 'FOOD' does not exist on type 'typeof ResourceType'.
../../../../src/components/buildings/colony/GrowthRateModifiers.tsx(130,25): error TS2339: Property 'FOOD' does not exist on type 'typeof ResourceType'.
../../../../src/components/buildings/colony/GrowthRateModifiers.tsx(160,18): error TS2339: Property 'FOOD' does not exist on type 'typeof ResourceType'.
../../../../src/components/buildings/colony/HabitableWorld.tsx(13,16): error TS2304: Cannot find name 'ResourceType'.
../../../../src/components/buildings/colony/PopulationGrowthModule.tsx(15,22): error TS2694: Namespace '"/Users/deadcoast/CursorProjects/Galactic_Sprawl/src/types/resources/ResourceTypes".ResourceType' has no exported member 'FOOD'.
../../../../src/components/buildings/colony/PopulationGrowthModule.tsx(167,25): error TS2339: Property 'FOOD' does not exist on type 'typeof ResourceType'.
../../../../src/components/buildings/colony/ResourceDashboard.tsx(20,20): error TS2694: Namespace '"/Users/deadcoast/CursorProjects/Galactic_Sprawl/src/types/resources/ResourceTypes".ResourceType' has no exported member 'FOOD'.
../../../../src/components/buildings/colony/ResourceDashboard.tsx(49,25): error TS2339: Property 'FOOD' does not exist on type 'typeof ResourceType'.
../../../../src/components/buildings/colony/SatisfactionMeter.tsx(18,34): error TS2694: Namespace '"/Users/deadcoast/CursorProjects/Galactic_Sprawl/src/types/resources/ResourceTypes".ResourceType' has no exported member 'FOOD'.
../../../../src/components/buildings/colony/SatisfactionMeter.tsx(68,25): error TS2339: Property 'FOOD' does not exist on type 'typeof ResourceType'.
../../../../src/components/buildings/modules/ExplorationHub/ExplorationHub.tsx(163,5): error TS2322: Type '"recon"' is not assignable to type 'ResourceType'.
../../../../src/components/buildings/modules/ExplorationHub/ExplorationHub.tsx(181,5): error TS2322: Type '"recon"' is not assignable to type 'ResourceType'.
../../../../src/components/buildings/modules/ExplorationHub/ExplorationHub.tsx(1116,44): error TS2345: Argument of type '(prev: AdvancedFilters) => { resourceTypes: string[]; minResourcePotential: number; minHabitabilityScore: number; hasAnomalies: boolean; anomalySeverity: "high" | "medium" | "low" | "any"; lastScannedWithin: number; }' is not assignable to parameter of type 'SetStateAction<AdvancedFilters>'.
  Type '(prev: AdvancedFilters) => { resourceTypes: string[]; minResourcePotential: number; minHabitabilityScore: number; hasAnomalies: boolean; anomalySeverity: "high" | "medium" | "low" | "any"; lastScannedWithin: number; }' is not assignable to type '(prevState: AdvancedFilters) => AdvancedFilters'.
    Call signature return types '{ resourceTypes: string[]; minResourcePotential: number; minHabitabilityScore: number; hasAnomalies: boolean; anomalySeverity: "high" | "medium" | "low" | "any"; lastScannedWithin: number; }' and 'AdvancedFilters' are incompatible.
      The types of 'resourceTypes' are incompatible between these types.
        Type 'string[]' is not assignable to type 'ResourceType[]'.
          Type 'string' is not assignable to type 'ResourceType'.
../../../../src/components/buildings/modules/ExplorationHub/ExplorationHub.tsx(1118,70): error TS2345: Argument of type 'string' is not assignable to parameter of type 'ResourceType'.
../../../../src/components/buildings/modules/ExplorationHub/ExplorationHub.tsx(1124,64): error TS2345: Argument of type 'string' is not assignable to parameter of type 'ResourceType'.
../../../../src/components/buildings/modules/ExplorationHub/MissionLog.tsx(16,11): error TS2304: Cannot find name 'ResourceType'.
../../../../src/components/buildings/modules/ExplorationHub/MissionLog.tsx(20,11): error TS2304: Cannot find name 'ResourceType'.
../../../../src/components/buildings/modules/MiningHub/MineralProcessingCentre.tsx(268,19): error TS2322: Type 'string' is not assignable to type 'ResourceType'.
../../../../src/components/buildings/modules/MiningHub/MineralProcessingCentre.tsx(269,19): error TS2322: Type 'string' is not assignable to type 'ResourceType'.
../../../../src/components/buildings/modules/trading/TradingHub.tsx(9,13): error TS2304: Cannot find name 'ResourceType'.
../../../../src/components/buildings/modules/trading/TradingHub.tsx(19,13): error TS2304: Cannot find name 'ResourceType'.
../../../../src/components/exploration/RealTimeMapUpdates.tsx(221,9): error TS2345: Argument of type '(Sector | { resources: { type: string; amount: number; }[]; lastScanned: number; id: string; name: string; status: "unmapped" | "mapped" | "scanning" | "analyzed"; coordinates: { x: number; y: number; }; resourcePotential: number; habitabilityScore: number; anomalies: Anomaly[]; })[]' is not assignable to parameter of type 'Sector[]'.
  Type 'Sector | { resources: { type: string; amount: number; }[]; lastScanned: number; id: string; name: string; status: "unmapped" | "mapped" | "scanning" | "analyzed"; coordinates: { x: number; y: number; }; resourcePotential: number; habitabilityScore: number; anomalies: Anomaly[]; }' is not assignable to type 'Sector'.
    Type '{ resources: { type: string; amount: number; }[]; lastScanned: number; id: string; name: string; status: "unmapped" | "mapped" | "scanning" | "analyzed"; coordinates: { x: number; y: number; }; resourcePotential: number; habitabilityScore: number; anomalies: Anomaly[]; }' is not assignable to type 'Sector'.
      Types of property 'resources' are incompatible.
        Type '{ type: string; amount: number; }[]' is not assignable to type '{ type: ResourceType; amount: number; }[]'.
          Type '{ type: string; amount: number; }' is not assignable to type '{ type: ResourceType; amount: number; }'.
            Types of property 'type' are incompatible.
              Type 'string' is not assignable to type 'ResourceType'.
../../../../src/components/ships/common/CommonShipMovement.tsx(49,7): error TS2322: Type 'string' is not assignable to type 'ResourceType'.
../../../../src/components/ships/player/customization/PlayerShipUpgrade.tsx(31,13): error TS2304: Cannot find name 'ResourceType'.
../../../../src/components/ships/player/customization/PlayerShipUpgradeSystem.tsx(31,13): error TS2304: Cannot find name 'ResourceType'.
../../../../src/components/ships/player/variants/miningships/VoidDredgerMiner.tsx(18,13): error TS2304: Cannot find name 'ResourceType'.
../../../../src/components/trade/TradeRouteVisualizer.tsx(18,11): error TS2304: Cannot find name 'ResourceType'.
../../../../src/components/ui/GalaxyMap.tsx(31,15): error TS2304: Cannot find name 'ResourceType'.
../../../../src/components/ui/resource/ChainVisualization.tsx(25,11): error TS2304: Cannot find name 'ResourceType'.
../../../../src/components/ui/resource/ConverterDetailsView.tsx(8,9): error TS2304: Cannot find name 'ResourceType'.
../../../../src/components/ui/resource/ResourceFlowDiagram.tsx(84,5): error TS2322: Type '"ResourceFlowDiagram"' is not assignable to type 'ResourceType'.
../../../../src/components/ui/resource/ResourceForecastingVisualization.tsx(76,5): error TS2322: Type '"ResourceForecastingVisualization"' is not assignable to type 'ResourceType'.
../../../../src/components/ui/resource/ResourceIcon.tsx(14,7): error TS2322: Type '"‚õèÔ∏è"' is not assignable to type 'ResourceType'.
../../../../src/components/ui/resource/ResourceIcon.tsx(16,7): error TS2322: Type '"‚ö°"' is not assignable to type 'ResourceType'.
../../../../src/components/ui/resource/ResourceIcon.tsx(18,7): error TS2322: Type '"üë•"' is not assignable to type 'ResourceType'.
../../../../src/components/ui/resource/ResourceIcon.tsx(20,7): error TS2322: Type '"üî¨"' is not assignable to type 'ResourceType'.
../../../../src/components/ui/resource/ResourceIcon.tsx(22,7): error TS2322: Type '"üîÆ"' is not assignable to type 'ResourceType'.
../../../../src/components/ui/resource/ResourceIcon.tsx(24,7): error TS2322: Type '"üí®"' is not assignable to type 'ResourceType'.
../../../../src/components/ui/resource/ResourceIcon.tsx(26,7): error TS2322: Type '"‚ú®"' is not assignable to type 'ResourceType'.
../../../../src/components/ui/resource/ResourceIcon.tsx(28,7): error TS2322: Type '"üîß"' is not assignable to type 'ResourceType'.
../../../../src/components/ui/resource/ResourceIcon.tsx(30,7): error TS2322: Type '"üß°"' is not assignable to type 'ResourceType'.
../../../../src/components/ui/resource/ResourceIcon.tsx(32,7): error TS2322: Type '"üõ°Ô∏è"' is not assignable to type 'ResourceType'.
../../../../src/components/ui/resource/ResourceIcon.tsx(34,7): error TS2322: Type '"‚ò¢Ô∏è"' is not assignable to type 'ResourceType'.
../../../../src/components/ui/resource/ResourceIcon.tsx(36,7): error TS2322: Type '"üíß"' is not assignable to type 'ResourceType'.
../../../../src/components/ui/resource/ResourceIcon.tsx(38,7): error TS2322: Type '"üéà"' is not assignable to type 'ResourceType'.
../../../../src/components/ui/resource/ResourceIcon.tsx(40,7): error TS2322: Type '"üîπ"' is not assignable to type 'ResourceType'.
../../../../src/components/ui/resource/ResourceIcon.tsx(42,7): error TS2322: Type '"‚öõÔ∏è"' is not assignable to type 'ResourceType'.
../../../../src/components/ui/resource/ResourceIcon.tsx(44,7): error TS2322: Type '"üåë"' is not assignable to type 'ResourceType'.
../../../../src/components/ui/resource/ResourceIcon.tsx(46,7): error TS2322: Type '"üí´"' is not assignable to type 'ResourceType'.
../../../../src/components/ui/resource/ResourceIcon.tsx(48,7): error TS2322: Type '"üì¶"' is not assignable to type 'ResourceType'.
../../../../src/components/ui/resource/ResourceManagementDashboard.tsx(98,5): error TS2322: Type '"ResourceManagementDashboard"' is not assignable to type 'ResourceType'.
../../../../src/components/ui/resource/ResourceOptimizationSuggestions.tsx(60,5): error TS2322: Type '"ResourceOptimizationSuggestions"' is not assignable to type 'ResourceType'.
../../../../src/components/ui/resource/ResourceThresholdVisualization.tsx(219,5): error TS2322: Type '"ResourceThresholdVisualization"' is not assignable to type 'ResourceType'.
../../../../src/components/ui/SprawlView.tsx(33,15): error TS2304: Cannot find name 'ResourceType'.
../../../../src/components/ui/visualization/CustomShaderVisualization.tsx(103,5): error TS2322: Type '"CustomShaderVisualization"' is not assignable to type 'ResourceType'.
../../../../src/components/ui/visualization/DataTransitionParticleSystem.tsx(74,5): error TS2322: Type '"DataTransitionParticleSystem"' is not assignable to type 'ResourceType'.
../../../../src/config/automation/colonyRules.ts(27,30): error TS2339: Property 'FOOD' does not exist on type 'typeof ResourceType'.
../../../../src/config/automation/colonyRules.ts(67,30): error TS2339: Property 'FOOD' does not exist on type 'typeof ResourceType'.
../../../../src/config/buildings/defaultBuildings.ts(63,78): error TS2339: Property 'FOOD' does not exist on type 'typeof ResourceType'.
../../../../src/config/buildings/defaultBuildings.ts(69,78): error TS2339: Property 'FOOD' does not exist on type 'typeof ResourceType'.
../../../../src/config/modules/defaultModuleConfigs.ts(186,24): error TS2339: Property 'FOOD' does not exist on type 'typeof ResourceType'.
../../../../src/contexts/GameContext.tsx(85,15): error TS2304: Cannot find name 'ResourceType'.
../../../../src/contexts/ThresholdContext.tsx(75,9): error TS2322: Type '(ThresholdHistoryEntry | { timestamp: number; resourceId: string; amount: number; thresholds: { min: number; max: number; }; event: "threshold_change"; })[]' is not assignable to type 'ThresholdHistoryEntry[]'.
  Type 'ThresholdHistoryEntry | { timestamp: number; resourceId: string; amount: number; thresholds: { min: number; max: number; }; event: "threshold_change"; }' is not assignable to type 'ThresholdHistoryEntry'.
    Type '{ timestamp: number; resourceId: string; amount: number; thresholds: { min: number; max: number; }; event: "threshold_change"; }' is not assignable to type 'ThresholdHistoryEntry'.
      Types of property 'resourceId' are incompatible.
        Type 'string' is not assignable to type 'ResourceType'.
../../../../src/contexts/ThresholdContext.tsx(103,13): error TS2322: Type 'string' is not assignable to type 'ResourceType'.
../../../../src/contexts/ThresholdContext.tsx(113,13): error TS2322: Type 'string' is not assignable to type 'ResourceType'.
../../../../src/contexts/ThresholdContext.tsx(129,9): error TS2322: Type '(ThresholdHistoryEntry | { timestamp: number; resourceId: string; amount: number; thresholds: { min: number; max: number; }; event: "amount_update"; })[]' is not assignable to type 'ThresholdHistoryEntry[]'.
  Type 'ThresholdHistoryEntry | { timestamp: number; resourceId: string; amount: number; thresholds: { min: number; max: number; }; event: "amount_update"; }' is not assignable to type 'ThresholdHistoryEntry'.
    Type '{ timestamp: number; resourceId: string; amount: number; thresholds: { min: number; max: number; }; event: "amount_update"; }' is not assignable to type 'ThresholdHistoryEntry'.
      Types of property 'resourceId' are incompatible.
        Type 'string' is not assignable to type 'ResourceType'.
../../../../src/contexts/ThresholdContext.tsx(152,11): error TS2322: Type 'string' is not assignable to type 'ResourceType'.
../../../../src/contexts/ThresholdContext.tsx(166,9): error TS2322: Type '(ThresholdHistoryEntry | { timestamp: number; resourceId: string; amount: number; thresholds: { min: number; max: number; }; event: "auto_mine_toggle"; })[]' is not assignable to type 'ThresholdHistoryEntry[]'.
  Type 'ThresholdHistoryEntry | { timestamp: number; resourceId: string; amount: number; thresholds: { min: number; max: number; }; event: "auto_mine_toggle"; }' is not assignable to type 'ThresholdHistoryEntry'.
    Type '{ timestamp: number; resourceId: string; amount: number; thresholds: { min: number; max: number; }; event: "auto_mine_toggle"; }' is not assignable to type 'ThresholdHistoryEntry'.
      Types of property 'resourceId' are incompatible.
        Type 'string' is not assignable to type 'ResourceType'.
../../../../src/effects/component_effects/HabitableWorld.tsx(12,14): error TS2304: Cannot find name 'ResourceType'.
../../../../src/effects/component_effects/MineralProcessing.tsx(9,9): error TS2304: Cannot find name 'ResourceType'.
../../../../src/hooks/game/useGameState.ts(48,11): error TS2304: Cannot find name 'ResourceType'.
../../../../src/initialization/moduleFrameworkInit.ts(218,11): error TS2322: Type '{ type: string; amount: number; }[]' is not assignable to type '{ type: ResourceType; amount: number; }[]'.
  Type '{ type: string; amount: number; }' is not assignable to type '{ type: ResourceType; amount: number; }'.
    Types of property 'type' are incompatible.
      Type 'string' is not assignable to type 'ResourceType'.
../../../../src/initialization/moduleFrameworkInit.ts(353,11): error TS2322: Type '"efficiency"' is not assignable to type 'ResourceType'.
../../../../src/initialization/moduleFrameworkInit.ts(371,11): error TS2322: Type '"conversion"' is not assignable to type 'ResourceType'.
../../../../src/initialization/moduleFrameworkInit.ts(388,11): error TS2322: Type '"processing"' is not assignable to type 'ResourceType'.
../../../../src/initialization/moduleFrameworkInit.ts(405,11): error TS2322: Type '"storage"' is not assignable to type 'ResourceType'.
../../../../src/initialization/moduleFrameworkInit.ts(422,11): error TS2322: Type '"automation"' is not assignable to type 'ResourceType'.
../../../../src/lib/ai/ResourceConsumptionPredictor.ts(73,15): error TS2322: Type '{ timestamp: number; resourceType: "MINERALS" | "ENERGY" | "POPULATION" | "RESEARCH" | "PLASMA" | "GAS" | "EXOTIC" | "ORGANIC" | "IRON" | "COPPER" | "TITANIUM" | "URANIUM" | "WATER" | ... 5 more ... | ResourceType; value: number; sessionDuration: number; userActions: number; systemLoad: number; }[]' is not assignable to type 'ConsumptionDataPoint[]'.
  Type '{ timestamp: number; resourceType: "MINERALS" | "ENERGY" | "POPULATION" | "RESEARCH" | "PLASMA" | "GAS" | "EXOTIC" | "ORGANIC" | "IRON" | "COPPER" | "TITANIUM" | "URANIUM" | "WATER" | ... 5 more ... | ResourceType; value: number; sessionDuration: number; userActions: number; systemLoad: number; }' is not assignable to type 'ConsumptionDataPoint'.
    Types of property 'resourceType' are incompatible.
      Type '"MINERALS" | "ENERGY" | "POPULATION" | "RESEARCH" | "PLASMA" | "GAS" | "EXOTIC" | "ORGANIC" | "IRON" | "COPPER" | "TITANIUM" | "URANIUM" | "WATER" | "HELIUM" | "DEUTERIUM" | "ANTIMATTER" | "DARK_MATTER" | "EXOTIC_MATTER" | ResourceType' is not assignable to type 'ResourceType'.
        Type '"MINERALS"' is not assignable to type 'ResourceType'.
../../../../src/managers/colony/ColonyManagerImpl.ts(255,27): error TS2339: Property 'FOOD' does not exist on type 'typeof ResourceType'.
../../../../src/managers/colony/ColonyManagerImpl.ts(553,35): error TS2339: Property 'FOOD' does not exist on type 'typeof ResourceType'.
../../../../src/managers/exploration/ExplorationManagerImpl.ts(38,15): error TS2304: Cannot find name 'ResourceType'.
../../../../src/managers/exploration/ExplorationManagerImpl.ts(52,15): error TS2304: Cannot find name 'ResourceType'.
../../../../src/managers/exploration/ExplorationManagerImpl.ts(219,11): error TS2304: Cannot find name 'ResourceType'.
../../../../src/managers/exploration/ExplorationManagerImpl.ts(220,16): error TS2304: Cannot find name 'ResourceType'.
../../../../src/managers/game/AsteroidFieldManager.ts(293,7): error TS2322: Type '""' is not assignable to type 'ResourceType'.
../../../../src/managers/game/AsteroidFieldManager.ts(331,5): error TS2322: Type 'string' is not assignable to type 'ResourceType'.
../../../../src/managers/mining/MiningShipManager.ts(73,7): error TS2322: Type '"rockBreaker" | "voidDredger"' is not assignable to type 'ResourceType'.
  Type '"rockBreaker"' is not assignable to type 'ResourceType'.
../../../../src/managers/mining/MiningShipManagerImpl.ts(149,7): error TS2322: Type '"rockBreaker" | "voidDredger"' is not assignable to type 'ResourceType'.
  Type '"rockBreaker"' is not assignable to type 'ResourceType'.
../../../../src/managers/resource/AdaptivePerformanceManager.ts(139,9): error TS2322: Type '"MINERALS" | "ENERGY" | "POPULATION" | "RESEARCH" | "PLASMA" | "GAS" | "EXOTIC" | "ORGANIC" | "IRON" | "COPPER" | "TITANIUM" | "URANIUM" | "WATER" | "HELIUM" | "DEUTERIUM" | "ANTIMATTER" | "DARK_MATTER" | "EXOTIC_MATTER" | ResourceType' is not assignable to type 'ResourceType'.
  Type '"MINERALS"' is not assignable to type 'ResourceType'.
../../../../src/managers/resource/AdaptivePerformanceManager.ts(192,57): error TS2345: Argument of type '"MINERALS" | "ENERGY" | "POPULATION" | "RESEARCH" | "PLASMA" | "GAS" | "EXOTIC" | "ORGANIC" | "IRON" | "COPPER" | "TITANIUM" | "URANIUM" | "WATER" | "HELIUM" | "DEUTERIUM" | "ANTIMATTER" | "DARK_MATTER" | "EXOTIC_MATTER" | ResourceType' is not assignable to parameter of type 'ResourceType'.
  Type '"MINERALS"' is not assignable to type 'ResourceType'.
../../../../src/managers/resource/ResourceExchangeManager.ts(213,5): error TS2322: Type '"MINERALS-MINERALS" | "MINERALS-ENERGY" | "MINERALS-POPULATION" | "MINERALS-RESEARCH" | "MINERALS-PLASMA" | "MINERALS-GAS" | "MINERALS-EXOTIC" | "MINERALS-ORGANIC" | "MINERALS-IRON" | ... 314 more ... | "EXOTIC_MATTER-EXOTIC_MATTER"' is not assignable to type 'ResourceType'.
  Type '"MINERALS-MINERALS"' is not assignable to type 'ResourceType'.
../../../../src/managers/resource/ResourcePoolManager.ts(206,7): error TS2740: Type 'Map<ResourceType, number>' is missing the following properties from type 'Record<ResourceType, number>': MINERALS, ENERGY, POPULATION, RESEARCH, and 14 more.
../../../../src/managers/resource/ResourcePoolManager.ts(210,42): error TS2339: Property 'get' does not exist on type 'Record<ResourceType, number>'.
../../../../src/managers/resource/ResourcePoolManager.ts(211,20): error TS2339: Property 'set' does not exist on type 'Record<ResourceType, number>'.
../../../../src/managers/resource/ResourcePoolManager.ts(226,42): error TS2339: Property 'get' does not exist on type 'Record<ResourceType, number>'.
../../../../src/managers/resource/ResourcePoolManager.ts(232,20): error TS2339: Property 'set' does not exist on type 'Record<ResourceType, number>'.
../../../../src/managers/resource/ResourcePoolManager.ts(289,45): error TS2339: Property 'get' does not exist on type 'Record<ResourceType, number>'.
../../../../src/managers/resource/ResourcePoolManager.ts(336,11): error TS2740: Type 'Map<ResourceType, number>' is missing the following properties from type 'Record<ResourceType, ResourceState>': MINERALS, ENERGY, POPULATION, RESEARCH, and 14 more.
../../../../src/managers/resource/ResourcePoolManager.ts(340,51): error TS2339: Property 'get' does not exist on type 'Record<ResourceType, ResourceState>'.
../../../../src/managers/resource/ResourcePoolManager.ts(341,29): error TS2339: Property 'set' does not exist on type 'Record<ResourceType, ResourceState>'.
../../../../src/managers/resource/ResourcePoolManager.ts(347,24): error TS2339: Property 'set' does not exist on type 'Record<ResourceType, number>'.
../../../../src/managers/resource/ResourcePoolManager.ts(497,51): error TS2339: Property 'get' does not exist on type 'Record<ResourceType, ResourceState>'.
../../../../src/managers/resource/ResourcePoolManager.ts(577,64): error TS2339: Property 'type' does not exist on type 'ResourcePool'.
../../../../src/managers/resource/ResourcePoolManager.ts(638,7): error TS2740: Type 'Map<ResourceType, number>' is missing the following properties from type 'Record<ResourceType, ResourceState>': MINERALS, ENERGY, POPULATION, RESEARCH, and 14 more.
../../../../src/managers/resource/ResourcePoolManager.ts(642,7): error TS2740: Type 'Map<ResourceType, number>' is missing the following properties from type 'Record<ResourceType, ResourceState>': MINERALS, ENERGY, POPULATION, RESEARCH, and 14 more.
../../../../src/managers/resource/ResourcePoolManager.ts(646,52): error TS2339: Property 'get' does not exist on type 'Record<ResourceType, ResourceState>'.
../../../../src/managers/resource/ResourcePoolManager.ts(653,52): error TS2339: Property 'get' does not exist on type 'Record<ResourceType, ResourceState>'.
../../../../src/managers/resource/ResourcePoolManager.ts(656,31): error TS2339: Property 'set' does not exist on type 'Record<ResourceType, ResourceState>'.
../../../../src/managers/resource/ResourcePoolManager.ts(657,31): error TS2339: Property 'set' does not exist on type 'Record<ResourceType, ResourceState>'.
../../../../src/managers/resource/ResourceThresholdManager.ts(1,10): error TS2300: Duplicate identifier 'ResourceType'.
../../../../src/managers/resource/ResourceThresholdManager.ts(5,3): error TS2724: '"./../../types/resources/ResourceTypes"' has no exported member named 'ResourceAlert'. Did you mean 'ResourceRarity'?
../../../../src/managers/resource/ResourceThresholdManager.ts(8,3): error TS2300: Duplicate identifier 'ResourceType'.
../../../../src/managers/resource/ResourceThresholdManager.ts(244,47): error TS2339: Property 'type' does not exist on type 'ResourceThreshold'.
../../../../src/managers/resource/ResourceThresholdManager.ts(279,70): error TS2339: Property 'type' does not exist on type 'ResourceThreshold'.
../../../../src/managers/resource/ResourceThresholdManager.ts(304,36): error TS2339: Property 'type' does not exist on type 'ResourceThreshold'.
../../../../src/managers/resource/ResourceThresholdManager.ts(328,36): error TS2339: Property 'type' does not exist on type 'ResourceThreshold'.
../../../../src/managers/resource/ResourceThresholdManager.ts(424,38): error TS2339: Property 'type' does not exist on type 'ResourceThreshold'.
../../../../src/managers/resource/ResourceThresholdManager.ts(440,38): error TS2339: Property 'type' does not exist on type 'ResourceThreshold'.
../../../../src/managers/resource/ResourceThresholdManager.ts(456,38): error TS2339: Property 'type' does not exist on type 'ResourceThreshold'.
../../../../src/managers/resource/ResourceThresholdManager.ts(473,71): error TS2339: Property 'type' does not exist on type 'ResourceThreshold'.
../../../../src/managers/resource/ResourceThresholdManager.ts(490,30): error TS2339: Property 'type' does not exist on type 'ResourceThreshold'.
../../../../src/managers/resource/ResourceThresholdManager.ts(492,45): error TS2339: Property 'type' does not exist on type 'ResourceThreshold'.
../../../../src/managers/resource/ResourceTransferManager.tsx(196,16): error TS2304: Cannot find name 'Truck'.
../../../../src/managers/resource/ResourceTransferManager.tsx(200,16): error TS2304: Cannot find name 'ArrowRight'.
../../../../src/managers/ships/ShipHangarManager.ts(91,62): error TS2344: Type 'ShipHangarEvents' does not satisfy the constraint 'Record<string, unknown>'.
  Index signature for type 'string' is missing in type 'ShipHangarEvents'.
../../../../src/managers/ships/StandardShipHangarManager.ts(16,70): error TS2344: Type 'ShipEvents' does not satisfy the constraint 'Record<string, unknown>'.
  Index signature for type 'string' is missing in type 'ShipEvents'.
../../../../src/managers/weapons/WeaponEffectManager.ts(3,30): error TS2307: Cannot find module '../../utils/EventEmitter' or its corresponding type declarations.
../../../../src/managers/weapons/WeaponEffectManager.ts(142,10): error TS2339: Property 'emit' does not exist on type 'WeaponEffectManager'.
../../../../src/managers/weapons/WeaponEffectManager.ts(240,14): error TS2339: Property 'emit' does not exist on type 'WeaponEffectManager'.
../../../../src/managers/weapons/WeaponEffectManager.ts(248,10): error TS2339: Property 'emit' does not exist on type 'WeaponEffectManager'.
../../../../src/managers/weapons/WeaponUpgradeManager.ts(10,30): error TS2307: Cannot find module '../../utils/EventEmitter' or its corresponding type declarations.
../../../../src/managers/weapons/WeaponUpgradeManager.ts(239,10): error TS2339: Property 'emit' does not exist on type 'WeaponUpgradeManager'.
../../../../src/managers/weapons/WeaponUpgradeManager.ts(240,10): error TS2339: Property 'emit' does not exist on type 'WeaponUpgradeManager'.
../../../../src/managers/weapons/WeaponUpgradeManager.ts(327,14): error TS2339: Property 'emit' does not exist on type 'WeaponUpgradeManager'.
../../../../src/managers/weapons/WeaponUpgradeManager.ts(365,10): error TS2339: Property 'on' does not exist on type 'WeaponUpgradeManager'.
../../../../src/managers/weapons/WeaponUpgradeManager.ts(368,14): error TS2339: Property 'off' does not exist on type 'WeaponUpgradeManager'.
../../../../src/managers/weapons/WeaponUpgradeManager.ts(380,10): error TS2339: Property 'emit' does not exist on type 'WeaponUpgradeManager'.
../../../../src/pages/ColonyManagementPage.tsx(13,24): error TS2339: Property 'FOOD' does not exist on type 'typeof ResourceType'.
../../../../src/pages/ColonyManagementPage.tsx(91,28): error TS2339: Property 'FOOD' does not exist on type 'typeof ResourceType'.
../../../../src/pages/ColonyManagementPage.tsx(286,24): error TS2339: Property 'FOOD' does not exist on type 'typeof ResourceType'.
../../../../src/pages/ColonyManagementPage.tsx(320,24): error TS2339: Property 'FOOD' does not exist on type 'typeof ResourceType'.
../../../../src/pages/performance/LongSessionMemoryPage.tsx(15,8): error TS2307: Cannot find module '../../tests/performance/LongSessionMemoryTestSuite' or its corresponding type declarations.
../../../../src/pages/performance/MultitabPerformanceTestPage.tsx(11,41): error TS2307: Cannot find module '../../components/performance/MultitabPerformanceLauncher' or its corresponding type declarations.
../../../../src/pages/performance/MultitabPerformanceTestPage.tsx(12,40): error TS2307: Cannot find module '../../components/performance/MultitabPerformanceResults' or its corresponding type declarations.
../../../../src/pages/performance/MultitabPerformanceTestPage.tsx(13,43): error TS2307: Cannot find module '../../tests/performance/MultitabPerformanceTestSuite' or its corresponding type declarations.
../../../../src/pages/PerformanceAnalysisDashboard.tsx(107,9): error TS2322: Type '{ errorType: "rendering-error"; message: string; timestamp: number; componentId: string; }[]' is not assignable to type 'ErrorData[]'.
  Type '{ errorType: "rendering-error"; message: string; timestamp: number; componentId: string; }' is not assignable to type 'ErrorData'.
    Types of property 'errorType' are incompatible.
      Type '"rendering-error"' is not assignable to type 'ResourceType'.
../../../../src/pages/ResourceRegistryDemo.tsx(103,19): error TS2304: Cannot find name 'ResourceCategory'.
../../../../src/pages/ResourceRegistryDemo.tsx(130,19): error TS2304: Cannot find name 'ResourceCategory'.
../../../../src/pages/ResourceRegistryDemo.tsx(162,38): error TS2304: Cannot find name 'ResourceCategory'.
../../../../src/pages/ResourceRegistryDemo.tsx(171,9): error TS2322: Type 'unknown' is not assignable to type 'ResourceCategory'.
../../../../src/pages/ResourceRegistryDemo.tsx(182,36): error TS18046: 'randomCategory' is of type 'unknown'.
../../../../src/registry/ResourceRegistry.ts(529,23): error TS2322: Type 'string' is not assignable to type 'ResourceType'.
../../../../src/registry/ResourceRegistry.ts(529,46): error TS2322: Type 'string' is not assignable to type 'ResourceType'.
../../../../src/registry/ResourceRegistry.ts(574,23): error TS2322: Type 'string[]' is not assignable to type 'ResourceType[]'.
  Type 'string' is not assignable to type 'ResourceType'.
../../../../src/registry/ResourceRegistryIntegration.ts(8,10): error TS2300: Duplicate identifier 'ResourceType'.
../../../../src/registry/ResourceRegistryIntegration.ts(9,10): error TS2300: Duplicate identifier 'ResourceType'.
../../../../src/registry/ResourceRegistryIntegration.ts(164,24): error TS2304: Cannot find name 'ResourceTypeConverter'.
../../../../src/registry/ResourceRegistryIntegration.ts(182,24): error TS2304: Cannot find name 'ResourceTypeConverter'.
../../../../src/registry/ResourceRegistryIntegration.ts(184,9): error TS2322: Type 'string' is not assignable to type 'ResourceType'.
../../../../src/registry/ResourceRegistryIntegration.ts(200,24): error TS2304: Cannot find name 'ResourceTypeConverter'.
../../../../src/registry/ResourceRegistryIntegration.ts(221,18): error TS2304: Cannot find name 'ResourceTypeConverter'.
../../../../src/registry/ResourceRegistryIntegration.ts(244,18): error TS2304: Cannot find name 'ResourceTypeConverter'.
../../../../src/registry/ResourceRegistryIntegration.ts(275,18): error TS2304: Cannot find name 'ResourceTypeConverter'.
../../../../src/registry/ResourceRegistryIntegration.ts(302,24): error TS2304: Cannot find name 'ResourceTypeConverter'.
../../../../src/registry/ResourceRegistryIntegration.ts(311,24): error TS2304: Cannot find name 'ResourceTypeConverter'.
../../../../src/resource/ResourceSystem.ts(8,3): error TS2724: '"../utils/resources/ResourceTypeConverter"' has no exported member named 'ensureEnumResourceType'. Did you mean 'ensureStringResourceType'?
../../../../src/resource/ResourceSystem.ts(66,14): error TS2417: Class static side 'typeof ResourceSystem' incorrectly extends base class static side 'typeof Singleton'.
  The types returned by 'getInstance()' are incompatible between these types.
    Type 'ResourceSystem' is not assignable to type 'T'.
      'ResourceSystem' is assignable to the constraint of type 'T', but 'T' could be instantiated with a different subtype of constraint 'Singleton<T>'.
../../../../src/resource/ResourceSystem.ts(238,43): error TS2345: Argument of type '"MINERALS" | "ENERGY" | "POPULATION" | "RESEARCH" | "PLASMA" | "GAS" | "EXOTIC" | "ORGANIC" | "IRON" | "COPPER" | "TITANIUM" | "URANIUM" | "WATER" | "HELIUM" | "DEUTERIUM" | "ANTIMATTER" | "DARK_MATTER" | "EXOTIC_MATTER"' is not assignable to parameter of type 'ResourceType'.
  Type '"MINERALS"' is not assignable to type 'ResourceType'.
../../../../src/resource/ResourceSystem.ts(346,46): error TS2345: Argument of type '"MINERALS" | "ENERGY" | "POPULATION" | "RESEARCH" | "PLASMA" | "GAS" | "EXOTIC" | "ORGANIC" | "IRON" | "COPPER" | "TITANIUM" | "URANIUM" | "WATER" | "HELIUM" | "DEUTERIUM" | "ANTIMATTER" | "DARK_MATTER" | "EXOTIC_MATTER"' is not assignable to parameter of type 'ResourceType'.
  Type '"MINERALS"' is not assignable to type 'ResourceType'.
../../../../src/resource/ResourceSystem.ts(375,35): error TS2345: Argument of type '"MINERALS" | "ENERGY" | "POPULATION" | "RESEARCH" | "PLASMA" | "GAS" | "EXOTIC" | "ORGANIC" | "IRON" | "COPPER" | "TITANIUM" | "URANIUM" | "WATER" | "HELIUM" | "DEUTERIUM" | "ANTIMATTER" | "DARK_MATTER" | "EXOTIC_MATTER"' is not assignable to parameter of type 'ResourceType'.
  Type '"MINERALS"' is not assignable to type 'ResourceType'.
../../../../src/resource/ResourceSystem.ts(380,38): error TS2345: Argument of type '"MINERALS" | "ENERGY" | "POPULATION" | "RESEARCH" | "PLASMA" | "GAS" | "EXOTIC" | "ORGANIC" | "IRON" | "COPPER" | "TITANIUM" | "URANIUM" | "WATER" | "HELIUM" | "DEUTERIUM" | "ANTIMATTER" | "DARK_MATTER" | "EXOTIC_MATTER"' is not assignable to parameter of type 'ResourceType'.
  Type '"MINERALS"' is not assignable to type 'ResourceType'.
../../../../src/resource/ResourceSystem.ts(464,51): error TS2345: Argument of type '"MINERALS" | "ENERGY" | "POPULATION" | "RESEARCH" | "PLASMA" | "GAS" | "EXOTIC" | "ORGANIC" | "IRON" | "COPPER" | "TITANIUM" | "URANIUM" | "WATER" | "HELIUM" | "DEUTERIUM" | "ANTIMATTER" | "DARK_MATTER" | "EXOTIC_MATTER"' is not assignable to parameter of type 'ResourceType'.
  Type '"MINERALS"' is not assignable to type 'ResourceType'.
../../../../src/resource/ResourceSystem.ts(466,48): error TS2345: Argument of type '"MINERALS" | "ENERGY" | "POPULATION" | "RESEARCH" | "PLASMA" | "GAS" | "EXOTIC" | "ORGANIC" | "IRON" | "COPPER" | "TITANIUM" | "URANIUM" | "WATER" | "HELIUM" | "DEUTERIUM" | "ANTIMATTER" | "DARK_MATTER" | "EXOTIC_MATTER"' is not assignable to parameter of type 'ResourceType'.
  Type '"MINERALS"' is not assignable to type 'ResourceType'.
../../../../src/resource/ResourceSystem.ts(478,54): error TS2345: Argument of type '"MINERALS" | "ENERGY" | "POPULATION" | "RESEARCH" | "PLASMA" | "GAS" | "EXOTIC" | "ORGANIC" | "IRON" | "COPPER" | "TITANIUM" | "URANIUM" | "WATER" | "HELIUM" | "DEUTERIUM" | "ANTIMATTER" | "DARK_MATTER" | "EXOTIC_MATTER"' is not assignable to parameter of type 'ResourceType'.
  Type '"MINERALS"' is not assignable to type 'ResourceType'.
../../../../src/resource/ResourceSystem.ts(480,51): error TS2345: Argument of type '"MINERALS" | "ENERGY" | "POPULATION" | "RESEARCH" | "PLASMA" | "GAS" | "EXOTIC" | "ORGANIC" | "IRON" | "COPPER" | "TITANIUM" | "URANIUM" | "WATER" | "HELIUM" | "DEUTERIUM" | "ANTIMATTER" | "DARK_MATTER" | "EXOTIC_MATTER"' is not assignable to parameter of type 'ResourceType'.
  Type '"MINERALS"' is not assignable to type 'ResourceType'.
../../../../src/resource/ResourceSystem.ts(495,43): error TS2345: Argument of type '"MINERALS" | "ENERGY" | "POPULATION" | "RESEARCH" | "PLASMA" | "GAS" | "EXOTIC" | "ORGANIC" | "IRON" | "COPPER" | "TITANIUM" | "URANIUM" | "WATER" | "HELIUM" | "DEUTERIUM" | "ANTIMATTER" | "DARK_MATTER" | "EXOTIC_MATTER"' is not assignable to parameter of type 'ResourceType'.
  Type '"MINERALS"' is not assignable to type 'ResourceType'.
../../../../src/resource/ResourceSystem.ts(509,63): error TS2345: Argument of type '"MINERALS" | "ENERGY" | "POPULATION" | "RESEARCH" | "PLASMA" | "GAS" | "EXOTIC" | "ORGANIC" | "IRON" | "COPPER" | "TITANIUM" | "URANIUM" | "WATER" | "HELIUM" | "DEUTERIUM" | "ANTIMATTER" | "DARK_MATTER" | "EXOTIC_MATTER"' is not assignable to parameter of type 'ResourceType'.
  Type '"MINERALS"' is not assignable to type 'ResourceType'.
../../../../src/resource/ResourceSystem.ts(550,45): error TS2345: Argument of type '"MINERALS" | "ENERGY" | "POPULATION" | "RESEARCH" | "PLASMA" | "GAS" | "EXOTIC" | "ORGANIC" | "IRON" | "COPPER" | "TITANIUM" | "URANIUM" | "WATER" | "HELIUM" | "DEUTERIUM" | "ANTIMATTER" | "DARK_MATTER" | "EXOTIC_MATTER"' is not assignable to parameter of type 'ResourceType'.
  Type '"MINERALS"' is not assignable to type 'ResourceType'.
../../../../src/resource/subsystems/ResourceFlowSubsystem.ts(10,3): error TS2724: '"../../utils/resources/ResourceTypeConverter"' has no exported member named 'isStringResourceType'. Did you mean 'toStringResourceType'?
../../../../src/resource/subsystems/ResourceFlowSubsystem.ts(453,36): error TS2345: Argument of type '"MINERALS" | "ENERGY" | "POPULATION" | "RESEARCH" | "PLASMA" | "GAS" | "EXOTIC" | "ORGANIC" | "IRON" | "COPPER" | "TITANIUM" | "URANIUM" | "WATER" | "HELIUM" | "DEUTERIUM" | "ANTIMATTER" | "DARK_MATTER" | "EXOTIC_MATTER" | ResourceType' is not assignable to parameter of type 'ResourceType'.
  Type '"MINERALS"' is not assignable to type 'ResourceType'.
../../../../src/resource/subsystems/ResourceFlowSubsystem.ts(459,36): error TS2345: Argument of type '"MINERALS" | "ENERGY" | "POPULATION" | "RESEARCH" | "PLASMA" | "GAS" | "EXOTIC" | "ORGANIC" | "IRON" | "COPPER" | "TITANIUM" | "URANIUM" | "WATER" | "HELIUM" | "DEUTERIUM" | "ANTIMATTER" | "DARK_MATTER" | "EXOTIC_MATTER" | ResourceType' is not assignable to parameter of type 'ResourceType'.
  Type '"MINERALS"' is not assignable to type 'ResourceType'.
../../../../src/resource/subsystems/ResourceFlowSubsystem.ts(472,21): error TS2304: Cannot find name 'ResourceTypeType'.
../../../../src/resource/subsystems/ResourceFlowSubsystem.ts(476,9): error TS2322: Type '"MINERALS" | "ENERGY" | "POPULATION" | "RESEARCH" | "PLASMA" | "GAS" | "EXOTIC" | "ORGANIC" | "IRON" | "COPPER" | "TITANIUM" | "URANIUM" | "WATER" | "HELIUM" | "DEUTERIUM" | "ANTIMATTER" | "DARK_MATTER" | "EXOTIC_MATTER" | ResourceType' is not assignable to type 'ResourceType'.
  Type '"MINERALS"' is not assignable to type 'ResourceType'.
../../../../src/resource/subsystems/ResourceFlowSubsystem.ts(496,29): error TS2345: Argument of type '"MINERALS" | "ENERGY" | "POPULATION" | "RESEARCH" | "PLASMA" | "GAS" | "EXOTIC" | "ORGANIC" | "IRON" | "COPPER" | "TITANIUM" | "URANIUM" | "WATER" | "HELIUM" | "DEUTERIUM" | "ANTIMATTER" | "DARK_MATTER" | "EXOTIC_MATTER" | ResourceType' is not assignable to parameter of type 'ResourceType'.
  Type '"MINERALS"' is not assignable to type 'ResourceType'.
../../../../src/resource/subsystems/ResourceFlowSubsystem.ts(497,26): error TS2345: Argument of type '"MINERALS" | "ENERGY" | "POPULATION" | "RESEARCH" | "PLASMA" | "GAS" | "EXOTIC" | "ORGANIC" | "IRON" | "COPPER" | "TITANIUM" | "URANIUM" | "WATER" | "HELIUM" | "DEUTERIUM" | "ANTIMATTER" | "DARK_MATTER" | "EXOTIC_MATTER" | ResourceType' is not assignable to parameter of type 'ResourceType'.
  Type '"MINERALS"' is not assignable to type 'ResourceType'.
../../../../src/resource/subsystems/ResourceFlowSubsystem.ts(509,36): error TS2345: Argument of type '"MINERALS" | "ENERGY" | "POPULATION" | "RESEARCH" | "PLASMA" | "GAS" | "EXOTIC" | "ORGANIC" | "IRON" | "COPPER" | "TITANIUM" | "URANIUM" | "WATER" | "HELIUM" | "DEUTERIUM" | "ANTIMATTER" | "DARK_MATTER" | "EXOTIC_MATTER" | ResourceType' is not assignable to parameter of type 'ResourceType'.
  Type '"MINERALS"' is not assignable to type 'ResourceType'.
../../../../src/resource/subsystems/ResourceFlowSubsystem.ts(565,13): error TS2345: Argument of type 'import("/Users/deadcoast/CursorProjects/Galactic_Sprawl/src/resource/subsystems/ResourceFlowSubsystem").FlowNode[]' is not assignable to parameter of type 'import("/Users/deadcoast/CursorProjects/Galactic_Sprawl/src/types/resources/StandardizedResourceTypes").FlowNode[]'.
  Type 'FlowNode' is missing the following properties from type 'FlowNode': name, capacity, currentLoad, status
../../../../src/resource/subsystems/ResourceFlowSubsystem.ts(571,41): error TS2345: Argument of type 'import("/Users/deadcoast/CursorProjects/Galactic_Sprawl/src/utils/workers/ResourceFlowWorkerUtil").FlowOptimizationResult' is not assignable to parameter of type 'import("/Users/deadcoast/CursorProjects/Galactic_Sprawl/src/resource/subsystems/ResourceFlowSubsystem").FlowOptimizationResult'.
  Types of property 'updatedConnections' are incompatible.
    Type 'import("/Users/deadcoast/CursorProjects/Galactic_Sprawl/src/types/resources/ResourceTypes").FlowConnection[]' is not assignable to type 'import("/Users/deadcoast/CursorProjects/Galactic_Sprawl/src/resource/subsystems/ResourceFlowSubsystem").FlowConnection[]'.
      Property 'resourceType' is missing in type 'import("/Users/deadcoast/CursorProjects/Galactic_Sprawl/src/types/resources/ResourceTypes").FlowConnection' but required in type 'import("/Users/deadcoast/CursorProjects/Galactic_Sprawl/src/resource/subsystems/ResourceFlowSubsystem").FlowConnection'.
../../../../src/resource/subsystems/ResourceFlowSubsystem.ts(583,11): error TS2322: Type 'import("/Users/deadcoast/CursorProjects/Galactic_Sprawl/src/utils/workers/ResourceFlowWorkerUtil").FlowOptimizationResult' is not assignable to type 'import("/Users/deadcoast/CursorProjects/Galactic_Sprawl/src/resource/subsystems/ResourceFlowSubsystem").FlowOptimizationResult'.
  Types of property 'updatedConnections' are incompatible.
    Type 'import("/Users/deadcoast/CursorProjects/Galactic_Sprawl/src/types/resources/ResourceTypes").FlowConnection[]' is not assignable to type 'import("/Users/deadcoast/CursorProjects/Galactic_Sprawl/src/resource/subsystems/ResourceFlowSubsystem").FlowConnection[]'.
      Property 'resourceType' is missing in type 'import("/Users/deadcoast/CursorProjects/Galactic_Sprawl/src/types/resources/ResourceTypes").FlowConnection' but required in type 'import("/Users/deadcoast/CursorProjects/Galactic_Sprawl/src/resource/subsystems/ResourceFlowSubsystem").FlowConnection'.
../../../../src/resource/subsystems/ResourceFlowSubsystem.ts(585,11): error TS2322: Type 'import("/Users/deadcoast/CursorProjects/Galactic_Sprawl/src/utils/workers/ResourceFlowWorkerUtil").FlowOptimizationResult' is not assignable to type 'import("/Users/deadcoast/CursorProjects/Galactic_Sprawl/src/resource/subsystems/ResourceFlowSubsystem").FlowOptimizationResult'.
  Types of property 'updatedConnections' are incompatible.
    Type 'import("/Users/deadcoast/CursorProjects/Galactic_Sprawl/src/types/resources/ResourceTypes").FlowConnection[]' is not assignable to type 'import("/Users/deadcoast/CursorProjects/Galactic_Sprawl/src/resource/subsystems/ResourceFlowSubsystem").FlowConnection[]'.
      Property 'resourceType' is missing in type 'import("/Users/deadcoast/CursorProjects/Galactic_Sprawl/src/types/resources/ResourceTypes").FlowConnection' but required in type 'import("/Users/deadcoast/CursorProjects/Galactic_Sprawl/src/resource/subsystems/ResourceFlowSubsystem").FlowConnection'.
../../../../src/resource/subsystems/ResourceFlowSubsystem.ts(930,13): error TS2339: Property 'moduleId' does not exist on type 'unknown'.
../../../../src/resource/subsystems/ResourceFlowSubsystem.ts(930,23): error TS2339: Property 'moduleType' does not exist on type 'unknown'.
../../../../src/resource/subsystems/ResourceFlowSubsystem.ts(930,35): error TS2339: Property 'resources' does not exist on type 'unknown'.
../../../../src/resource/subsystems/ResourceFlowSubsystem.ts(955,13): error TS2339: Property 'moduleId' does not exist on type 'unknown'.
../../../../src/resource/subsystems/ResourceFlowSubsystem.ts(955,23): error TS2339: Property 'changes' does not exist on type 'unknown'.
../../../../src/resource/subsystems/ResourceFlowSubsystem.ts(984,13): error TS2339: Property 'moduleId' does not exist on type 'unknown'.
../../../../src/resource/subsystems/ResourceFlowSubsystem.ts(989,13): error TS2339: Property 'moduleId' does not exist on type 'unknown'.
../../../../src/resource/subsystems/ResourceFlowSubsystem.ts(989,23): error TS2339: Property 'active' does not exist on type 'unknown'.
../../../../src/resource/subsystems/ResourceStorageSubsystem.ts(7,10): error TS2300: Duplicate identifier 'ResourceType'.
../../../../src/resource/subsystems/ResourceStorageSubsystem.ts(8,10): error TS2300: Duplicate identifier 'ResourceType'.
../../../../src/resource/subsystems/ResourceStorageSubsystem.ts(198,24): error TS2304: Cannot find name 'ensureStringResourceType'.
../../../../src/resource/subsystems/ResourceStorageSubsystem.ts(234,23): error TS2304: Cannot find name 'ResourceTypeType'.
../../../../src/resource/subsystems/ResourceStorageSubsystem.ts(276,24): error TS2304: Cannot find name 'ensureStringResourceType'.
../../../../src/resource/subsystems/ResourceStorageSubsystem.ts(751,24): error TS2304: Cannot find name 'ensureStringResourceType'.
../../../../src/resource/subsystems/ResourceStorageSubsystem.ts(761,24): error TS2304: Cannot find name 'ensureStringResourceType'.
../../../../src/resource/subsystems/ResourceStorageSubsystem.ts(792,24): error TS2304: Cannot find name 'ensureStringResourceType'.
../../../../src/resource/subsystems/ResourceStorageSubsystem.ts(829,24): error TS2304: Cannot find name 'ensureStringResourceType'.
../../../../src/resource/subsystems/ResourceStorageSubsystem.ts(841,24): error TS2304: Cannot find name 'ensureStringResourceType'.
../../../../src/resource/subsystems/ResourceStorageSubsystem.ts(858,24): error TS2304: Cannot find name 'ensureStringResourceType'.
../../../../src/resource/subsystems/ResourceStorageSubsystem.ts(874,24): error TS2304: Cannot find name 'ensureStringResourceType'.
../../../../src/resource/subsystems/ResourceThresholdSubsystem.ts(6,10): error TS2300: Duplicate identifier 'ResourceType'.
../../../../src/resource/subsystems/ResourceThresholdSubsystem.ts(7,10): error TS2300: Duplicate identifier 'ResourceType'.
../../../../src/resource/subsystems/ResourceThresholdSubsystem.ts(164,24): error TS2304: Cannot find name 'ensureStringResourceType'.
../../../../src/resource/subsystems/ResourceThresholdSubsystem.ts(169,21): error TS2304: Cannot find name 'ResourceTypeType'.
../../../../src/resource/subsystems/ResourceThresholdSubsystem.ts(196,24): error TS2304: Cannot find name 'ensureStringResourceType'.
../../../../src/resource/subsystems/ResourceThresholdSubsystem.ts(231,24): error TS2304: Cannot find name 'ensureStringResourceType'.
../../../../src/resource/subsystems/ResourceThresholdSubsystem.ts(259,9): error TS2304: Cannot find name 'ensureStringResourceType'.
../../../../src/resource/subsystems/ResourceThresholdSubsystem.ts(266,9): error TS2304: Cannot find name 'ensureStringResourceType'.
../../../../src/resource/subsystems/ResourceThresholdSubsystem.ts(367,24): error TS2304: Cannot find name 'ensureStringResourceType'.
../../../../src/resource/subsystems/ResourceThresholdSubsystem.ts(384,11): error TS2304: Cannot find name 'ensureStringResourceType'.
../../../../src/resource/subsystems/ResourceTransferSubsystem.ts(6,10): error TS2300: Duplicate identifier 'ResourceType'.
../../../../src/resource/subsystems/ResourceTransferSubsystem.ts(7,10): error TS2300: Duplicate identifier 'ResourceType'.
../../../../src/resource/subsystems/ResourceTransferSubsystem.ts(117,24): error TS2304: Cannot find name 'ensureStringResourceType'.
../../../../src/resource/subsystems/ResourceTransferSubsystem.ts(216,24): error TS2304: Cannot find name 'ensureStringResourceType'.
../../../../src/resource/subsystems/ResourceTransferSubsystem.ts(248,39): error TS2304: Cannot find name 'ensureStringResourceType'.
../../../../src/scripts/runNetworkTests.ts(20,8): error TS2307: Cannot find module '../tests/performance/NetworkDegradationTestSuite' or its corresponding type declarations.
../../../../src/services/AnalysisAlgorithmService.ts(1030,7): error TS2339: Property 'algorithm' does not exist on type '{ variables: string[]; clusters?: number | undefined; method?: "kmeans" | "hierarchical" | "dbscan" | undefined; }'.
../../../../src/services/AnalysisAlgorithmService.ts(1031,7): error TS2339: Property 'features' does not exist on type '{ variables: string[]; clusters?: number | undefined; method?: "kmeans" | "hierarchical" | "dbscan" | undefined; }'.
../../../../src/services/AnalysisAlgorithmService.ts(1032,7): error TS2339: Property 'k' does not exist on type '{ variables: string[]; clusters?: number | undefined; method?: "kmeans" | "hierarchical" | "dbscan" | undefined; }'.
../../../../src/services/AnalysisAlgorithmService.ts(1033,7): error TS2339: Property 'maxIterations' does not exist on type '{ variables: string[]; clusters?: number | undefined; method?: "kmeans" | "hierarchical" | "dbscan" | undefined; }'.
../../../../src/services/AnalysisAlgorithmService.ts(1034,7): error TS2339: Property 'distanceMetric' does not exist on type '{ variables: string[]; clusters?: number | undefined; method?: "kmeans" | "hierarchical" | "dbscan" | undefined; }'.
../../../../src/services/AnalysisAlgorithmService.ts(1035,7): error TS2339: Property 'normalize' does not exist on type '{ variables: string[]; clusters?: number | undefined; method?: "kmeans" | "hierarchical" | "dbscan" | undefined; }'.
../../../../src/services/AnalysisAlgorithmService.ts(1064,37): error TS7006: Parameter 'feature' implicitly has an 'any' type.
../../../../src/services/AnalysisAlgorithmService.ts(1122,42): error TS7006: Parameter 'feature' implicitly has an 'any' type.
../../../../src/services/AnalysisAlgorithmService.ts(1157,42): error TS7006: Parameter 'feature' implicitly has an 'any' type.
../../../../src/services/AnalysisAlgorithmService.ts(1157,51): error TS7006: Parameter 'featureIndex' implicitly has an 'any' type.
../../../../src/services/AnalysisAlgorithmService.ts(1469,38): error TS18046: 'stat' is of type 'unknown'.
../../../../src/services/AnalysisAlgorithmService.ts(1469,57): error TS18046: 'stat' is of type 'unknown'.
../../../../src/services/AnalysisAlgorithmService.ts(1470,54): error TS18046: 'b' is of type 'unknown'.
../../../../src/services/AnalysisAlgorithmService.ts(1470,73): error TS18046: 'a' is of type 'unknown'.
../../../../src/services/AnalysisAlgorithmService.ts(1814,9): error TS2322: Type 'number' is not assignable to type 'undefined'.
../../../../src/services/AnalysisAlgorithmService.ts(2084,7): error TS2339: Property 'targetVariable' does not exist on type '{ target: string; features: string[]; method?: "linear" | "randomForest" | "neuralNetwork" | undefined; testSize?: number | undefined; }'.
../../../../src/services/AnalysisAlgorithmService.ts(2086,7): error TS2339: Property 'predictionHorizon' does not exist on type '{ target: string; features: string[]; method?: "linear" | "randomForest" | "neuralNetwork" | undefined; testSize?: number | undefined; }'.
../../../../src/services/AnalysisAlgorithmService.ts(2087,7): error TS2339: Property 'model' does not exist on type '{ target: string; features: string[]; method?: "linear" | "randomForest" | "neuralNetwork" | undefined; testSize?: number | undefined; }'.
../../../../src/services/AnalysisAlgorithmService.ts(2088,7): error TS2339: Property 'testSplit' does not exist on type '{ target: string; features: string[]; method?: "linear" | "randomForest" | "neuralNetwork" | undefined; testSize?: number | undefined; }'.
../../../../src/services/AnalysisAlgorithmService.ts(2089,7): error TS2339: Property 'epochs' does not exist on type '{ target: string; features: string[]; method?: "linear" | "randomForest" | "neuralNetwork" | undefined; testSize?: number | undefined; }'.
../../../../src/services/AnalysisAlgorithmService.ts(2680,11): error TS2588: Cannot assign to 'gradBias2' because it is a constant.
../../../../src/services/AnalysisAlgorithmService.ts(2697,9): error TS2588: Cannot assign to 'bias2' because it is a constant.
../../../../src/services/AnalysisAlgorithmService.ts(3038,17): error TS2304: Cannot find name 'ResourceType'.
../../../../src/services/AnalysisAlgorithmService.ts(3226,75): error TS2304: Cannot find name 'ResourceType'.
../../../../src/services/AnalysisAlgorithmService.ts(3307,74): error TS2304: Cannot find name 'ResourceType'.
../../../../src/services/AnomalyDetectionService.ts(25,7): error TS2417: Class static side 'typeof AnomalyDetectionServiceImpl' incorrectly extends base class static side 'typeof AbstractBaseService'.
  The types returned by 'getInstance()' are incompatible between these types.
    Type 'AnomalyDetectionServiceImpl' is not assignable to type 'T'.
      'AnomalyDetectionServiceImpl' is assignable to the constraint of type 'T', but 'T' could be instantiated with a different subtype of constraint 'Singleton<T>'.
../../../../src/services/APIService.ts(261,27): error TS2684: The 'this' context of type 'typeof APIServiceImpl' is not assignable to method's 'this' of type 'new () => APIServiceImpl'.
  Cannot assign a 'protected' constructor type to a 'public' constructor type.
../../../../src/services/ComponentRegistryService.ts(28,7): error TS2417: Class static side 'typeof ComponentRegistryServiceImpl' incorrectly extends base class static side 'typeof AbstractBaseService'.
  The types returned by 'getInstance()' are incompatible between these types.
    Type 'ComponentRegistryServiceImpl' is not assignable to type 'T'.
      'ComponentRegistryServiceImpl' is assignable to the constraint of type 'T', but 'T' could be instantiated with a different subtype of constraint 'Singleton<T>'.
../../../../src/services/DataCollectionService.ts(17,3): error TS2724: '"../managers/exploration/ExplorationManager"' has no exported member named 'ExplorationEvents'. Did you mean 'ExplorationEvent'?
../../../../src/services/DataCollectionService.ts(986,32): error TS2345: Argument of type 'PropertyType' is not assignable to parameter of type 'string | number | boolean'.
  Type 'string[]' is not assignable to type 'string | number | boolean'.
../../../../src/services/DataCollectionService.ts(988,18): error TS2345: Argument of type 'PropertyType' is not assignable to parameter of type 'string | number | boolean'.
  Type 'string[]' is not assignable to type 'string | number | boolean'.
../../../../src/services/ErrorLoggingService.ts(140,36): error TS2684: The 'this' context of type 'typeof ErrorLoggingServiceImpl' is not assignable to method's 'this' of type 'new () => ErrorLoggingServiceImpl'.
  Cannot assign a 'protected' constructor type to a 'public' constructor type.
../../../../src/services/EventPropagationService.ts(10,7): error TS2417: Class static side 'typeof EventPropagationServiceImpl' incorrectly extends base class static side 'typeof AbstractBaseService'.
  The types returned by 'getInstance()' are incompatible between these types.
    Type 'EventPropagationServiceImpl' is not assignable to type 'T'.
      'EventPropagationServiceImpl' is assignable to the constraint of type 'T', but 'T' could be instantiated with a different subtype of constraint 'Singleton<T>'.
../../../../src/services/RealTimeDataService.ts(41,7): error TS2417: Class static side 'typeof RealTimeDataServiceImpl' incorrectly extends base class static side 'typeof AbstractBaseService'.
  The types returned by 'getInstance()' are incompatible between these types.
    Type 'RealTimeDataServiceImpl' is not assignable to type 'T'.
      'RealTimeDataServiceImpl' is assignable to the constraint of type 'T', but 'T' could be instantiated with a different subtype of constraint 'Singleton<T>'.
../../../../src/services/RecoveryService.ts(39,7): error TS2417: Class static side 'typeof RecoveryServiceImpl' incorrectly extends base class static side 'typeof AbstractBaseService'.
  The types returned by 'getInstance()' are incompatible between these types.
    Type 'RecoveryServiceImpl' is not assignable to type 'T'.
      'RecoveryServiceImpl' is assignable to the constraint of type 'T', but 'T' could be instantiated with a different subtype of constraint 'Singleton<T>'.
../../../../src/services/telemetry/SessionPerformanceTracker.ts(92,11): error TS2430: Interface 'NavigatorExtended' incorrectly extends interface 'Navigator'.
  Types of property 'connection' are incompatible.
    Type '{ effectiveType?: string | undefined; type?: string | undefined; } | undefined' is not assignable to type '{ saveData: boolean; } | undefined'.
      Property 'saveData' is missing in type '{ effectiveType?: string | undefined; type?: string | undefined; }' but required in type '{ saveData: boolean; }'.
../../../../src/services/telemetry/SessionPerformanceTracker.ts(280,45): error TS2554: Expected 2 arguments, but got 1.
../../../../src/services/telemetry/SessionPerformanceTracker.ts(295,13): error TS2322: Type 'string' is not assignable to type 'ResourceType'.
../../../../src/services/WorkerService.ts(28,7): error TS2417: Class static side 'typeof WorkerServiceImpl' incorrectly extends base class static side 'typeof AbstractBaseService'.
  The types returned by 'getInstance()' are incompatible between these types.
    Type 'WorkerServiceImpl' is not assignable to type 'T'.
      'WorkerServiceImpl' is assignable to the constraint of type 'T', but 'T' could be instantiated with a different subtype of constraint 'Singleton<T>'.
../../../../src/systems/exploration/DiscoveryClassification.ts(57,18): error TS2339: Property 'enhanceAnalysis' does not exist on type 'DiscoveryClassification'.
../../../../src/systems/exploration/DiscoveryClassification.ts(93,52): error TS2345: Argument of type '{ type: DiscoveryType; confidence: number; details: { resourceType: ResourceType; estimatedQuantity: number; extractionDifficulty: number; qualityIndicators: QualityIndicators; }; }' is not assignable to parameter of type 'ClassificationResult'.
  Type '{ type: DiscoveryType; confidence: number; details: { resourceType: ResourceType; estimatedQuantity: number; extractionDifficulty: number; qualityIndicators: QualityIndicators; }; }' is missing the following properties from type 'ClassificationResult': timestamp, analysisTime, enhancementApplied
../../../../src/systems/exploration/DiscoveryClassification.ts(94,5): error TS2739: Type '{ type: DiscoveryType; confidence: number; details: { resourceType: ResourceType; estimatedQuantity: number; extractionDifficulty: number; qualityIndicators: QualityIndicators; }; }' is missing the following properties from type 'ClassificationResult': timestamp, analysisTime, enhancementApplied
../../../../src/systems/exploration/DiscoveryClassification.ts(154,36): error TS2339: Property 'analyzeResourceSignature' does not exist on type 'DiscoveryClassification'.
../../../../src/systems/exploration/DiscoveryClassification.ts(155,38): error TS2339: Property 'analyzeComposition' does not exist on type 'DiscoveryClassification'.
../../../../src/systems/exploration/DiscoveryClassification.ts(333,19): error TS2339: Property 'publish' does not exist on type 'EventBus<BaseEvent>'.
../../../../src/types/buildings/ModuleTypes.ts(30,18): error TS2694: Namespace '"/Users/deadcoast/CursorProjects/Galactic_Sprawl/src/types/resources/ResourceTypes".ResourceType' has no exported member 'FOOD'.
../../../../src/types/common/VectorTypes.ts(85,17): error TS2339: Property 'x' does not exist on type 'never'.
../../../../src/types/common/VectorTypes.ts(86,17): error TS2339: Property 'y' does not exist on type 'never'.
../../../../src/types/common/VectorTypes.ts(87,17): error TS2339: Property 'z' does not exist on type 'never'.
../../../../src/types/common/VectorTypes.ts(92,17): error TS2339: Property 'x' does not exist on type 'never'.
../../../../src/types/common/VectorTypes.ts(93,17): error TS2339: Property 'y' does not exist on type 'never'.
../../../../src/types/common/VectorTypes.ts(94,17): error TS2339: Property 'z' does not exist on type 'never'.
../../../../src/types/common/VectorTypes.ts(95,17): error TS2339: Property 'w' does not exist on type 'never'.
../../../../src/types/common/VectorTypes.ts(114,38): error TS2339: Property 'x' does not exist on type 'never'.
../../../../src/types/common/VectorTypes.ts(114,62): error TS2339: Property 'y' does not exist on type 'never'.
../../../../src/types/common/VectorTypes.ts(114,86): error TS2339: Property 'z' does not exist on type 'never'.
../../../../src/types/common/VectorTypes.ts(118,23): error TS2339: Property 'x' does not exist on type 'never'.
../../../../src/types/common/VectorTypes.ts(118,47): error TS2339: Property 'y' does not exist on type 'never'.
../../../../src/types/common/VectorTypes.ts(118,71): error TS2339: Property 'z' does not exist on type 'never'.
../../../../src/types/common/VectorTypes.ts(118,95): error TS2339: Property 'w' does not exist on type 'never'.
../../../../src/types/config/TypeSafeConfig.ts(152,51): error TS2345: Argument of type 'unknown' is not assignable to parameter of type 'ConfigItem<ZodType<any, ZodTypeDef, any>>'.
../../../../src/types/config/TypeSafeConfig.ts(290,51): error TS2345: Argument of type '{}' is not assignable to parameter of type 'string'.
../../../../src/types/config/TypeSafeConfig.ts(301,54): error TS2345: Argument of type '{}' is not assignable to parameter of type 'string'.
../../../../src/types/config/TypeSafeConfig.ts(506,3): error TS2322: Type 'unknown' is not assignable to type 'Omit<FeatureFlag, "key" | "defaultValue">'.
../../../../src/types/exploration/unified/ExplorationTypes.ts(700,3): error TS2484: Export declaration conflicts with exported declaration of 'ExplorationEntity'.
../../../../src/types/exploration/unified/ExplorationTypes.ts(701,3): error TS2484: Export declaration conflicts with exported declaration of 'Coordinates'.
../../../../src/types/exploration/unified/ExplorationTypes.ts(702,3): error TS2484: Export declaration conflicts with exported declaration of 'Sector'.
../../../../src/types/exploration/unified/ExplorationTypes.ts(703,3): error TS2484: Export declaration conflicts with exported declaration of 'StarSystem'.
../../../../src/types/exploration/unified/ExplorationTypes.ts(704,3): error TS2484: Export declaration conflicts with exported declaration of 'Planet'.
../../../../src/types/exploration/unified/ExplorationTypes.ts(705,3): error TS2484: Export declaration conflicts with exported declaration of 'Moon'.
../../../../src/types/exploration/unified/ExplorationTypes.ts(706,3): error TS2484: Export declaration conflicts with exported declaration of 'AsteroidBelt'.
../../../../src/types/exploration/unified/ExplorationTypes.ts(707,3): error TS2484: Export declaration conflicts with exported declaration of 'JumpPoint'.
../../../../src/types/exploration/unified/ExplorationTypes.ts(708,3): error TS2484: Export declaration conflicts with exported declaration of 'SpecialFeature'.
../../../../src/types/exploration/unified/ExplorationTypes.ts(709,3): error TS2484: Export declaration conflicts with exported declaration of 'ResourceDeposit'.
../../../../src/types/exploration/unified/ExplorationTypes.ts(710,3): error TS2484: Export declaration conflicts with exported declaration of 'Anomaly'.
../../../../src/types/exploration/unified/ExplorationTypes.ts(711,3): error TS2484: Export declaration conflicts with exported declaration of 'AnomalyComposition'.
../../../../src/types/exploration/unified/ExplorationTypes.ts(712,3): error TS2484: Export declaration conflicts with exported declaration of 'Effect'.
../../../../src/types/exploration/unified/ExplorationTypes.ts(713,3): error TS2484: Export declaration conflicts with exported declaration of 'InvestigationStatus'.
../../../../src/types/exploration/unified/ExplorationTypes.ts(714,3): error TS2484: Export declaration conflicts with exported declaration of 'Finding'.
../../../../src/types/exploration/unified/ExplorationTypes.ts(715,3): error TS2484: Export declaration conflicts with exported declaration of 'PotentialUse'.
../../../../src/types/exploration/unified/ExplorationTypes.ts(716,3): error TS2484: Export declaration conflicts with exported declaration of 'VisualData'.
../../../../src/types/exploration/unified/ExplorationTypes.ts(717,3): error TS2484: Export declaration conflicts with exported declaration of 'EnvironmentalCondition'.
../../../../src/types/exploration/unified/ExplorationTypes.ts(718,3): error TS2484: Export declaration conflicts with exported declaration of 'FactionControl'.
../../../../src/types/exploration/unified/ExplorationTypes.ts(719,3): error TS2484: Export declaration conflicts with exported declaration of 'TradeRoute'.
../../../../src/types/exploration/unified/ExplorationTypes.ts(720,3): error TS2484: Export declaration conflicts with exported declaration of 'AnalysisResult'.
../../../../src/types/exploration/unified/ExplorationTypes.ts(721,3): error TS2484: Export declaration conflicts with exported declaration of 'Insight'.
../../../../src/types/exploration/unified/ExplorationTypes.ts(722,3): error TS2484: Export declaration conflicts with exported declaration of 'ExplorationActivity'.
../../../../src/types/exploration/unified/ExplorationTypes.ts(723,3): error TS2484: Export declaration conflicts with exported declaration of 'ExplorationResult'.
../../../../src/types/exploration/unified/ExplorationTypes.ts(724,3): error TS2484: Export declaration conflicts with exported declaration of 'Reward'.
../../../../src/types/exploration/unified/ExplorationTypes.ts(725,3): error TS2484: Export declaration conflicts with exported declaration of 'MapViewport'.
../../../../src/types/exploration/unified/ExplorationTypes.ts(726,3): error TS2484: Export declaration conflicts with exported declaration of 'MapVisualSettings'.
../../../../src/types/exploration/unified/ExplorationTypes.ts(727,3): error TS2484: Export declaration conflicts with exported declaration of 'MapSelection'.
../../../../src/types/exploration/unified/ExplorationTypes.ts(728,3): error TS2484: Export declaration conflicts with exported declaration of 'ExplorationState'.
../../../../src/types/exploration/unified/ExplorationTypes.ts(729,3): error TS2484: Export declaration conflicts with exported declaration of 'ExplorationContextType'.
../../../../src/types/exploration/unified/ExplorationTypes.ts(730,3): error TS2484: Export declaration conflicts with exported declaration of 'ExplorationEvent'.
../../../../src/types/exploration/unified/ExplorationTypes.ts(735,3): error TS2484: Export declaration conflicts with exported declaration of 'ExplorationStatus'.
../../../../src/types/exploration/unified/ExplorationTypes.ts(736,3): error TS2484: Export declaration conflicts with exported declaration of 'StarType'.
../../../../src/types/exploration/unified/ExplorationTypes.ts(737,3): error TS2484: Export declaration conflicts with exported declaration of 'PlanetType'.
../../../../src/types/exploration/unified/ExplorationTypes.ts(738,3): error TS2484: Export declaration conflicts with exported declaration of 'JumpPointStatus'.
../../../../src/types/exploration/unified/ExplorationTypes.ts(739,3): error TS2484: Export declaration conflicts with exported declaration of 'SpecialFeatureType'.
../../../../src/types/exploration/unified/ExplorationTypes.ts(740,3): error TS2484: Export declaration conflicts with exported declaration of 'AnomalyType'.
../../../../src/types/exploration/unified/ExplorationTypes.ts(741,3): error TS2484: Export declaration conflicts with exported declaration of 'EffectType'.
../../../../src/types/exploration/unified/ExplorationTypes.ts(742,3): error TS2484: Export declaration conflicts with exported declaration of 'InvestigationStage'.
../../../../src/types/exploration/unified/ExplorationTypes.ts(743,3): error TS2484: Export declaration conflicts with exported declaration of 'FindingCategory'.
../../../../src/types/exploration/unified/ExplorationTypes.ts(744,3): error TS2484: Export declaration conflicts with exported declaration of 'DangerLevel'.
../../../../src/types/exploration/unified/ExplorationTypes.ts(745,3): error TS2484: Export declaration conflicts with exported declaration of 'EnvironmentalConditionType'.
../../../../src/types/exploration/unified/ExplorationTypes.ts(746,3): error TS2484: Export declaration conflicts with exported declaration of 'Disposition'.
../../../../src/types/exploration/unified/ExplorationTypes.ts(747,3): error TS2484: Export declaration conflicts with exported declaration of 'AnalysisType'.
../../../../src/types/exploration/unified/ExplorationTypes.ts(748,3): error TS2484: Export declaration conflicts with exported declaration of 'ExplorationActivityType'.
../../../../src/types/exploration/unified/ExplorationTypes.ts(749,3): error TS2484: Export declaration conflicts with exported declaration of 'RewardType'.
../../../../src/types/exploration/unified/ExplorationTypes.ts(750,3): error TS2484: Export declaration conflicts with exported declaration of 'DetailLevel'.
../../../../src/types/exploration/unified/ExplorationTypes.ts(751,3): error TS2484: Export declaration conflicts with exported declaration of 'MapTheme'.
../../../../src/types/exploration/unified/ExplorationTypes.ts(752,3): error TS2484: Export declaration conflicts with exported declaration of 'ExplorationEventType'.
../../../../src/types/exploration/unified/ExplorationTypeUtils.ts(34,17): error TS2323: Cannot redeclare exported variable 'dataPointToCoordinates'.
../../../../src/types/exploration/unified/ExplorationTypeUtils.ts(48,17): error TS2323: Cannot redeclare exported variable 'dataPointToAnomaly'.
../../../../src/types/exploration/unified/ExplorationTypeUtils.ts(70,5): error TS2322: Type '{} | undefined' is not assignable to type 'VisualData | undefined'.
  Type '{}' is missing the following properties from type 'VisualData': primaryColor, secondaryColor, pattern, intensity, and 2 more.
../../../../src/types/exploration/unified/ExplorationTypeUtils.ts(77,17): error TS2323: Cannot redeclare exported variable 'dataPointToResourceDeposit'.
../../../../src/types/exploration/unified/ExplorationTypeUtils.ts(93,17): error TS2323: Cannot redeclare exported variable 'dataPointToSector'.
../../../../src/types/exploration/unified/ExplorationTypeUtils.ts(94,3): error TS2741: Property 'accessibility' is missing in type '{ id: string; name: string; type: "sector"; discoveredAt: number; coordinates: Coordinates; explorationStatus: ExplorationStatus.DETECTED; systems: never[]; resources: never[]; anomalies: never[]; tradeRoutes: never[]; dangerLevel: DangerLevel; environmentalConditions: never[]; }' but required in type 'Sector'.
../../../../src/types/exploration/unified/ExplorationTypeUtils.ts(113,17): error TS2323: Cannot redeclare exported variable 'anomalyToDataPoint'.
../../../../src/types/exploration/unified/ExplorationTypeUtils.ts(128,7): error TS2322: Type 'number | undefined' is not assignable to type 'string | number | boolean | string[]'.
  Type 'undefined' is not assignable to type 'string | number | boolean | string[]'.
../../../../src/types/exploration/unified/ExplorationTypeUtils.ts(129,7): error TS2322: Type 'string | undefined' is not assignable to type 'string | number | boolean | string[]'.
  Type 'undefined' is not assignable to type 'string | number | boolean | string[]'.
../../../../src/types/exploration/unified/ExplorationTypeUtils.ts(130,7): error TS2322: Type 'string | undefined' is not assignable to type 'string | number | boolean | string[]'.
  Type 'undefined' is not assignable to type 'string | number | boolean | string[]'.
../../../../src/types/exploration/unified/ExplorationTypeUtils.ts(131,7): error TS2322: Type 'VisualData | undefined' is not assignable to type 'string | number | boolean | string[]'.
  Type 'undefined' is not assignable to type 'string | number | boolean | string[]'.
../../../../src/types/exploration/unified/ExplorationTypeUtils.ts(139,17): error TS2323: Cannot redeclare exported variable 'resourceDepositToDataPoint'.
../../../../src/types/exploration/unified/ExplorationTypeUtils.ts(154,7): error TS2322: Type 'number | undefined' is not assignable to type 'string | number | boolean | string[]'.
  Type 'undefined' is not assignable to type 'string | number | boolean | string[]'.
../../../../src/types/exploration/unified/ExplorationTypeUtils.ts(155,7): error TS2322: Type 'string | undefined' is not assignable to type 'string | number | boolean | string[]'.
  Type 'undefined' is not assignable to type 'string | number | boolean | string[]'.
../../../../src/types/exploration/unified/ExplorationTypeUtils.ts(156,7): error TS2322: Type 'string | undefined' is not assignable to type 'string | number | boolean | string[]'.
  Type 'undefined' is not assignable to type 'string | number | boolean | string[]'.
../../../../src/types/exploration/unified/ExplorationTypeUtils.ts(164,17): error TS2323: Cannot redeclare exported variable 'sectorToDataPoint'.
../../../../src/types/exploration/unified/ExplorationTypeUtils.ts(179,7): error TS2322: Type 'number | undefined' is not assignable to type 'string | number | boolean | string[]'.
  Type 'undefined' is not assignable to type 'string | number | boolean | string[]'.
../../../../src/types/exploration/unified/ExplorationTypeUtils.ts(180,7): error TS2322: Type 'string | undefined' is not assignable to type 'string | number | boolean | string[]'.
  Type 'undefined' is not assignable to type 'string | number | boolean | string[]'.
../../../../src/types/exploration/unified/ExplorationTypeUtils.ts(181,7): error TS2322: Type 'string | undefined' is not assignable to type 'string | number | boolean | string[]'.
  Type 'undefined' is not assignable to type 'string | number | boolean | string[]'.
../../../../src/types/exploration/unified/ExplorationTypeUtils.ts(265,17): error TS2323: Cannot redeclare exported variable 'createDefaultEffect'.
../../../../src/types/exploration/unified/ExplorationTypeUtils.ts(329,17): error TS2323: Cannot redeclare exported variable 'createDefaultAnalysisResult'.
../../../../src/types/exploration/unified/ExplorationTypeUtils.ts(348,17): error TS2323: Cannot redeclare exported variable 'filterByExplorationStatus'.
../../../../src/types/exploration/unified/ExplorationTypeUtils.ts(358,17): error TS2323: Cannot redeclare exported variable 'sortByDiscoveryDate'.
../../../../src/types/exploration/unified/ExplorationTypeUtils.ts(370,17): error TS2323: Cannot redeclare exported variable 'calculateDistance'.
../../../../src/types/exploration/unified/ExplorationTypeUtils.ts(381,17): error TS2323: Cannot redeclare exported variable 'findNearestEntities'.
../../../../src/types/exploration/unified/ExplorationTypeUtils.ts(399,17): error TS2323: Cannot redeclare exported variable 'createEmptyExplorationState'.
../../../../src/types/exploration/unified/ExplorationTypeUtils.ts(416,3): error TS2323: Cannot redeclare exported variable 'dataPointToCoordinates'.
../../../../src/types/exploration/unified/ExplorationTypeUtils.ts(416,3): error TS2484: Export declaration conflicts with exported declaration of 'dataPointToCoordinates'.
../../../../src/types/exploration/unified/ExplorationTypeUtils.ts(417,3): error TS2323: Cannot redeclare exported variable 'dataPointToAnomaly'.
../../../../src/types/exploration/unified/ExplorationTypeUtils.ts(417,3): error TS2484: Export declaration conflicts with exported declaration of 'dataPointToAnomaly'.
../../../../src/types/exploration/unified/ExplorationTypeUtils.ts(418,3): error TS2323: Cannot redeclare exported variable 'dataPointToResourceDeposit'.
../../../../src/types/exploration/unified/ExplorationTypeUtils.ts(418,3): error TS2484: Export declaration conflicts with exported declaration of 'dataPointToResourceDeposit'.
../../../../src/types/exploration/unified/ExplorationTypeUtils.ts(419,3): error TS2323: Cannot redeclare exported variable 'dataPointToSector'.
../../../../src/types/exploration/unified/ExplorationTypeUtils.ts(419,3): error TS2484: Export declaration conflicts with exported declaration of 'dataPointToSector'.
../../../../src/types/exploration/unified/ExplorationTypeUtils.ts(420,3): error TS2323: Cannot redeclare exported variable 'anomalyToDataPoint'.
../../../../src/types/exploration/unified/ExplorationTypeUtils.ts(420,3): error TS2484: Export declaration conflicts with exported declaration of 'anomalyToDataPoint'.
../../../../src/types/exploration/unified/ExplorationTypeUtils.ts(421,3): error TS2323: Cannot redeclare exported variable 'resourceDepositToDataPoint'.
../../../../src/types/exploration/unified/ExplorationTypeUtils.ts(421,3): error TS2484: Export declaration conflicts with exported declaration of 'resourceDepositToDataPoint'.
../../../../src/types/exploration/unified/ExplorationTypeUtils.ts(422,3): error TS2323: Cannot redeclare exported variable 'sectorToDataPoint'.
../../../../src/types/exploration/unified/ExplorationTypeUtils.ts(422,3): error TS2484: Export declaration conflicts with exported declaration of 'sectorToDataPoint'.
../../../../src/types/exploration/unified/ExplorationTypeUtils.ts(426,3): error TS2323: Cannot redeclare exported variable 'createDefaultEffect'.
../../../../src/types/exploration/unified/ExplorationTypeUtils.ts(426,3): error TS2484: Export declaration conflicts with exported declaration of 'createDefaultEffect'.
../../../../src/types/exploration/unified/ExplorationTypeUtils.ts(427,3): error TS2323: Cannot redeclare exported variable 'createDefaultAnalysisResult'.
../../../../src/types/exploration/unified/ExplorationTypeUtils.ts(427,3): error TS2484: Export declaration conflicts with exported declaration of 'createDefaultAnalysisResult'.
../../../../src/types/exploration/unified/ExplorationTypeUtils.ts(428,3): error TS2323: Cannot redeclare exported variable 'filterByExplorationStatus'.
../../../../src/types/exploration/unified/ExplorationTypeUtils.ts(428,3): error TS2484: Export declaration conflicts with exported declaration of 'filterByExplorationStatus'.
../../../../src/types/exploration/unified/ExplorationTypeUtils.ts(429,3): error TS2323: Cannot redeclare exported variable 'sortByDiscoveryDate'.
../../../../src/types/exploration/unified/ExplorationTypeUtils.ts(429,3): error TS2484: Export declaration conflicts with exported declaration of 'sortByDiscoveryDate'.
../../../../src/types/exploration/unified/ExplorationTypeUtils.ts(430,3): error TS2323: Cannot redeclare exported variable 'calculateDistance'.
../../../../src/types/exploration/unified/ExplorationTypeUtils.ts(430,3): error TS2484: Export declaration conflicts with exported declaration of 'calculateDistance'.
../../../../src/types/exploration/unified/ExplorationTypeUtils.ts(431,3): error TS2323: Cannot redeclare exported variable 'findNearestEntities'.
../../../../src/types/exploration/unified/ExplorationTypeUtils.ts(431,3): error TS2484: Export declaration conflicts with exported declaration of 'findNearestEntities'.
../../../../src/types/exploration/unified/ExplorationTypeUtils.ts(432,3): error TS2323: Cannot redeclare exported variable 'createEmptyExplorationState'.
../../../../src/types/exploration/unified/ExplorationTypeUtils.ts(432,3): error TS2484: Export declaration conflicts with exported declaration of 'createEmptyExplorationState'.
../../../../src/types/resources/ResourcePoolTypes.ts(20,23): error TS2304: Cannot find name 'ResourceState'.
../../../../src/types/resources/ResourceSerializationTypes.ts(37,11): error TS2304: Cannot find name 'ResourceAlert'.
../../../../src/types/resources/ResourceTypes.ts(329,5): error TS2322: Type 'string' is not assignable to type 'ResourceType'.
../../../../src/types/resources/ResourceTypeUtils.ts(17,10): error TS2304: Cannot find name 'ResourceTypeInfo'.
../../../../src/types/resources/ResourceTypeUtils.ts(26,10): error TS2304: Cannot find name 'ResourceTypeInfo'.
../../../../src/types/resources/ResourceTypeUtils.ts(35,10): error TS2304: Cannot find name 'ResourceTypeInfo'.
../../../../src/types/resources/ResourceTypeUtils.ts(43,66): error TS2304: Cannot find name 'ResourceCategory'.
../../../../src/types/resources/ResourceTypeUtils.ts(44,10): error TS2304: Cannot find name 'ResourceTypeInfo'.
../../../../src/types/resources/ResourceTypeUtils.ts(53,10): error TS2304: Cannot find name 'ResourceTypeInfo'.
../../../../src/types/resources/ResourceTypeUtils.ts(61,54): error TS2304: Cannot find name 'ResourceCategory'.
../../../../src/types/resources/ResourceTypeUtils.ts(62,53): error TS2304: Cannot find name 'ResourceTypeInfo'.
../../../../src/types/resources/ResourceTypeUtils.ts(70,37): error TS2304: Cannot find name 'ResourceCategory'.
../../../../src/types/resources/ResourceTypeUtils.ts(78,37): error TS2304: Cannot find name 'ResourceCategory'.
../../../../src/types/resources/ResourceTypeUtils.ts(86,37): error TS2304: Cannot find name 'ResourceCategory'.
../../../../src/types/resources/ResourceTypeUtils.ts(95,10): error TS2304: Cannot find name 'ResourceTypeInfo'.
../../../../src/types/resources/ResourceTypeUtils.ts(95,54): error TS2304: Cannot find name 'ResourceCategory'.
../../../../src/types/resources/ResourceTypeUtils.ts(104,10): error TS2304: Cannot find name 'ResourceTypeInfo'.
../../../../src/types/resources/ResourceTypeUtils.ts(104,54): error TS2304: Cannot find name 'ResourceCategory'.
../../../../src/types/resources/ResourceTypeUtils.ts(113,10): error TS2304: Cannot find name 'ResourceTypeInfo'.
../../../../src/types/resources/ResourceTypeUtils.ts(113,54): error TS2304: Cannot find name 'ResourceCategory'.
../../../../src/types/resources/ResourceTypeUtils.ts(123,9): error TS2741: Property '[ResourceType.ORGANIC]' is missing in type '{ MINERALS: string; ENERGY: string; POPULATION: string; RESEARCH: string; PLASMA: string; GAS: string; EXOTIC: string; IRON: string; COPPER: string; TITANIUM: string; URANIUM: string; WATER: string; ... 4 more ...; EXOTIC_MATTER: string; }' but required in type 'Record<ResourceType, string>'.
../../../../src/types/resources/ResourceTypeUtils.ts(143,3): error TS2322: Type 'string' is not assignable to type 'ResourceType'.
../../../../src/types/resources/ResourceTypeUtils.ts(153,9): error TS2741: Property '[ResourceType.ORGANIC]' is missing in type '{ MINERALS: string; ENERGY: string; POPULATION: string; RESEARCH: string; PLASMA: string; GAS: string; EXOTIC: string; IRON: string; COPPER: string; TITANIUM: string; URANIUM: string; WATER: string; ... 4 more ...; EXOTIC_MATTER: string; }' but required in type 'Record<ResourceType, string>'.
../../../../src/types/resources/ResourceTypeUtils.ts(173,3): error TS2322: Type 'string' is not assignable to type 'ResourceType'.
../../../../src/types/resources/ResourceTypeUtils.ts(183,9): error TS2741: Property '[ResourceType.ORGANIC]' is missing in type '{ MINERALS: string; ENERGY: string; POPULATION: string; RESEARCH: string; PLASMA: string; GAS: string; EXOTIC: string; IRON: string; COPPER: string; TITANIUM: string; URANIUM: string; WATER: string; ... 4 more ...; EXOTIC_MATTER: string; }' but required in type 'Record<ResourceType, string>'.
../../../../src/types/resources/ResourceTypeUtils.ts(203,3): error TS2322: Type 'string' is not assignable to type 'ResourceType'.
../../../../src/types/resources/ResourceTypeUtils.ts(215,5): error TS2322: Type '`${string}M`' is not assignable to type 'ResourceType'.
../../../../src/types/resources/ResourceTypeUtils.ts(217,5): error TS2322: Type '`${string}K`' is not assignable to type 'ResourceType'.
../../../../src/types/resources/ResourceTypeUtils.ts(219,5): error TS2322: Type 'string' is not assignable to type 'ResourceType'.
../../../../src/types/resources/ResourceTypeUtils.ts(221,5): error TS2322: Type 'string' is not assignable to type 'ResourceType'.
../../../../src/types/shared/index.ts(32,9): error TS2304: Cannot find name 'ResourceType'.
../../../../src/types/state/TypeSafeStateManagement.ts(82,7): error TS2322: Type 'ActionCreator<string, T[K]>' is not assignable to type 'ActionCreator<string, unknown> | SimpleActionCreator<string>'.
  Type 'ActionCreator<string, T[K]>' is not assignable to type 'ActionCreator<string, unknown>'.
    Types of parameters 'payload' and 'payload' are incompatible.
      Type 'unknown' is not assignable to type 'T[K]'.
        'unknown' is assignable to the constraint of type 'T[K]', but 'T[K]' could be instantiated with a different subtype of constraint 'unknown'.
../../../../src/types/state/TypeSafeStateManagement.ts(111,5): error TS2322: Type 'unknown' is not assignable to type '((state: S, action: unknown) => S) | undefined'.
../../../../src/types/state/TypeSafeStateManagement.ts(122,5): error TS7053: Element implicitly has an 'any' type because expression of type '"DEFAULT"' can't be used to index type 'Partial<Record<A["type"], (state: S, action: unknown) => S>>'.
  Property 'DEFAULT' does not exist on type 'Partial<Record<A["type"], (state: S, action: unknown) => S>>'.
../../../../src/types/state/TypeSafeStateManagement.ts(122,33): error TS7006: Parameter 'state' implicitly has an 'any' type.
../../../../src/types/state/TypeSafeStateManagement.ts(133,23): error TS7053: Element implicitly has an 'any' type because expression of type 'string' can't be used to index type 'Partial<Record<A["type"], (state: S, action: unknown) => S>>'.
  No index signature with a parameter of type 'string' was found on type 'Partial<Record<A["type"], (state: S, action: unknown) => S>>'.
../../../../src/types/state/TypeSafeStateManagement.ts(133,53): error TS7053: Element implicitly has an 'any' type because expression of type '"DEFAULT"' can't be used to index type 'Partial<Record<A["type"], (state: S, action: unknown) => S>>'.
  Property 'DEFAULT' does not exist on type 'Partial<Record<A["type"], (state: S, action: unknown) => S>>'.
../../../../src/types/state/TypeSafeStateManagement.ts(202,21): error TS7053: Element implicitly has an 'any' type because expression of type 'string' can't be used to index type 'Record<A["type"], (state: S, action: A) => S>'.
  No index signature with a parameter of type 'string' was found on type 'Record<A["type"], (state: S, action: A) => S>'.
../../../../src/types/state/TypeSafeStateManagement.ts(214,56): error TS2345: Argument of type 'Action<string>' is not assignable to parameter of type 'A'.
  'Action<string>' is assignable to the constraint of type 'A', but 'A' could be instantiated with a different subtype of constraint 'Action<string>'.
../../../../src/types/state/TypeSafeStateManagement.ts(330,20): error TS2339: Property 'payload' does not exist on type 'Action<string>'.
../../../../src/types/state/TypeSafeStateManagement.ts(336,21): error TS2339: Property 'payload' does not exist on type 'Action<string>'.
../../../../src/types/visualizations/D3DragTypes.ts(96,10): error TS2769: No overload matches this call.
  Overload 1 of 3, '(accessor: ValueFn<ContainerElement, Datum, DragContainerElement>): DragBehavior<ContainerElement, Datum, ParentDatum>', gave the following error.
    Type 'ContainerElement' is not assignable to type 'DragContainerElement'.
      Type 'Element' is not assignable to type 'DragContainerElement'.
        Type 'Element' is missing the following properties from type 'SVGGElement': transform, getBBox, getCTM, getScreenCTM, and 106 more.
          Type 'ContainerElement' is not assignable to type 'SVGGElement'.
            Type 'Element' is missing the following properties from type 'SVGGElement': transform, getBBox, getCTM, getScreenCTM, and 106 more.
  Overload 2 of 3, '(container: DragContainerElement): DragBehavior<ContainerElement, Datum, ParentDatum>', gave the following error.
    Argument of type '() => ContainerElement' is not assignable to parameter of type 'DragContainerElement'.
../../../../src/types/visualizations/D3DragTypes.ts(100,62): error TS2345: Argument of type 'unknown' is not assignable to parameter of type 'Event'.
../../../../src/types/visualizations/D3DragTypes.ts(129,19): error TS2339: Property 'fx' does not exist on type 'object'.
../../../../src/types/visualizations/D3DragTypes.ts(129,38): error TS2339: Property 'x' does not exist on type 'object'.
../../../../src/types/visualizations/D3DragTypes.ts(130,19): error TS2339: Property 'fy' does not exist on type 'object'.
../../../../src/types/visualizations/D3DragTypes.ts(130,38): error TS2339: Property 'y' does not exist on type 'object'.
../../../../src/types/visualizations/D3DragTypes.ts(140,19): error TS2339: Property 'fx' does not exist on type 'object'.
../../../../src/types/visualizations/D3DragTypes.ts(141,19): error TS2339: Property 'fy' does not exist on type 'object'.
../../../../src/types/visualizations/D3DragTypes.ts(152,19): error TS2339: Property 'fx' does not exist on type 'object'.
../../../../src/types/visualizations/D3DragTypes.ts(153,19): error TS2339: Property 'fy' does not exist on type 'object'.
../../../../src/types/visualizations/D3DragTypes.ts(209,11): error TS2571: Object is of type 'unknown'.
../../../../src/types/visualizations/D3DragTypes.ts(213,11): error TS2571: Object is of type 'unknown'.
../../../../src/types/visualizations/D3DragTypes.ts(267,25): error TS2345: Argument of type 'unknown' is not assignable to parameter of type '(selection: Selection<GElement, Datum, PElement, PDatum>) => void'.
../../../../src/types/visualizations/D3SelectionTypes.ts(114,31): error TS2345: Argument of type 'unknown' is not assignable to parameter of type 'ValueFn<GElement | PElement, Datum | PDatum, KeyType> | undefined'.
../../../../src/types/visualizations/D3SelectionTypes.ts(144,64): error TS2554: Expected 1-3 arguments, but got 4.
../../../../src/types/visualizations/D3SelectionTypes.ts(235,34): error TS2769: No overload matches this call.
  Overload 1 of 3, '(typenames: string, listener: null): Selection<GElement, Datum, PElement, PDatum>', gave the following error.
    Argument of type '(event: Event, d: Datum, i: number, g: GElement[]) => void' is not assignable to parameter of type 'null'.
  Overload 2 of 3, '(typenames: string, listener: (this: GElement, event: any, d: Datum) => void, options?: any): Selection<GElement, Datum, PElement, PDatum>', gave the following error.
    Argument of type '(event: Event, d: Datum, i: number, g: GElement[]) => void' is not assignable to parameter of type '(this: GElement, event: any, d: Datum) => void'.
      Target signature provides too few arguments. Expected 4 or more, but got 2.
../../../../src/types/visualizations/D3SelectionTypes.ts(277,27): error TS2345: Argument of type 'unknown' is not assignable to parameter of type 'string | number | boolean | readonly (string | number)[] | ValueFn<GElement, Datum, string | number | boolean | readonly (string | number)[] | null> | null'.
../../../../src/types/visualizations/D3SelectionTypes.ts(300,28): error TS2769: No overload matches this call.
  Overload 1 of 4, '(name: string, value: null): Selection<GElement, Datum, PElement, PDatum>', gave the following error.
    Argument of type 'unknown' is not assignable to parameter of type 'null'.
  Overload 2 of 4, '(name: string, value: string | number | boolean, priority?: "important" | null | undefined): Selection<GElement, Datum, PElement, PDatum>', gave the following error.
    Argument of type 'unknown' is not assignable to parameter of type 'string | number | boolean'.
  Overload 3 of 4, '(name: string, value: ValueFn<GElement, Datum, string | number | boolean | null>, priority?: "important" | null | undefined): Selection<GElement, Datum, PElement, PDatum>', gave the following error.
    Argument of type 'unknown' is not assignable to parameter of type 'ValueFn<GElement, Datum, string | number | boolean | null>'.
../../../../src/types/visualizations/D3SelectionTypes.ts(320,22): error TS2345: Argument of type 'unknown' is not assignable to parameter of type 'string | number | boolean | ValueFn<GElement, Datum, string | number | boolean | null> | null'.
../../../../src/types/visualizations/D3SelectionTypes.ts(328,22): error TS2345: Argument of type 'unknown' is not assignable to parameter of type 'string | ValueFn<GElement, Datum, string | null> | null'.
../../../../src/types/visualizations/D3SelectionTypes.ts(347,31): error TS2769: No overload matches this call.
  Overload 1 of 3, '(typenames: string, listener: null): Selection<GElement, Datum, PElement, PDatum>', gave the following error.
    Argument of type '(event: Event, d: Datum, i: number, g: GElement[]) => void' is not assignable to parameter of type 'null'.
  Overload 2 of 3, '(typenames: string, listener: (this: GElement, event: any, d: Datum) => void, options?: any): Selection<GElement, Datum, PElement, PDatum>', gave the following error.
    Argument of type '(event: Event, d: Datum, i: number, g: GElement[]) => void' is not assignable to parameter of type '(this: GElement, event: any, d: Datum) => void'.
      Target signature provides too few arguments. Expected 4 or more, but got 2.
../../../../src/types/visualizations/D3SelectionTypes.ts(375,9): error TS2345: Argument of type 'unknown' is not assignable to parameter of type 'Selection<GElement, PDatum, PElement, unknown>'.
../../../../src/types/visualizations/D3SelectionTypes.ts(445,24): error TS2769: No overload matches this call.
  Overload 1 of 3, '(milliseconds: number): Transition<GElement, Datum, PElement, PDatum>', gave the following error.
    Argument of type 'unknown' is not assignable to parameter of type 'number'.
  Overload 2 of 3, '(milliseconds: ValueFn<GElement, Datum, number>): Transition<GElement, Datum, PElement, PDatum>', gave the following error.
    Argument of type 'unknown' is not assignable to parameter of type 'ValueFn<GElement, Datum, number>'.
../../../../src/types/visualizations/D3SelectionTypes.ts(452,23): error TS2694: Namespace '"/Users/deadcoast/CursorProjects/Galactic_Sprawl/node_modules/@types/d3/index"' has no exported member 'EasingFn'.
../../../../src/types/visualizations/D3SelectionTypes.ts(464,28): error TS2769: No overload matches this call.
  Overload 1 of 2, '(name: string, value: string | number | boolean | null): Transition<GElement, Datum, PElement, PDatum>', gave the following error.
    Argument of type 'unknown' is not assignable to parameter of type 'string | number | boolean | null'.
  Overload 2 of 2, '(name: string, value: ValueFn<GElement, Datum, string | number | boolean | null>): Transition<GElement, Datum, PElement, PDatum>', gave the following error.
    Argument of type 'unknown' is not assignable to parameter of type 'ValueFn<GElement, Datum, string | number | boolean | null>'.
../../../../src/types/visualizations/D3SelectionTypes.ts(475,29): error TS2769: No overload matches this call.
  Overload 1 of 3, '(name: string, value: null): Transition<GElement, Datum, PElement, PDatum>', gave the following error.
    Argument of type 'unknown' is not assignable to parameter of type 'null'.
  Overload 2 of 3, '(name: string, value: string | number | boolean, priority?: "important" | null | undefined): Transition<GElement, Datum, PElement, PDatum>', gave the following error.
    Argument of type 'unknown' is not assignable to parameter of type 'string | number | boolean'.
  Overload 3 of 3, '(name: string, value: ValueFn<GElement, Datum, string | number | boolean | null>, priority?: "important" | null | undefined): Transition<GElement, Datum, PElement, PDatum>', gave the following error.
    Argument of type 'unknown' is not assignable to parameter of type 'ValueFn<GElement, Datum, string | number | boolean | null>'.
../../../../src/types/visualizations/D3SelectionTypes.ts(483,32): error TS2769: No overload matches this call.
  Overload 1 of 3, '(typenames: string, listener: null): Transition<GElement, Datum, PElement, PDatum>', gave the following error.
    Argument of type '(event: Event, d: Datum) => void' is not assignable to parameter of type 'null'.
  Overload 2 of 3, '(typenames: string, listener: ValueFn<GElement, Datum, void>): Transition<GElement, Datum, PElement, PDatum>', gave the following error.
    Argument of type '(event: Event, d: Datum) => void' is not assignable to parameter of type 'ValueFn<GElement, Datum, void>'.
      Types of parameters 'event' and 'datum' are incompatible.
        Type 'Datum' is not assignable to type 'Event'.
../../../../src/types/visualizations/D3ZoomTypes.ts(20,26): error TS2344: Type 'Element' does not satisfy the constraint 'Element'.
  Type 'BaseType' is not assignable to type 'Element'.
    Type 'null' is not assignable to type 'Element'.
../../../../src/types/visualizations/D3ZoomTypes.ts(95,20): error TS2344: Type 'Element' does not satisfy the constraint 'Element'.
  Type 'BaseType' is not assignable to type 'Element'.
    Type 'null' is not assignable to type 'Element'.
../../../../src/types/visualizations/D3ZoomTypes.ts(97,24): error TS2344: Type 'Element' does not satisfy the constraint 'Element'.
  Type 'BaseType' is not assignable to type 'Element'.
    Type 'null' is not assignable to type 'Element'.
../../../../src/types/visualizations/D3ZoomTypes.ts(128,16): error TS18046: 'event' is of type 'unknown'.
../../../../src/types/visualizations/D3ZoomTypes.ts(128,57): error TS2554: Expected 3 arguments, but got 2.
../../../../src/types/visualizations/D3ZoomTypes.ts(135,22): error TS2345: Argument of type '((a: ZoomView, b: ZoomView) => ZoomInterpolator) | null' is not assignable to parameter of type '(a: ZoomView, b: ZoomView) => (t: number) => ZoomView'.
  Type 'null' is not assignable to type '(a: ZoomView, b: ZoomView) => (t: number) => ZoomView'.
../../../../src/types/visualizations/D3ZoomTypes.ts(155,33): error TS2344: Type 'GElement' does not satisfy the constraint 'Element'.
  Type 'BaseType' is not assignable to type 'Element'.
    Type 'null' is not assignable to type 'Element'.
../../../../src/types/visualizations/D3ZoomTypes.ts(201,25): error TS18046: 'event' is of type 'unknown'.
../../../../src/types/visualizations/D3ZoomTypes.ts(218,47): error TS18046: 'event' is of type 'unknown'.
../../../../src/types/visualizations/D3ZoomTypes.ts(238,25): error TS18046: 'event' is of type 'unknown'.
../../../../src/types/visualizations/D3ZoomTypes.ts(242,7): error TS18046: 'event' is of type 'unknown'.
../../../../src/types/visualizations/D3ZoomTypes.ts(246,22): error TS2554: Expected 3 arguments, but got 2.
../../../../src/types/visualizations/D3ZoomTypes.ts(246,27): error TS2683: 'this' implicitly has type 'any' because it does not have a type annotation.
../../../../src/ui/components/Card/Card.tsx(13,18): error TS2430: Interface 'CardProps' incorrectly extends interface 'HTMLAttributes<HTMLDivElement>'.
  Types of property 'title' are incompatible.
    Type 'ReactNode' is not assignable to type 'string | undefined'.
      Type 'null' is not assignable to type 'string | undefined'.
../../../../src/ui/components/Card/variants/ModuleCard.tsx(56,18): error TS2430: Interface 'ModuleCardProps' incorrectly extends interface 'Omit<CardProps, "title" | "subtitle">'.
  Types of property 'onSelect' are incompatible.
    Type '((module: Module) => void) | undefined' is not assignable to type 'ReactEventHandler<HTMLDivElement> | undefined'.
      Type '(module: Module) => void' is not assignable to type 'ReactEventHandler<HTMLDivElement>'.
        Types of parameters 'module' and 'event' are incompatible.
          Type 'SyntheticEvent<HTMLDivElement, Event>' is missing the following properties from type 'Module': id, name, description, status, and 5 more.
../../../../src/utils/dataTransforms/chartTransforms.ts(143,15): error TS7053: Element implicitly has an 'any' type because expression of type 'string' can't be used to index type '{}'.
  No index signature with a parameter of type 'string' was found on type '{}'.
../../../../src/utils/dataTransforms/chartTransforms.ts(243,5): error TS2561: Object literal may only specify known properties, but 'minerals' does not exist in type 'Record<ResourceType, string>'. Did you mean to write 'MINERALS'?
../../../../src/utils/dataTransforms/chartTransforms.ts(317,46): error TS2345: Argument of type 'unknown' is not assignable to parameter of type 'Record<string, unknown> | null | undefined'.
../../../../src/utils/dataTransforms/chartTransforms.ts(318,49): error TS2345: Argument of type 'unknown' is not assignable to parameter of type 'Record<string, unknown> | null | undefined'.
../../../../src/utils/dataTransforms/chartTransforms.ts(376,12): error TS2339: Property 'config' does not exist on type 'AnalysisResult'.
../../../../src/utils/dataTransforms/chartTransforms.ts(403,78): error TS2345: Argument of type 'undefined' is not assignable to parameter of type 'Record<string, unknown>'.
../../../../src/utils/dataTransforms/chartTransforms.ts(494,47): error TS2345: Argument of type 'AnalysisResult' is not assignable to parameter of type 'Record<string, unknown>'.
  Index signature for type 'string' is missing in type 'AnalysisResult'.
../../../../src/utils/dataTransforms/chartTransforms.ts(495,39): error TS2345: Argument of type 'AnalysisResult' is not assignable to parameter of type 'Record<string, unknown>'.
  Index signature for type 'string' is missing in type 'AnalysisResult'.
../../../../src/utils/dataTransforms/chartTransforms.ts(590,35): error TS2345: Argument of type 'ResourceGridCell' is not assignable to parameter of type 'Record<string, unknown>'.
  Index signature for type 'string' is missing in type 'ResourceGridCell'.
../../../../src/utils/dataTransforms/chartTransforms.ts(592,44): error TS2345: Argument of type 'ResourceGridCell' is not assignable to parameter of type 'Record<string, unknown>'.
  Index signature for type 'string' is missing in type 'ResourceGridCell'.
../../../../src/utils/dataTransforms/chartTransforms.ts(709,24): error TS2339: Property 'toLowerCase' does not exist on type 'never'.
../../../../src/utils/dataTransforms/chartTransforms.ts(713,25): error TS2339: Property 'toLowerCase' does not exist on type 'never'.
../../../../src/utils/dataTransforms/filterTransforms.ts(381,20): error TS2339: Property 'toLowerCase' does not exist on type 'never'.
../../../../src/utils/dataTransforms/filterTransforms.ts(385,21): error TS2339: Property 'toLowerCase' does not exist on type 'never'.
../../../../src/utils/dataTransforms/filterTransforms.ts(389,9): error TS2365: Operator '>=' cannot be applied to types 'never' and 'string | number'.
../../../../src/utils/dataTransforms/filterTransforms.ts(389,35): error TS2365: Operator '<=' cannot be applied to types 'never' and 'string | number'.
../../../../src/utils/dataTransforms/filterTransforms.ts(594,35): error TS2339: Property 'length' does not exist on type 'never'.
../../../../src/utils/dataTransforms/index.ts(28,10): error TS2304: Cannot find name 'createColorScale'.
../../../../src/utils/dataTransforms/index.ts(28,28): error TS2304: Cannot find name 'getResourceTypeColor'.
../../../../src/utils/dataTransforms/index.ts(28,50): error TS2304: Cannot find name 'hexToRgb'.
../../../../src/utils/dataTransforms/scientificTransforms.ts(425,74): error TS2345: Argument of type 'undefined' is not assignable to parameter of type 'Record<string, unknown>'.
../../../../src/utils/events/EventBatchingRxJS.ts(152,11): error TS18046: 'event' is of type 'unknown'.
../../../../src/utils/events/EventBatchingRxJS.ts(152,43): error TS18046: 'event' is of type 'unknown'.
../../../../src/utils/events/EventBatchingRxJS.ts(162,11): error TS18046: 'event' is of type 'unknown'.
../../../../src/utils/events/EventBatchingRxJS.ts(162,43): error TS18046: 'event' is of type 'unknown'.
../../../../src/utils/events/EventBatchingRxJS.ts(177,5): error TS2322: Type 'Observable<TimeBatchResult<unknown>>' is not assignable to type 'Observable<TimeBatchResult<T>>'.
  Type 'TimeBatchResult<unknown>' is not assignable to type 'TimeBatchResult<T>'.
    Type 'unknown' is not assignable to type 'T'.
      'T' could be instantiated with an arbitrary type which could be unrelated to 'unknown'.
../../../../src/utils/events/EventBatchingRxJS.ts(218,42): error TS2571: Object is of type 'unknown'.
../../../../src/utils/modules/moduleValidation.ts(34,18): error TS2339: Property 'FOOD' does not exist on type 'typeof ResourceType'.
../../../../src/utils/performance/benchmarks/PerformanceBenchmarkTools.ts(19,30): error TS2307: Cannot find module '../../../types/resources/FlowTypes' or its corresponding type declarations.
../../../../src/utils/performance/benchmarks/PerformanceBenchmarkTools.ts(307,18): error TS2339: Property 'OXYGEN' does not exist on type 'typeof ResourceType'.
../../../../src/utils/performance/benchmarks/PerformanceBenchmarkTools.ts(308,18): error TS2339: Property 'SILICON' does not exist on type 'typeof ResourceType'.
../../../../src/utils/performance/benchmarks/PerformanceBenchmarkTools.ts(312,19): error TS2674: Constructor of class 'ResourceFlowManager' is protected and only accessible within the class declaration.
../../../../src/utils/performance/benchmarks/PerformanceBenchmarkTools.ts(402,23): error TS2674: Constructor of class 'ResourceFlowManager' is protected and only accessible within the class declaration.
../../../../src/utils/performance/D3AnimationProfiler.ts(525,5): error TS2322: Type 'unknown' is not assignable to type '{ (name?: string | undefined): Transition<GElement, Datum, PElement, PDatum>; (transition: Transition<BaseType, any, any, any>): Transition<...>; }'.
../../../../src/utils/performance/D3AnimationProfiler.ts(527,47): error TS2683: 'this' implicitly has type 'any' because it does not have a type annotation.
../../../../src/utils/performance/D3AnimationProfiler.ts(527,53): error TS2345: Argument of type 'unknown[]' is not assignable to parameter of type '[transition: Transition<BaseType, any, any, any>]'.
  Target requires 1 element(s) but source may have fewer.
../../../../src/utils/performance/D3AnimationProfiler.ts(537,5): error TS2322: Type 'unknown' is not assignable to type '{ (name: string): string; (name: string, value: string | number | boolean | readonly (string | number)[] | ValueFn<GElement, Datum, string | number | boolean | readonly (string | number)[] | null> | null): Selection<...>; }'.
../../../../src/utils/performance/D3AnimationProfiler.ts(539,41): error TS2683: 'this' implicitly has type 'any' because it does not have a type annotation.
../../../../src/utils/performance/D3AnimationProfiler.ts(539,47): error TS2345: Argument of type 'unknown[]' is not assignable to parameter of type '[name: string, value: string | number | boolean | readonly (string | number)[] | ValueFn<GElement, Datum, string | number | boolean | readonly (string | number)[] | null> | null]'.
  Target requires 2 element(s) but source may have fewer.
../../../../src/utils/performance/D3AnimationProfiler.ts(549,5): error TS2322: Type 'unknown' is not assignable to type '{ (name: string): string; (name: string, value: null): Selection<GElement, Datum, PElement, PDatum>; (name: string, value: string | number | boolean, priority?: "important" | ... 1 more ... | undefined): Selection<...>; (name: string, value: ValueFn<...>, priority?: "important" | ... 1 more ... | undefined): Selecti...'.
../../../../src/utils/performance/D3AnimationProfiler.ts(551,42): error TS2683: 'this' implicitly has type 'any' because it does not have a type annotation.
../../../../src/utils/performance/D3AnimationProfiler.ts(551,48): error TS2345: Argument of type 'unknown[]' is not assignable to parameter of type '[name: string, value: ValueFn<GElement, Datum, string | number | boolean | null>, priority?: "important" | null | undefined]'.
  Target requires 2 element(s) but source may have fewer.
../../../../src/utils/performance/D3AnimationProfiler.ts(665,27): error TS2571: Object is of type 'unknown'.
../../../../src/utils/performance/D3AnimationQualityManager.ts(776,5): error TS2322: Type 'unknown' is not assignable to type 'undefined'.
../../../../src/utils/performance/D3AnimationQualityManager.ts(903,21): error TS2352: Conversion of type 'Selection<GElement, unknown, HTMLElement, any>' to type 'Selection<GElement, unknown, null, undefined>' may be a mistake because neither type sufficiently overlaps with the other. If this was intentional, convert the expression to 'unknown' first.
  The types returned by 'select(...).select(...)' are incompatible between these types.
    Type 'Selection<null, undefined, HTMLElement, any>' is not comparable to type 'Selection<null, undefined, null, undefined>'.
      Type 'HTMLElement' is not comparable to type 'null'.
../../../../src/utils/performance/D3AnimationQualityManager.ts(903,31): error TS2769: No overload matches this call.
  Overload 1 of 2, '(selector: string): Selection<GElement, unknown, HTMLElement, any>', gave the following error.
    Argument of type 'string | GElement' is not assignable to parameter of type 'string'.
      Type 'GElement' is not assignable to type 'string'.
        Type 'Element' is not assignable to type 'string'.
  Overload 2 of 2, '(node: BaseType): Selection<BaseType, unknown, null, undefined>', gave the following error.
    Argument of type 'string | GElement' is not assignable to parameter of type 'BaseType'.
      Type 'string' is not assignable to type 'BaseType'.
../../../../src/utils/performance/D3AnimationQualityManager.ts(944,54): error TS2769: No overload matches this call.
  Overload 1 of 3, '(milliseconds: number): Transition<GElement, Datum, PElement, PDatum>', gave the following error.
    Argument of type 'number | undefined' is not assignable to parameter of type 'number'.
      Type 'undefined' is not assignable to type 'number'.
  Overload 2 of 3, '(milliseconds: ValueFn<GElement, Datum, number>): Transition<GElement, Datum, PElement, PDatum>', gave the following error.
    Argument of type 'number | undefined' is not assignable to parameter of type 'ValueFn<GElement, Datum, number>'.
      Type 'undefined' is not assignable to type 'ValueFn<GElement, Datum, number>'.
../../../../src/utils/performance/D3AnimationQualityManager.ts(980,44): error TS2345: Argument of type '(d: NewDatum, i: number, data: NewDatum[]) => string' is not assignable to parameter of type 'ValueFn<GElement | PElement, OldDatum | NewDatum, KeyType>'.
  Types of parameters 'd' and 'datum' are incompatible.
    Type 'OldDatum | NewDatum' is not assignable to type 'NewDatum'.
      'NewDatum' could be instantiated with an arbitrary type which could be unrelated to 'OldDatum | NewDatum'.
../../../../src/utils/performance/D3AnimationQualityManager.ts(1047,49): error TS2686: 'React' refers to a UMD global, but the current file is a module. Consider adding an import instead.
../../../../src/utils/performance/D3AnimationQualityManager.ts(1051,3): error TS2686: 'React' refers to a UMD global, but the current file is a module. Consider adding an import instead.
../../../../src/utils/performance/D3BatchedUpdates.ts(498,3): error TS2322: Type 'unknown' is not assignable to type '{ (name: string): string; (name: string, value: string | number | boolean | readonly (string | number)[] | ValueFn<GElement, Datum, string | number | boolean | readonly (string | number)[] | null> | null): Selection<...>; }'.
../../../../src/utils/performance/D3BatchedUpdates.ts(501,33): error TS2683: 'this' implicitly has type 'any' because it does not have a type annotation.
../../../../src/utils/performance/D3BatchedUpdates.ts(501,39): error TS2345: Argument of type 'unknown[]' is not assignable to parameter of type '[name: string, value: string | number | boolean | readonly (string | number)[] | ValueFn<GElement, Datum, string | number | boolean | readonly (string | number)[] | null> | null]'.
  Target requires 2 element(s) but source may have fewer.
../../../../src/utils/performance/D3BatchedUpdates.ts(507,46): error TS2345: Argument of type 'unknown[]' is not assignable to parameter of type '[name: string, value: string | number | boolean | readonly (string | number)[] | ValueFn<GElement, Datum, string | number | boolean | readonly (string | number)[] | null> | null]'.
  Target requires 2 element(s) but source may have fewer.
../../../../src/utils/performance/D3BatchedUpdates.ts(519,3): error TS2322: Type 'unknown' is not assignable to type '{ (name: string): string; (name: string, value: null): Selection<GElement, Datum, PElement, PDatum>; (name: string, value: string | number | boolean, priority?: "important" | ... 1 more ... | undefined): Selection<...>; (name: string, value: ValueFn<...>, priority?: "important" | ... 1 more ... | undefined): Selecti...'.
../../../../src/utils/performance/D3BatchedUpdates.ts(522,34): error TS2683: 'this' implicitly has type 'any' because it does not have a type annotation.
../../../../src/utils/performance/D3BatchedUpdates.ts(522,40): error TS2345: Argument of type 'unknown[]' is not assignable to parameter of type '[name: string, value: ValueFn<GElement, Datum, string | number | boolean | null>, priority?: "important" | null | undefined]'.
  Target requires 2 element(s) but source may have fewer.
../../../../src/utils/performance/D3BatchedUpdates.ts(528,47): error TS2345: Argument of type 'unknown[]' is not assignable to parameter of type '[name: string, value: ValueFn<GElement, Datum, string | number | boolean | null>, priority?: "important" | null | undefined]'.
  Target requires 2 element(s) but source may have fewer.
../../../../src/utils/performance/D3BatchedUpdates.ts(540,3): error TS2322: Type 'unknown' is not assignable to type '{ (name: string): any; <T>(name: Local<T>): T | undefined; (name: string, value: ValueFn<GElement, Datum, any> | null): Selection<GElement, Datum, PElement, PDatum>; (name: string, value: any): Selection<...>; <T>(name: Local<...>, value: ValueFn<...>): Selection<...>; <T>(name: Local<...>, value: T): Selection<...>...'.
../../../../src/utils/performance/D3BatchedUpdates.ts(543,37): error TS2683: 'this' implicitly has type 'any' because it does not have a type annotation.
../../../../src/utils/performance/D3BatchedUpdates.ts(543,43): error TS2345: Argument of type 'unknown[]' is not assignable to parameter of type '[name: Local<unknown>, value: unknown]'.
  Target requires 2 element(s) but source may have fewer.
../../../../src/utils/performance/D3BatchedUpdates.ts(549,50): error TS2345: Argument of type 'unknown[]' is not assignable to parameter of type '[name: Local<unknown>, value: unknown]'.
  Target requires 2 element(s) but source may have fewer.
../../../../src/utils/performance/D3BatchedUpdates.ts(561,3): error TS2322: Type 'unknown' is not assignable to type '{ (): string; (value: string | ValueFn<GElement, Datum, string | null> | null): Selection<GElement, Datum, PElement, PDatum>; }'.
../../../../src/utils/performance/D3BatchedUpdates.ts(564,33): error TS2683: 'this' implicitly has type 'any' because it does not have a type annotation.
../../../../src/utils/performance/D3BatchedUpdates.ts(564,39): error TS2345: Argument of type 'unknown[]' is not assignable to parameter of type '[value: string | ValueFn<GElement, Datum, string | null> | null]'.
  Target requires 1 element(s) but source may have fewer.
../../../../src/utils/performance/D3BatchedUpdates.ts(570,46): error TS2345: Argument of type 'unknown[]' is not assignable to parameter of type '[value: string | ValueFn<GElement, Datum, string | null> | null]'.
  Target requires 1 element(s) but source may have fewer.
../../../../src/utils/performance/D3BatchedUpdates.ts(582,3): error TS2322: Type 'unknown' is not assignable to type '{ (): string; (value: string | number | boolean | ValueFn<GElement, Datum, string | number | boolean | null> | null): Selection<GElement, Datum, PElement, PDatum>; }'.
../../../../src/utils/performance/D3BatchedUpdates.ts(585,33): error TS2683: 'this' implicitly has type 'any' because it does not have a type annotation.
../../../../src/utils/performance/D3BatchedUpdates.ts(585,39): error TS2345: Argument of type 'unknown[]' is not assignable to parameter of type '[value: string | number | boolean | ValueFn<GElement, Datum, string | number | boolean | null> | null]'.
  Target requires 1 element(s) but source may have fewer.
../../../../src/utils/performance/D3BatchedUpdates.ts(591,46): error TS2345: Argument of type 'unknown[]' is not assignable to parameter of type '[value: string | number | boolean | ValueFn<GElement, Datum, string | number | boolean | null> | null]'.
  Target requires 1 element(s) but source may have fewer.
../../../../src/utils/performance/D3BatchedUpdates.ts(614,23): error TS2352: Conversion of type 'Selection<GElement, Datum, HTMLElement, any>' to type 'Selection<GElement, Datum, null, undefined>' may be a mistake because neither type sufficiently overlaps with the other. If this was intentional, convert the expression to 'unknown' first.
  The types returned by 'select(...)' are incompatible between these types.
    Type 'Selection<any, Datum, HTMLElement, any>' is not comparable to type 'Selection<any, Datum, null, undefined>'.
      Type 'HTMLElement' is not comparable to type 'null'.
../../../../src/utils/performance/D3BatchedUpdates.ts(614,33): error TS2769: No overload matches this call.
  Overload 1 of 2, '(selector: string): Selection<GElement, Datum, HTMLElement, any>', gave the following error.
    Argument of type 'string | GElement' is not assignable to parameter of type 'string'.
      Type 'GElement' is not assignable to type 'string'.
        Type 'Element' is not assignable to type 'string'.
  Overload 2 of 2, '(node: BaseType): Selection<BaseType, Datum, null, undefined>', gave the following error.
    Argument of type 'string | GElement' is not assignable to parameter of type 'BaseType'.
      Type 'string' is not assignable to type 'BaseType'.
../../../../src/utils/performance/D3BatchedUpdates.ts(615,5): error TS2322: Type 'Selection<GElement, Datum, Element, undefined>' is not assignable to type 'Selection<GElement, Datum, null, undefined>'.
  The types of 'select(...).data' are incompatible between these types.
    Type '{ (): Datum[]; <NewDatum>(data: NewDatum[] | Iterable<NewDatum> | ValueFn<Element, undefined, NewDatum[] | Iterable<NewDatum>>, key?: ValueFn<...> | undefined): Selection<...>; }' is not assignable to type '{ (): Datum[]; <NewDatum>(data: NewDatum[] | Iterable<NewDatum> | ValueFn<null, undefined, NewDatum[] | Iterable<NewDatum>>, key?: ValueFn<...> | undefined): Selection<...>; }'.
      Types of parameters 'data' and 'data' are incompatible.
        Type 'any[] | Iterable<any> | ValueFn<null, undefined, any[] | Iterable<any>>' is not assignable to type 'any[] | Iterable<any> | ValueFn<Element, undefined, any[] | Iterable<any>>'.
          Type 'ValueFn<null, undefined, any[] | Iterable<any>>' is not assignable to type 'any[] | Iterable<any> | ValueFn<Element, undefined, any[] | Iterable<any>>'.
            Type 'ValueFn<null, undefined, any[] | Iterable<any>>' is not assignable to type 'ValueFn<Element, undefined, any[] | Iterable<any>>'.
              Type 'Element' is not assignable to type 'null'.
../../../../src/utils/performance/D3BatchedUpdates.ts(615,35): error TS2345: Argument of type 'Selection<GElement, Datum, null, undefined>' is not assignable to parameter of type 'Selection<GElement, Datum, Element, undefined>'.
  The types of 'select(...).data' are incompatible between these types.
    Type '{ (): Datum[]; <NewDatum>(data: NewDatum[] | Iterable<NewDatum> | ValueFn<null, undefined, NewDatum[] | Iterable<NewDatum>>, key?: ValueFn<...> | undefined): Selection<...>; }' is not assignable to type '{ (): Datum[]; <NewDatum>(data: NewDatum[] | Iterable<NewDatum> | ValueFn<Element, undefined, NewDatum[] | Iterable<NewDatum>>, key?: ValueFn<...> | undefined): Selection<...>; }'.
      Types of parameters 'data' and 'data' are incompatible.
        Type 'any[] | Iterable<any> | ValueFn<Element, undefined, any[] | Iterable<any>>' is not assignable to type 'any[] | Iterable<any> | ValueFn<null, undefined, any[] | Iterable<any>>'.
          Type 'ValueFn<Element, undefined, any[] | Iterable<any>>' is not assignable to type 'any[] | Iterable<any> | ValueFn<null, undefined, any[] | Iterable<any>>'.
            Type 'ValueFn<Element, undefined, any[] | Iterable<any>>' is not assignable to type 'ValueFn<null, undefined, any[] | Iterable<any>>'.
              Type 'null' is not assignable to type 'Element'.
../../../../src/utils/performance/D3BatchedUpdates.ts(635,3): error TS2322: Type 'unknown' is not assignable to type '{ (name?: string | undefined): Transition<GElement, Datum, PElement, PDatum>; (transition: Transition<BaseType, any, any, any>): Transition<...>; }'.
../../../../src/utils/performance/D3BatchedUpdates.ts(636,49): error TS2683: 'this' implicitly has type 'any' because it does not have a type annotation.
../../../../src/utils/performance/D3BatchedUpdates.ts(636,55): error TS2345: Argument of type 'unknown[]' is not assignable to parameter of type '[transition: Transition<BaseType, any, any, any>]'.
  Target requires 1 element(s) but source may have fewer.
../../../../src/utils/performance/D3BatchedUpdates.ts(643,5): error TS2322: Type 'unknown' is not assignable to type '{ (name: string, value: string | number | boolean | null): Transition<GElement, Datum, PElement, PDatum>; (name: string, value: ValueFn<...>): Transition<...>; }'.
../../../../src/utils/performance/D3BatchedUpdates.ts(645,29): error TS2554: Expected 3 arguments, but got 2.
../../../../src/utils/performance/D3BatchedUpdates.ts(645,34): error TS2683: 'this' implicitly has type 'any' because it does not have a type annotation.
../../../../src/utils/performance/D3BatchedUpdates.ts(652,9): error TS2769: No overload matches this call.
  Overload 1 of 3, '(name: string, factory: null): Transition<GElement, Datum, PElement, PDatum>', gave the following error.
    Argument of type '(this: Transition<GElement, Datum, PElement, PDatum>, d: Datum, i: number, nodes: GElement[]) => (this: GElement, t: number) => any' is not assignable to parameter of type 'null'.
  Overload 2 of 3, '(name: string, factory: ValueFn<GElement, Datum, (this: GElement, t: number) => string>): Transition<GElement, Datum, PElement, PDatum>', gave the following error.
    Argument of type '(this: Transition<GElement, Datum, PElement, PDatum>, d: Datum, i: number, nodes: GElement[]) => (this: GElement, t: number) => any' is not assignable to parameter of type 'ValueFn<GElement, Datum, (this: GElement, t: number) => string>'.
      The 'this' types of each signature are incompatible.
        Type 'GElement' is not assignable to type 'Transition<GElement, Datum, PElement, PDatum>'.
          Type 'Element' is missing the following properties from type 'Transition<GElement, Datum, PElement, PDatum>': select, selectAll, selectChild, selectChildren, and 23 more.
../../../../src/utils/performance/D3BatchedUpdates.ts(661,45): error TS2554: Expected 3 arguments, but got 2.
../../../../src/utils/performance/D3BatchedUpdates.ts(662,45): error TS2554: Expected 3 arguments, but got 2.
../../../../src/utils/performance/D3BatchedUpdates.ts(662,74): error TS2769: No overload matches this call.
  The last overload gave the following error.
    Argument of type 'unknown' is not assignable to parameter of type 'object'.
../../../../src/utils/performance/D3BatchedUpdates.ts(682,14): error TS2683: 'this' implicitly has type 'any' because it does not have a type annotation.
../../../../src/utils/performance/D3BatchedUpdates.ts(686,5): error TS2322: Type 'unknown' is not assignable to type '{ (name: string, value: null): Transition<GElement, Datum, PElement, PDatum>; (name: string, value: string | number | boolean, priority?: "important" | ... 1 more ... | undefined): Transition<...>; (name: string, value: ValueFn<...>, priority?: "important" | ... 1 more ... | undefined): Transition<...>; }'.
../../../../src/utils/performance/D3BatchedUpdates.ts(688,30): error TS2554: Expected 3-4 arguments, but got 2.
../../../../src/utils/performance/D3BatchedUpdates.ts(688,35): error TS2683: 'this' implicitly has type 'any' because it does not have a type annotation.
../../../../src/utils/performance/D3BatchedUpdates.ts(695,9): error TS2769: No overload matches this call.
  Overload 1 of 3, '(name: string, factory: null): Transition<GElement, Datum, PElement, PDatum>', gave the following error.
    Argument of type '(this: Transition<GElement, Datum, PElement, PDatum>, d: Datum, i: number, nodes: GElement[]) => (this: GElement, t: number) => any' is not assignable to parameter of type 'null'.
  Overload 2 of 3, '(name: string, factory: ValueFn<GElement, Datum, (this: GElement, t: number) => string>, priority?: "important" | null | undefined): Transition<...>', gave the following error.
    Argument of type '(this: Transition<GElement, Datum, PElement, PDatum>, d: Datum, i: number, nodes: GElement[]) => (this: GElement, t: number) => any' is not assignable to parameter of type 'ValueFn<GElement, Datum, (this: GElement, t: number) => string>'.
      The 'this' types of each signature are incompatible.
        Type 'GElement' is not assignable to type 'Transition<GElement, Datum, PElement, PDatum>'.
          Type 'Element' is missing the following properties from type 'Transition<GElement, Datum, PElement, PDatum>': select, selectAll, selectChild, selectChildren, and 23 more.
../../../../src/utils/performance/D3BatchedUpdates.ts(704,46): error TS2554: Expected 3-4 arguments, but got 2.
../../../../src/utils/performance/D3BatchedUpdates.ts(705,46): error TS2554: Expected 3-4 arguments, but got 2.
../../../../src/utils/performance/D3BatchedUpdates.ts(705,75): error TS2769: No overload matches this call.
  The last overload gave the following error.
    Argument of type 'unknown' is not assignable to parameter of type 'object'.
../../../../src/utils/performance/D3BatchedUpdates.ts(712,59): error TS2769: No overload matches this call.
  Overload 1 of 4, '(name: string, value: string | number | boolean, priority?: "important" | null | undefined): Selection<GElement, unknown, null, undefined>', gave the following error.
    Argument of type 'string | undefined' is not assignable to parameter of type '"important" | null | undefined'.
      Type 'string' is not assignable to type '"important"'.
  Overload 2 of 4, '(name: string, value: ValueFn<GElement, unknown, string | number | boolean | null>, priority?: "important" | null | undefined): Selection<GElement, unknown, null, undefined>', gave the following error.
    Argument of type 'string | undefined' is not assignable to parameter of type '"important" | null | undefined'.
      Type 'string' is not assignable to type '"important"'.
../../../../src/utils/performance/D3BatchedUpdates.ts(725,14): error TS2683: 'this' implicitly has type 'any' because it does not have a type annotation.
../../../../src/utils/performance/D3InterpolationCache.ts(137,7): error TS2322: Type 'unknown' is not assignable to type 'number'.
../../../../src/utils/performance/D3InterpolationCache.ts(138,25): error TS18046: 'size' is of type 'unknown'.
../../../../src/utils/performance/D3InterpolationCache.ts(146,37): error TS2571: Object is of type 'unknown'.
../../../../src/utils/performance/D3InterpolationCache.ts(680,3): error TS2322: Type 'unknown' is not assignable to type '{ (name?: string | undefined): Transition<GElement, Datum, PElement, PDatum>; (transition: Transition<BaseType, any, any, any>): Transition<...>; }'.
../../../../src/utils/performance/D3InterpolationCache.ts(681,49): error TS2683: 'this' implicitly has type 'any' because it does not have a type annotation.
../../../../src/utils/performance/D3InterpolationCache.ts(681,55): error TS2345: Argument of type 'unknown[]' is not assignable to parameter of type '[transition: Transition<BaseType, any, any, any>]'.
  Target requires 1 element(s) but source may have fewer.
../../../../src/utils/performance/D3InterpolationCache.ts(688,5): error TS2322: Type '(name: string, factory: unknown) => unknown' is not assignable to type '{ (name: string): ValueFn<GElement, Datum, (this: GElement, t: number) => string> | undefined; (name: string, factory: null): Transition<GElement, Datum, PElement, PDatum>; (name: string, factory: ValueFn<...>): Transition<...>; }'.
  Target signature provides too few arguments. Expected 2 or more, but got 1.
../../../../src/utils/performance/D3InterpolationCache.ts(691,30): error TS18046: 'factory' is of type 'unknown'.
../../../../src/utils/performance/D3InterpolationCache.ts(702,5): error TS2322: Type '(name: string, factory: unknown) => unknown' is not assignable to type '{ (name: string): ValueFn<GElement, Datum, (this: GElement, t: number) => string> | undefined; (name: string, factory: null): Transition<GElement, Datum, PElement, PDatum>; (name: string, factory: ValueFn<...>, priority?: "important" | ... 1 more ... | undefined): Transition<...>; }'.
  Target signature provides too few arguments. Expected 2 or more, but got 1.
../../../../src/utils/performance/D3InterpolationCache.ts(705,30): error TS18046: 'factory' is of type 'unknown'.
../../../../src/utils/performance/D3PerformanceOptimizations.ts(66,5): error TS2571: Object is of type 'unknown'.
../../../../src/utils/performance/D3PerformanceOptimizations.ts(243,12): error TS2571: Object is of type 'unknown'.
../../../../src/utils/performance/D3PerformanceOptimizations.ts(243,56): error TS2571: Object is of type 'unknown'.
../../../../src/utils/performance/D3PerformanceOptimizations.ts(284,16): error TS2571: Object is of type 'unknown'.
../../../../src/utils/performance/D3PerformanceOptimizations.ts(291,18): error TS2571: Object is of type 'unknown'.
../../../../src/utils/performance/D3PerformanceOptimizations.ts(295,18): error TS2571: Object is of type 'unknown'.
../../../../src/utils/performance/D3PerformanceProfiler.ts(254,11): error TS2322: Type 'null' is not assignable to type '(...args: unknown[]) => unknown'.
../../../../src/utils/performance/D3PerformanceProfiler.ts(270,5): error TS2322: Type '(iterations?: number | undefined) => Simulation<SimulationNodeDatum, undefined>' is not assignable to type '(...args: unknown[]) => unknown'.
  Types of parameters 'iterations' and 'args' are incompatible.
    Type 'unknown' is not assignable to type 'number | undefined'.
../../../../src/utils/performance/D3PerformanceProfiler.ts(277,5): error TS2322: Type '() => unknown' is not assignable to type '(iterations?: number | undefined) => Simulation<SimulationNodeDatum, undefined>'.
  Type 'unknown' is not assignable to type 'Simulation<SimulationNodeDatum, undefined>'.
../../../../src/utils/performance/D3PerformanceProfiler.ts(288,45): error TS2571: Object is of type 'unknown'.
../../../../src/utils/performance/D3PerformanceProfiler.ts(307,7): error TS2571: Object is of type 'unknown'.
../../../../src/utils/performance/D3PerformanceProfiler.ts(311,7): error TS2571: Object is of type 'unknown'.
../../../../src/utils/performance/D3PerformanceProfiler.ts(315,7): error TS2571: Object is of type 'unknown'.
../../../../src/utils/performance/D3PerformanceProfiler.ts(319,7): error TS2571: Object is of type 'unknown'.
../../../../src/utils/performance/D3PerformanceProfiler.ts(344,45): error TS2571: Object is of type 'unknown'.
../../../../src/utils/performance/D3PerformanceProfiler.ts(362,5): error TS2322: Type 'unknown' is not assignable to type '(iterations?: number | undefined) => Simulation<SimulationNodeDatum, undefined>'.
../../../../src/utils/performance/D3PerformanceProfiler.ts(371,7): error TS2571: Object is of type 'unknown'.
../../../../src/utils/performance/D3PerformanceProfiler.ts(375,7): error TS2571: Object is of type 'unknown'.
../../../../src/utils/performance/D3PerformanceProfiler.ts(379,7): error TS2571: Object is of type 'unknown'.
../../../../src/utils/performance/D3PerformanceProfiler.ts(383,7): error TS2571: Object is of type 'unknown'.
../../../../src/utils/performance/D3PerformanceProfiler.ts(387,5): error TS2322: Type 'null' is not assignable to type '(...args: unknown[]) => unknown'.
../../../../src/utils/performance/D3PerformanceProfiler.ts(408,34): error TS2571: Object is of type 'unknown'.
../../../../src/utils/performance/D3PerformanceProfiler.ts(602,26): error TS2571: Object is of type 'unknown'.
../../../../src/utils/performance/D3PerformanceProfiler.ts(603,26): error TS2571: Object is of type 'unknown'.
../../../../src/utils/performance/D3PerformanceProfiler.ts(604,25): error TS2571: Object is of type 'unknown'.
../../../../src/utils/performance/D3PerformanceProfiler.ts(617,26): error TS2571: Object is of type 'unknown'.
../../../../src/utils/performance/D3PerformanceProfiler.ts(618,26): error TS2571: Object is of type 'unknown'.
../../../../src/utils/performance/D3PerformanceProfiler.ts(619,25): error TS2571: Object is of type 'unknown'.
../../../../src/utils/performance/D3PerformanceProfiler.ts(633,26): error TS2571: Object is of type 'unknown'.
../../../../src/utils/performance/D3PerformanceProfiler.ts(634,26): error TS2571: Object is of type 'unknown'.
../../../../src/utils/performance/longsession/LongSessionMemoryTracker.ts(31,5): error TS2717: Subsequent property declarations must have the same type.  Property 'memory' must be of type 'PerformanceMetrics | undefined', but here has type 'PerformanceMemory | undefined'.
../../../../src/utils/performance/longsession/LongSessionMemoryTracker.ts(233,52): error TS2571: Object is of type 'unknown'.
../../../../src/utils/performance/longsession/LongSessionMemoryTracker.ts(349,26): error TS2571: Object is of type 'unknown'.
../../../../src/utils/performance/multitab/MultitabCommunicationChannel.ts(217,9): error TS2322: Type '{}' is not assignable to type '"worker" | "coordinator"'.
../../../../src/utils/performance/multitab/MultitabCommunicationChannel.ts(219,9): error TS2322: Type '{}' is not assignable to type '"idle" | "error" | "ready" | "complete" | "testing"'.
../../../../src/utils/performance/multitab/MultitabCommunicationChannel.ts(384,7): error TS2322: Type 'null' is not assignable to type 'Record<string, unknown> | undefined'.
../../../../src/utils/performance/network/NetworkDegradationSimulator.ts(365,11): error TS18046: 'error' is of type 'unknown'.
../../../../src/utils/performance/network/NetworkDegradationSimulator.ts(389,5): error TS2571: Object is of type 'unknown'.
../../../../src/utils/performance/network/NetworkDegradationSimulator.ts(390,37): error TS2345: Argument of type 'unknown[]' is not assignable to parameter of type '[method: string, url: string | URL, async: boolean, username?: string | null | undefined, password?: string | null | undefined]'.
  Target requires 3 element(s) but source may have fewer.
../../../../src/utils/performance/network/NetworkDegradationSimulator.ts(395,33): error TS2571: Object is of type 'unknown'.
../../../../src/utils/performance/network/NetworkDegradationSimulator.ts(398,39): error TS2345: Argument of type 'unknown[]' is not assignable to parameter of type '[body?: Document | XMLHttpRequestBodyInit | null | undefined]'.
  Target allows only 1 element(s) but source may have more.
../../../../src/utils/performance/network/NetworkDegradationSimulator.ts(416,38): error TS2345: Argument of type 'ErrorEvent' is not assignable to parameter of type 'ProgressEvent<EventTarget>'.
  Type 'ErrorEvent' is missing the following properties from type 'ProgressEvent<EventTarget>': lengthComputable, loaded, total
../../../../src/utils/performance/network/NetworkDegradationSimulator.ts(436,52): error TS2345: Argument of type 'unknown[]' is not assignable to parameter of type '[ev: Event]'.
  Target requires 1 element(s) but source may have fewer.
../../../../src/utils/performance/network/NetworkDegradationSimulator.ts(444,48): error TS2345: Argument of type 'unknown[]' is not assignable to parameter of type '[ev: Event]'.
  Target requires 1 element(s) but source may have fewer.
../../../../src/utils/performance/network/NetworkDegradationSimulator.ts(450,32): error TS2345: Argument of type 'unknown[]' is not assignable to parameter of type '[body?: Document | XMLHttpRequestBodyInit | null | undefined]'.
  Target allows only 1 element(s) but source may have more.
../../../../src/utils/performance/network/NetworkDegradationSimulator.ts(470,13): error TS2556: A spread argument must either have a tuple type or be passed to a rest parameter.
../../../../src/utils/performance/network/NetworkDegradationSimulator.ts(555,3): error TS2322: Type 'unknown' is not assignable to type '{ new (url: string | URL, protocols?: string | string[] | undefined): WebSocket; prototype: WebSocket; readonly CONNECTING: 0; readonly OPEN: 1; readonly CLOSING: 2; readonly CLOSED: 3; }'.
../../../../src/utils/performance/network/NetworkDegradationSimulator.ts(800,35): error TS18046: 'error' is of type 'unknown'.
../../../../src/utils/resources/ResourceTypeMigration.ts(48,3): error TS2561: Object literal may only specify known properties, but 'minerals' does not exist in type 'Record<"MINERALS" | "ENERGY" | "POPULATION" | "RESEARCH" | "PLASMA" | "GAS" | "EXOTIC" | "ORGANIC" | "IRON" | "COPPER" | "TITANIUM" | "URANIUM" | "WATER" | "HELIUM" | "DEUTERIUM" | "ANTIMATTER" | "DARK_MATTER" | "EXOTIC_MATTER", ResourceType>'. Did you mean to write 'MINERALS'?
../../../../src/utils/resources/ResourceTypeMigration.ts(60,7): error TS2741: Property '[ResourceType.ORGANIC]' is missing in type '{ MINERALS: ResourceType; ENERGY: ResourceType; POPULATION: ResourceType; RESEARCH: ResourceType; PLASMA: ResourceType; ... 11 more ...; EXOTIC_MATTER: ResourceType; }' but required in type 'Record<ResourceType, string>'.
../../../../src/utils/resources/resourceUtils.ts(9,3): error TS2322: Type 'string' is not assignable to type 'ResourceType'.
../../../../src/utils/ResourceTypeConverter.ts(29,7): error TS2322: Type 'string' is not assignable to type 'ResourceType'.
../../../../src/utils/ResourceTypeConverter.ts(32,5): error TS2322: Type 'string' is not assignable to type 'ResourceType'.
../../../../src/utils/ResourceTypeConverter.ts(37,37): error TS2322: Type 'string' is not assignable to type 'ResourceType'.
../../../../src/utils/ResourceTypeConverter.ts(37,50): error TS2322: Type 'string' is not assignable to type 'ResourceType'.
../../../../src/utils/ResourceTypeConverter.ts(271,9): error TS2322: Type 'string' is not assignable to type 'ResourceType'.
../../../../src/utils/ResourceTypeConverter.ts(280,9): error TS2322: Type 'string' is not assignable to type 'ResourceType'.
../../../../src/utils/ResourceTypeConverter.ts(286,11): error TS2322: Type 'string' is not assignable to type 'ResourceType'.
../../../../src/utils/ResourceTypeConverter.ts(292,5): error TS2322: Type '"MINERALS"' is not assignable to type 'ResourceType'.
