src/App.tsx(21,30): error TS2307: Cannot find module './../types/resources/ResourceTypes' or its corresponding type declarations.
src/components/buildings/colony/ColonyManagementSystem.tsx(504,41): error TS2345: Argument of type 'ResourceType.POPULATION' is not assignable to parameter of type '"trade" | "automation" | "map" | "resources" | "population" | "modifiers" | "satisfaction" | "projection"'.
src/components/buildings/mothership/MothershipCore.tsx(158,26): error TS2551: Property 'RESEARCH' does not exist on type '{ energy: number; materials: number; research: number; }'. Did you mean 'research'?
src/components/exploration/ExplorationDataManagerDemo.tsx(159,39): error TS2551: Property 'MINERALS' does not exist on type '{ minerals: string[]; gas: string[]; energy: string[]; organic: string[]; exotic: string[]; }'. Did you mean 'minerals'?
src/components/exploration/ExplorationDataManagerDemo.tsx(370,36): error TS2551: Property 'MINERALS' does not exist on type '{ minerals: ResourceType; gas: string; energy: ResourceType; organic: string; exotic: string; }'. Did you mean 'minerals'?
src/components/exploration/ExplorationDataManagerDemo.tsx(659,48): error TS2551: Property 'MINERALS' does not exist on type '{ minerals: ResourceType; gas: string; energy: ResourceType; organic: string; exotic: string; }'. Did you mean 'minerals'?
src/components/exploration/ExplorationDataManagerDemo.tsx(694,42): error TS2551: Property 'MINERALS' does not exist on type '{ minerals: ResourceType; gas: string; energy: ResourceType; organic: string; exotic: string; }'. Did you mean 'minerals'?
src/components/exploration/GalaxyMapSystem.tsx(89,10): error TS2678: Type '"organic"' is not comparable to type 'ResourceType'.
src/components/exploration/MemoryOptimizedCanvasDemo.tsx(187,10): error TS2590: Expression produces a union type that is too complex to represent.
src/components/exploration/ResourcePotentialVisualization.tsx(231,17): error TS2561: Object literal may only specify known properties, but 'minerals' does not exist in type 'Record<ResourceType.MINERALS | ResourceType.ENERGY | ResourceType.GAS | ResourceType.EXOTIC | "organic", number>'. Did you mean to write 'MINERALS'?
src/components/exploration/unified/demo/ExplorationSystemDemo.tsx(184,70): error TS2304: Cannot find name 'ResourceTypeString'.
src/components/exploration/visualizations/AnalysisVisualization.tsx(3,10): error TS2300: Duplicate identifier 'ResourceType'.
src/components/exploration/visualizations/AnalysisVisualization.tsx(25,10): error TS2300: Duplicate identifier 'ResourceType'.
src/components/ResourceRegistryUI.tsx(295,4): error TS2304: Cannot find name 'ResourceCategory'.
src/components/ResourceRegistryUI.tsx(296,4): error TS2304: Cannot find name 'ResourceCategory'.
src/components/ResourceRegistryUI.tsx(297,4): error TS2304: Cannot find name 'ResourceCategory'.
src/components/ResourceRegistryUI.tsx(333,56): error TS2304: Cannot find name 'ResourceCategory'.
src/components/ResourceRegistryUI.tsx(459,45): error TS7015: Element implicitly has an 'any' type because index expression is not of type 'number'.
src/components/ResourceRegistryUI.tsx(589,68): error TS2304: Cannot find name 'ResourceCategory'.
src/components/ResourceRegistryUI.tsx(592,32): error TS2304: Cannot find name 'ResourceCategory'.
src/components/ResourceRegistryUI.tsx(593,27): error TS2322: Type 'unknown' is not assignable to type 'Key | null | undefined'.
src/components/ResourceRegistryUI.tsx(593,42): error TS2322: Type 'unknown' is not assignable to type 'string | number | readonly string[] | undefined'.
src/components/ResourceRegistryUI.tsx(594,21): error TS2322: Type 'unknown' is not assignable to type 'ReactNode'.
src/components/ui/GameHUD.tsx(766,10): error TS2739: Type '{}' is missing the following properties from type 'ResourceVisualizationProps': resourceType, amount
src/components/ui/resource/ChainVisualization.tsx(5,10): error TS2305: Module '"./../../../types/resources/ResourceTypes"' has no exported member 'ResourceConversionRecipe'.
src/components/ui/resource/ChainVisualization.tsx(6,10): error TS2305: Module '"../../../types/resources/StandardizedResourceTypes"' has no exported member 'FlowNode'.
src/components/ui/resource/ConverterDashboard.tsx(4,10): error TS2305: Module '"./../../../types/resources/ResourceTypes"' has no exported member 'ResourceConversionRecipe'.
src/components/ui/resource/ConverterDashboard.tsx(5,10): error TS2305: Module '"../../../types/resources/StandardizedResourceTypes"' has no exported member 'FlowNode'.
src/components/ui/resource/ResourceDisplay.tsx(5,10): error TS2300: Duplicate identifier 'ResourceType'.
src/components/ui/resource/ResourceDisplay.tsx(6,10): error TS2300: Duplicate identifier 'ResourceType'.
src/components/ui/resource/ResourceDisplay.tsx(7,10): error TS2300: Duplicate identifier 'ResourceType'.
src/components/ui/resource/ResourceDisplay.tsx(13,17): error TS2304: Cannot find name 'StringResourceType'.
src/components/ui/resource/ResourceDisplay.tsx(83,30): error TS2304: Cannot find name 'ensureStringResourceType'.
src/components/ui/resource/ResourceDisplay.tsx(89,13): error TS2304: Cannot find name 'ensureStringResourceType'.
src/components/ui/resource/ResourceDisplay.tsx(90,42): error TS2304: Cannot find name 'StringResourceType'.
src/components/ui/resource/ResourceDisplay.tsx(102,30): error TS2304: Cannot find name 'ensureStringResourceType'.
src/components/ui/resource/ResourceDisplay.tsx(108,13): error TS2304: Cannot find name 'ensureStringResourceType'.
src/components/ui/resource/ResourceDisplay.tsx(109,42): error TS2304: Cannot find name 'StringResourceType'.
src/components/ui/resource/ResourceDisplay.tsx(121,30): error TS2304: Cannot find name 'ensureStringResourceType'.
src/components/ui/resource/ResourceDisplay.tsx(127,13): error TS2304: Cannot find name 'ensureStringResourceType'.
src/components/ui/resource/ResourceDisplay.tsx(128,42): error TS2304: Cannot find name 'StringResourceType'.
src/components/ui/resource/ResourceDisplay.tsx(172,24): error TS2304: Cannot find name 'ensureStringResourceType'.
src/components/ui/resource/ResourceDistributionChart.tsx(1,10): error TS2300: Duplicate identifier 'ResourceType'.
src/components/ui/resource/ResourceDistributionChart.tsx(6,3): error TS2300: Duplicate identifier 'ResourceType'.
src/components/ui/resource/ResourceEventDemo.tsx(35,5): error TS2345: Argument of type 'ModuleEventBus' is not assignable to parameter of type 'EventBus<ModuleEvent>'.
  Types of property 'emit' are incompatible.
    Type '(event: ModuleEvent) => void' is not assignable to type '{ (event: ModuleEvent): void; <T = any>(eventName: string, data: T): void; }'.
      Types of parameters 'event' and 'eventName' are incompatible.
        Type 'string' is not assignable to type 'ModuleEvent'.
src/components/ui/resource/ResourceEventDemo.tsx(57,5): error TS2345: Argument of type 'ModuleEventBus' is not assignable to parameter of type 'EventBus<ModuleEvent>'.
  Types of property 'emit' are incompatible.
    Type '(event: ModuleEvent) => void' is not assignable to type '{ (event: ModuleEvent): void; <T = any>(eventName: string, data: T): void; }'.
      Types of parameters 'event' and 'eventName' are incompatible.
        Type 'string' is not assignable to type 'ModuleEvent'.
src/components/ui/resource/ResourceFlowDiagram.tsx(2,10): error TS2300: Duplicate identifier 'ResourceType'.
src/components/ui/resource/ResourceFlowDiagram.tsx(7,3): error TS2305: Module '"../../../types/resources/StandardizedResourceTypes"' has no exported member 'FlowNodeType'.
src/components/ui/resource/ResourceFlowDiagram.tsx(8,3): error TS2300: Duplicate identifier 'ResourceType'.
src/components/ui/resource/ResourceFlowDiagram.tsx(74,18): error TS2304: Cannot find name 'useRef'.
src/components/ui/resource/ResourceFlowDiagram.tsx(75,41): error TS2304: Cannot find name 'useState'.
src/components/ui/resource/ResourceFlowDiagram.tsx(76,33): error TS2304: Cannot find name 'useState'.
src/components/ui/resource/ResourceFlowDiagram.tsx(77,29): error TS2304: Cannot find name 'useState'.
src/components/ui/resource/ResourceFlowDiagram.tsx(78,25): error TS2304: Cannot find name 'useRef'.
src/components/ui/resource/ResourceFlowDiagram.tsx(79,57): error TS2304: Cannot find name 'useState'.
src/components/ui/resource/ResourceFlowDiagram.tsx(123,33): error TS2304: Cannot find name 'useCallback'.
src/components/ui/resource/ResourceFlowDiagram.tsx(147,33): error TS2304: Cannot find name 'useCallback'.
src/components/ui/resource/ResourceFlowDiagram.tsx(159,36): error TS2304: Cannot find name 'useCallback'.
src/components/ui/resource/ResourceFlowDiagram.tsx(164,3): error TS2304: Cannot find name 'useEffect'.
src/components/ui/resource/ResourceFlowDiagram.tsx(232,45): error TS18046: 'd' is of type 'unknown'.
src/components/ui/resource/ResourceFlowDiagram.tsx(233,51): error TS18046: 'd' is of type 'unknown'.
src/components/ui/resource/ResourceFlowDiagram.tsx(233,60): error TS18046: 'd' is of type 'unknown'.
src/components/ui/resource/ResourceFlowDiagram.tsx(234,37): error TS18046: 'd' is of type 'unknown'.
src/components/ui/resource/ResourceFlowDiagram.tsx(236,46): error TS18046: 'd' is of type 'unknown'.
src/components/ui/resource/ResourceFlowDiagram.tsx(239,29): error TS18046: 'd' is of type 'unknown'.
src/components/ui/resource/ResourceFlowDiagram.tsx(248,31): error TS18046: 'd' is of type 'unknown'.
src/components/ui/resource/ResourceFlowDiagram.tsx(248,40): error TS18046: 'd' is of type 'unknown'.
src/components/ui/resource/ResourceFlowDiagram.tsx(260,29): error TS18046: 'd' is of type 'unknown'.
src/components/ui/resource/ResourceFlowDiagram.tsx(261,31): error TS18046: 'd' is of type 'unknown'.
src/components/ui/resource/ResourceFlowDiagram.tsx(264,23): error TS18046: 'd' is of type 'unknown'.
src/components/ui/resource/ResourceFlowDiagram.tsx(264,29): error TS18046: 'd' is of type 'unknown'.
src/components/ui/resource/ResourceFlowDiagram.tsx(273,29): error TS18046: 'd' is of type 'unknown'.
src/components/ui/resource/ResourceFlowDiagram.tsx(274,35): error TS18046: 'd' is of type 'unknown'.
src/components/ui/resource/ResourceFlowDiagram.tsx(276,35): error TS18046: 'd' is of type 'unknown'.
src/components/ui/resource/ResourceFlowDiagram.tsx(284,30): error TS18046: 'd' is of type 'unknown'.
src/components/ui/resource/ResourceFlowDiagram.tsx(302,7): error TS18046: 'd' is of type 'unknown'.
src/components/ui/resource/ResourceFlowDiagram.tsx(302,28): error TS7006: Parameter 'resource' implicitly has an 'any' type.
src/components/ui/resource/ResourceFlowDiagram.tsx(302,38): error TS7006: Parameter 'i' implicitly has an 'any' type.
src/components/ui/resource/ResourceFlowDiagram.tsx(303,44): error TS18046: 'd' is of type 'unknown'.
src/components/ui/resource/ResourceFlowDiagram.tsx(319,9): error TS2345: Argument of type 'DragBehavior<SVGGElement, NetworkNode, SubjectPosition | NetworkNode>' is not assignable to parameter of type '(selection: Selection<SVGGElement, unknown, SVGGElement, unknown>) => void'.
  Types of parameters 'selection' and 'selection' are incompatible.
    Type 'Selection<SVGGElement, unknown, SVGGElement, unknown>' is not assignable to type 'Selection<SVGGElement, NetworkNode, any, any>'.
      The types of 'select(...).select' are incompatible between these types.
        Type '{ <DescElement extends BaseType>(selector: string): Selection<DescElement, unknown, SVGGElement, unknown>; <DescElement extends BaseType>(selector: null): Selection<null, undefined, SVGGElement, unknown>; <DescElement extends BaseType>(selector: ValueFn<...>): Selection<...>; }' is not assignable to type '{ <DescElement extends BaseType>(selector: string): Selection<DescElement, NetworkNode, any, any>; <DescElement extends BaseType>(selector: null): Selection<null, undefined, any, any>; <DescElement extends BaseType>(selector: ValueFn<...>): Selection<...>; }'.
          Types of parameters 'selector' and 'selector' are incompatible.
            Types of parameters 'datum' and 'datum' are incompatible.
              Type 'unknown' is not assignable to type 'NetworkNode'.
src/components/ui/resource/ResourceFlowDiagram.tsx(403,37): error TS18046: 'd' is of type 'unknown'.
src/components/ui/resource/ResourceFlowDiagram.tsx(404,37): error TS18046: 'd' is of type 'unknown'.
src/components/ui/resource/ResourceFlowDiagram.tsx(432,39): error TS7006: Parameter 'node' implicitly has an 'any' type.
src/components/ui/resource/ResourceFlowDiagram.tsx(569,28): error TS2304: Cannot find name 'useCallback'.
src/components/ui/resource/ResourceFlowDiagram.tsx(587,23): error TS2304: Cannot find name 'useCallback'.
src/components/ui/resource/ResourceFlowDiagram.tsx(607,23): error TS2304: Cannot find name 'useCallback'.
src/components/ui/resource/ResourceFlowDiagram.tsx(623,24): error TS2304: Cannot find name 'useCallback'.
src/components/ui/resource/ResourceFlowDiagram.tsx(633,31): error TS2304: Cannot find name 'useMemo'.
src/components/ui/resource/ResourceFlowDiagram.tsx(638,52): error TS7006: Parameter 'node' implicitly has an 'any' type.
src/components/ui/resource/ResourceFlowDiagram.tsx(642,47): error TS7006: Parameter 'node' implicitly has an 'any' type.
src/components/ui/resource/ResourceFlowDiagram.tsx(645,7): error TS7006: Parameter 'link' implicitly has an 'any' type.
src/components/ui/resource/ResourceFlowDiagram.tsx(713,16): error TS2686: 'React' refers to a UMD global, but the current file is a module. Consider adding an import instead.
src/components/ui/resource/ResourceFlowDiagramDemo.tsx(34,54): error TS2304: Cannot find name 'FlowNodeType'.
src/components/ui/resource/ResourceForecastingVisualization.tsx(1,10): error TS2300: Duplicate identifier 'ResourceType'.
src/components/ui/resource/ResourceForecastingVisualization.tsx(22,3): error TS2300: Duplicate identifier 'ResourceType'.
src/components/ui/resource/ResourceManagementDashboard.tsx(1,10): error TS2300: Duplicate identifier 'ResourceType'.
src/components/ui/resource/ResourceManagementDashboard.tsx(19,3): error TS2300: Duplicate identifier 'ResourceType'.
src/components/ui/resource/ResourceOptimizationSuggestions.tsx(1,10): error TS2300: Duplicate identifier 'ResourceType'.
src/components/ui/resource/ResourceOptimizationSuggestions.tsx(10,3): error TS2300: Duplicate identifier 'ResourceType'.
src/components/ui/resource/ResourceRateFiltering.tsx(1,10): error TS2300: Duplicate identifier 'ResourceType'.
src/components/ui/resource/ResourceRateFiltering.tsx(8,3): error TS2300: Duplicate identifier 'ResourceType'.
src/components/ui/resource/ResourceRateFiltering.tsx(211,7): error TS2418: Type of computed property's value is 'ResourceType.MINERALS', which is not assignable to type '"minerals" | "energy" | "population" | "research" | "plasma" | "gas" | "exotic" | undefined'.
src/components/ui/resource/ResourceRateFiltering.tsx(212,7): error TS2418: Type of computed property's value is 'ResourceType.ENERGY', which is not assignable to type '"minerals" | "energy" | "population" | "research" | "plasma" | "gas" | "exotic" | undefined'.
src/components/ui/resource/ResourceRateFiltering.tsx(213,7): error TS2418: Type of computed property's value is 'ResourceType.POPULATION', which is not assignable to type '"minerals" | "energy" | "population" | "research" | "plasma" | "gas" | "exotic" | undefined'.
src/components/ui/resource/ResourceRateFiltering.tsx(214,7): error TS2418: Type of computed property's value is 'ResourceType.RESEARCH', which is not assignable to type '"minerals" | "energy" | "population" | "research" | "plasma" | "gas" | "exotic" | undefined'.
src/components/ui/resource/ResourceRateFiltering.tsx(215,7): error TS2418: Type of computed property's value is 'ResourceType.PLASMA', which is not assignable to type '"minerals" | "energy" | "population" | "research" | "plasma" | "gas" | "exotic" | undefined'.
src/components/ui/resource/ResourceRateFiltering.tsx(216,7): error TS2418: Type of computed property's value is 'ResourceType.GAS', which is not assignable to type '"minerals" | "energy" | "population" | "research" | "plasma" | "gas" | "exotic" | undefined'.
src/components/ui/resource/ResourceRateFiltering.tsx(217,7): error TS2418: Type of computed property's value is 'ResourceType.EXOTIC', which is not assignable to type '"minerals" | "energy" | "population" | "research" | "plasma" | "gas" | "exotic" | undefined'.
src/components/ui/resource/ResourceRateFiltering.tsx(227,49): error TS2769: No overload matches this call.
  Overload 1 of 2, '(predicate: (value: string, index: number, array: string[]) => value is ResourceType, thisArg?: any): ResourceType[]', gave the following error.
    Argument of type '(resourceType: ResourceType) => boolean' is not assignable to parameter of type '(value: string, index: number, array: string[]) => value is ResourceType'.
      Types of parameters 'resourceType' and 'value' are incompatible.
        Type 'string' is not assignable to type 'ResourceType'.
  Overload 2 of 2, '(predicate: (value: string, index: number, array: string[]) => unknown, thisArg?: any): string[]', gave the following error.
    Argument of type '(resourceType: ResourceType) => boolean' is not assignable to parameter of type '(value: string, index: number, array: string[]) => unknown'.
      Types of parameters 'resourceType' and 'value' are incompatible.
        Type 'string' is not assignable to type 'ResourceType'.
src/components/ui/resource/ResourceRatesDisplay.tsx(1,10): error TS2300: Duplicate identifier 'ResourceType'.
src/components/ui/resource/ResourceRatesDisplay.tsx(8,3): error TS2300: Duplicate identifier 'ResourceType'.
src/components/ui/resource/ResourceRatesTrends.tsx(1,10): error TS2300: Duplicate identifier 'ResourceType'.
src/components/ui/resource/ResourceRatesTrends.tsx(16,3): error TS2300: Duplicate identifier 'ResourceType'.
src/components/ui/resource/ResourceRatesTrends.tsx(104,9): error TS2418: Type of computed property's value is 'ResourceType.MINERALS', which is not assignable to type '"minerals" | "energy" | "population" | "research" | "plasma" | "gas" | "exotic" | undefined'.
src/components/ui/resource/ResourceRatesTrends.tsx(105,9): error TS2418: Type of computed property's value is 'ResourceType.ENERGY', which is not assignable to type '"minerals" | "energy" | "population" | "research" | "plasma" | "gas" | "exotic" | undefined'.
src/components/ui/resource/ResourceRatesTrends.tsx(106,9): error TS2418: Type of computed property's value is 'ResourceType.POPULATION', which is not assignable to type '"minerals" | "energy" | "population" | "research" | "plasma" | "gas" | "exotic" | undefined'.
src/components/ui/resource/ResourceRatesTrends.tsx(107,9): error TS2418: Type of computed property's value is 'ResourceType.RESEARCH', which is not assignable to type '"minerals" | "energy" | "population" | "research" | "plasma" | "gas" | "exotic" | undefined'.
src/components/ui/resource/ResourceRatesTrends.tsx(108,9): error TS2418: Type of computed property's value is 'ResourceType.PLASMA', which is not assignable to type '"minerals" | "energy" | "population" | "research" | "plasma" | "gas" | "exotic" | undefined'.
src/components/ui/resource/ResourceRatesTrends.tsx(109,9): error TS2418: Type of computed property's value is 'ResourceType.GAS', which is not assignable to type '"minerals" | "energy" | "population" | "research" | "plasma" | "gas" | "exotic" | undefined'.
src/components/ui/resource/ResourceRatesTrends.tsx(110,9): error TS2418: Type of computed property's value is 'ResourceType.EXOTIC', which is not assignable to type '"minerals" | "energy" | "population" | "research" | "plasma" | "gas" | "exotic" | undefined'.
src/components/ui/resource/ResourceThresholdVisualization.tsx(1,10): error TS2300: Duplicate identifier 'ResourceType'.
src/components/ui/resource/ResourceThresholdVisualization.tsx(8,3): error TS2300: Duplicate identifier 'ResourceType'.
src/components/ui/resource/ResourceVisualizationEnhanced.tsx(1,10): error TS2300: Duplicate identifier 'ResourceType'.
src/components/ui/resource/ResourceVisualizationEnhanced.tsx(15,3): error TS2300: Duplicate identifier 'ResourceType'.
src/components/ui/resource/ResourceVisualizationEnhanced.tsx(583,51): error TS2345: Argument of type 'ResourceType.MINERALS' is not assignable to parameter of type '"minerals" | "energy" | "population" | "research"'.
src/components/ui/resource/ResourceVisualizationEnhanced.tsx(589,51): error TS2345: Argument of type 'ResourceType.ENERGY' is not assignable to parameter of type '"minerals" | "energy" | "population" | "research"'.
src/config/modules/defaultModuleConfigs.ts(131,3): error TS2561: Object literal may only specify known properties, but 'population' does not exist in type 'Record<ModuleType, ModuleConfig>'. Did you mean to write 'POPULATION'?
src/config/resource/ResourceConfig.ts(2,3): error TS2305: Module '"../../types/resources/ResourceTypes"' has no exported member 'ResourceManagerConfig'.
src/config/resource/ResourceConfig.ts(19,39): error TS2552: Cannot find name 'ResourceTypeInfo'. Did you mean 'ResourceType'?
src/config/resource/ResourceConfig.ts(20,41): error TS2552: Cannot find name 'ResourceTypeInfo'. Did you mean 'ResourceType'?
src/config/resource/ResourceConfig.ts(21,43): error TS2552: Cannot find name 'ResourceTypeInfo'. Did you mean 'ResourceType'?
src/config/resource/ResourceConfig.ts(22,42): error TS2552: Cannot find name 'ResourceTypeInfo'. Did you mean 'ResourceType'?
src/config/resource/ResourceConfig.ts(23,40): error TS2552: Cannot find name 'ResourceTypeInfo'. Did you mean 'ResourceType'?
src/config/resource/ResourceConfig.ts(24,41): error TS2552: Cannot find name 'ResourceTypeInfo'. Did you mean 'ResourceType'?
src/config/resource/ResourceConfig.ts(25,44): error TS2552: Cannot find name 'ResourceTypeInfo'. Did you mean 'ResourceType'?
src/config/resource/ResourceConfig.ts(26,45): error TS2552: Cannot find name 'ResourceTypeInfo'. Did you mean 'ResourceType'?
src/config/resource/ResourceConfig.ts(29,10): error TS2552: Cannot find name 'ResourceTypeInfo'. Did you mean 'ResourceType'?
src/config/resource/ResourceConfig.ts(33,10): error TS2552: Cannot find name 'ResourceTypeInfo'. Did you mean 'ResourceType'?
src/config/resource/ResourceConfig.ts(41,3): error TS2561: Object literal may only specify known properties, but 'minerals' does not exist in type '{ MINERALS: { min: number; max: number; }; ENERGY: { min: number; max: number; }; POPULATION: { min: number; max: number; }; RESEARCH: { min: number; max: number; }; PLASMA: { min: number; max: number; }; GAS: { min: number; max: number; }; ... 10 more ...; EXOTIC_MATTER: { ...; }; }'. Did you mean to write 'MINERALS'?
src/contexts/ClassificationContext.tsx(1,13): error TS2300: Duplicate identifier 'React'.
src/contexts/ClassificationContext.tsx(2,8): error TS2300: Duplicate identifier 'React'.
src/contexts/GameContext.tsx(1,13): error TS2300: Duplicate identifier 'React'.
src/contexts/GameContext.tsx(2,8): error TS2300: Duplicate identifier 'React'.
src/contexts/ModuleContext.tsx(2,13): error TS2300: Duplicate identifier 'React'.
src/contexts/ModuleContext.tsx(3,8): error TS2300: Duplicate identifier 'React'.
src/contexts/ThresholdContext.tsx(45,10): error TS2304: Cannot find name 'ResourceTypeHelpers'.
src/effects/component_effects/ResourceFlowVisualization.tsx(49,33): error TS2551: Property 'ENERGY' does not exist on type '{ energy: { primary: string; secondary: string; glow: string; }; materials: { primary: string; secondary: string; glow: string; }; research: { primary: string; secondary: string; glow: string; }; population: { ...; }; }'. Did you mean 'energy'?
src/hooks/combat/useCombatAI.ts(85,25): error TS2339: Property 'on' does not exist on type 'BehaviorTreeManager'.
src/hooks/combat/useCombatAI.ts(86,25): error TS2339: Property 'on' does not exist on type 'BehaviorTreeManager'.
src/hooks/combat/useCombatAI.ts(137,27): error TS2339: Property 'off' does not exist on type 'BehaviorTreeManager'.
src/hooks/combat/useCombatAI.ts(138,27): error TS2339: Property 'off' does not exist on type 'BehaviorTreeManager'.
src/hooks/factions/useFactionBehavior.ts(4,30): error TS2307: Cannot find module '../../lib/utils/EventEmitter' or its corresponding type declarations.
src/hooks/factions/useFactionBehavior.ts(91,1): error TS2578: Unused '@ts-expect-error' directive.
src/hooks/factions/useFactionBehavior.ts(148,1): error TS2578: Unused '@ts-expect-error' directive.
src/hooks/factions/useFactionBehavior.ts(230,1): error TS2578: Unused '@ts-expect-error' directive.
src/hooks/factions/useFactionBehavior.ts(1105,7): error TS2740: Type '{ MINERALS: number; ENERGY: number; PLASMA: number; EXOTIC: number; GAS: number; POPULATION: number; RESEARCH: number; }' is missing the following properties from type 'Record<ResourceType, number>': IRON, COPPER, TITANIUM, URANIUM, and 6 more.
src/hooks/factions/useFactionBehavior.ts(1141,35): error TS2339: Property 'emit' does not exist on type 'FactionBehaviorEventEmitter'.
src/hooks/factions/useFactionBehavior.ts(1255,29): error TS2339: Property 'emit' does not exist on type 'FactionBehaviorEventEmitter'.
src/hooks/factions/useFactionBehavior.ts(1264,29): error TS2339: Property 'emit' does not exist on type 'FactionBehaviorEventEmitter'.
src/hooks/factions/useFactionBehavior.ts(1274,39): error TS2551: Property 'minerals' does not exist on type '{ MINERALS: number; ENERGY: number; PLASMA: number; EXOTIC: number; GAS: number; POPULATION: number; RESEARCH: number; }'. Did you mean 'MINERALS'?
src/hooks/factions/useFactionBehavior.ts(1276,31): error TS2339: Property 'emit' does not exist on type 'FactionBehaviorEventEmitter'.
src/hooks/factions/useFactionBehavior.ts(1290,31): error TS2339: Property 'emit' does not exist on type 'FactionBehaviorEventEmitter'.
src/hooks/factions/useFactionBehavior.ts(1345,29): error TS2339: Property 'subscribe' does not exist on type 'FactionBehaviorEventEmitter'.
src/hooks/factions/useFactionBehavior.ts(1347,31): error TS2339: Property 'unsubscribe' does not exist on type 'FactionBehaviorEventEmitter'.
src/hooks/factions/useFactionBehavior.ts(1510,1): error TS2578: Unused '@ts-expect-error' directive.
src/hooks/factions/useFactionBehavior.ts(1731,1): error TS2578: Unused '@ts-expect-error' directive.
src/hooks/factions/useFactionBehavior.ts(1774,1): error TS2578: Unused '@ts-expect-error' directive.
src/hooks/factions/useFactionBehavior.ts(1803,1): error TS2578: Unused '@ts-expect-error' directive.
src/hooks/factions/useFactionBehavior.ts(1828,35): error TS2551: Property 'minerals' does not exist on type '{ MINERALS: number; GAS: number; EXOTIC: number; }'. Did you mean 'MINERALS'?
src/hooks/factions/useFactionBehavior.ts(1831,33): error TS2551: Property 'exotic' does not exist on type '{ MINERALS: number; GAS: number; EXOTIC: number; }'. Did you mean 'EXOTIC'?
src/hooks/factions/useFactionBehavior.ts(1832,30): error TS2551: Property 'gas' does not exist on type '{ MINERALS: number; GAS: number; EXOTIC: number; }'. Did you mean 'GAS'?
src/hooks/factions/useFactionBehavior.ts(1962,1): error TS2578: Unused '@ts-expect-error' directive.
src/hooks/factions/useFactionBehavior.ts(1987,34): error TS2551: Property 'minerals' does not exist on type '{ MINERALS: number; ENERGY: number; PLASMA: number; EXOTIC: number; GAS: number; POPULATION: number; RESEARCH: number; }'. Did you mean 'MINERALS'?
src/hooks/factions/useFactionBehavior.ts(2005,7): error TS2561: Object literal may only specify known properties, but 'minerals' does not exist in type 'Record<ResourceType, number>'. Did you mean to write 'MINERALS'?
src/hooks/factions/useFactionBehavior.ts(2023,34): error TS2551: Property 'minerals' does not exist on type '{ MINERALS: number; ENERGY: number; PLASMA: number; EXOTIC: number; GAS: number; POPULATION: number; RESEARCH: number; }'. Did you mean 'MINERALS'?
src/hooks/factions/useFactionBehavior.ts(2023,79): error TS2551: Property 'energy' does not exist on type '{ MINERALS: number; ENERGY: number; PLASMA: number; EXOTIC: number; GAS: number; POPULATION: number; RESEARCH: number; }'. Did you mean 'ENERGY'?
src/hooks/factions/useFactionBehavior.ts(2226,1): error TS2578: Unused '@ts-expect-error' directive.
src/hooks/modules/useModuleUpgrade.ts(23,1): error TS2578: Unused '@ts-expect-error' directive.
src/hooks/resources/useResourceManagement.tsx(12,10): error TS2300: Duplicate identifier 'ResourceType'.
src/hooks/resources/useResourceManagement.tsx(13,10): error TS2300: Duplicate identifier 'ResourceType'.
src/hooks/resources/useResourceManagement.tsx(94,26): error TS2304: Cannot find name 'ensureStringResourceType'.
src/hooks/resources/useResourceManagement.tsx(108,26): error TS2304: Cannot find name 'ensureStringResourceType'.
src/hooks/resources/useResourceManagement.tsx(117,26): error TS2304: Cannot find name 'ensureStringResourceType'.
src/hooks/resources/useResourceManagement.tsx(139,26): error TS2304: Cannot find name 'ensureStringResourceType'.
src/hooks/resources/useResourceManagement.tsx(154,28): error TS2304: Cannot find name 'ensureStringResourceType'.
src/hooks/resources/useResourceManagement.tsx(166,26): error TS2304: Cannot find name 'ensureStringResourceType'.
src/hooks/resources/useResourceManagement.tsx(176,28): error TS2304: Cannot find name 'ensureStringResourceType'.
src/hooks/resources/useResourceManagement.tsx(186,26): error TS2304: Cannot find name 'ensureStringResourceType'.
src/hooks/resources/useResourceManagement.tsx(195,26): error TS2304: Cannot find name 'ensureStringResourceType'.
src/hooks/resources/useResourceManagement.tsx(204,26): error TS2304: Cannot find name 'ensureStringResourceType'.
src/hooks/resources/useResourceManagement.tsx(213,26): error TS2304: Cannot find name 'ensureStringResourceType'.
src/hooks/resources/useResourceManagement.tsx(222,26): error TS2304: Cannot find name 'ensureStringResourceType'.
src/hooks/resources/useResourceManagement.tsx(231,26): error TS2304: Cannot find name 'ensureStringResourceType'.
src/hooks/resources/useResourceState.ts(158,12): error TS2304: Cannot find name 'ResourceTypeInfo'.
src/hooks/resources/useResourceTracking.ts(1,10): error TS2300: Duplicate identifier 'ResourceType'.
src/hooks/resources/useResourceTracking.ts(13,3): error TS2724: '"./../../types/resources/ResourceTypes"' has no exported member named 'ResourceAlert'. Did you mean 'ResourceRarity'?
src/hooks/resources/useResourceTracking.ts(17,3): error TS2300: Duplicate identifier 'ResourceType'.
src/initialization/gameSystemsIntegration.ts(331,21): error TS2339: Property 'on' does not exist on type 'TechTreeManager'.
src/initialization/gameSystemsIntegration.ts(367,23): error TS2339: Property 'off' does not exist on type 'TechTreeManager'.
src/lib/ai/shipBehavior.ts(1,30): error TS2307: Cannot find module '../../lib/utils/EventEmitter' or its corresponding type declarations.
src/lib/ai/shipBehavior.ts(114,10): error TS2339: Property 'emit' does not exist on type 'ShipBehaviorManagerImpl'.
src/lib/ai/shipBehavior.ts(134,10): error TS2339: Property 'emit' does not exist on type 'ShipBehaviorManagerImpl'.
src/lib/ai/shipBehavior.ts(164,12): error TS2339: Property 'emit' does not exist on type 'ShipBehaviorManagerImpl'.
src/lib/ai/shipMovement.ts(1,30): error TS2307: Cannot find module '../utils/EventEmitter' or its corresponding type declarations.
src/lib/ai/shipMovement.ts(68,10): error TS2339: Property 'emit' does not exist on type 'ShipMovementManagerImpl'.
src/lib/ai/shipMovement.ts(86,10): error TS2339: Property 'emit' does not exist on type 'ShipMovementManagerImpl'.
src/lib/ai/shipMovement.ts(114,14): error TS2339: Property 'emit' does not exist on type 'ShipMovementManagerImpl'.
src/lib/ai/shipMovement.ts(153,12): error TS2339: Property 'emit' does not exist on type 'ShipMovementManagerImpl'.
src/lib/ai/shipMovement.ts(166,12): error TS2339: Property 'emit' does not exist on type 'ShipMovementManagerImpl'.
src/lib/automation/ConditionChecker.ts(33,1): error TS2578: Unused '@ts-expect-error' directive.
src/lib/events/EventBus.ts(331,3): error TS2393: Duplicate function implementation.
src/lib/events/EventBus.ts(612,10): error TS2393: Duplicate function implementation.
src/lib/events/ModuleEventBus.ts(83,3): error TS2416: Property 'emit' in type 'ModuleEventBus' is not assignable to the same property in base type 'EventBus<ModuleEvent>'.
  Type '(event: ModuleEvent) => void' is not assignable to type '{ (event: ModuleEvent): void; <T = any>(eventName: string, data: T): void; }'.
    Types of parameters 'event' and 'eventName' are incompatible.
      Type 'string' is not assignable to type 'ModuleEvent'.
src/lib/optimization/EntityPool.ts(1,30): error TS2307: Cannot find module '../utils/EventEmitter' or its corresponding type declarations.
src/lib/optimization/EntityPool.ts(94,14): error TS2339: Property 'emit' does not exist on type 'EntityPool<T>'.
src/lib/optimization/EntityPool.ts(106,10): error TS2339: Property 'emit' does not exist on type 'EntityPool<T>'.
src/lib/optimization/EntityPool.ts(118,12): error TS2339: Property 'emit' does not exist on type 'EntityPool<T>'.
src/lib/optimization/EntityPool.ts(156,10): error TS2339: Property 'emit' does not exist on type 'EntityPool<T>'.
src/lib/optimization/RenderBatcher.ts(2,30): error TS2307: Cannot find module '../utils/EventEmitter' or its corresponding type declarations.
src/lib/optimization/RenderBatcher.ts(60,10): error TS2339: Property 'emit' does not exist on type 'RenderBatcher'.
src/lib/optimization/RenderBatcher.ts(72,12): error TS2339: Property 'emit' does not exist on type 'RenderBatcher'.
src/lib/optimization/RenderBatcher.ts(85,14): error TS2339: Property 'emit' does not exist on type 'RenderBatcher'.
src/lib/optimization/RenderBatcher.ts(96,12): error TS2339: Property 'emit' does not exist on type 'RenderBatcher'.
src/lib/optimization/RenderBatcher.ts(117,10): error TS2339: Property 'emit' does not exist on type 'RenderBatcher'.
src/lib/optimization/RenderBatcher.ts(197,10): error TS2339: Property 'emit' does not exist on type 'RenderBatcher'.
src/lib/visualization/ChartCoordinationManager.ts(1,30): error TS2307: Cannot find module '../utils/EventEmitter' or its corresponding type declarations.
src/managers/ai/BehaviorTreeManager.ts(4,30): error TS2307: Cannot find module '../../utils/EventEmitter' or its corresponding type declarations.
src/managers/ai/BehaviorTreeManager.ts(239,16): error TS2339: Property 'emit' does not exist on type 'BehaviorTreeManager'.
src/managers/ai/BehaviorTreeManager.ts(337,12): error TS2339: Property 'emit' does not exist on type 'BehaviorTreeManager'.
src/managers/ai/BehaviorTreeManager.ts(344,12): error TS2339: Property 'emit' does not exist on type 'BehaviorTreeManager'.
src/managers/ai/BehaviorTreeManager.ts(351,12): error TS2339: Property 'emit' does not exist on type 'BehaviorTreeManager'.
src/managers/ai/BehaviorTreeManager.ts(366,12): error TS2339: Property 'emit' does not exist on type 'BehaviorTreeManager'.
src/managers/ai/BehaviorTreeManager.ts(372,12): error TS2339: Property 'emit' does not exist on type 'BehaviorTreeManager'.
src/managers/ai/BehaviorTreeManager.ts(379,12): error TS2339: Property 'emit' does not exist on type 'BehaviorTreeManager'.
src/managers/ai/BehaviorTreeManager.ts(386,12): error TS2339: Property 'emit' does not exist on type 'BehaviorTreeManager'.
src/managers/ai/BehaviorTreeManager.ts(397,12): error TS2339: Property 'emit' does not exist on type 'BehaviorTreeManager'.
src/managers/automation/GlobalAutomationManager.ts(302,61): error TS2345: Argument of type 'string' is not assignable to parameter of type 'ResourceType'.
src/managers/automation/GlobalAutomationManager.ts(315,61): error TS2345: Argument of type 'string' is not assignable to parameter of type 'ResourceType'.
src/managers/colony/ColonyManagerImpl.ts(5,30): error TS2307: Cannot find module '../../utils/EventEmitter' or its corresponding type declarations.
src/managers/colony/ColonyManagerImpl.ts(104,10): error TS2339: Property 'emit' does not exist on type 'ColonyManagerImpl'.
src/managers/colony/ColonyManagerImpl.ts(160,10): error TS2339: Property 'emit' does not exist on type 'ColonyManagerImpl'.
src/managers/colony/ColonyManagerImpl.ts(206,10): error TS2339: Property 'emit' does not exist on type 'ColonyManagerImpl'.
src/managers/colony/ColonyManagerImpl.ts(254,10): error TS2339: Property 'emit' does not exist on type 'ColonyManagerImpl'.
src/managers/colony/ColonyManagerImpl.ts(271,10): error TS2339: Property 'emit' does not exist on type 'ColonyManagerImpl'.
src/managers/colony/ColonyManagerImpl.ts(305,10): error TS2339: Property 'emit' does not exist on type 'ColonyManagerImpl'.
src/managers/colony/ColonyManagerImpl.ts(323,10): error TS2339: Property 'emit' does not exist on type 'ColonyManagerImpl'.
src/managers/combat/CombatMechanicsSystem.ts(2,30): error TS2307: Cannot find module '../../utils/EventEmitter' or its corresponding type declarations.
src/managers/combat/EnvironmentalHazardManager.ts(19,30): error TS2307: Cannot find module '../../lib/utils/EventEmitter' or its corresponding type declarations.
src/managers/combat/EnvironmentalHazardManager.ts(267,10): error TS2339: Property 'emit' does not exist on type 'EnvironmentalHazardManager'.
src/managers/combat/EnvironmentalHazardManager.ts(404,10): error TS2339: Property 'emit' does not exist on type 'EnvironmentalHazardManager'.
src/managers/combat/ObjectDetectionSystem.ts(7,30): error TS2307: Cannot find module '../../utils/EventEmitter' or its corresponding type declarations.
src/managers/combat/ThreatAssessmentManager.ts(2,30): error TS2307: Cannot find module '../../utils/EventEmitter' or its corresponding type declarations.
src/managers/combat/WarShipManagerImpl.ts(2,30): error TS2307: Cannot find module '../../lib/utils/EventEmitter' or its corresponding type declarations.
src/managers/combat/WarShipManagerImpl.ts(215,12): error TS2339: Property 'emit' does not exist on type 'WarShipManagerImpl'.
src/managers/combat/WarShipManagerImpl.ts(243,12): error TS2339: Property 'emit' does not exist on type 'WarShipManagerImpl'.
src/managers/combat/WarShipManagerImpl.ts(285,10): error TS2339: Property 'emit' does not exist on type 'WarShipManagerImpl'.
src/managers/combat/WarShipManagerImpl.ts(304,12): error TS2339: Property 'emit' does not exist on type 'WarShipManagerImpl'.
src/managers/combat/WarShipManagerImpl.ts(322,12): error TS2339: Property 'emit' does not exist on type 'WarShipManagerImpl'.
src/managers/combat/WarShipManagerImpl.ts(355,12): error TS2339: Property 'emit' does not exist on type 'WarShipManagerImpl'.
src/managers/combat/WarShipManagerImpl.ts(367,12): error TS2339: Property 'emit' does not exist on type 'WarShipManagerImpl'.
src/managers/effects/EffectLifecycleManager.ts(2,30): error TS2307: Cannot find module '../../utils/EventEmitter' or its corresponding type declarations.
src/managers/effects/EffectLifecycleManager.ts(67,10): error TS2339: Property 'emit' does not exist on type 'EffectLifecycleManager'.
src/managers/effects/EffectLifecycleManager.ts(116,10): error TS2339: Property 'emit' does not exist on type 'EffectLifecycleManager'.
src/managers/effects/EffectLifecycleManager.ts(159,10): error TS2339: Property 'removeAllListeners' does not exist on type 'EffectLifecycleManager'.
src/managers/factions/FactionRelationshipManager.ts(6,30): error TS2307: Cannot find module '../../utils/EventEmitter' or its corresponding type declarations.
src/managers/factions/FactionRelationshipManager.ts(143,11): error TS2345: Argument of type 'string' is not assignable to parameter of type 'ResourceType'.
src/managers/factions/FactionRelationshipManager.ts(246,12): error TS2339: Property 'emit' does not exist on type 'FactionRelationshipManager'.
src/managers/factions/FactionRelationshipManager.ts(290,12): error TS2339: Property 'emit' does not exist on type 'FactionRelationshipManager'.
src/managers/factions/FactionRelationshipManager.ts(328,12): error TS2339: Property 'emit' does not exist on type 'FactionRelationshipManager'.
src/managers/factions/FactionRelationshipManager.ts(358,12): error TS2339: Property 'emit' does not exist on type 'FactionRelationshipManager'.
src/managers/game/AsteroidFieldManager.ts(2,30): error TS2307: Cannot find module '../../lib/utils/EventEmitter' or its corresponding type declarations.
src/managers/game/AsteroidFieldManager.ts(118,16): error TS2339: Property 'emit' does not exist on type 'AsteroidFieldManager'.
src/managers/game/AsteroidFieldManager.ts(128,14): error TS2339: Property 'emit' does not exist on type 'AsteroidFieldManager'.
src/managers/game/AsteroidFieldManager.ts(139,14): error TS2339: Property 'emit' does not exist on type 'AsteroidFieldManager'.
src/managers/game/AsteroidFieldManager.ts(199,12): error TS2339: Property 'emit' does not exist on type 'AsteroidFieldManager'.
src/managers/game/AsteroidFieldManager.ts(211,12): error TS2339: Property 'emit' does not exist on type 'AsteroidFieldManager'.
src/managers/game/AsteroidFieldManager.ts(215,10): error TS2339: Property 'emit' does not exist on type 'AsteroidFieldManager'.
src/managers/game/AsteroidFieldManager.ts(320,10): error TS2339: Property 'emit' does not exist on type 'AsteroidFieldManager'.
src/managers/game/AsteroidFieldManager.ts(353,10): error TS2339: Property 'emit' does not exist on type 'AsteroidFieldManager'.
src/managers/game/AsteroidFieldManager.ts(430,10): error TS2339: Property 'emit' does not exist on type 'AsteroidFieldManager'.
src/managers/game/AsteroidFieldManager.ts(484,10): error TS2339: Property 'emit' does not exist on type 'AsteroidFieldManager'.
src/managers/game/AsteroidFieldManager.ts(520,18): error TS2339: Property 'emit' does not exist on type 'AsteroidFieldManager'.
src/managers/game/ParticleSystemManager.ts(107,32): error TS2554: Expected 1 arguments, but got 2.
src/managers/game/ResourceManager.ts(1,10): error TS2300: Duplicate identifier 'ResourceType'.
src/managers/game/ResourceManager.ts(20,3): error TS2300: Duplicate identifier 'ResourceType'.
src/managers/game/ResourceManager.ts(821,39): error TS2345: Argument of type 'string' is not assignable to parameter of type 'ResourceType'.
src/managers/game/ResourceManager.ts(956,43): error TS2345: Argument of type 'ResourceType' is not assignable to parameter of type 'ResourceTypeString'.
src/managers/game/ResourceManager.ts(1002,23): error TS7053: Element implicitly has an 'any' type because expression of type 'string' can't be used to index type '{ MINERALS: number; ENERGY: number; POPULATION: number; RESEARCH: number; PLASMA: number; GAS: number; EXOTIC: number; IRON: number; COPPER: number; TITANIUM: number; URANIUM: number; WATER: number; ... 4 more ...; EXOTIC_MATTER: number; }'.
  No index signature with a parameter of type 'string' was found on type '{ MINERALS: number; ENERGY: number; POPULATION: number; RESEARCH: number; PLASMA: number; GAS: number; EXOTIC: number; IRON: number; COPPER: number; TITANIUM: number; URANIUM: number; WATER: number; ... 4 more ...; EXOTIC_MATTER: number; }'.
src/managers/game/techTreeManager.ts(1,30): error TS2307: Cannot find module '../../lib/utils/EventEmitter' or its corresponding type declarations.
src/managers/game/techTreeManager.ts(57,10): error TS2339: Property 'emit' does not exist on type 'TechTreeManager'.
src/managers/mining/MiningResourceIntegration.ts(3,10): error TS2300: Duplicate identifier 'ResourceType'.
src/managers/mining/MiningResourceIntegration.ts(5,3): error TS2305: Module '"../../types/resources/StandardizedResourceTypes"' has no exported member 'FlowConnection'.
src/managers/mining/MiningResourceIntegration.ts(6,3): error TS2305: Module '"../../types/resources/StandardizedResourceTypes"' has no exported member 'FlowNode'.
src/managers/mining/MiningResourceIntegration.ts(7,3): error TS2305: Module '"../../types/resources/StandardizedResourceTypes"' has no exported member 'FlowNodeType'.
src/managers/mining/MiningResourceIntegration.ts(8,3): error TS2305: Module '"../../types/resources/StandardizedResourceTypes"' has no exported member 'ResourcePriority'.
src/managers/mining/MiningResourceIntegration.ts(9,3): error TS2300: Duplicate identifier 'ResourceType'.
src/managers/mining/MiningResourceIntegration.ts(24,9): error TS2304: Cannot find name 'OldResourceType'.
src/managers/mining/MiningResourceIntegration.ts(30,9): error TS2304: Cannot find name 'OldResourceType'.
src/managers/mining/MiningResourceIntegration.ts(38,39): error TS2304: Cannot find name 'OldResourceType'.
src/managers/mining/MiningResourceIntegration.ts(60,45): error TS2304: Cannot find name 'OldResourceType'.
src/managers/mining/MiningResourceIntegration.ts(66,12): error TS2304: Cannot find name 'OldResourceType'.
src/managers/mining/MiningResourceIntegration.ts(92,13): error TS2304: Cannot find name 'OldResourceType'.
src/managers/mining/MiningResourceIntegration.ts(135,24): error TS2339: Property 'on' does not exist on type 'MiningShipManagerImpl'.
src/managers/mining/MiningResourceIntegration.ts(161,24): error TS2339: Property 'on' does not exist on type 'MiningShipManagerImpl'.
src/managers/mining/MiningResourceIntegration.ts(174,24): error TS2339: Property 'on' does not exist on type 'MiningShipManagerImpl'.
src/managers/mining/MiningResourceIntegration.ts(215,31): error TS2304: Cannot find name 'OldResourceType'.
src/managers/mining/MiningResourceIntegration.ts(239,24): error TS2339: Property 'emit' does not exist on type 'MiningShipManagerImpl'.
src/managers/mining/MiningResourceIntegration.ts(310,11): error TS2353: Object literal may only specify known properties, and 'type' does not exist in type 'ResourceThreshold'.
src/managers/mining/MiningResourceIntegration.ts(310,36): error TS2304: Cannot find name 'OldResourceType'.
src/managers/mining/MiningResourceIntegration.ts(335,11): error TS2304: Cannot find name 'OldResourceType'.
src/managers/mining/MiningResourceIntegration.ts(372,56): error TS2339: Property 'type' does not exist on type 'ResourceThreshold'.
src/managers/mining/MiningResourceIntegration.ts(383,11): error TS2353: Object literal may only specify known properties, and 'type' does not exist in type 'ResourceThreshold'.
src/managers/mining/MiningResourceIntegration.ts(383,57): error TS2304: Cannot find name 'OldResourceType'.
src/managers/mining/MiningResourceIntegration.ts(507,11): error TS2304: Cannot find name 'OldResourceType'.
src/managers/mining/MiningResourceIntegration.ts(521,17): error TS2304: Cannot find name 'OldResourceType'.
src/managers/mining/MiningShipManager.ts(137,7): error TS2322: Type 'string' is not assignable to type 'ResourceType'.
src/managers/mining/MiningShipManagerImpl.ts(2,30): error TS2307: Cannot find module '../../lib/utils/EventEmitter' or its corresponding type declarations.
src/managers/mining/MiningShipManagerImpl.ts(63,12): error TS2339: Property 'emit' does not exist on type 'MiningShipManagerImpl'.
src/managers/mining/MiningShipManagerImpl.ts(80,12): error TS2339: Property 'emit' does not exist on type 'MiningShipManagerImpl'.
src/managers/mining/MiningShipManagerImpl.ts(186,10): error TS2339: Property 'emit' does not exist on type 'MiningShipManagerImpl'.
src/managers/mining/MiningShipManagerImpl.ts(216,12): error TS2339: Property 'emit' does not exist on type 'MiningShipManagerImpl'.
src/managers/mining/MiningShipManagerImpl.ts(234,12): error TS2339: Property 'emit' does not exist on type 'MiningShipManagerImpl'.
src/managers/mining/MiningShipManagerImpl.ts(247,12): error TS2339: Property 'emit' does not exist on type 'MiningShipManagerImpl'.
src/managers/module/ModuleAttachmentManager.ts(28,1): error TS2578: Unused '@ts-expect-error' directive.
src/managers/module/OfficerManager.ts(17,30): error TS2307: Cannot find module '../../utils/EventEmitter' or its corresponding type declarations.
src/managers/module/OfficerManager.ts(47,21): error TS2339: Property 'on' does not exist on type 'TechTreeManager'.
src/managers/module/OfficerManager.ts(56,14): error TS2339: Property 'emit' does not exist on type 'OfficerManager'.
src/managers/module/OfficerManager.ts(67,12): error TS2339: Property 'emit' does not exist on type 'OfficerManager'.
src/managers/module/OfficerManager.ts(273,10): error TS2339: Property 'emit' does not exist on type 'OfficerManager'.
src/managers/module/OfficerManager.ts(306,10): error TS2339: Property 'emit' does not exist on type 'OfficerManager'.
src/managers/module/OfficerManager.ts(326,10): error TS2339: Property 'emit' does not exist on type 'OfficerManager'.
src/managers/module/OfficerManager.ts(350,10): error TS2339: Property 'emit' does not exist on type 'OfficerManager'.
src/managers/module/OfficerManager.ts(381,10): error TS2339: Property 'emit' does not exist on type 'OfficerManager'.
src/managers/module/OfficerManager.ts(494,12): error TS2339: Property 'emit' does not exist on type 'OfficerManager'.
src/managers/module/OfficerManager.ts(505,10): error TS2339: Property 'emit' does not exist on type 'OfficerManager'.
src/managers/module/OfficerManager.ts(595,10): error TS2339: Property 'emit' does not exist on type 'OfficerManager'.
src/managers/module/ShipHangarManager.ts(5,30): error TS2307: Cannot find module '../../lib/utils/EventEmitter' or its corresponding type declarations.
src/managers/module/ShipHangarManager.ts(185,21): error TS2339: Property 'on' does not exist on type 'TechTreeManager'.
src/managers/module/ShipHangarManager.ts(222,12): error TS2339: Property 'emit' does not exist on type 'ShipHangarManager'.
src/managers/module/ShipHangarManager.ts(392,10): error TS2339: Property 'emit' does not exist on type 'ShipHangarManager'.
src/managers/module/ShipHangarManager.ts(418,10): error TS2339: Property 'emit' does not exist on type 'ShipHangarManager'.
src/managers/module/ShipHangarManager.ts(432,10): error TS2339: Property 'emit' does not exist on type 'ShipHangarManager'.
src/managers/module/ShipHangarManager.ts(451,10): error TS2339: Property 'emit' does not exist on type 'ShipHangarManager'.
src/managers/module/ShipHangarManager.ts(541,12): error TS2339: Property 'emit' does not exist on type 'ShipHangarManager'.
src/managers/module/ShipHangarManager.ts(557,10): error TS2339: Property 'emit' does not exist on type 'ShipHangarManager'.
src/managers/module/ShipHangarManager.ts(570,14): error TS2339: Property 'emit' does not exist on type 'ShipHangarManager'.
src/managers/module/ShipHangarManager.ts(626,10): error TS2339: Property 'emit' does not exist on type 'ShipHangarManager'.
src/managers/module/ShipHangarManager.ts(681,14): error TS2339: Property 'emit' does not exist on type 'ShipHangarManager'.
src/managers/module/ShipHangarManager.ts(837,10): error TS2339: Property 'emit' does not exist on type 'ShipHangarManager'.
src/managers/module/ShipHangarManager.ts(1096,10): error TS2339: Property 'emit' does not exist on type 'ShipHangarManager'.
src/managers/module/ShipHangarManager.ts(1140,10): error TS2339: Property 'emit' does not exist on type 'ShipHangarManager'.
src/managers/module/ShipHangarManager.ts(1175,10): error TS2339: Property 'emit' does not exist on type 'ShipHangarManager'.
src/managers/module/ShipHangarManager.ts(1360,10): error TS2339: Property 'emit' does not exist on type 'ShipHangarManager'.
src/managers/module/ShipHangarManager.ts(1404,10): error TS2339: Property 'emit' does not exist on type 'ShipHangarManager'.
src/managers/module/ShipHangarManager.ts(1447,10): error TS2339: Property 'emit' does not exist on type 'ShipHangarManager'.
src/managers/module/ShipHangarManager.ts(1460,12): error TS2339: Property 'emit' does not exist on type 'ShipHangarManager'.
src/managers/module/ShipHangarManager.ts(1466,12): error TS2339: Property 'emit' does not exist on type 'ShipHangarManager'.
src/managers/module/ShipHangarManager.ts(1474,12): error TS2339: Property 'emit' does not exist on type 'ShipHangarManager'.
src/managers/module/ShipHangarManager.ts(1512,10): error TS2339: Property 'emit' does not exist on type 'ShipHangarManager'.
src/managers/module/ShipHangarManager.ts(1556,10): error TS2339: Property 'emit' does not exist on type 'ShipHangarManager'.
src/managers/module/ShipHangarManager.ts(1704,10): error TS2339: Property 'emit' does not exist on type 'ShipHangarManager'.
src/managers/module/ShipHangarManager.ts(1747,10): error TS2339: Property 'emit' does not exist on type 'ShipHangarManager'.
src/managers/module/ShipHangarManager.ts(1817,12): error TS2339: Property 'emit' does not exist on type 'ShipHangarManager'.
src/managers/module/ShipHangarManager.ts(1835,10): error TS2339: Property 'emit' does not exist on type 'ShipHangarManager'.
src/managers/module/ShipHangarManager.ts(1900,10): error TS2339: Property 'emit' does not exist on type 'ShipHangarManager'.
src/managers/module/ShipHangarManager.ts(1939,10): error TS2339: Property 'emit' does not exist on type 'ShipHangarManager'.
src/managers/module/ShipHangarManager.ts(2126,14): error TS2339: Property 'emit' does not exist on type 'ShipHangarManager'.
src/managers/module/SubModuleManager.ts(34,1): error TS2578: Unused '@ts-expect-error' directive.
src/managers/module/SubModuleManager.ts(56,1): error TS2578: Unused '@ts-expect-error' directive.
src/managers/module/SubModuleManager.ts(76,1): error TS2578: Unused '@ts-expect-error' directive.
src/managers/resource/AdaptivePerformanceManager.ts(15,10): error TS2300: Duplicate identifier 'ResourceType'.
src/managers/resource/AdaptivePerformanceManager.ts(16,10): error TS2300: Duplicate identifier 'ResourceType'.
src/managers/resource/AdaptivePerformanceManager.ts(17,10): error TS2300: Duplicate identifier 'ResourceType'.
src/managers/resource/AdaptivePerformanceManager.ts(167,19): error TS2304: Cannot find name 'StringResourceType'.
src/managers/resource/AdaptivePerformanceManager.ts(171,24): error TS2304: Cannot find name 'ensureStringResourceType'.
src/managers/resource/AdaptivePerformanceManager.ts(489,40): error TS2304: Cannot find name 'StringResourceType'.
src/managers/resource/ResourceConversionManager.ts(14,3): error TS2305: Module '"../../types/resources/StandardizedResourceTypes"' has no exported member 'ChainExecutionStatus'.
src/managers/resource/ResourceConversionManager.ts(15,3): error TS2305: Module '"../../types/resources/StandardizedResourceTypes"' has no exported member 'ConversionChain'.
src/managers/resource/ResourceConversionManager.ts(16,3): error TS2305: Module '"../../types/resources/StandardizedResourceTypes"' has no exported member 'FlowNode'.
src/managers/resource/ResourceConversionManager.ts(17,3): error TS2305: Module '"../../types/resources/StandardizedResourceTypes"' has no exported member 'ResourceConversionRecipe'.
src/managers/resource/ResourceConversionManager.ts(145,35): error TS7006: Parameter 'recipeId' implicitly has an 'any' type.
src/managers/resource/ResourceConversionManager.ts(291,20): error TS2339: Property 'active' does not exist on type 'ExtendedResourceConversionProcess'.
src/managers/resource/ResourceConversionManager.ts(291,38): error TS2339: Property 'paused' does not exist on type 'ExtendedResourceConversionProcess'.
src/managers/resource/ResourceConversionManager.ts(297,37): error TS2339: Property 'startTime' does not exist on type 'ExtendedResourceConversionProcess'.
src/managers/resource/ResourceConversionManager.ts(298,57): error TS2339: Property 'recipeId' does not exist on type 'ExtendedResourceConversionProcess'.
src/managers/resource/ResourceConversionManager.ts(304,15): error TS2339: Property 'progress' does not exist on type 'ExtendedResourceConversionProcess'.
src/managers/resource/ResourceConversionManager.ts(307,19): error TS2339: Property 'progress' does not exist on type 'ExtendedResourceConversionProcess'.
src/managers/resource/ResourceConversionManager.ts(327,13): error TS2339: Property 'active' does not exist on type 'ExtendedResourceConversionProcess'.
src/managers/resource/ResourceConversionManager.ts(328,13): error TS2339: Property 'progress' does not exist on type 'ExtendedResourceConversionProcess'.
src/managers/resource/ResourceConversionManager.ts(329,13): error TS2339: Property 'endTime' does not exist on type 'ExtendedResourceConversionProcess'.
src/managers/resource/ResourceConversionManager.ts(332,55): error TS2339: Property 'recipeId' does not exist on type 'ExtendedResourceConversionProcess'.
src/managers/resource/ResourceConversionManager.ts(343,27): error TS2339: Property 'recipeId' does not exist on type 'ExtendedResourceConversionProcess'.
src/managers/resource/ResourceConversionManager.ts(344,30): error TS2339: Property 'sourceId' does not exist on type 'ExtendedResourceConversionProcess'.
src/managers/resource/ResourceConversionManager.ts(347,29): error TS2339: Property 'appliedEfficiency' does not exist on type 'ExtendedResourceConversionProcess'.
src/managers/resource/ResourceConversionManager.ts(355,29): error TS2339: Property 'recipeId' does not exist on type 'ExtendedResourceConversionProcess'.
src/managers/resource/ResourceConversionManager.ts(356,32): error TS2339: Property 'sourceId' does not exist on type 'ExtendedResourceConversionProcess'.
src/managers/resource/ResourceConversionManager.ts(359,31): error TS2339: Property 'appliedEfficiency' does not exist on type 'ExtendedResourceConversionProcess'.
src/managers/resource/ResourceCostManager.ts(1,10): error TS2300: Duplicate identifier 'ResourceType'.
src/managers/resource/ResourceCostManager.ts(3,3): error TS2305: Module '"./../../types/resources/ResourceTypes"' has no exported member 'ResourceContainer'.
src/managers/resource/ResourceCostManager.ts(6,3): error TS2300: Duplicate identifier 'ResourceType'.
src/managers/resource/ResourceExchangeManager.ts(1,10): error TS2300: Duplicate identifier 'ResourceType'.
src/managers/resource/ResourceExchangeManager.ts(3,3): error TS2305: Module '"./../../types/resources/ResourceTypes"' has no exported member 'ResourceExchangeRate'.
src/managers/resource/ResourceExchangeManager.ts(5,3): error TS2300: Duplicate identifier 'ResourceType'.
src/managers/resource/ResourceExchangeManager.ts(632,38): error TS2339: Property 'rate' does not exist on type 'ExtendedRate'.
src/managers/resource/ResourceExchangeManager.ts(635,58): error TS2339: Property 'rate' does not exist on type 'ExtendedRate'.
src/managers/resource/ResourceExchangeManager.ts(641,34): error TS2339: Property 'rate' does not exist on type 'ExtendedRate'.
src/managers/resource/ResourceFlowManager.ts(3,3): error TS2305: Module '"../../types/resources/StandardizedResourceTypes"' has no exported member 'ChainExecutionStatus'.
src/managers/resource/ResourceFlowManager.ts(4,3): error TS2305: Module '"../../types/resources/StandardizedResourceTypes"' has no exported member 'ConversionChain'.
src/managers/resource/ResourceFlowManager.ts(5,3): error TS2305: Module '"../../types/resources/StandardizedResourceTypes"' has no exported member 'FlowConnection'.
src/managers/resource/ResourceFlowManager.ts(6,3): error TS2305: Module '"../../types/resources/StandardizedResourceTypes"' has no exported member 'FlowNode'.
src/managers/resource/ResourceFlowManager.ts(7,3): error TS2305: Module '"../../types/resources/StandardizedResourceTypes"' has no exported member 'FlowNodeType'.
src/managers/resource/ResourceFlowManager.ts(8,3): error TS2305: Module '"../../types/resources/StandardizedResourceTypes"' has no exported member 'ResourceConversionProcess'.
src/managers/resource/ResourceFlowManager.ts(9,3): error TS2305: Module '"../../types/resources/StandardizedResourceTypes"' has no exported member 'ResourceConversionRecipe'.
src/managers/resource/ResourceFlowManager.ts(37,8): error TS2307: Cannot find module '../../utils/resources/ResourceTypeConverter' or its corresponding type declarations.
src/managers/resource/ResourceFlowManager.ts(82,15): error TS2305: Module '"../../types/resources/StandardizedResourceTypes"' has no exported member 'FlowNode'.
src/managers/resource/ResourceFlowManager.ts(1345,40): error TS2339: Property 'progress' does not exist on type 'ExtendedResourceConversionProcess'.
src/managers/resource/ResourceFlowManager.ts(1480,19): error TS2339: Property 'paused' does not exist on type 'ExtendedResourceConversionProcess'.
src/managers/resource/ResourceFlowManager.ts(1485,20): error TS2339: Property 'active' does not exist on type 'ExtendedResourceConversionProcess'.
src/managers/resource/ResourceFlowManager.ts(1493,26): error TS2339: Property 'endTime' does not exist on type 'ExtendedResourceConversionProcess'.
src/managers/resource/ResourceFlowTypes.ts(12,3): error TS2305: Module '"../../types/resources/StandardizedResourceTypes"' has no exported member 'FlowNode'.
src/managers/resource/ResourceFlowTypes.ts(13,3): error TS2305: Module '"../../types/resources/StandardizedResourceTypes"' has no exported member 'ResourceConversionProcess'.
src/managers/resource/ResourceIntegration.ts(6,3): error TS2724: '"../../types/resources/ResourceTypes"' has no exported member named 'ResourcePriority'. Did you mean 'ResourceRarity'?
src/managers/resource/ResourceIntegration.ts(10,3): error TS2305: Module '"../../types/resources/StandardizedResourceTypes"' has no exported member 'FlowConnection'.
src/managers/resource/ResourceIntegration.ts(11,3): error TS2305: Module '"../../types/resources/StandardizedResourceTypes"' has no exported member 'FlowNode'.
src/managers/resource/ResourceIntegration.ts(12,3): error TS2305: Module '"../../types/resources/StandardizedResourceTypes"' has no exported member 'FlowNodeType'.
src/managers/resource/ResourceIntegration.ts(13,3): error TS2305: Module '"../../types/resources/StandardizedResourceTypes"' has no exported member 'ResourcePriority'.
src/managers/resource/ResourceIntegration.ts(204,42): error TS2339: Property 'type' does not exist on type 'ResourceThreshold'.
src/managers/resource/ResourceIntegration.ts(222,13): error TS2353: Object literal may only specify known properties, and 'type' does not exist in type 'ResourceThreshold'.
src/managers/resource/ResourceIntegration.ts(292,11): error TS2353: Object literal may only specify known properties, and 'type' does not exist in type 'ResourceThreshold'.
src/managers/resource/ResourceIntegration.ts(368,32): error TS2304: Cannot find name 'toEnumResourceType'.
src/managers/resource/ResourceIntegration.ts(486,36): error TS2304: Cannot find name 'toEnumResourceType'.
src/managers/resource/ResourceIntegration.ts(492,36): error TS2304: Cannot find name 'toEnumResourceType'.
src/managers/resource/ResourcePerformanceMonitor.ts(2,10): error TS2300: Duplicate identifier 'ResourceType'.
src/managers/resource/ResourcePerformanceMonitor.ts(3,10): error TS2300: Duplicate identifier 'ResourceType'.
src/managers/resource/ResourcePerformanceMonitor.ts(7,17): error TS2304: Cannot find name 'StringResourceType'.
src/managers/resource/ResourcePerformanceMonitor.ts(16,16): error TS2304: Cannot find name 'StringResourceType'.
src/managers/resource/ResourcePerformanceMonitor.ts(18,17): error TS2304: Cannot find name 'StringResourceType'.
src/managers/resource/ResourcePerformanceMonitor.ts(131,29): error TS2304: Cannot find name 'StringResourceType'.
src/managers/resource/ResourcePerformanceMonitor.ts(132,25): error TS2304: Cannot find name 'StringResourceType'.
src/managers/resource/ResourcePoolManager.ts(1,10): error TS2300: Duplicate identifier 'ResourceType'.
src/managers/resource/ResourcePoolManager.ts(3,3): error TS2305: Module '"./../../types/resources/ResourceTypes"' has no exported member 'ResourceContainer'.
src/managers/resource/ResourcePoolManager.ts(4,3): error TS2305: Module '"./../../types/resources/ResourceTypes"' has no exported member 'ResourcePool'.
src/managers/resource/ResourcePoolManager.ts(6,3): error TS2300: Duplicate identifier 'ResourceType'.
src/managers/resource/ResourceStorageManager.ts(1,10): error TS2300: Duplicate identifier 'ResourceType'.
src/managers/resource/ResourceStorageManager.ts(2,10): error TS2300: Duplicate identifier 'ResourceType'.
src/managers/resource/ResourceStorageManager.ts(30,32): error TS2304: Cannot find name 'ResourceState'.
src/managers/resource/ResourceStorageManager.ts(73,28): error TS2304: Cannot find name 'ResourceTransfer'.
src/managers/resource/ResourceStorageManager.ts(127,45): error TS2304: Cannot find name 'ResourceState'.
src/managers/resource/ResourceStorageManager.ts(571,36): error TS2304: Cannot find name 'ResourceTransfer'.
src/managers/resource/ResourceStorageManager.ts(583,32): error TS2304: Cannot find name 'ResourceTransfer'.
src/managers/resource/ResourceStorageManager.ts(590,56): error TS2304: Cannot find name 'ResourceTransfer'.
src/managers/resource/ResourceThresholdManager.ts(1,10): error TS2300: Duplicate identifier 'ResourceType'.
src/managers/resource/ResourceThresholdManager.ts(5,3): error TS2724: '"./../../types/resources/ResourceTypes"' has no exported member named 'ResourceAlert'. Did you mean 'ResourceRarity'?
src/managers/resource/ResourceThresholdManager.ts(8,3): error TS2300: Duplicate identifier 'ResourceType'.
src/managers/resource/ResourceThresholdManager.ts(244,47): error TS2339: Property 'type' does not exist on type 'ResourceThreshold'.
src/managers/resource/ResourceThresholdManager.ts(279,70): error TS2339: Property 'type' does not exist on type 'ResourceThreshold'.
src/managers/resource/ResourceThresholdManager.ts(304,36): error TS2339: Property 'type' does not exist on type 'ResourceThreshold'.
src/managers/resource/ResourceThresholdManager.ts(328,36): error TS2339: Property 'type' does not exist on type 'ResourceThreshold'.
src/managers/resource/ResourceThresholdManager.ts(424,38): error TS2339: Property 'type' does not exist on type 'ResourceThreshold'.
src/managers/resource/ResourceThresholdManager.ts(440,38): error TS2339: Property 'type' does not exist on type 'ResourceThreshold'.
src/managers/resource/ResourceThresholdManager.ts(456,38): error TS2339: Property 'type' does not exist on type 'ResourceThreshold'.
src/managers/resource/ResourceThresholdManager.ts(473,71): error TS2339: Property 'type' does not exist on type 'ResourceThreshold'.
src/managers/resource/ResourceThresholdManager.ts(490,30): error TS2339: Property 'type' does not exist on type 'ResourceThreshold'.
src/managers/resource/ResourceThresholdManager.ts(492,45): error TS2339: Property 'type' does not exist on type 'ResourceThreshold'.
src/managers/resource/ResourceTransferManager.tsx(196,16): error TS2304: Cannot find name 'Truck'.
src/managers/resource/ResourceTransferManager.tsx(200,16): error TS2304: Cannot find name 'ArrowRight'.
src/managers/weapons/WeaponEffectManager.ts(3,30): error TS2307: Cannot find module '../../utils/EventEmitter' or its corresponding type declarations.
src/managers/weapons/WeaponEffectManager.ts(142,10): error TS2339: Property 'emit' does not exist on type 'WeaponEffectManager'.
src/managers/weapons/WeaponEffectManager.ts(240,14): error TS2339: Property 'emit' does not exist on type 'WeaponEffectManager'.
src/managers/weapons/WeaponEffectManager.ts(248,10): error TS2339: Property 'emit' does not exist on type 'WeaponEffectManager'.
src/managers/weapons/WeaponUpgradeManager.ts(10,30): error TS2307: Cannot find module '../../utils/EventEmitter' or its corresponding type declarations.
src/managers/weapons/WeaponUpgradeManager.ts(239,10): error TS2339: Property 'emit' does not exist on type 'WeaponUpgradeManager'.
src/managers/weapons/WeaponUpgradeManager.ts(240,10): error TS2339: Property 'emit' does not exist on type 'WeaponUpgradeManager'.
src/managers/weapons/WeaponUpgradeManager.ts(327,14): error TS2339: Property 'emit' does not exist on type 'WeaponUpgradeManager'.
src/managers/weapons/WeaponUpgradeManager.ts(365,10): error TS2339: Property 'on' does not exist on type 'WeaponUpgradeManager'.
src/managers/weapons/WeaponUpgradeManager.ts(368,14): error TS2339: Property 'off' does not exist on type 'WeaponUpgradeManager'.
src/managers/weapons/WeaponUpgradeManager.ts(380,10): error TS2339: Property 'emit' does not exist on type 'WeaponUpgradeManager'.
src/pages/ColonyManagementPage.tsx(418,11): error TS2322: Type '(resourceType: ResourceType) => void' is not assignable to type '(resourceType: ResourceType.ENERGY | ResourceType.POPULATION | ResourceType.RESEARCH | "food" | "technology" | "materials") => void'.
  Types of parameters 'resourceType' and 'resourceType' are incompatible.
    Type 'ResourceType.ENERGY | ResourceType.POPULATION | ResourceType.RESEARCH | "food" | "technology" | "materials"' is not assignable to type 'ResourceType'.
      Type '"food"' is not assignable to type 'ResourceType'.
src/pages/ResourceRegistryDemo.tsx(103,19): error TS2304: Cannot find name 'ResourceCategory'.
src/pages/ResourceRegistryDemo.tsx(130,19): error TS2304: Cannot find name 'ResourceCategory'.
src/pages/ResourceRegistryDemo.tsx(162,38): error TS2304: Cannot find name 'ResourceCategory'.
src/pages/ResourceRegistryDemo.tsx(171,9): error TS2322: Type 'unknown' is not assignable to type 'ResourceCategory'.
src/pages/ResourceRegistryDemo.tsx(182,36): error TS18046: 'randomCategory' is of type 'unknown'.
src/registry/ResourceRegistry.ts(1,10): error TS2300: Duplicate identifier 'ResourceType'.
src/registry/ResourceRegistry.ts(13,3): error TS2300: Duplicate identifier 'ResourceType'.
src/registry/ResourceRegistryIntegration.ts(8,10): error TS2300: Duplicate identifier 'ResourceType'.
src/registry/ResourceRegistryIntegration.ts(9,10): error TS2300: Duplicate identifier 'ResourceType'.
src/registry/ResourceRegistryIntegration.ts(164,24): error TS2304: Cannot find name 'ResourceTypeConverter'.
src/registry/ResourceRegistryIntegration.ts(182,24): error TS2304: Cannot find name 'ResourceTypeConverter'.
src/registry/ResourceRegistryIntegration.ts(200,24): error TS2304: Cannot find name 'ResourceTypeConverter'.
src/registry/ResourceRegistryIntegration.ts(221,18): error TS2304: Cannot find name 'ResourceTypeConverter'.
src/registry/ResourceRegistryIntegration.ts(244,18): error TS2304: Cannot find name 'ResourceTypeConverter'.
src/registry/ResourceRegistryIntegration.ts(275,18): error TS2304: Cannot find name 'ResourceTypeConverter'.
src/registry/ResourceRegistryIntegration.ts(302,24): error TS2304: Cannot find name 'ResourceTypeConverter'.
src/registry/ResourceRegistryIntegration.ts(311,24): error TS2304: Cannot find name 'ResourceTypeConverter'.
src/resource/ResourceSystem.ts(10,8): error TS2307: Cannot find module '../utils/resources/ResourceTypeConverter' or its corresponding type declarations.
src/resource/ResourceSystem.ts(66,14): error TS2417: Class static side 'typeof ResourceSystem' incorrectly extends base class static side 'typeof Singleton'.
  The types returned by 'getInstance()' are incompatible between these types.
    Type 'ResourceSystem' is not assignable to type 'T'.
      'ResourceSystem' is assignable to the constraint of type 'T', but 'T' could be instantiated with a different subtype of constraint 'Singleton<T>'.
src/resource/subsystems/ResourceFlowSubsystem.ts(12,8): error TS2307: Cannot find module '../../utils/resources/ResourceTypeConverter' or its corresponding type declarations.
src/resource/subsystems/ResourceFlowSubsystem.ts(472,21): error TS2304: Cannot find name 'ResourceTypeType'.
src/resource/subsystems/ResourceFlowSubsystem.ts(567,13): error TS2345: Argument of type '{ [k: string]: ResourceState; }' is not assignable to parameter of type 'Map<ResourceType, ResourceState>'.
  Type '{ [k: string]: ResourceState; }' is missing the following properties from type 'Map<ResourceType, ResourceState>': clear, delete, forEach, get, and 8 more.
src/resource/subsystems/ResourceStorageSubsystem.ts(7,10): error TS2300: Duplicate identifier 'ResourceType'.
src/resource/subsystems/ResourceStorageSubsystem.ts(8,10): error TS2300: Duplicate identifier 'ResourceType'.
src/resource/subsystems/ResourceStorageSubsystem.ts(198,24): error TS2304: Cannot find name 'ensureStringResourceType'.
src/resource/subsystems/ResourceStorageSubsystem.ts(234,23): error TS2304: Cannot find name 'ResourceTypeType'.
src/resource/subsystems/ResourceStorageSubsystem.ts(276,24): error TS2304: Cannot find name 'ensureStringResourceType'.
src/resource/subsystems/ResourceStorageSubsystem.ts(751,24): error TS2304: Cannot find name 'ensureStringResourceType'.
src/resource/subsystems/ResourceStorageSubsystem.ts(761,24): error TS2304: Cannot find name 'ensureStringResourceType'.
src/resource/subsystems/ResourceStorageSubsystem.ts(792,24): error TS2304: Cannot find name 'ensureStringResourceType'.
src/resource/subsystems/ResourceStorageSubsystem.ts(829,24): error TS2304: Cannot find name 'ensureStringResourceType'.
src/resource/subsystems/ResourceStorageSubsystem.ts(841,24): error TS2304: Cannot find name 'ensureStringResourceType'.
src/resource/subsystems/ResourceStorageSubsystem.ts(858,24): error TS2304: Cannot find name 'ensureStringResourceType'.
src/resource/subsystems/ResourceStorageSubsystem.ts(874,24): error TS2304: Cannot find name 'ensureStringResourceType'.
src/resource/subsystems/ResourceThresholdSubsystem.ts(6,10): error TS2300: Duplicate identifier 'ResourceType'.
src/resource/subsystems/ResourceThresholdSubsystem.ts(7,10): error TS2300: Duplicate identifier 'ResourceType'.
src/resource/subsystems/ResourceThresholdSubsystem.ts(164,24): error TS2304: Cannot find name 'ensureStringResourceType'.
src/resource/subsystems/ResourceThresholdSubsystem.ts(169,21): error TS2304: Cannot find name 'ResourceTypeType'.
src/resource/subsystems/ResourceThresholdSubsystem.ts(196,24): error TS2304: Cannot find name 'ensureStringResourceType'.
src/resource/subsystems/ResourceThresholdSubsystem.ts(231,24): error TS2304: Cannot find name 'ensureStringResourceType'.
src/resource/subsystems/ResourceThresholdSubsystem.ts(259,9): error TS2304: Cannot find name 'ensureStringResourceType'.
src/resource/subsystems/ResourceThresholdSubsystem.ts(266,9): error TS2304: Cannot find name 'ensureStringResourceType'.
src/resource/subsystems/ResourceThresholdSubsystem.ts(367,24): error TS2304: Cannot find name 'ensureStringResourceType'.
src/resource/subsystems/ResourceThresholdSubsystem.ts(384,11): error TS2304: Cannot find name 'ensureStringResourceType'.
src/resource/subsystems/ResourceTransferSubsystem.ts(6,10): error TS2300: Duplicate identifier 'ResourceType'.
src/resource/subsystems/ResourceTransferSubsystem.ts(7,10): error TS2300: Duplicate identifier 'ResourceType'.
src/resource/subsystems/ResourceTransferSubsystem.ts(117,24): error TS2304: Cannot find name 'ensureStringResourceType'.
src/resource/subsystems/ResourceTransferSubsystem.ts(216,24): error TS2304: Cannot find name 'ensureStringResourceType'.
src/resource/subsystems/ResourceTransferSubsystem.ts(248,39): error TS2304: Cannot find name 'ensureStringResourceType'.
src/services/AnalysisAlgorithmService.ts(1031,7): error TS2339: Property 'algorithm' does not exist on type '{ variables: string[]; clusters?: number | undefined; method?: "kmeans" | "hierarchical" | "dbscan" | undefined; }'.
src/services/AnalysisAlgorithmService.ts(1032,7): error TS2339: Property 'features' does not exist on type '{ variables: string[]; clusters?: number | undefined; method?: "kmeans" | "hierarchical" | "dbscan" | undefined; }'.
src/services/AnalysisAlgorithmService.ts(1033,7): error TS2339: Property 'k' does not exist on type '{ variables: string[]; clusters?: number | undefined; method?: "kmeans" | "hierarchical" | "dbscan" | undefined; }'.
src/services/AnalysisAlgorithmService.ts(1034,7): error TS2339: Property 'maxIterations' does not exist on type '{ variables: string[]; clusters?: number | undefined; method?: "kmeans" | "hierarchical" | "dbscan" | undefined; }'.
src/services/AnalysisAlgorithmService.ts(1035,7): error TS2339: Property 'distanceMetric' does not exist on type '{ variables: string[]; clusters?: number | undefined; method?: "kmeans" | "hierarchical" | "dbscan" | undefined; }'.
src/services/AnalysisAlgorithmService.ts(1036,7): error TS2339: Property 'normalize' does not exist on type '{ variables: string[]; clusters?: number | undefined; method?: "kmeans" | "hierarchical" | "dbscan" | undefined; }'.
src/services/AnalysisAlgorithmService.ts(1065,37): error TS7006: Parameter 'feature' implicitly has an 'any' type.
src/services/AnalysisAlgorithmService.ts(1123,42): error TS7006: Parameter 'feature' implicitly has an 'any' type.
src/services/AnalysisAlgorithmService.ts(1158,42): error TS7006: Parameter 'feature' implicitly has an 'any' type.
src/services/AnalysisAlgorithmService.ts(1158,51): error TS7006: Parameter 'featureIndex' implicitly has an 'any' type.
src/services/AnalysisAlgorithmService.ts(1816,9): error TS2322: Type 'number' is not assignable to type 'undefined'.
src/services/AnalysisAlgorithmService.ts(2086,7): error TS2339: Property 'targetVariable' does not exist on type '{ target: string; features: string[]; method?: "linear" | "randomForest" | "neuralNetwork" | undefined; testSize?: number | undefined; }'.
src/services/AnalysisAlgorithmService.ts(2088,7): error TS2339: Property 'predictionHorizon' does not exist on type '{ target: string; features: string[]; method?: "linear" | "randomForest" | "neuralNetwork" | undefined; testSize?: number | undefined; }'.
src/services/AnalysisAlgorithmService.ts(2089,7): error TS2339: Property 'model' does not exist on type '{ target: string; features: string[]; method?: "linear" | "randomForest" | "neuralNetwork" | undefined; testSize?: number | undefined; }'.
src/services/AnalysisAlgorithmService.ts(2090,7): error TS2339: Property 'testSplit' does not exist on type '{ target: string; features: string[]; method?: "linear" | "randomForest" | "neuralNetwork" | undefined; testSize?: number | undefined; }'.
src/services/AnalysisAlgorithmService.ts(2091,7): error TS2339: Property 'epochs' does not exist on type '{ target: string; features: string[]; method?: "linear" | "randomForest" | "neuralNetwork" | undefined; testSize?: number | undefined; }'.
src/services/AnalysisAlgorithmService.ts(2682,11): error TS2588: Cannot assign to 'gradBias2' because it is a constant.
src/services/AnalysisAlgorithmService.ts(2699,9): error TS2588: Cannot assign to 'bias2' because it is a constant.
src/services/AnomalyDetectionService.ts(25,7): error TS2417: Class static side 'typeof AnomalyDetectionServiceImpl' incorrectly extends base class static side 'typeof AbstractBaseService'.
  The types returned by 'getInstance()' are incompatible between these types.
    Type 'AnomalyDetectionServiceImpl' is not assignable to type 'T'.
      'AnomalyDetectionServiceImpl' is assignable to the constraint of type 'T', but 'T' could be instantiated with a different subtype of constraint 'Singleton<T>'.
src/services/APIService.ts(261,27): error TS2684: The 'this' context of type 'typeof APIServiceImpl' is not assignable to method's 'this' of type 'new () => APIServiceImpl'.
  Cannot assign a 'protected' constructor type to a 'public' constructor type.
src/services/ComponentRegistryService.ts(28,7): error TS2417: Class static side 'typeof ComponentRegistryServiceImpl' incorrectly extends base class static side 'typeof AbstractBaseService'.
  The types returned by 'getInstance()' are incompatible between these types.
    Type 'ComponentRegistryServiceImpl' is not assignable to type 'T'.
      'ComponentRegistryServiceImpl' is assignable to the constraint of type 'T', but 'T' could be instantiated with a different subtype of constraint 'Singleton<T>'.
src/services/DataCollectionService.ts(986,32): error TS2345: Argument of type 'PropertyType' is not assignable to parameter of type 'string | number | boolean'.
  Type 'string[]' is not assignable to type 'string | number | boolean'.
src/services/DataCollectionService.ts(988,18): error TS2345: Argument of type 'PropertyType' is not assignable to parameter of type 'string | number | boolean'.
  Type 'string[]' is not assignable to type 'string | number | boolean'.
src/services/ErrorLoggingService.ts(140,36): error TS2684: The 'this' context of type 'typeof ErrorLoggingServiceImpl' is not assignable to method's 'this' of type 'new () => ErrorLoggingServiceImpl'.
  Cannot assign a 'protected' constructor type to a 'public' constructor type.
src/services/EventPropagationService.ts(10,7): error TS2417: Class static side 'typeof EventPropagationServiceImpl' incorrectly extends base class static side 'typeof AbstractBaseService'.
  The types returned by 'getInstance()' are incompatible between these types.
    Type 'EventPropagationServiceImpl' is not assignable to type 'T'.
      'EventPropagationServiceImpl' is assignable to the constraint of type 'T', but 'T' could be instantiated with a different subtype of constraint 'Singleton<T>'.
src/services/RealTimeDataService.ts(41,7): error TS2417: Class static side 'typeof RealTimeDataServiceImpl' incorrectly extends base class static side 'typeof AbstractBaseService'.
  The types returned by 'getInstance()' are incompatible between these types.
    Type 'RealTimeDataServiceImpl' is not assignable to type 'T'.
      'RealTimeDataServiceImpl' is assignable to the constraint of type 'T', but 'T' could be instantiated with a different subtype of constraint 'Singleton<T>'.
src/services/RecoveryService.ts(39,7): error TS2417: Class static side 'typeof RecoveryServiceImpl' incorrectly extends base class static side 'typeof AbstractBaseService'.
  The types returned by 'getInstance()' are incompatible between these types.
    Type 'RecoveryServiceImpl' is not assignable to type 'T'.
      'RecoveryServiceImpl' is assignable to the constraint of type 'T', but 'T' could be instantiated with a different subtype of constraint 'Singleton<T>'.
src/services/telemetry/SessionPerformanceTracker.ts(92,11): error TS2430: Interface 'NavigatorExtended' incorrectly extends interface 'Navigator'.
  Types of property 'connection' are incompatible.
    Type '{ effectiveType?: string | undefined; type?: string | undefined; } | undefined' is not assignable to type '{ saveData: boolean; } | undefined'.
      Property 'saveData' is missing in type '{ effectiveType?: string | undefined; type?: string | undefined; }' but required in type '{ saveData: boolean; }'.
src/services/telemetry/SessionPerformanceTracker.ts(280,45): error TS2554: Expected 2 arguments, but got 1.
src/services/WebGLService.ts(44,7): error TS2417: Class static side 'typeof WebGLServiceImpl' incorrectly extends base class static side 'typeof AbstractBaseService'.
  The types returned by 'getInstance()' are incompatible between these types.
    Type 'WebGLServiceImpl' is not assignable to type 'T'.
      'WebGLServiceImpl' is assignable to the constraint of type 'T', but 'T' could be instantiated with a different subtype of constraint 'Singleton<T>'.
src/services/WorkerService.ts(28,7): error TS2417: Class static side 'typeof WorkerServiceImpl' incorrectly extends base class static side 'typeof AbstractBaseService'.
  The types returned by 'getInstance()' are incompatible between these types.
    Type 'WorkerServiceImpl' is not assignable to type 'T'.
      'WorkerServiceImpl' is assignable to the constraint of type 'T', but 'T' could be instantiated with a different subtype of constraint 'Singleton<T>'.
src/systems/exploration/DiscoveryClassification.ts(57,18): error TS2339: Property 'enhanceAnalysis' does not exist on type 'DiscoveryClassification'.
src/systems/exploration/DiscoveryClassification.ts(93,52): error TS2345: Argument of type '{ type: DiscoveryType; confidence: number; details: { resourceType: ResourceType; estimatedQuantity: number; extractionDifficulty: number; qualityIndicators: QualityIndicators; }; }' is not assignable to parameter of type 'ClassificationResult'.
  Type '{ type: DiscoveryType; confidence: number; details: { resourceType: ResourceType; estimatedQuantity: number; extractionDifficulty: number; qualityIndicators: QualityIndicators; }; }' is missing the following properties from type 'ClassificationResult': timestamp, analysisTime, enhancementApplied
src/systems/exploration/DiscoveryClassification.ts(94,5): error TS2739: Type '{ type: DiscoveryType; confidence: number; details: { resourceType: ResourceType; estimatedQuantity: number; extractionDifficulty: number; qualityIndicators: QualityIndicators; }; }' is missing the following properties from type 'ClassificationResult': timestamp, analysisTime, enhancementApplied
src/systems/exploration/DiscoveryClassification.ts(154,36): error TS2339: Property 'analyzeResourceSignature' does not exist on type 'DiscoveryClassification'.
src/systems/exploration/DiscoveryClassification.ts(155,38): error TS2339: Property 'analyzeComposition' does not exist on type 'DiscoveryClassification'.
src/systems/exploration/DiscoveryClassification.ts(333,19): error TS2339: Property 'publish' does not exist on type 'EventBus<BaseEvent>'.
src/test/examples/TypeSystemExample.test.ts(66,9): error TS2353: Object literal may only specify known properties, and 'incrementCount' does not exist in type 'Partial<StateManager<ExampleState>>'.
src/test/examples/TypeSystemExample.test.ts(120,9): error TS2353: Object literal may only specify known properties, and 'processCountChange' does not exist in type 'Partial<EventCapableManager<BaseEvent>>'.
src/test/examples/TypeSystemExample.test.ts(171,42): error TS2339: Property 'data' does not exist on type 'never'.
src/test/examples/TypeSystemExample.test.ts(172,30): error TS2339: Property 'data' does not exist on type 'never'.
src/test/examples/TypeSystemExample.test.ts(173,30): error TS2339: Property 'data' does not exist on type 'never'.
src/tests/components/exploration/ExplorationManager.test.ts(14,30): error TS2554: Expected 2 arguments, but got 1.
src/tests/components/exploration/ExplorationManager.test.ts(50,7): error TS2322: Type '"discovered"' is not assignable to type '"unmapped" | "mapped" | "scanning" | "analyzed"'.
src/tests/components/exploration/ExplorationManager.test.ts(57,7): error TS2322: Type '"discovered"' is not assignable to type '"unmapped" | "mapped" | "scanning" | "analyzed"'.
src/tests/components/exploration/ExplorationManager.test.ts(66,12): error TS2532: Object is possibly 'undefined'.
src/tests/components/exploration/ExplorationManager.test.ts(72,12): error TS2532: Object is possibly 'undefined'.
src/tests/components/exploration/ExplorationManager.test.ts(97,9): error TS2322: Type 'string' is not assignable to type '"unmapped" | "mapped" | "scanning" | "analyzed"'.
src/tests/components/ui/ResourceVisualization.snapshot.test.tsx(6,10): error TS2300: Duplicate identifier 'ResourceType'.
src/tests/components/ui/ResourceVisualization.snapshot.test.tsx(7,10): error TS2300: Duplicate identifier 'ResourceType'.
src/tests/components/ui/ResourceVisualization.snapshot.test.tsx(120,10): error TS2739: Type '{}' is missing the following properties from type 'ResourceVisualizationProps': resourceType, amount
src/tests/components/ui/ResourceVisualization.snapshot.test.tsx(125,29): error TS2304: Cannot find name 'ensureStringResourceType'.
src/tests/components/ui/ResourceVisualization.snapshot.test.tsx(126,29): error TS2304: Cannot find name 'ensureStringResourceType'.
src/tests/components/ui/ResourceVisualization.snapshot.test.tsx(127,29): error TS2304: Cannot find name 'ensureStringResourceType'.
src/tests/components/ui/ResourceVisualization.snapshot.test.tsx(128,29): error TS2304: Cannot find name 'ensureStringResourceType'.
src/tests/components/ui/ResourceVisualization.snapshot.test.tsx(151,10): error TS2739: Type '{}' is missing the following properties from type 'ResourceVisualizationProps': resourceType, amount
src/tests/components/ui/ResourceVisualization.snapshot.test.tsx(157,31): error TS2304: Cannot find name 'ensureStringResourceType'.
src/tests/components/ui/ResourceVisualization.snapshot.test.tsx(171,10): error TS2739: Type '{}' is missing the following properties from type 'ResourceVisualizationProps': resourceType, amount
src/tests/components/ui/ResourceVisualization.snapshot.test.tsx(177,36): error TS2304: Cannot find name 'ensureStringResourceType'.
src/tests/components/ui/ResourceVisualization.snapshot.test.tsx(180,36): error TS2304: Cannot find name 'ensureStringResourceType'.
src/tests/contexts/GameContext.test.tsx(15,3): error TS2724: '"../../managers/game/gameManager"' has no exported member named 'GameManagerEventType'. Did you mean 'GameManagerEvent'?
src/tests/errorHandling/ErrorBoundary.test.tsx(295,9): error TS2304: Cannot find name 'cleanup'.
src/tests/examples/ResourceTypeExample.test.ts(15,8): error TS2307: Cannot find module '../../utils/resources/ResourceTypeConverter' or its corresponding type declarations.
src/tests/examples/ResourceTypeExample.test.ts(48,25): error TS2304: Cannot find name 'ResourceTypeInfo'.
src/tests/examples/ResourceTypeExample.test.ts(56,14): error TS2304: Cannot find name 'ResourceTypeInfo'.
src/tests/factories/createTestGameProvider.tsx(3,10): error TS2459: Module '"../../contexts/GameContext"' declares 'GameContext' locally, but it is not exported.
src/tests/factories/createTestResourceManager.test.ts(271,9): error TS2561: Object literal may only specify known properties, but 'minerals' does not exist in type 'Partial<Record<ResourceType, number>>'. Did you mean to write 'MINERALS'?
src/tests/factories/createTestResourceManager.test.ts(298,9): error TS2561: Object literal may only specify known properties, but 'minerals' does not exist in type 'Partial<Record<ResourceType, number>>'. Did you mean to write 'MINERALS'?
src/tests/factories/createTestResourceManager.test.ts(319,9): error TS2561: Object literal may only specify known properties, but 'minerals' does not exist in type 'Partial<Record<ResourceType, number>>'. Did you mean to write 'MINERALS'?
src/tests/factories/createTestResourceManager.test.ts(331,21): error TS2551: Property 'minerals' does not exist on type 'Record<ResourceType, ResourceState>'. Did you mean 'MINERALS'?
src/tests/factories/createTestResourceManager.test.ts(338,21): error TS2551: Property 'energy' does not exist on type 'Record<ResourceType, ResourceState>'. Did you mean 'ENERGY'?
src/tests/factories/createTestResourceManager.ts(1,10): error TS2300: Duplicate identifier 'ResourceType'.
src/tests/factories/createTestResourceManager.ts(5,3): error TS2305: Module '"./../../types/resources/ResourceTypes"' has no exported member 'ResourceManagerConfig'.
src/tests/factories/createTestResourceManager.ts(9,3): error TS2300: Duplicate identifier 'ResourceType'.
src/tests/factories/createTestResourceManager.ts(25,3): error TS2561: Object literal may only specify known properties, but 'minerals' does not exist in type 'Record<ResourceType, { min: number; max: number; }>'. Did you mean to write 'MINERALS'?
src/tests/factories/createTestResourceManager.ts(136,46): error TS18046: 'limits' is of type 'unknown'.
src/tests/factories/createTestResourceManager.ts(136,58): error TS18046: 'limits' is of type 'unknown'.
src/tests/factories/createTestResourceManager.ts(585,50): error TS18046: 'limits' is of type 'unknown'.
src/tests/factories/createTestResourceManager.ts(585,62): error TS18046: 'limits' is of type 'unknown'.
src/tests/factories/SimpleGameProviderTest.test.tsx(4,10): error TS2459: Module '"../../contexts/GameContext"' declares 'GameContext' locally, but it is not exported.
src/tests/factories/SimpleGameProviderTest.test.tsx(38,32): error TS2339: Property 'state' does not exist on type '{}'.
src/tests/factories/SimpleGameProviderTest.test.tsx(40,67): error TS2339: Property 'state' does not exist on type '{}'.
src/tests/fixtures/miningFixtures.ts(174,7): error TS2561: Object literal may only specify known properties, but 'minerals' does not exist in type 'Record<ResourceType, number>'. Did you mean to write 'MINERALS'?
src/tests/fixtures/miningFixtures.ts(196,7): error TS2561: Object literal may only specify known properties, but 'minerals' does not exist in type 'Record<ResourceType, number>'. Did you mean to write 'MINERALS'?
src/tests/fixtures/resourceFixtures.ts(1,10): error TS2300: Duplicate identifier 'ResourceType'.
src/tests/fixtures/resourceFixtures.ts(4,3): error TS2460: Module '"../../managers/resource/ResourceFlowManager"' declares 'FlowConnection' locally, but it is exported as 'FlowNode'.
src/tests/fixtures/resourceFixtures.ts(6,3): error TS2724: '"../../managers/resource/ResourceFlowManager"' has no exported member named 'FlowNodeType'. Did you mean 'FlowNode'?
src/tests/fixtures/resourceFixtures.ts(10,3): error TS2724: '"./../../types/resources/ResourceTypes"' has no exported member named 'ResourcePriority'. Did you mean 'ResourceRarity'?
src/tests/fixtures/resourceFixtures.ts(12,3): error TS2300: Duplicate identifier 'ResourceType'.
src/tests/helpers/ResourceNetworkGenerator.ts(9,30): error TS2307: Cannot find module '../../types/resources/FlowTypes' or its corresponding type declarations.
src/tests/helpers/UserInteractionSimulator.ts(335,30): error TS2345: Argument of type '() => Promise<void>' is not assignable to parameter of type 'Promise<void>'.
src/tests/hooks/factory/hookFactories.test.tsx(4,44): error TS2307: Cannot find module '@testing-library/react-hooks' or its corresponding type declarations.
src/tests/hooks/factory/hookFactories.test.tsx(251,10): error TS7006: Parameter 'props' implicitly has an 'any' type.
src/tests/hooks/resources/useResourceTracking.test.tsx(5,10): error TS2300: Duplicate identifier 'ResourceType'.
src/tests/hooks/resources/useResourceTracking.test.tsx(6,10): error TS2300: Duplicate identifier 'ResourceType'.
src/tests/hooks/resources/useResourceTracking.test.tsx(53,34): error TS2304: Cannot find name 'ensureStringResourceType'.
src/tests/hooks/resources/useResourceTracking.test.tsx(61,7): error TS2304: Cannot find name 'ensureStringResourceType'.
src/tests/hooks/resources/useResourceTracking.test.tsx(62,7): error TS2304: Cannot find name 'ensureStringResourceType'.
src/tests/hooks/resources/useResourceTracking.test.tsx(73,41): error TS2304: Cannot find name 'ensureStringResourceType'.
src/tests/hooks/resources/useResourceTracking.test.tsx(74,41): error TS2304: Cannot find name 'ensureStringResourceType'.
src/tests/hooks/resources/useResourceTracking.test.tsx(77,41): error TS2304: Cannot find name 'ensureStringResourceType'.
src/tests/hooks/resources/useResourceTracking.test.tsx(92,37): error TS2304: Cannot find name 'ensureStringResourceType'.
src/tests/hooks/resources/useResourceTracking.test.tsx(98,49): error TS2304: Cannot find name 'ensureStringResourceType'.
src/tests/hooks/resources/useResourceTracking.test.tsx(113,40): error TS2304: Cannot find name 'ensureStringResourceType'.
src/tests/hooks/resources/useResourceTracking.test.tsx(116,49): error TS2304: Cannot find name 'ensureStringResourceType'.
src/tests/hooks/resources/useResourceTracking.test.tsx(121,40): error TS2304: Cannot find name 'ensureStringResourceType'.
src/tests/hooks/resources/useResourceTracking.test.tsx(125,36): error TS2304: Cannot find name 'ensureStringResourceType'.
src/tests/hooks/resources/useResourceTracking.test.tsx(130,49): error TS2304: Cannot find name 'ensureStringResourceType'.
src/tests/hooks/resources/useResourceTracking.test.tsx(144,37): error TS2304: Cannot find name 'ensureStringResourceType'.
src/tests/hooks/resources/useResourceTracking.test.tsx(149,40): error TS2304: Cannot find name 'ensureStringResourceType'.
src/tests/hooks/resources/useResourceTracking.test.tsx(152,49): error TS2304: Cannot find name 'ensureStringResourceType'.
src/tests/hooks/resources/useResourceTracking.test.tsx(166,37): error TS2304: Cannot find name 'ensureStringResourceType'.
src/tests/hooks/resources/useResourceTracking.test.tsx(171,40): error TS2304: Cannot find name 'ensureStringResourceType'.
src/tests/hooks/resources/useResourceTracking.test.tsx(174,49): error TS2304: Cannot find name 'ensureStringResourceType'.
src/tests/hooks/resources/useResourceTracking.test.tsx(179,49): error TS2304: Cannot find name 'ensureStringResourceType'.
src/tests/hooks/resources/useResourceTracking.test.tsx(193,37): error TS2304: Cannot find name 'ensureStringResourceType'.
src/tests/hooks/resources/useResourceTracking.test.tsx(201,40): error TS2304: Cannot find name 'ensureStringResourceType'.
src/tests/hooks/resources/useResourceTracking.test.tsx(204,49): error TS2304: Cannot find name 'ensureStringResourceType'.
src/tests/hooks/resources/useResourceTracking.test.tsx(218,37): error TS2304: Cannot find name 'ensureStringResourceType'.
src/tests/hooks/resources/useResourceTracking.test.tsx(224,15): error TS2304: Cannot find name 'ensureStringResourceType'.
src/tests/hooks/resources/useResourceTracking.test.tsx(234,49): error TS2304: Cannot find name 'ensureStringResourceType'.
src/tests/hooks/resources/useResourceTracking.test.tsx(239,49): error TS2304: Cannot find name 'ensureStringResourceType'.
src/tests/hooks/resources/useResourceTracking.test.tsx(253,37): error TS2304: Cannot find name 'ensureStringResourceType'.
src/tests/hooks/resources/useResourceTracking.test.tsx(259,15): error TS2304: Cannot find name 'ensureStringResourceType'.
src/tests/hooks/resources/useResourceTracking.test.tsx(269,49): error TS2304: Cannot find name 'ensureStringResourceType'.
src/tests/hooks/resources/useResourceTracking.test.tsx(291,35): error TS2304: Cannot find name 'ensureStringResourceType'.
src/tests/hooks/resources/useResourceTracking.test.tsx(292,9): error TS2353: Object literal may only specify known properties, and 'type' does not exist in type 'ResourceThreshold'.
src/tests/hooks/resources/useResourceTracking.test.tsx(292,15): error TS2304: Cannot find name 'ensureStringResourceType'.
src/tests/hooks/resources/useResourceTracking.test.tsx(301,37): error TS2304: Cannot find name 'ensureStringResourceType'.
src/tests/hooks/resources/useResourceTracking.test.tsx(311,48): error TS2304: Cannot find name 'ensureStringResourceType'.
src/tests/hooks/resources/useResourceTracking.test.tsx(325,37): error TS2304: Cannot find name 'ensureStringResourceType'.
src/tests/hooks/resources/useResourceTracking.test.tsx(336,22): error TS2304: Cannot find name 'ensureStringResourceType'.
src/tests/hooks/resources/useResourceTracking.test.tsx(337,22): error TS2304: Cannot find name 'ensureStringResourceType'.
src/tests/hooks/resources/useResourceTracking.test.tsx(343,8): error TS2304: Cannot find name 'ensureStringResourceType'.
src/tests/hooks/resources/useResourceTracking.test.tsx(362,49): error TS2304: Cannot find name 'ensureStringResourceType'.
src/tests/integration/ManagerIntegration.test.ts(28,60): error TS2554: Expected 0-2 arguments, but got 3.
src/tests/integration/ManagerIntegration.test.ts(40,7): error TS2554: Expected 0-1 arguments, but got 2.
src/tests/integration/ManagerIntegration.test.ts(66,30): error TS2345: Argument of type 'ResourceManager' is not assignable to parameter of type 'BaseManager<BaseEvent>'.
  Type 'ResourceManager' is missing the following properties from type 'BaseManager<BaseEvent>': name, eventBus
src/tests/integration/ManagerIntegration.test.ts(67,30): error TS2345: Argument of type 'ModuleManager' is not assignable to parameter of type 'BaseManager<BaseEvent>'.
  Property 'name' is missing in type 'ModuleManager' but required in type 'BaseManager<BaseEvent>'.
src/tests/integration/ManagerIntegration.test.ts(68,38): error TS2339: Property 'name' does not exist on type 'ResourceManager'.
src/tests/integration/ManagerIntegration.test.ts(70,30): error TS2345: Argument of type 'GameLoopManager' is not assignable to parameter of type 'BaseManager<BaseEvent>'.
  Type 'GameLoopManager' is missing the following properties from type 'BaseManager<BaseEvent>': id, name, eventBus, initialize, and 6 more.
src/tests/integration/ManagerIntegration.test.ts(71,38): error TS2339: Property 'name' does not exist on type 'ResourceManager'.
src/tests/integration/ManagerIntegration.test.ts(71,58): error TS2339: Property 'name' does not exist on type 'ModuleManager'.
src/tests/integration/ManagerIntegration.test.ts(80,28): error TS2339: Property 'isInitialized' does not exist on type 'GameLoopManager'.
src/tests/integration/ManagerIntegration.test.ts(130,7): error TS2353: Object literal may only specify known properties, and 'cost' does not exist in type 'ModuleConfig'.
src/tests/integration/ManagerIntegration.test.ts(156,27): error TS2339: Property 'initialize' does not exist on type 'GameLoopManager'.
src/tests/integration/ManagerIntegration.test.ts(209,7): error TS2353: Object literal may only specify known properties, and 'cost' does not exist in type 'ModuleConfig'.
src/tests/integration/ManagerIntegration.test.ts(235,30): error TS2345: Argument of type 'ResourceManager' is not assignable to parameter of type 'BaseManager<BaseEvent>'.
  Type 'ResourceManager' is missing the following properties from type 'BaseManager<BaseEvent>': name, eventBus
src/tests/integration/ManagerIntegration.test.ts(236,30): error TS2345: Argument of type 'ModuleManager' is not assignable to parameter of type 'BaseManager<BaseEvent>'.
  Property 'name' is missing in type 'ModuleManager' but required in type 'BaseManager<BaseEvent>'.
src/tests/integration/ManagerIntegration.test.ts(237,38): error TS2339: Property 'name' does not exist on type 'ResourceManager'.
src/tests/integration/ManagerIntegration.test.ts(239,30): error TS2345: Argument of type 'GameLoopManager' is not assignable to parameter of type 'BaseManager<BaseEvent>'.
  Type 'GameLoopManager' is missing the following properties from type 'BaseManager<BaseEvent>': id, name, eventBus, initialize, and 6 more.
src/tests/integration/ManagerIntegration.test.ts(240,38): error TS2339: Property 'name' does not exist on type 'ResourceManager'.
src/tests/integration/ManagerIntegration.test.ts(240,58): error TS2339: Property 'name' does not exist on type 'ModuleManager'.
src/tests/integration/ManagerIntegration.test.ts(249,67): error TS2769: No overload matches this call.
  Overload 1 of 3, '(object: GameLoopManager, method: never): SpyInstance<never, never, any>', gave the following error.
    Argument of type '"dispose"' is not assignable to parameter of type 'never'.
  Overload 2 of 3, '(object: GameLoopManager, method: keyof GameLoopManager): SpyInstance<void | GameLoopStats, [] | [config: Partial<GameLoopConfig>] | [id: ...] | [id: ...] | [factor: ...], any>', gave the following error.
    Argument of type '"dispose"' is not assignable to parameter of type 'keyof GameLoopManager'.
src/tests/integration/ManagerIntegration.test.ts(260,38): error TS2339: Property 'mock' does not exist on type 'never'.
src/tests/integration/ModuleSystemIntegration.test.tsx(116,29): error TS2339: Property 'mockReturnValue' does not exist on type '(moduleId: string) => BaseModule | undefined'.
src/tests/integration/ModuleSystemIntegration.test.tsx(117,36): error TS2339: Property 'mockReturnValue' does not exist on type '() => BaseModule[]'.
src/tests/integration/ModuleSystemIntegration.test.tsx(118,36): error TS2339: Property 'mockReturnValue' does not exist on type '(eventType: EventType, handler: (event: BaseEvent) => void) => () => void'.
src/tests/integration/ModuleSystemIntegration.test.tsx(121,48): error TS2339: Property 'mockReturnValue' does not exist on type '(moduleId: string) => ModuleStatusDetails | undefined'.
src/tests/integration/ModuleSystemIntegration.test.tsx(122,41): error TS2339: Property 'mockReturnValue' does not exist on type '(moduleId: string) => ExtendedModuleStatus | undefined'.
src/tests/integration/ModuleSystemIntegration.test.tsx(169,26): error TS2322: Type '"mining"' is not assignable to type 'ModuleType | undefined'.
src/tests/integration/ModuleSystemIntegration.test.tsx(174,38): error TS2339: Property 'mockImplementation' does not exist on type '(type: ModuleType) => BaseModule[]'.
src/tests/integration/ModuleSystemIntegration.test.tsx(174,57): error TS7006: Parameter 'type' implicitly has an 'any' type.
src/tests/integration/ModuleSystemIntegration.test.tsx(179,26): error TS2322: Type 'ResourceType.ENERGY' is not assignable to type 'ModuleType | undefined'.
src/tests/integration/ModuleSystemIntegration.test.tsx(252,60): error TS2339: Property 'mock' does not exist on type '(eventType: EventType, handler: (event: BaseEvent) => void) => () => void'.
src/tests/integration/ModuleSystemIntegration.test.tsx(325,34): error TS2339: Property 'mockImplementation' does not exist on type '(event: BaseEvent) => void'.
src/tests/integration/ModuleSystemIntegration.test.tsx(325,53): error TS7006: Parameter 'event' implicitly has an 'any' type.
src/tests/integration/ModuleSystemIntegration.test.tsx(327,57): error TS2339: Property 'mock' does not exist on type '(eventType: EventType, handler: (event: BaseEvent) => void) => () => void'.
src/tests/integration/ModuleSystemIntegration.test.tsx(328,19): error TS7006: Parameter 'call' implicitly has an 'any' type.
src/tests/integration/ModuleSystemIntegration.test.tsx(329,16): error TS7006: Parameter 'call' implicitly has an 'any' type.
src/tests/integration/ModuleSystemIntegration.test.tsx(332,26): error TS7006: Parameter 'handler' implicitly has an 'any' type.
src/tests/integration/OptimizationComponents.test.ts(12,23): error TS7016: Could not find a declaration file for module 'jsdom'. '/Users/deadcoast/CursorProjects/Galactic_Sprawl/node_modules/jsdom/lib/api.js' implicitly has an 'any' type.
  Try `npm i --save-dev @types/jsdom` if it exists or add a new declaration (.d.ts) file containing `declare module 'jsdom';`
src/tests/integration/OptimizationComponents.test.ts(15,10): error TS2305: Module '"../../utils/performance/D3AnimationQualityManager"' has no exported member 'qualityManager'.
src/tests/integration/OptimizationComponents.test.ts(16,10): error TS2305: Module '"../../utils/performance/D3BatchedUpdates"' has no exported member 'batchedUpdates'.
src/tests/integration/OptimizationComponents.test.ts(17,10): error TS2724: '"../../utils/performance/D3InterpolationCache"' has no exported member named 'interpolationCache'. Did you mean 'InterpolationCache'?
src/tests/integration/OptimizationComponents.test.ts(66,27): error TS2339: Property 'reset' does not exist on type '{ registerAnimation: (config: Omit<RegisteredAnimationConfig, "id"> & { id?: string | undefined; }, callback: AnimationFrameCallback) => string; ... 13 more ...; syncAnimations: (groupId: string, action: "complete" | ... 3 more ... | "resume") => void; }'.
src/tests/integration/OptimizationComponents.test.ts(80,27): error TS2551: Property 'pauseAllAnimations' does not exist on type '{ registerAnimation: (config: Omit<RegisteredAnimationConfig, "id"> & { id?: string | undefined; }, callback: AnimationFrameCallback) => string; ... 13 more ...; syncAnimations: (groupId: string, action: "complete" | ... 3 more ... | "resume") => void; }'. Did you mean 'pauseAnimation'?
src/tests/integration/OptimizationComponents.test.ts(183,24): error TS18047: 'element' is possibly 'null'.
src/tests/integration/OptimizationComponents.test.ts(183,32): error TS2339: Property 'getBoundingClientRect' does not exist on type 'Window | Document | Element | SVGCircleElement | EnterElement'.
  Property 'getBoundingClientRect' does not exist on type 'Window'.
src/tests/integration/OptimizationComponents.test.ts(184,11): error TS18047: 'element' is possibly 'null'.
src/tests/integration/OptimizationComponents.test.ts(184,19): error TS2339: Property 'setAttribute' does not exist on type 'Window | Document | Element | SVGCircleElement | EnterElement'.
  Property 'setAttribute' does not exist on type 'Window'.
src/tests/integration/OptimizationComponents.test.ts(185,11): error TS18047: 'element' is possibly 'null'.
src/tests/integration/OptimizationComponents.test.ts(185,19): error TS2339: Property 'setAttribute' does not exist on type 'Window | Document | Element | SVGCircleElement | EnterElement'.
  Property 'setAttribute' does not exist on type 'Window'.
src/tests/integration/OptimizationComponents.test.ts(230,15): error TS18047: 'element' is possibly 'null'.
src/tests/integration/OptimizationComponents.test.ts(230,23): error TS2339: Property 'setAttribute' does not exist on type 'Window | Document | Element | SVGCircleElement | EnterElement'.
  Property 'setAttribute' does not exist on type 'Window'.
src/tests/integration/OptimizationComponents.test.ts(231,15): error TS18047: 'element' is possibly 'null'.
src/tests/integration/OptimizationComponents.test.ts(231,23): error TS2339: Property 'setAttribute' does not exist on type 'Window | Document | Element | SVGCircleElement | EnterElement'.
  Property 'setAttribute' does not exist on type 'Window'.
src/tests/integration/OptimizationComponents.test.ts(450,25): error TS18047: 'node' is possibly 'null'.
src/tests/integration/OptimizationComponents.test.ts(450,30): error TS2339: Property 'getBoundingClientRect' does not exist on type 'Window | Document | Element | SVGCircleElement | EnterElement'.
  Property 'getBoundingClientRect' does not exist on type 'Window'.
src/tests/integration/OptimizationComponents.test.ts(503,31): error TS2339: Property 'generateReport' does not exist on type '{ start: (id?: string | undefined, name?: string | undefined, config?: AnimationConfig | undefined) => void; stop: () => AnimationPerformanceReport; ... 5 more ...; getStatus: () => { ...; }; }'.
src/tests/integration/OptimizationComponents.test.ts(729,31): error TS2339: Property 'generateReport' does not exist on type '{ start: (id?: string | undefined, name?: string | undefined, config?: AnimationConfig | undefined) => void; stop: () => AnimationPerformanceReport; ... 5 more ...; getStatus: () => { ...; }; }'.
src/tests/integration/resource/MiningResourceIntegration.test.ts(112,19): error TS2674: Constructor of class 'ResourceFlowManager' is protected and only accessible within the class declaration.
src/tests/integration/resource/MiningResourceIntegration.test.ts(130,17): error TS2339: Property 'cleanup' does not exist on type 'ResourceFlowManager'.
src/tests/integration/resource/MiningResourceIntegration.test.ts(242,41): error TS2339: Property 'type' does not exist on type 'ResourceThreshold'.
src/tests/integration/resource/ResourceFlowManagerIntegration.test.ts(7,3): error TS2305: Module '"../../../types/resources/StandardizedResourceTypes"' has no exported member 'FlowNodeType'.
src/tests/integration/resource/ResourceFlowManagerIntegration.test.ts(14,8): error TS2307: Cannot find module '../../../utils/resources/ResourceTypeConverter' or its corresponding type declarations.
src/tests/integration/ui/ResourceVisualization.test.tsx(11,10): error TS2300: Duplicate identifier 'ResourceType'.
src/tests/integration/ui/ResourceVisualization.test.tsx(12,10): error TS2300: Duplicate identifier 'ResourceType'.
src/tests/integration/ui/ResourceVisualization.test.tsx(35,8): error TS2304: Cannot find name 'ensureStringResourceType'.
src/tests/integration/ui/ResourceVisualization.test.tsx(36,8): error TS2304: Cannot find name 'ensureStringResourceType'.
src/tests/integration/ui/ResourceVisualization.test.tsx(37,8): error TS2304: Cannot find name 'ensureStringResourceType'.
src/tests/integration/ui/ResourceVisualization.test.tsx(38,8): error TS2304: Cannot find name 'ensureStringResourceType'.
src/tests/integration/ui/ResourceVisualization.test.tsx(41,8): error TS2304: Cannot find name 'ensureStringResourceType'.
src/tests/integration/ui/ResourceVisualization.test.tsx(42,8): error TS2304: Cannot find name 'ensureStringResourceType'.
src/tests/integration/ui/ResourceVisualization.test.tsx(43,8): error TS2304: Cannot find name 'ensureStringResourceType'.
src/tests/integration/ui/ResourceVisualization.test.tsx(44,8): error TS2304: Cannot find name 'ensureStringResourceType'.
src/tests/integration/ui/ResourceVisualization.test.tsx(47,8): error TS2304: Cannot find name 'ensureStringResourceType'.
src/tests/integration/ui/ResourceVisualization.test.tsx(48,8): error TS2304: Cannot find name 'ensureStringResourceType'.
src/tests/integration/ui/ResourceVisualization.test.tsx(49,8): error TS2304: Cannot find name 'ensureStringResourceType'.
src/tests/integration/ui/ResourceVisualization.test.tsx(50,8): error TS2304: Cannot find name 'ensureStringResourceType'.
src/tests/integration/ui/ResourceVisualization.test.tsx(66,19): error TS2674: Constructor of class 'ResourceFlowManager' is protected and only accessible within the class declaration.
src/tests/integration/ui/ResourceVisualization.test.tsx(70,37): error TS2304: Cannot find name 'ensureStringResourceType'.
src/tests/integration/ui/ResourceVisualization.test.tsx(78,37): error TS2304: Cannot find name 'ensureStringResourceType'.
src/tests/integration/ui/ResourceVisualization.test.tsx(88,11): error TS2304: Cannot find name 'ensureStringResourceType'.
src/tests/integration/ui/ResourceVisualization.test.tsx(90,9): error TS2353: Object literal may only specify known properties, and 'type' does not exist in type 'ResourceThreshold'.
src/tests/integration/ui/ResourceVisualization.test.tsx(90,15): error TS2304: Cannot find name 'ensureStringResourceType'.
src/tests/integration/ui/ResourceVisualization.test.tsx(99,11): error TS2304: Cannot find name 'ensureStringResourceType'.
src/tests/integration/ui/ResourceVisualization.test.tsx(101,9): error TS2353: Object literal may only specify known properties, and 'type' does not exist in type 'ResourceThreshold'.
src/tests/integration/ui/ResourceVisualization.test.tsx(101,15): error TS2304: Cannot find name 'ensureStringResourceType'.
src/tests/integration/ui/ResourceVisualization.test.tsx(115,17): error TS2339: Property 'cleanup' does not exist on type 'ResourceFlowManager'.
src/tests/integration/ui/ResourceVisualization.test.tsx(123,10): error TS2739: Type '{}' is missing the following properties from type 'ResourceVisualizationProps': resourceType, amount
src/tests/integration/ui/ResourceVisualization.test.tsx(142,10): error TS2739: Type '{}' is missing the following properties from type 'ResourceVisualizationProps': resourceType, amount
src/tests/integration/ui/ResourceVisualization.test.tsx(161,13): error TS2304: Cannot find name 'ensureStringResourceType'.
src/tests/integration/ui/ResourceVisualization.test.tsx(165,13): error TS2304: Cannot find name 'ensureStringResourceType'.
src/tests/integration/ui/ResourceVisualization.test.tsx(169,13): error TS2304: Cannot find name 'ensureStringResourceType'.
src/tests/integration/ui/ResourceVisualization.test.tsx(173,13): error TS2304: Cannot find name 'ensureStringResourceType'.
src/tests/integration/ui/ResourceVisualization.test.tsx(179,19): error TS2304: Cannot find name 'ensureStringResourceType'.
src/tests/integration/ui/ResourceVisualization.test.tsx(183,19): error TS2304: Cannot find name 'ensureStringResourceType'.
src/tests/integration/ui/ResourceVisualization.test.tsx(187,19): error TS2304: Cannot find name 'ensureStringResourceType'.
src/tests/integration/ui/ResourceVisualization.test.tsx(191,19): error TS2304: Cannot find name 'ensureStringResourceType'.
src/tests/integration/ui/ResourceVisualization.test.tsx(221,13): error TS2740: Type '{ [x: number]: number; }' is missing the following properties from type 'Record<ResourceType, number>': MINERALS, ENERGY, POPULATION, RESEARCH, and 13 more.
src/tests/integration/ui/ResourceVisualization.test.tsx(222,16): error TS2304: Cannot find name 'ensureStringResourceType'.
src/tests/integration/ui/ResourceVisualization.test.tsx(223,16): error TS2304: Cannot find name 'ensureStringResourceType'.
src/tests/integration/ui/ResourceVisualization.test.tsx(224,16): error TS2304: Cannot find name 'ensureStringResourceType'.
src/tests/integration/ui/ResourceVisualization.test.tsx(225,16): error TS2304: Cannot find name 'ensureStringResourceType'.
src/tests/integration/ui/ResourceVisualization.test.tsx(226,16): error TS2304: Cannot find name 'ensureStringResourceType'.
src/tests/integration/ui/ResourceVisualization.test.tsx(227,16): error TS2304: Cannot find name 'ensureStringResourceType'.
src/tests/integration/ui/ResourceVisualization.test.tsx(228,16): error TS2304: Cannot find name 'ensureStringResourceType'.
src/tests/integration/ui/ResourceVisualization.test.tsx(230,13): error TS2740: Type '{ [x: number]: number; }' is missing the following properties from type 'Record<ResourceType, number>': MINERALS, ENERGY, POPULATION, RESEARCH, and 13 more.
src/tests/integration/ui/ResourceVisualization.test.tsx(231,16): error TS2304: Cannot find name 'ensureStringResourceType'.
src/tests/integration/ui/ResourceVisualization.test.tsx(232,16): error TS2304: Cannot find name 'ensureStringResourceType'.
src/tests/integration/ui/ResourceVisualization.test.tsx(233,16): error TS2304: Cannot find name 'ensureStringResourceType'.
src/tests/integration/ui/ResourceVisualization.test.tsx(234,16): error TS2304: Cannot find name 'ensureStringResourceType'.
src/tests/integration/ui/ResourceVisualization.test.tsx(235,16): error TS2304: Cannot find name 'ensureStringResourceType'.
src/tests/integration/ui/ResourceVisualization.test.tsx(236,16): error TS2304: Cannot find name 'ensureStringResourceType'.
src/tests/integration/ui/ResourceVisualization.test.tsx(237,16): error TS2304: Cannot find name 'ensureStringResourceType'.
src/tests/integration/ui/ResourceVisualization.test.tsx(240,11): error TS2740: Type '{ [x: number]: number; }' is missing the following properties from type 'Record<ResourceType, number>': MINERALS, ENERGY, POPULATION, RESEARCH, and 13 more.
src/tests/integration/ui/ResourceVisualization.test.tsx(241,14): error TS2304: Cannot find name 'ensureStringResourceType'.
src/tests/integration/ui/ResourceVisualization.test.tsx(242,14): error TS2304: Cannot find name 'ensureStringResourceType'.
src/tests/integration/ui/ResourceVisualization.test.tsx(243,14): error TS2304: Cannot find name 'ensureStringResourceType'.
src/tests/integration/ui/ResourceVisualization.test.tsx(244,14): error TS2304: Cannot find name 'ensureStringResourceType'.
src/tests/integration/ui/ResourceVisualization.test.tsx(245,14): error TS2304: Cannot find name 'ensureStringResourceType'.
src/tests/integration/ui/ResourceVisualization.test.tsx(246,14): error TS2304: Cannot find name 'ensureStringResourceType'.
src/tests/integration/ui/ResourceVisualization.test.tsx(247,14): error TS2304: Cannot find name 'ensureStringResourceType'.
src/tests/integration/ui/ResourceVisualization.test.tsx(250,31): error TS2304: Cannot find name 'ensureStringResourceType'.
src/tests/integration/ui/ResourceVisualization.test.tsx(261,25): error TS2304: Cannot find name 'ensureStringResourceType'.
src/tests/integration/ui/ResourceVisualization.test.tsx(280,11): error TS2304: Cannot find name 'ensureStringResourceType'.
src/tests/integration/ui/ResourceVisualization.test.tsx(284,11): error TS2304: Cannot find name 'ensureStringResourceType'.
src/tests/integration/ui/ResourceVisualization.test.tsx(288,11): error TS2304: Cannot find name 'ensureStringResourceType'.
src/tests/integration/ui/ResourceVisualization.test.tsx(292,11): error TS2304: Cannot find name 'ensureStringResourceType'.
src/tests/integration/ui/ResourceVisualization.test.tsx(298,17): error TS2304: Cannot find name 'ensureStringResourceType'.
src/tests/integration/ui/ResourceVisualization.test.tsx(302,17): error TS2304: Cannot find name 'ensureStringResourceType'.
src/tests/integration/ui/ResourceVisualization.test.tsx(306,17): error TS2304: Cannot find name 'ensureStringResourceType'.
src/tests/integration/ui/ResourceVisualization.test.tsx(310,17): error TS2304: Cannot find name 'ensureStringResourceType'.
src/tests/integration/ui/ResourceVisualization.test.tsx(340,11): error TS2740: Type '{ [x: number]: number; }' is missing the following properties from type 'Record<ResourceType, number>': MINERALS, ENERGY, POPULATION, RESEARCH, and 13 more.
src/tests/integration/ui/ResourceVisualization.test.tsx(341,14): error TS2304: Cannot find name 'ensureStringResourceType'.
src/tests/integration/ui/ResourceVisualization.test.tsx(342,14): error TS2304: Cannot find name 'ensureStringResourceType'.
src/tests/integration/ui/ResourceVisualization.test.tsx(343,14): error TS2304: Cannot find name 'ensureStringResourceType'.
src/tests/integration/ui/ResourceVisualization.test.tsx(344,14): error TS2304: Cannot find name 'ensureStringResourceType'.
src/tests/integration/ui/ResourceVisualization.test.tsx(345,14): error TS2304: Cannot find name 'ensureStringResourceType'.
src/tests/integration/ui/ResourceVisualization.test.tsx(346,14): error TS2304: Cannot find name 'ensureStringResourceType'.
src/tests/integration/ui/ResourceVisualization.test.tsx(347,14): error TS2304: Cannot find name 'ensureStringResourceType'.
src/tests/integration/ui/ResourceVisualization.test.tsx(349,11): error TS2740: Type '{ [x: number]: number; }' is missing the following properties from type 'Record<ResourceType, number>': MINERALS, ENERGY, POPULATION, RESEARCH, and 13 more.
src/tests/integration/ui/ResourceVisualization.test.tsx(350,14): error TS2304: Cannot find name 'ensureStringResourceType'.
src/tests/integration/ui/ResourceVisualization.test.tsx(351,14): error TS2304: Cannot find name 'ensureStringResourceType'.
src/tests/integration/ui/ResourceVisualization.test.tsx(352,14): error TS2304: Cannot find name 'ensureStringResourceType'.
src/tests/integration/ui/ResourceVisualization.test.tsx(353,14): error TS2304: Cannot find name 'ensureStringResourceType'.
src/tests/integration/ui/ResourceVisualization.test.tsx(354,14): error TS2304: Cannot find name 'ensureStringResourceType'.
src/tests/integration/ui/ResourceVisualization.test.tsx(355,14): error TS2304: Cannot find name 'ensureStringResourceType'.
src/tests/integration/ui/ResourceVisualization.test.tsx(356,14): error TS2304: Cannot find name 'ensureStringResourceType'.
src/tests/integration/ui/ResourceVisualization.test.tsx(359,9): error TS2740: Type '{ [x: number]: number; }' is missing the following properties from type 'Record<ResourceType, number>': MINERALS, ENERGY, POPULATION, RESEARCH, and 13 more.
src/tests/integration/ui/ResourceVisualization.test.tsx(360,12): error TS2304: Cannot find name 'ensureStringResourceType'.
src/tests/integration/ui/ResourceVisualization.test.tsx(361,12): error TS2304: Cannot find name 'ensureStringResourceType'.
src/tests/integration/ui/ResourceVisualization.test.tsx(362,12): error TS2304: Cannot find name 'ensureStringResourceType'.
src/tests/integration/ui/ResourceVisualization.test.tsx(363,12): error TS2304: Cannot find name 'ensureStringResourceType'.
src/tests/integration/ui/ResourceVisualization.test.tsx(364,12): error TS2304: Cannot find name 'ensureStringResourceType'.
src/tests/integration/ui/ResourceVisualization.test.tsx(365,12): error TS2304: Cannot find name 'ensureStringResourceType'.
src/tests/integration/ui/ResourceVisualization.test.tsx(366,12): error TS2304: Cannot find name 'ensureStringResourceType'.
src/tests/integration/ui/ResourceVisualization.test.tsx(369,11): error TS2304: Cannot find name 'ensureStringResourceType'.
src/tests/integration/ui/ResourceVisualization.test.tsx(370,11): error TS2304: Cannot find name 'ensureStringResourceType'.
src/tests/integration/ui/ResourceVisualization.test.tsx(379,10): error TS2739: Type '{}' is missing the following properties from type 'ResourceVisualizationProps': resourceType, amount
src/tests/integration/ui/ResourceVisualization.test.tsx(395,10): error TS2739: Type '{}' is missing the following properties from type 'ResourceVisualizationProps': resourceType, amount
src/tests/lib/events/UnifiedEventSystem.test.ts(21,17): error TS2551: Property 'resetInstance' does not exist on type 'typeof EventSystem'. Did you mean 'getInstance'?
src/tests/lib/events/UnifiedEventSystem.test.ts(178,17): error TS2551: Property 'resetInstance' does not exist on type 'typeof EventSystem'. Did you mean 'getInstance'?
src/tests/lib/managers/BaseManager.test.ts(33,10): error TS2416: Property 'dependencies' in type 'TestManager' is not assignable to the same property in base type 'AbstractBaseManager<TestEvent>'.
  Type 'Record<string, unknown> | undefined' is not assignable to type 'string[]'.
    Type 'undefined' is not assignable to type 'string[]'.
src/tests/lib/managers/BaseManager.test.ts(33,10): error TS2612: Property 'dependencies' will overwrite the base property in 'AbstractBaseManager<TestEvent>'. If this is intentional, add an initializer. Otherwise, add a 'declare' modifier or remove the redundant declaration.
src/tests/lib/patterns/Singleton.test.ts(44,23): error TS2684: The 'this' context of type 'typeof TestSingleton' is not assignable to method's 'this' of type 'new () => TestSingleton'.
  Cannot assign a 'protected' constructor type to a 'public' constructor type.
src/tests/lib/patterns/Singleton.test.ts(45,23): error TS2684: The 'this' context of type 'typeof TestSingleton' is not assignable to method's 'this' of type 'new () => TestSingleton'.
  Cannot assign a 'protected' constructor type to a 'public' constructor type.
src/tests/lib/patterns/Singleton.test.ts(51,26): error TS2684: The 'this' context of type 'typeof TestSingleton' is not assignable to method's 'this' of type 'new () => TestSingleton'.
  Cannot assign a 'protected' constructor type to a 'public' constructor type.
src/tests/lib/patterns/Singleton.test.ts(52,29): error TS2684: The 'this' context of type 'typeof AnotherSingleton' is not assignable to method's 'this' of type 'new () => AnotherSingleton'.
  Cannot assign a 'protected' constructor type to a 'public' constructor type.
src/tests/lib/patterns/Singleton.test.ts(61,27): error TS2684: The 'this' context of type 'typeof TestSingleton' is not assignable to method's 'this' of type 'new () => TestSingleton'.
  Cannot assign a 'protected' constructor type to a 'public' constructor type.
src/tests/lib/patterns/Singleton.test.ts(62,30): error TS2684: The 'this' context of type 'typeof AnotherSingleton' is not assignable to method's 'this' of type 'new () => AnotherSingleton'.
  Cannot assign a 'protected' constructor type to a 'public' constructor type.
src/tests/lib/patterns/Singleton.test.ts(69,22): error TS2684: The 'this' context of type 'typeof TestSingleton' is not assignable to method's 'this' of type 'new () => TestSingleton'.
  Cannot assign a 'protected' constructor type to a 'public' constructor type.
src/tests/lib/patterns/Singleton.test.ts(75,22): error TS2684: The 'this' context of type 'typeof TestSingleton' is not assignable to method's 'this' of type 'new () => TestSingleton'.
  Cannot assign a 'protected' constructor type to a 'public' constructor type.
src/tests/lib/patterns/Singleton.test.ts(82,23): error TS2684: The 'this' context of type 'typeof TestSingleton' is not assignable to method's 'this' of type 'new () => TestSingleton'.
  Cannot assign a 'protected' constructor type to a 'public' constructor type.
src/tests/lib/patterns/Singleton.test.ts(89,23): error TS2684: The 'this' context of type 'typeof TestSingleton' is not assignable to method's 'this' of type 'new () => TestSingleton'.
  Cannot assign a 'protected' constructor type to a 'public' constructor type.
src/tests/lib/registry/ServiceRegistry.test.ts(100,16): error TS2684: The 'this' context of type 'typeof ServiceRegistry' is not assignable to method's 'this' of type 'new () => ServiceRegistry'.
  Cannot assign a 'protected' constructor type to a 'public' constructor type.
src/tests/managers/exploration/ExplorationManagerImpl.test.ts(80,12): error TS2416: Property 'emit' in type 'TestEventBus' is not assignable to the same property in base type 'EventBus<BaseEvent>'.
  Type '(event: BaseEvent) => void' is not assignable to type '{ (event: BaseEvent): void; <T = any>(eventName: string, data: T): void; }'.
    Types of parameters 'event' and 'eventName' are incompatible.
      Type 'string' is not assignable to type 'BaseEvent'.
src/tests/managers/exploration/ExplorationManagerImpl.test.ts(100,53): error TS2345: Argument of type 'TestEventBus' is not assignable to parameter of type 'EventBus<BaseEvent>'.
  Types of property 'emit' are incompatible.
    Type '(event: BaseEvent) => void' is not assignable to type '{ (event: BaseEvent): void; <T = any>(eventName: string, data: T): void; }'.
      Types of parameters 'event' and 'eventName' are incompatible.
        Type 'string' is not assignable to type 'BaseEvent'.
src/tests/managers/resource/ResourceFlowManager.batch.test.ts(4,10): error TS2724: '"./../../../types/resources/ResourceTypes"' has no exported member named 'ResourcePriority'. Did you mean 'ResourceRarity'?
src/tests/managers/resource/ResourceFlowManager.batch.test.ts(21,19): error TS2674: Constructor of class 'ResourceFlowManager' is protected and only accessible within the class declaration.
src/tests/managers/resource/ResourceFlowManager.batch.test.ts(26,17): error TS2339: Property 'cleanup' does not exist on type 'ResourceFlowManager'.
src/tests/managers/resource/ResourceFlowManager.batch.test.ts(94,21): error TS2339: Property 'transfers' does not exist on type 'Promise<FlowOptimizationResult>'.
src/tests/managers/resource/ResourceFlowManager.batch.test.ts(95,21): error TS2339: Property 'updatedConnections' does not exist on type 'Promise<FlowOptimizationResult>'.
src/tests/managers/resource/ResourceFlowManager.batch.test.ts(98,21): error TS2339: Property 'performanceMetrics' does not exist on type 'Promise<FlowOptimizationResult>'.
src/tests/managers/resource/ResourceFlowManager.batch.test.ts(99,18): error TS2339: Property 'performanceMetrics' does not exist on type 'Promise<FlowOptimizationResult>'.
src/tests/managers/resource/ResourceFlowManager.batch.test.ts(100,23): error TS2339: Property 'performanceMetrics' does not exist on type 'Promise<FlowOptimizationResult>'.
src/tests/managers/resource/ResourceFlowManager.batch.test.ts(101,23): error TS2339: Property 'performanceMetrics' does not exist on type 'Promise<FlowOptimizationResult>'.
src/tests/managers/resource/ResourceFlowManager.batch.test.ts(102,23): error TS2339: Property 'performanceMetrics' does not exist on type 'Promise<FlowOptimizationResult>'.
src/tests/managers/resource/ResourceFlowManager.batch.test.ts(103,23): error TS2339: Property 'performanceMetrics' does not exist on type 'Promise<FlowOptimizationResult>'.
src/tests/managers/resource/ResourceFlowManager.batch.test.ts(113,21): error TS2674: Constructor of class 'ResourceFlowManager' is protected and only accessible within the class declaration.
src/tests/managers/resource/ResourceFlowManager.batch.test.ts(189,21): error TS2339: Property 'updatedConnections' does not exist on type 'Promise<FlowOptimizationResult>'.
src/tests/managers/resource/ResourceFlowManager.batch.test.ts(193,21): error TS2339: Property 'performanceMetrics' does not exist on type 'Promise<FlowOptimizationResult>'.
src/tests/managers/resource/ResourceFlowManager.batch.test.ts(194,18): error TS2339: Property 'performanceMetrics' does not exist on type 'Promise<FlowOptimizationResult>'.
src/tests/managers/resource/ResourceFlowManager.batch.test.ts(196,23): error TS2339: Property 'performanceMetrics' does not exist on type 'Promise<FlowOptimizationResult>'.
src/tests/managers/resource/ResourceFlowManager.batch.test.ts(198,23): error TS2339: Property 'performanceMetrics' does not exist on type 'Promise<FlowOptimizationResult>'.
src/tests/managers/resource/ResourceFlowManager.batch.test.ts(208,21): error TS2674: Constructor of class 'ResourceFlowManager' is protected and only accessible within the class declaration.
src/tests/managers/resource/ResourceFlowManager.batch.test.ts(254,21): error TS2339: Property 'updatedConnections' does not exist on type 'Promise<FlowOptimizationResult>'.
src/tests/managers/resource/ResourceFlowManager.batch.test.ts(258,21): error TS2339: Property 'performanceMetrics' does not exist on type 'Promise<FlowOptimizationResult>'.
src/tests/managers/resource/ResourceFlowManager.batch.test.ts(259,18): error TS2339: Property 'performanceMetrics' does not exist on type 'Promise<FlowOptimizationResult>'.
src/tests/managers/resource/ResourceFlowManager.batch.test.ts(261,23): error TS2339: Property 'performanceMetrics' does not exist on type 'Promise<FlowOptimizationResult>'.
src/tests/managers/resource/ResourceFlowManager.batch.test.ts(263,23): error TS2339: Property 'performanceMetrics' does not exist on type 'Promise<FlowOptimizationResult>'.
src/tests/managers/resource/ResourceFlowManager.batch.test.ts(268,33): error TS2674: Constructor of class 'ResourceFlowManager' is protected and only accessible within the class declaration.
src/tests/managers/resource/ResourceFlowManager.batch.test.ts(269,33): error TS2674: Constructor of class 'ResourceFlowManager' is protected and only accessible within the class declaration.
src/tests/managers/resource/ResourceFlowManager.cache.test.ts(1,10): error TS2300: Duplicate identifier 'ResourceType'.
src/tests/managers/resource/ResourceFlowManager.cache.test.ts(5,3): error TS2724: '"./../../../types/resources/ResourceTypes"' has no exported member named 'ResourcePriority'. Did you mean 'ResourceRarity'?
src/tests/managers/resource/ResourceFlowManager.cache.test.ts(7,3): error TS2300: Duplicate identifier 'ResourceType'.
src/tests/managers/resource/ResourceFlowManager.cache.test.ts(11,15): error TS2724: '"../../../managers/resource/ResourceFlowManager"' has no exported member named 'FlowNodeType'. Did you mean 'FlowNode'?
src/tests/managers/resource/ResourceFlowManager.cache.test.ts(35,19): error TS2674: Constructor of class 'ResourceFlowManager' is protected and only accessible within the class declaration.
src/tests/managers/resource/ResourceFlowManager.cache.test.ts(39,17): error TS2339: Property 'cleanup' does not exist on type 'ResourceFlowManager'.
src/tests/managers/resource/ResourceFlowManager.cache.test.ts(59,44): error TS7053: Element implicitly has an 'any' type because expression of type '"network"' can't be used to index type 'ResourceFlowManager'.
  Property 'network' does not exist on type 'ResourceFlowManager'.
src/tests/managers/resource/ResourceFlowManager.cache.test.ts(120,44): error TS7053: Element implicitly has an 'any' type because expression of type '"network"' can't be used to index type 'ResourceFlowManager'.
  Property 'network' does not exist on type 'ResourceFlowManager'.
src/tests/managers/resource/ResourceFlowManager.cache.test.ts(153,44): error TS7053: Element implicitly has an 'any' type because expression of type '"network"' can't be used to index type 'ResourceFlowManager'.
  Property 'network' does not exist on type 'ResourceFlowManager'.
src/tests/managers/resource/ResourceFlowManager.cache.test.ts(194,44): error TS7053: Element implicitly has an 'any' type because expression of type '"network"' can't be used to index type 'ResourceFlowManager'.
  Property 'network' does not exist on type 'ResourceFlowManager'.
src/tests/managers/resource/ResourceFlowManager.chain.test.ts(5,3): error TS2724: '"../../../managers/resource/ResourceFlowManager"' has no exported member named 'FlowNodeType'. Did you mean 'FlowNode'?
src/tests/managers/resource/ResourceFlowManager.chain.test.ts(8,10): error TS2305: Module '"./../../../types/resources/ResourceTypes"' has no exported member 'ConversionChain'.
src/tests/managers/resource/ResourceFlowManager.chain.test.ts(8,27): error TS2305: Module '"./../../../types/resources/ResourceTypes"' has no exported member 'ResourceConversionRecipe'.
src/tests/managers/resource/ResourceFlowManager.chain.test.ts(70,19): error TS2674: Constructor of class 'ResourceFlowManager' is protected and only accessible within the class declaration.
src/tests/managers/resource/ResourceFlowManager.chain.test.ts(77,17): error TS2339: Property 'registerRecipe' does not exist on type 'ResourceFlowManager'.
src/tests/managers/resource/ResourceFlowManager.chain.test.ts(78,17): error TS2339: Property 'registerRecipe' does not exist on type 'ResourceFlowManager'.
src/tests/managers/resource/ResourceFlowManager.chain.test.ts(81,17): error TS2339: Property 'registerChain' does not exist on type 'ResourceFlowManager'.
src/tests/managers/resource/ResourceFlowManager.chain.test.ts(89,17): error TS2339: Property 'cleanup' does not exist on type 'ResourceFlowManager'.
src/tests/managers/resource/ResourceFlowManager.chain.test.ts(96,32): error TS2339: Property 'getChains' does not exist on type 'ResourceFlowManager'.
src/tests/managers/resource/ResourceFlowManager.chain.test.ts(101,40): error TS2339: Property 'getChain' does not exist on type 'ResourceFlowManager'.
src/tests/managers/resource/ResourceFlowManager.chain.test.ts(109,37): error TS2339: Property 'startChain' does not exist on type 'ResourceFlowManager'.
src/tests/managers/resource/ResourceFlowManager.chain.test.ts(132,37): error TS2339: Property 'startChain' does not exist on type 'ResourceFlowManager'.
src/tests/managers/resource/ResourceFlowManager.chain.test.ts(139,39): error TS2339: Property 'getChainStatus' does not exist on type 'ResourceFlowManager'.
src/tests/managers/resource/ResourceFlowManager.chain.test.ts(146,37): error TS2339: Property 'getChainStatus' does not exist on type 'ResourceFlowManager'.
src/tests/managers/resource/ResourceFlowManager.chain.test.ts(153,37): error TS2339: Property 'startChain' does not exist on type 'ResourceFlowManager'.
src/tests/managers/resource/ResourceFlowManager.chain.test.ts(157,32): error TS2339: Property 'pauseChain' does not exist on type 'ResourceFlowManager'.
src/tests/managers/resource/ResourceFlowManager.chain.test.ts(161,38): error TS2339: Property 'getChainStatus' does not exist on type 'ResourceFlowManager'.
src/tests/managers/resource/ResourceFlowManager.chain.test.ts(165,33): error TS2339: Property 'resumeChain' does not exist on type 'ResourceFlowManager'.
src/tests/managers/resource/ResourceFlowManager.chain.test.ts(169,39): error TS2339: Property 'getChainStatus' does not exist on type 'ResourceFlowManager'.
src/tests/managers/resource/ResourceFlowManager.chain.test.ts(175,37): error TS2339: Property 'startChain' does not exist on type 'ResourceFlowManager'.
src/tests/managers/resource/ResourceFlowManager.chain.test.ts(179,35): error TS2339: Property 'cancelChain' does not exist on type 'ResourceFlowManager'.
src/tests/managers/resource/ResourceFlowManager.chain.test.ts(183,41): error TS2339: Property 'getChainStatus' does not exist on type 'ResourceFlowManager'.
src/tests/managers/resource/ResourceFlowManager.chain.test.ts(194,17): error TS2339: Property 'startChain' does not exist on type 'ResourceFlowManager'.
src/tests/managers/resource/ResourceFlowManager.chain.test.ts(200,37): error TS2339: Property 'getChainStatus' does not exist on type 'ResourceFlowManager'.
src/tests/managers/resource/ResourceFlowManager.enum.test.ts(1,10): error TS2300: Duplicate identifier 'ResourceType'.
src/tests/managers/resource/ResourceFlowManager.enum.test.ts(5,3): error TS2305: Module '"../../../types/resources/StandardizedResourceTypes"' has no exported member 'FlowConnection'.
src/tests/managers/resource/ResourceFlowManager.enum.test.ts(6,3): error TS2305: Module '"../../../types/resources/StandardizedResourceTypes"' has no exported member 'FlowNode'.
src/tests/managers/resource/ResourceFlowManager.enum.test.ts(7,3): error TS2305: Module '"../../../types/resources/StandardizedResourceTypes"' has no exported member 'FlowNodeType'.
src/tests/managers/resource/ResourceFlowManager.enum.test.ts(9,3): error TS2305: Module '"../../../types/resources/StandardizedResourceTypes"' has no exported member 'ResourcePriority'.
src/tests/managers/resource/ResourceFlowManager.enum.test.ts(11,3): error TS2300: Duplicate identifier 'ResourceType'.
src/tests/managers/resource/ResourceFlowManager.enum.test.ts(42,19): error TS2674: Constructor of class 'ResourceFlowManager' is protected and only accessible within the class declaration.
src/tests/managers/resource/ResourceFlowManager.enum.test.ts(47,17): error TS2339: Property 'cleanup' does not exist on type 'ResourceFlowManager'.
src/tests/managers/resource/ResourceFlowManager.errors.test.ts(4,24): error TS2724: '"./../../../types/resources/ResourceTypes"' has no exported member named 'ResourcePriority'. Did you mean 'ResourceRarity'?
src/tests/managers/resource/ResourceFlowManager.errors.test.ts(11,15): error TS2460: Module '"../../../managers/resource/ResourceFlowManager"' declares 'FlowConnection' locally, but it is exported as 'FlowNode'.
src/tests/managers/resource/ResourceFlowManager.errors.test.ts(30,19): error TS2674: Constructor of class 'ResourceFlowManager' is protected and only accessible within the class declaration.
src/tests/managers/resource/ResourceFlowManager.errors.test.ts(34,17): error TS2339: Property 'cleanup' does not exist on type 'ResourceFlowManager'.
src/tests/managers/resource/ResourceFlowManager.errors.test.ts(167,21): error TS2339: Property 'transfers' does not exist on type 'Promise<FlowOptimizationResult>'.
src/tests/managers/resource/ResourceFlowManager.errors.test.ts(168,21): error TS2339: Property 'updatedConnections' does not exist on type 'Promise<FlowOptimizationResult>'.
src/tests/managers/resource/ResourceFlowManager.errors.test.ts(169,21): error TS2339: Property 'bottlenecks' does not exist on type 'Promise<FlowOptimizationResult>'.
src/tests/managers/resource/ResourceFlowManager.errors.test.ts(170,21): error TS2339: Property 'underutilized' does not exist on type 'Promise<FlowOptimizationResult>'.
src/tests/managers/resource/ResourceFlowManager.errors.test.ts(206,21): error TS2339: Property 'transfers' does not exist on type 'Promise<FlowOptimizationResult>'.
src/tests/managers/resource/ResourceFlowManager.errors.test.ts(207,21): error TS2339: Property 'updatedConnections' does not exist on type 'Promise<FlowOptimizationResult>'.
src/tests/managers/resource/ResourceFlowManager.errors.test.ts(253,21): error TS2339: Property 'transfers' does not exist on type 'Promise<FlowOptimizationResult>'.
src/tests/managers/resource/ResourceFlowManager.errors.test.ts(267,22): error TS2339: Property 'transfers' does not exist on type 'Promise<FlowOptimizationResult>'.
src/tests/managers/resource/ResourceFlowManager.errors.test.ts(405,21): error TS2339: Property 'transfers' does not exist on type 'Promise<FlowOptimizationResult>'.
src/tests/managers/resource/ResourceFlowManager.errors.test.ts(412,30): error TS2339: Property 'transfers' does not exist on type 'Promise<FlowOptimizationResult>'.
src/tests/managers/resource/ResourceFlowManager.errors.test.ts(456,26): error TS2339: Property 'transfers' does not exist on type 'Promise<FlowOptimizationResult>'.
src/tests/managers/resource/ResourceFlowManager.errors.test.ts(469,27): error TS2339: Property 'performanceMetrics' does not exist on type 'Promise<FlowOptimizationResult>'.
src/tests/managers/resource/ResourceFlowManager.test.ts(1,10): error TS2300: Duplicate identifier 'ResourceType'.
src/tests/managers/resource/ResourceFlowManager.test.ts(6,3): error TS2724: '"./../../../types/resources/ResourceTypes"' has no exported member named 'ResourcePriority'. Did you mean 'ResourceRarity'?
src/tests/managers/resource/ResourceFlowManager.test.ts(8,3): error TS2300: Duplicate identifier 'ResourceType'.
src/tests/managers/resource/ResourceFlowManager.test.ts(17,3): error TS2460: Module '"../../../managers/resource/ResourceFlowManager"' declares 'FlowConnection' locally, but it is exported as 'FlowNode'.
src/tests/managers/resource/ResourceFlowManager.test.ts(19,3): error TS2724: '"../../../managers/resource/ResourceFlowManager"' has no exported member named 'FlowNodeType'. Did you mean 'FlowNode'?
src/tests/managers/resource/ResourceFlowManager.test.ts(41,19): error TS2674: Constructor of class 'ResourceFlowManager' is protected and only accessible within the class declaration.
src/tests/managers/resource/ResourceFlowManager.test.ts(46,17): error TS2339: Property 'cleanup' does not exist on type 'ResourceFlowManager'.
src/tests/managers/resource/ResourceFlowManager.test.ts(201,31): error TS2674: Constructor of class 'ResourceFlowManager' is protected and only accessible within the class declaration.
src/tests/managers/resource/ResourceFlowManager.test.ts(247,5): error TS2578: Unused '@ts-expect-error' directive.
src/tests/managers/resource/ResourceFlowManager.test.ts(251,5): error TS2578: Unused '@ts-expect-error' directive.
src/tests/managers/resource/ResourceFlowManager.test.ts(376,31): error TS2674: Constructor of class 'ResourceFlowManager' is protected and only accessible within the class declaration.
src/tests/managers/resource/ResourceFlowManager.test.ts(452,5): error TS2578: Unused '@ts-expect-error' directive.
src/tests/managers/resource/ResourceFlowManager.test.ts(454,5): error TS2578: Unused '@ts-expect-error' directive.
src/tests/managers/resource/ResourceFlowManager.test.ts(458,5): error TS2578: Unused '@ts-expect-error' directive.
src/tests/managers/resource/ResourceFlowManager.test.ts(500,31): error TS2674: Constructor of class 'ResourceFlowManager' is protected and only accessible within the class declaration.
src/tests/managers/resource/ResourceFlowManager.test.ts(557,5): error TS2578: Unused '@ts-expect-error' directive.
src/tests/managers/resource/ResourceThresholdManager.test.ts(106,9): error TS2353: Object literal may only specify known properties, and 'type' does not exist in type 'ResourceThreshold'.
src/tests/managers/resource/ResourceThresholdManager.test.ts(130,27): error TS2352: Conversion of type '{ id: string; threshold: { type: ResourceType; min: number; max: number; }; actions: never[]; enabled: true; }' to type 'ThresholdConfig' may be a mistake because neither type sufficiently overlaps with the other. If this was intentional, convert the expression to 'unknown' first.
  Types of property 'threshold' are incompatible.
    Property 'resourceId' is missing in type '{ type: ResourceType; min: number; max: number; }' but required in type 'ResourceThreshold'.
src/tests/managers/resource/ResourceThresholdManager.test.ts(152,9): error TS2353: Object literal may only specify known properties, and 'type' does not exist in type 'ResourceThreshold'.
src/tests/managers/resource/ResourceThresholdManager.test.ts(173,9): error TS2353: Object literal may only specify known properties, and 'type' does not exist in type 'ResourceThreshold'.
src/tests/performance/AdvancedPerformanceScenarios.ts(10,29): error TS2307: Cannot find module '../../types/events/ModuleEvent' or its corresponding type declarations.
src/tests/performance/AdvancedPerformanceScenarios.ts(11,30): error TS2307: Cannot find module '../../types/resources/FlowTypes' or its corresponding type declarations.
src/tests/performance/AdvancedPerformanceScenarios.ts(19,29): error TS2307: Cannot find module '../../utils/performance/throttling/UIThrottling' or its corresponding type declarations.
src/tests/performance/AdvancedPerformanceScenarios.ts(46,20): error TS2339: Property 'FOOD' does not exist on type 'typeof ResourceType'.
src/tests/performance/AdvancedPerformanceScenarios.ts(47,20): error TS2339: Property 'TECH_COMPONENTS' does not exist on type 'typeof ResourceType'.
src/tests/performance/AdvancedPerformanceScenarios.ts(48,20): error TS2339: Property 'CONSTRUCTION_MATERIALS' does not exist on type 'typeof ResourceType'.
src/tests/performance/AdvancedPerformanceScenarios.ts(49,20): error TS2339: Property 'ADVANCED_MATERIALS' does not exist on type 'typeof ResourceType'.
src/tests/performance/AdvancedPerformanceScenarios.ts(50,20): error TS2339: Property 'LUXURY_GOODS' does not exist on type 'typeof ResourceType'.
src/tests/performance/AdvancedPerformanceScenarios.ts(55,19): error TS2674: Constructor of class 'ResourceFlowManager' is protected and only accessible within the class declaration.
src/tests/performance/AdvancedPerformanceScenarios.ts(104,19): error TS2674: Constructor of class 'ResourceFlowManager' is protected and only accessible within the class declaration.
src/tests/performance/AdvancedPerformanceScenarios.ts(105,28): error TS2554: Expected 1-2 arguments, but got 0.
src/tests/performance/AdvancedPerformanceScenarios.ts(141,58): error TS2341: Property 'processEvent' is private and only accessible within class 'EventPrioritizer<T>'.
src/tests/performance/AdvancedPerformanceScenarios.ts(209,23): error TS2674: Constructor of class 'ResourceFlowManager' is protected and only accessible within the class declaration.
src/tests/performance/AdvancedPerformanceScenarios.ts(267,25): error TS2674: Constructor of class 'ResourceFlowManager' is protected and only accessible within the class declaration.
src/tests/performance/AdvancedPerformanceScenarios.ts(301,9): error TS2322: Type 'string' is not assignable to type 'number'.
src/tests/performance/AdvancedPerformanceScenarios.ts(302,9): error TS2322: Type 'number | undefined' is not assignable to type 'number'.
  Type 'undefined' is not assignable to type 'number'.
src/tests/performance/AdvancedPerformanceScenarios.ts(381,25): error TS2674: Constructor of class 'ResourceFlowManager' is protected and only accessible within the class declaration.
src/tests/performance/LongSessionMemoryTestSuite.ts(325,7): error TS2322: Type 'MemoryTrendAnalysis | null' is not assignable to type 'MemoryTrendAnalysis | undefined'.
  Type 'null' is not assignable to type 'MemoryTrendAnalysis | undefined'.
src/tests/performance/LongSessionMemoryTestSuite.ts(748,44): error TS7006: Parameter 's' implicitly has an 'any' type.
src/tests/performance/MultitabPerformanceTestSuite.ts(422,7): error TS2322: Type 'TestConfiguration' is not assignable to type 'Record<string, unknown>'.
  Index signature for type 'string' is missing in type 'TestConfiguration'.
src/tests/performance/ResourceFlowManager.benchmark.ts(135,23): error TS2674: Constructor of class 'ResourceFlowManager' is protected and only accessible within the class declaration.
src/tests/performance/ResourceFlowManager.benchmark.ts(156,23): error TS2674: Constructor of class 'ResourceFlowManager' is protected and only accessible within the class declaration.
src/tests/performance/ResourceFlowManager.benchmark.ts(177,23): error TS2674: Constructor of class 'ResourceFlowManager' is protected and only accessible within the class declaration.
src/tests/performance/ResourceFlowManager.benchmark.ts(198,23): error TS2674: Constructor of class 'ResourceFlowManager' is protected and only accessible within the class declaration.
src/tests/performance/ResourceFlowManager.benchmark.ts(219,23): error TS2674: Constructor of class 'ResourceFlowManager' is protected and only accessible within the class declaration.
src/tests/performance/ResourceFlowManager.benchmark.ts(240,23): error TS2674: Constructor of class 'ResourceFlowManager' is protected and only accessible within the class declaration.
src/tests/performance/ResourceFlowManager.benchmark.ts(261,23): error TS2674: Constructor of class 'ResourceFlowManager' is protected and only accessible within the class declaration.
src/tests/resource/ResourceSystem.test.ts(10,10): error TS2300: Duplicate identifier 'ResourceType'.
src/tests/resource/ResourceSystem.test.ts(11,10): error TS2300: Duplicate identifier 'ResourceType'.
src/tests/resource/ResourceSystem.test.ts(59,40): error TS2304: Cannot find name 'EnumResourceType'.
src/tests/resource/ResourceSystem.test.ts(60,60): error TS2304: Cannot find name 'EnumResourceType'.
src/tests/resource/ResourceSystem.test.ts(72,46): error TS2304: Cannot find name 'StringResourceType'.
src/tests/resource/ResourceSystem.test.ts(72,91): error TS2304: Cannot find name 'StringResourceType'.
src/tests/resource/ResourceSystem.test.ts(82,49): error TS2304: Cannot find name 'EnumResourceType'.
src/tests/resource/ResourceSystem.test.ts(87,7): error TS2304: Cannot find name 'EnumResourceType'.
src/tests/resource/ResourceSystem.test.ts(109,42): error TS2304: Cannot find name 'StringResourceType'.
src/tests/resource/ResourceSystem.test.ts(110,48): error TS2304: Cannot find name 'StringResourceType'.
src/tests/resource/ResourceSystem.test.ts(118,42): error TS2304: Cannot find name 'StringResourceType'.
src/tests/resource/ResourceSystem.test.ts(119,48): error TS2304: Cannot find name 'StringResourceType'.
src/tests/resource/ResourceSystem.test.ts(127,7): error TS2304: Cannot find name 'EnumResourceType'.
src/tests/resource/ResourceSystem.test.ts(145,46): error TS2304: Cannot find name 'StringResourceType'.
src/tests/resource/ResourceSystem.test.ts(154,46): error TS2304: Cannot find name 'StringResourceType'.
src/tests/resource/ResourceSystem.test.ts(159,34): error TS2304: Cannot find name 'EnumResourceType'.
src/tests/resource/ResourceSystem.test.ts(163,7): error TS2304: Cannot find name 'EnumResourceType'.
src/tests/resource/ResourceSystem.test.ts(196,21): error TS2304: Cannot find name 'EnumResourceType'.
src/tests/resource/ResourceSystem.test.ts(206,40): error TS2304: Cannot find name 'EnumResourceType'.
src/tests/resource/ResourceSystem.test.ts(229,48): error TS2304: Cannot find name 'StringResourceType'.
src/tests/resource/ResourceSystem.test.ts(229,91): error TS2304: Cannot find name 'StringResourceType'.
src/tests/resource/ResourceSystem.test.ts(234,34): error TS2304: Cannot find name 'EnumResourceType'.
src/tests/resource/ResourceSystem.test.ts(238,7): error TS2304: Cannot find name 'EnumResourceType'.
src/tests/resource/ResourceSystem.test.ts(240,7): error TS2304: Cannot find name 'EnumResourceType'.
src/tests/types/D3AnimationTypes.test.ts(73,10): error TS2540: Cannot assign to 'timer' because it is a read-only property.
src/tests/types/D3AnimationTypes.test.ts(90,10): error TS2540: Cannot assign to 'timer' because it is a read-only property.
src/tests/types/D3AnimationTypes.test.ts(99,10): error TS2540: Cannot assign to 'timer' because it is a read-only property.
src/tests/types/D3AnimationTypes.test.ts(121,10): error TS2540: Cannot assign to 'timer' because it is a read-only property.
src/tests/types/D3AnimationTypes.test.ts(142,9): error TS2322: Type 'Selection<SVGElement, unknown, null, undefined>' is not assignable to type 'Selection<SVGElement, unknown, Element, undefined>'.
  The types of 'select(...).select(...).merge' are incompatible between these types.
    Type '(other: Selection<null, undefined, null, undefined> | TransitionLike<null, undefined>) => Selection<null, undefined, null, undefined>' is not assignable to type '(other: Selection<null, undefined, Element, undefined> | TransitionLike<null, undefined>) => Selection<null, undefined, Element, undefined>'.
      Types of parameters 'other' and 'other' are incompatible.
        Type 'Selection<null, undefined, Element, undefined> | TransitionLike<null, undefined>' is not assignable to type 'Selection<null, undefined, null, undefined> | TransitionLike<null, undefined>'.
          Type 'Selection<null, undefined, Element, undefined>' is not assignable to type 'Selection<null, undefined, null, undefined> | TransitionLike<null, undefined>'.
            Type 'Selection<null, undefined, Element, undefined>' is not assignable to type 'Selection<null, undefined, null, undefined>'.
              Types of property 'data' are incompatible.
                Type '{ (): undefined[]; <NewDatum>(data: NewDatum[] | Iterable<NewDatum> | ValueFn<Element, undefined, NewDatum[] | Iterable<NewDatum>>, key?: ValueFn<...> | undefined): Selection<...>; }' is not assignable to type '{ (): undefined[]; <NewDatum>(data: NewDatum[] | Iterable<NewDatum> | ValueFn<null, undefined, NewDatum[] | Iterable<NewDatum>>, key?: ValueFn<...> | undefined): Selection<...>; }'.
                  Types of parameters 'data' and 'data' are incompatible.
                    Type 'any[] | Iterable<any> | ValueFn<null, undefined, any[] | Iterable<any>>' is not assignable to type 'any[] | Iterable<any> | ValueFn<Element, undefined, any[] | Iterable<any>>'.
                      Type 'ValueFn<null, undefined, any[] | Iterable<any>>' is not assignable to type 'any[] | Iterable<any> | ValueFn<Element, undefined, any[] | Iterable<any>>'.
                        Type 'ValueFn<null, undefined, any[] | Iterable<any>>' is not assignable to type 'ValueFn<Element, undefined, any[] | Iterable<any>>'.
                          Type 'Element' is not assignable to type 'null'.
src/tests/types/D3AnimationTypes.test.ts(166,9): error TS2322: Type 'Selection<SVGElement, unknown, null, undefined>' is not assignable to type 'Selection<SVGElement, unknown, Element, undefined>'.
  The types of 'select(...).select(...).merge' are incompatible between these types.
    Type '(other: Selection<null, undefined, null, undefined> | TransitionLike<null, undefined>) => Selection<null, undefined, null, undefined>' is not assignable to type '(other: Selection<null, undefined, Element, undefined> | TransitionLike<null, undefined>) => Selection<null, undefined, Element, undefined>'.
      Types of parameters 'other' and 'other' are incompatible.
        Type 'Selection<null, undefined, Element, undefined> | TransitionLike<null, undefined>' is not assignable to type 'Selection<null, undefined, null, undefined> | TransitionLike<null, undefined>'.
          Type 'Selection<null, undefined, Element, undefined>' is not assignable to type 'Selection<null, undefined, null, undefined> | TransitionLike<null, undefined>'.
            Type 'Selection<null, undefined, Element, undefined>' is not assignable to type 'Selection<null, undefined, null, undefined>'.
              Types of property 'merge' are incompatible.
                Type '(other: Selection<null, undefined, Element, undefined> | TransitionLike<null, undefined>) => Selection<null, undefined, Element, undefined>' is not assignable to type '(other: Selection<null, undefined, null, undefined> | TransitionLike<null, undefined>) => Selection<null, undefined, null, undefined>'.
                  Types of parameters 'other' and 'other' are incompatible.
                    Type 'Selection<null, undefined, null, undefined> | TransitionLike<null, undefined>' is not assignable to type 'Selection<null, undefined, Element, undefined> | TransitionLike<null, undefined>'.
                      Type 'Selection<null, undefined, null, undefined>' is not assignable to type 'Selection<null, undefined, Element, undefined> | TransitionLike<null, undefined>'.
src/tests/types/D3AnimationTypes.test.ts(188,9): error TS2322: Type 'Selection<SVGElement, unknown, null, undefined>' is not assignable to type 'Selection<SVGElement, unknown, Element, undefined>'.
  The types of 'select(...).select(...).merge' are incompatible between these types.
    Type '(other: Selection<null, undefined, null, undefined> | TransitionLike<null, undefined>) => Selection<null, undefined, null, undefined>' is not assignable to type '(other: Selection<null, undefined, Element, undefined> | TransitionLike<null, undefined>) => Selection<null, undefined, Element, undefined>'.
      Types of parameters 'other' and 'other' are incompatible.
        Type 'Selection<null, undefined, Element, undefined> | TransitionLike<null, undefined>' is not assignable to type 'Selection<null, undefined, null, undefined> | TransitionLike<null, undefined>'.
          Type 'Selection<null, undefined, Element, undefined>' is not assignable to type 'Selection<null, undefined, null, undefined> | TransitionLike<null, undefined>'.
            Type 'Selection<null, undefined, Element, undefined>' is not assignable to type 'Selection<null, undefined, null, undefined>'.
              Types of property 'merge' are incompatible.
                Type '(other: Selection<null, undefined, Element, undefined> | TransitionLike<null, undefined>) => Selection<null, undefined, Element, undefined>' is not assignable to type '(other: Selection<null, undefined, null, undefined> | TransitionLike<null, undefined>) => Selection<null, undefined, null, undefined>'.
                  Types of parameters 'other' and 'other' are incompatible.
                    Type 'Selection<null, undefined, null, undefined> | TransitionLike<null, undefined>' is not assignable to type 'Selection<null, undefined, Element, undefined> | TransitionLike<null, undefined>'.
                      Type 'Selection<null, undefined, null, undefined>' is not assignable to type 'Selection<null, undefined, Element, undefined> | TransitionLike<null, undefined>'.
src/tests/types/D3AnimationTypes.test.ts(219,7): error TS2741: Property '__promisify__' is missing in type 'Mock<number, [callback: any], any>' but required in type 'typeof setTimeout'.
src/tests/types/D3AnimationTypes.test.ts(226,25): error TS2322: Type 'Selection<SVGElement, unknown, null, undefined>' is not assignable to type 'Selection<SVGElement, unknown, Element, undefined>'.
  The types of 'select(...).select(...).merge' are incompatible between these types.
    Type '(other: Selection<null, undefined, null, undefined> | TransitionLike<null, undefined>) => Selection<null, undefined, null, undefined>' is not assignable to type '(other: Selection<null, undefined, Element, undefined> | TransitionLike<null, undefined>) => Selection<null, undefined, Element, undefined>'.
      Types of parameters 'other' and 'other' are incompatible.
        Type 'Selection<null, undefined, Element, undefined> | TransitionLike<null, undefined>' is not assignable to type 'Selection<null, undefined, null, undefined> | TransitionLike<null, undefined>'.
          Type 'Selection<null, undefined, Element, undefined>' is not assignable to type 'Selection<null, undefined, null, undefined> | TransitionLike<null, undefined>'.
            Type 'Selection<null, undefined, Element, undefined>' is not assignable to type 'Selection<null, undefined, null, undefined>'.
              Types of property 'merge' are incompatible.
                Type '(other: Selection<null, undefined, Element, undefined> | TransitionLike<null, undefined>) => Selection<null, undefined, Element, undefined>' is not assignable to type '(other: Selection<null, undefined, null, undefined> | TransitionLike<null, undefined>) => Selection<null, undefined, null, undefined>'.
                  Types of parameters 'other' and 'other' are incompatible.
                    Type 'Selection<null, undefined, null, undefined> | TransitionLike<null, undefined>' is not assignable to type 'Selection<null, undefined, Element, undefined> | TransitionLike<null, undefined>'.
                      Type 'Selection<null, undefined, null, undefined>' is not assignable to type 'Selection<null, undefined, Element, undefined> | TransitionLike<null, undefined>'.
src/tests/types/D3AnimationTypes.test.ts(226,55): error TS2322: Type 'Selection<SVGElement, unknown, null, undefined>' is not assignable to type 'Selection<SVGElement, unknown, Element, undefined>'.
  The types of 'select(...).select(...).merge' are incompatible between these types.
    Type '(other: Selection<null, undefined, null, undefined> | TransitionLike<null, undefined>) => Selection<null, undefined, null, undefined>' is not assignable to type '(other: Selection<null, undefined, Element, undefined> | TransitionLike<null, undefined>) => Selection<null, undefined, Element, undefined>'.
      Types of parameters 'other' and 'other' are incompatible.
        Type 'Selection<null, undefined, Element, undefined> | TransitionLike<null, undefined>' is not assignable to type 'Selection<null, undefined, null, undefined> | TransitionLike<null, undefined>'.
          Type 'Selection<null, undefined, Element, undefined>' is not assignable to type 'Selection<null, undefined, null, undefined> | TransitionLike<null, undefined>'.
            Type 'Selection<null, undefined, Element, undefined>' is not assignable to type 'Selection<null, undefined, null, undefined>'.
              Types of property 'merge' are incompatible.
                Type '(other: Selection<null, undefined, Element, undefined> | TransitionLike<null, undefined>) => Selection<null, undefined, Element, undefined>' is not assignable to type '(other: Selection<null, undefined, null, undefined> | TransitionLike<null, undefined>) => Selection<null, undefined, null, undefined>'.
                  Types of parameters 'other' and 'other' are incompatible.
                    Type 'Selection<null, undefined, null, undefined> | TransitionLike<null, undefined>' is not assignable to type 'Selection<null, undefined, Element, undefined> | TransitionLike<null, undefined>'.
                      Type 'Selection<null, undefined, null, undefined>' is not assignable to type 'Selection<null, undefined, Element, undefined> | TransitionLike<null, undefined>'.
src/tests/types/D3AnimationTypes.test.ts(265,25): error TS2322: Type 'Selection<SVGElement, unknown, null, undefined>' is not assignable to type 'Selection<SVGElement, unknown, Element, undefined>'.
  The types of 'select(...).select(...).merge' are incompatible between these types.
    Type '(other: Selection<null, undefined, null, undefined> | TransitionLike<null, undefined>) => Selection<null, undefined, null, undefined>' is not assignable to type '(other: Selection<null, undefined, Element, undefined> | TransitionLike<null, undefined>) => Selection<null, undefined, Element, undefined>'.
      Types of parameters 'other' and 'other' are incompatible.
        Type 'Selection<null, undefined, Element, undefined> | TransitionLike<null, undefined>' is not assignable to type 'Selection<null, undefined, null, undefined> | TransitionLike<null, undefined>'.
          Type 'Selection<null, undefined, Element, undefined>' is not assignable to type 'Selection<null, undefined, null, undefined> | TransitionLike<null, undefined>'.
            Type 'Selection<null, undefined, Element, undefined>' is not assignable to type 'Selection<null, undefined, null, undefined>'.
              Types of property 'merge' are incompatible.
                Type '(other: Selection<null, undefined, Element, undefined> | TransitionLike<null, undefined>) => Selection<null, undefined, Element, undefined>' is not assignable to type '(other: Selection<null, undefined, null, undefined> | TransitionLike<null, undefined>) => Selection<null, undefined, null, undefined>'.
                  Types of parameters 'other' and 'other' are incompatible.
                    Type 'Selection<null, undefined, null, undefined> | TransitionLike<null, undefined>' is not assignable to type 'Selection<null, undefined, Element, undefined> | TransitionLike<null, undefined>'.
                      Type 'Selection<null, undefined, null, undefined>' is not assignable to type 'Selection<null, undefined, Element, undefined> | TransitionLike<null, undefined>'.
src/tests/unit/resources/ResourceTypeConverter.test.ts(7,10): error TS2300: Duplicate identifier 'ResourceType'.
src/tests/unit/resources/ResourceTypeConverter.test.ts(8,10): error TS2300: Duplicate identifier 'ResourceType'.
src/tests/unit/resources/ResourceTypeConverter.test.ts(23,8): error TS2307: Cannot find module '../../../utils/resources/ResourceTypeConverter' or its corresponding type declarations.
src/tests/unit/resources/ResourceTypeConverter.test.ts(61,52): error TS2304: Cannot find name 'StringResourceType'.
src/tests/unit/resources/ResourceTypeConverter.test.ts(74,56): error TS2304: Cannot find name 'StringResourceType'.
src/tests/unit/resources/ResourceTypeConverter.test.ts(86,26): error TS2304: Cannot find name 'StringResourceType'.
src/tests/unit/resources/ResourceTypeConverter.test.ts(99,42): error TS2304: Cannot find name 'StringResourceType'.
src/tests/unit/resources/ResourceTypeConverter.test.ts(116,33): error TS2304: Cannot find name 'StringResourceType'.
src/tests/unit/resources/ResourceTypeConverter.test.ts(134,51): error TS2304: Cannot find name 'StringResourceType'.
src/tests/unit/resources/ResourceTypeConverter.test.ts(135,51): error TS2304: Cannot find name 'StringResourceType'.
src/tests/unit/resources/ResourceTypeConverter.test.ts(173,52): error TS2304: Cannot find name 'StringResourceType'.
src/tests/utils/events/EventPrioritizer.test.ts(6,11): error TS2430: Interface 'TestEvent' incorrectly extends interface 'BaseEvent'.
  Types of property 'type' are incompatible.
    Type 'string' is not assignable to type 'EventType'.
src/tests/utils/events/EventPrioritizer.test.ts(18,3): error TS2322: Type '"test-type"' is not assignable to type 'ModuleType'.
src/tests/utils/events/EventPrioritizer.test.ts(29,37): error TS2344: Type 'TestEvent' does not satisfy the constraint 'BaseEvent'.
  Types of property 'type' are incompatible.
    Type 'string' is not assignable to type 'EventType'.
src/tests/utils/events/EventPrioritizer.test.ts(37,40): error TS2344: Type 'TestEvent' does not satisfy the constraint 'BaseEvent'.
  Types of property 'type' are incompatible.
    Type 'string' is not assignable to type 'EventType'.
src/tests/utils/events/EventPrioritizer.test.ts(175,51): error TS2344: Type 'TestEvent' does not satisfy the constraint 'BaseEvent'.
  Types of property 'type' are incompatible.
    Type 'string' is not assignable to type 'EventType'.
src/tests/utils/fixtureUtils.ts(2,20): error TS2724: '"../../managers/resource/ResourceFlowManager"' has no exported member named 'FlowNodeType'. Did you mean 'FlowNode'?
src/tests/utils/fixtureUtils.ts(25,5): error TS2561: Object literal may only specify known properties, but 'minerals' does not exist in type 'Record<ResourceType, Partial<Partial<ResourceState>>>'. Did you mean to write 'MINERALS'?
src/tests/utils/index.ts(20,1): error TS2308: Module './asyncTestUtils' has already exported a member named 'waitForCondition'. Consider explicitly re-exporting to resolve the ambiguity.
src/tests/utils/index.ts(20,1): error TS2308: Module './performanceUtils' has already exported a member named 'createPerformanceReporter'. Consider explicitly re-exporting to resolve the ambiguity.
src/tests/utils/index.ts(20,1): error TS2308: Module './performanceUtils' has already exported a member named 'measureExecutionTime'. Consider explicitly re-exporting to resolve the ambiguity.
src/tests/utils/index.ts(20,1): error TS2308: Module './performanceUtils' has already exported a member named 'measureMemoryUsage'. Consider explicitly re-exporting to resolve the ambiguity.
src/tests/utils/index.ts(20,1): error TS2308: Module './renderUtils' has already exported a member named 'AllProviders'. Consider explicitly re-exporting to resolve the ambiguity.
src/tests/utils/index.ts(20,1): error TS2308: Module './renderUtils' has already exported a member named 'renderWithProviders'. Consider explicitly re-exporting to resolve the ambiguity.
src/tests/utils/performance/benchmarks/PerformanceBenchmarkTools.test.ts(28,5): error TS2741: Property 'rss' is missing in type 'Mock<any, any>' but required in type 'MemoryUsageFn'.
src/tests/utils/performance/benchmarks/PerformanceBenchmarkTools.test.ts(362,18): error TS2339: Property 'lastRun' does not exist on type '{ id: string; name: string; schedule: "onDemand"; benchmarks: { name: string; run: () => { name: string; executionTimeMs: number; timestamp: Date; }; }[]; }'.
src/types/common/VectorTypes.ts(85,17): error TS2339: Property 'x' does not exist on type 'never'.
src/types/common/VectorTypes.ts(86,17): error TS2339: Property 'y' does not exist on type 'never'.
src/types/common/VectorTypes.ts(87,17): error TS2339: Property 'z' does not exist on type 'never'.
src/types/common/VectorTypes.ts(92,17): error TS2339: Property 'x' does not exist on type 'never'.
src/types/common/VectorTypes.ts(93,17): error TS2339: Property 'y' does not exist on type 'never'.
src/types/common/VectorTypes.ts(94,17): error TS2339: Property 'z' does not exist on type 'never'.
src/types/common/VectorTypes.ts(95,17): error TS2339: Property 'w' does not exist on type 'never'.
src/types/common/VectorTypes.ts(114,38): error TS2339: Property 'x' does not exist on type 'never'.
src/types/common/VectorTypes.ts(114,62): error TS2339: Property 'y' does not exist on type 'never'.
src/types/common/VectorTypes.ts(114,86): error TS2339: Property 'z' does not exist on type 'never'.
src/types/common/VectorTypes.ts(118,23): error TS2339: Property 'x' does not exist on type 'never'.
src/types/common/VectorTypes.ts(118,47): error TS2339: Property 'y' does not exist on type 'never'.
src/types/common/VectorTypes.ts(118,71): error TS2339: Property 'z' does not exist on type 'never'.
src/types/common/VectorTypes.ts(118,95): error TS2339: Property 'w' does not exist on type 'never'.
src/types/exploration/unified/ExplorationTypes.ts(700,3): error TS2484: Export declaration conflicts with exported declaration of 'ExplorationEntity'.
src/types/exploration/unified/ExplorationTypes.ts(701,3): error TS2484: Export declaration conflicts with exported declaration of 'Coordinates'.
src/types/exploration/unified/ExplorationTypes.ts(702,3): error TS2484: Export declaration conflicts with exported declaration of 'Sector'.
src/types/exploration/unified/ExplorationTypes.ts(703,3): error TS2484: Export declaration conflicts with exported declaration of 'StarSystem'.
src/types/exploration/unified/ExplorationTypes.ts(704,3): error TS2484: Export declaration conflicts with exported declaration of 'Planet'.
src/types/exploration/unified/ExplorationTypes.ts(705,3): error TS2484: Export declaration conflicts with exported declaration of 'Moon'.
src/types/exploration/unified/ExplorationTypes.ts(706,3): error TS2484: Export declaration conflicts with exported declaration of 'AsteroidBelt'.
src/types/exploration/unified/ExplorationTypes.ts(707,3): error TS2484: Export declaration conflicts with exported declaration of 'JumpPoint'.
src/types/exploration/unified/ExplorationTypes.ts(708,3): error TS2484: Export declaration conflicts with exported declaration of 'SpecialFeature'.
src/types/exploration/unified/ExplorationTypes.ts(709,3): error TS2484: Export declaration conflicts with exported declaration of 'ResourceDeposit'.
src/types/exploration/unified/ExplorationTypes.ts(710,3): error TS2484: Export declaration conflicts with exported declaration of 'Anomaly'.
src/types/exploration/unified/ExplorationTypes.ts(711,3): error TS2484: Export declaration conflicts with exported declaration of 'AnomalyComposition'.
src/types/exploration/unified/ExplorationTypes.ts(712,3): error TS2484: Export declaration conflicts with exported declaration of 'Effect'.
src/types/exploration/unified/ExplorationTypes.ts(713,3): error TS2484: Export declaration conflicts with exported declaration of 'InvestigationStatus'.
src/types/exploration/unified/ExplorationTypes.ts(714,3): error TS2484: Export declaration conflicts with exported declaration of 'Finding'.
src/types/exploration/unified/ExplorationTypes.ts(715,3): error TS2484: Export declaration conflicts with exported declaration of 'PotentialUse'.
src/types/exploration/unified/ExplorationTypes.ts(716,3): error TS2484: Export declaration conflicts with exported declaration of 'VisualData'.
src/types/exploration/unified/ExplorationTypes.ts(717,3): error TS2484: Export declaration conflicts with exported declaration of 'EnvironmentalCondition'.
src/types/exploration/unified/ExplorationTypes.ts(718,3): error TS2484: Export declaration conflicts with exported declaration of 'FactionControl'.
src/types/exploration/unified/ExplorationTypes.ts(719,3): error TS2484: Export declaration conflicts with exported declaration of 'TradeRoute'.
src/types/exploration/unified/ExplorationTypes.ts(720,3): error TS2484: Export declaration conflicts with exported declaration of 'AnalysisResult'.
src/types/exploration/unified/ExplorationTypes.ts(721,3): error TS2484: Export declaration conflicts with exported declaration of 'Insight'.
src/types/exploration/unified/ExplorationTypes.ts(722,3): error TS2484: Export declaration conflicts with exported declaration of 'ExplorationActivity'.
src/types/exploration/unified/ExplorationTypes.ts(723,3): error TS2484: Export declaration conflicts with exported declaration of 'ExplorationResult'.
src/types/exploration/unified/ExplorationTypes.ts(724,3): error TS2484: Export declaration conflicts with exported declaration of 'Reward'.
src/types/exploration/unified/ExplorationTypes.ts(725,3): error TS2484: Export declaration conflicts with exported declaration of 'MapViewport'.
src/types/exploration/unified/ExplorationTypes.ts(726,3): error TS2484: Export declaration conflicts with exported declaration of 'MapVisualSettings'.
src/types/exploration/unified/ExplorationTypes.ts(727,3): error TS2484: Export declaration conflicts with exported declaration of 'MapSelection'.
src/types/exploration/unified/ExplorationTypes.ts(728,3): error TS2484: Export declaration conflicts with exported declaration of 'ExplorationState'.
src/types/exploration/unified/ExplorationTypes.ts(729,3): error TS2484: Export declaration conflicts with exported declaration of 'ExplorationContextType'.
src/types/exploration/unified/ExplorationTypes.ts(730,3): error TS2484: Export declaration conflicts with exported declaration of 'ExplorationEvent'.
src/types/exploration/unified/ExplorationTypes.ts(735,3): error TS2484: Export declaration conflicts with exported declaration of 'ExplorationStatus'.
src/types/exploration/unified/ExplorationTypes.ts(736,3): error TS2484: Export declaration conflicts with exported declaration of 'StarType'.
src/types/exploration/unified/ExplorationTypes.ts(737,3): error TS2484: Export declaration conflicts with exported declaration of 'PlanetType'.
src/types/exploration/unified/ExplorationTypes.ts(738,3): error TS2484: Export declaration conflicts with exported declaration of 'JumpPointStatus'.
src/types/exploration/unified/ExplorationTypes.ts(739,3): error TS2484: Export declaration conflicts with exported declaration of 'SpecialFeatureType'.
src/types/exploration/unified/ExplorationTypes.ts(740,3): error TS2484: Export declaration conflicts with exported declaration of 'AnomalyType'.
src/types/exploration/unified/ExplorationTypes.ts(741,3): error TS2484: Export declaration conflicts with exported declaration of 'EffectType'.
src/types/exploration/unified/ExplorationTypes.ts(742,3): error TS2484: Export declaration conflicts with exported declaration of 'InvestigationStage'.
src/types/exploration/unified/ExplorationTypes.ts(743,3): error TS2484: Export declaration conflicts with exported declaration of 'FindingCategory'.
src/types/exploration/unified/ExplorationTypes.ts(744,3): error TS2484: Export declaration conflicts with exported declaration of 'DangerLevel'.
src/types/exploration/unified/ExplorationTypes.ts(745,3): error TS2484: Export declaration conflicts with exported declaration of 'EnvironmentalConditionType'.
src/types/exploration/unified/ExplorationTypes.ts(746,3): error TS2484: Export declaration conflicts with exported declaration of 'Disposition'.
src/types/exploration/unified/ExplorationTypes.ts(747,3): error TS2484: Export declaration conflicts with exported declaration of 'AnalysisType'.
src/types/exploration/unified/ExplorationTypes.ts(748,3): error TS2484: Export declaration conflicts with exported declaration of 'ExplorationActivityType'.
src/types/exploration/unified/ExplorationTypes.ts(749,3): error TS2484: Export declaration conflicts with exported declaration of 'RewardType'.
src/types/exploration/unified/ExplorationTypes.ts(750,3): error TS2484: Export declaration conflicts with exported declaration of 'DetailLevel'.
src/types/exploration/unified/ExplorationTypes.ts(751,3): error TS2484: Export declaration conflicts with exported declaration of 'MapTheme'.
src/types/exploration/unified/ExplorationTypes.ts(752,3): error TS2484: Export declaration conflicts with exported declaration of 'ExplorationEventType'.
src/types/exploration/unified/ExplorationTypeUtils.ts(34,17): error TS2323: Cannot redeclare exported variable 'dataPointToCoordinates'.
src/types/exploration/unified/ExplorationTypeUtils.ts(48,17): error TS2323: Cannot redeclare exported variable 'dataPointToAnomaly'.
src/types/exploration/unified/ExplorationTypeUtils.ts(77,17): error TS2323: Cannot redeclare exported variable 'dataPointToResourceDeposit'.
src/types/exploration/unified/ExplorationTypeUtils.ts(93,17): error TS2323: Cannot redeclare exported variable 'dataPointToSector'.
src/types/exploration/unified/ExplorationTypeUtils.ts(94,3): error TS2741: Property 'accessibility' is missing in type '{ id: string; name: string; type: "sector"; discoveredAt: number; coordinates: Coordinates; explorationStatus: ExplorationStatus.DETECTED; systems: never[]; resources: never[]; anomalies: never[]; tradeRoutes: never[]; dangerLevel: DangerLevel; environmentalConditions: never[]; }' but required in type 'Sector'.
src/types/exploration/unified/ExplorationTypeUtils.ts(113,17): error TS2323: Cannot redeclare exported variable 'anomalyToDataPoint'.
src/types/exploration/unified/ExplorationTypeUtils.ts(128,7): error TS2322: Type 'number | undefined' is not assignable to type 'string | number | boolean | string[]'.
  Type 'undefined' is not assignable to type 'string | number | boolean | string[]'.
src/types/exploration/unified/ExplorationTypeUtils.ts(129,7): error TS2322: Type 'string | undefined' is not assignable to type 'string | number | boolean | string[]'.
  Type 'undefined' is not assignable to type 'string | number | boolean | string[]'.
src/types/exploration/unified/ExplorationTypeUtils.ts(130,7): error TS2322: Type 'string | undefined' is not assignable to type 'string | number | boolean | string[]'.
  Type 'undefined' is not assignable to type 'string | number | boolean | string[]'.
src/types/exploration/unified/ExplorationTypeUtils.ts(131,7): error TS2322: Type 'VisualData | undefined' is not assignable to type 'string | number | boolean | string[]'.
  Type 'undefined' is not assignable to type 'string | number | boolean | string[]'.
src/types/exploration/unified/ExplorationTypeUtils.ts(139,17): error TS2323: Cannot redeclare exported variable 'resourceDepositToDataPoint'.
src/types/exploration/unified/ExplorationTypeUtils.ts(154,7): error TS2322: Type 'number | undefined' is not assignable to type 'string | number | boolean | string[]'.
  Type 'undefined' is not assignable to type 'string | number | boolean | string[]'.
src/types/exploration/unified/ExplorationTypeUtils.ts(155,7): error TS2322: Type 'string | undefined' is not assignable to type 'string | number | boolean | string[]'.
  Type 'undefined' is not assignable to type 'string | number | boolean | string[]'.
src/types/exploration/unified/ExplorationTypeUtils.ts(156,7): error TS2322: Type 'string | undefined' is not assignable to type 'string | number | boolean | string[]'.
  Type 'undefined' is not assignable to type 'string | number | boolean | string[]'.
src/types/exploration/unified/ExplorationTypeUtils.ts(164,17): error TS2323: Cannot redeclare exported variable 'sectorToDataPoint'.
src/types/exploration/unified/ExplorationTypeUtils.ts(179,7): error TS2322: Type 'number | undefined' is not assignable to type 'string | number | boolean | string[]'.
  Type 'undefined' is not assignable to type 'string | number | boolean | string[]'.
src/types/exploration/unified/ExplorationTypeUtils.ts(180,7): error TS2322: Type 'string | undefined' is not assignable to type 'string | number | boolean | string[]'.
  Type 'undefined' is not assignable to type 'string | number | boolean | string[]'.
src/types/exploration/unified/ExplorationTypeUtils.ts(181,7): error TS2322: Type 'string | undefined' is not assignable to type 'string | number | boolean | string[]'.
  Type 'undefined' is not assignable to type 'string | number | boolean | string[]'.
src/types/exploration/unified/ExplorationTypeUtils.ts(265,17): error TS2323: Cannot redeclare exported variable 'createDefaultEffect'.
src/types/exploration/unified/ExplorationTypeUtils.ts(329,17): error TS2323: Cannot redeclare exported variable 'createDefaultAnalysisResult'.
src/types/exploration/unified/ExplorationTypeUtils.ts(348,17): error TS2323: Cannot redeclare exported variable 'filterByExplorationStatus'.
src/types/exploration/unified/ExplorationTypeUtils.ts(358,17): error TS2323: Cannot redeclare exported variable 'sortByDiscoveryDate'.
src/types/exploration/unified/ExplorationTypeUtils.ts(370,17): error TS2323: Cannot redeclare exported variable 'calculateDistance'.
src/types/exploration/unified/ExplorationTypeUtils.ts(381,17): error TS2323: Cannot redeclare exported variable 'findNearestEntities'.
src/types/exploration/unified/ExplorationTypeUtils.ts(399,17): error TS2323: Cannot redeclare exported variable 'createEmptyExplorationState'.
src/types/exploration/unified/ExplorationTypeUtils.ts(416,3): error TS2323: Cannot redeclare exported variable 'dataPointToCoordinates'.
src/types/exploration/unified/ExplorationTypeUtils.ts(416,3): error TS2484: Export declaration conflicts with exported declaration of 'dataPointToCoordinates'.
src/types/exploration/unified/ExplorationTypeUtils.ts(417,3): error TS2323: Cannot redeclare exported variable 'dataPointToAnomaly'.
src/types/exploration/unified/ExplorationTypeUtils.ts(417,3): error TS2484: Export declaration conflicts with exported declaration of 'dataPointToAnomaly'.
src/types/exploration/unified/ExplorationTypeUtils.ts(418,3): error TS2323: Cannot redeclare exported variable 'dataPointToResourceDeposit'.
src/types/exploration/unified/ExplorationTypeUtils.ts(418,3): error TS2484: Export declaration conflicts with exported declaration of 'dataPointToResourceDeposit'.
src/types/exploration/unified/ExplorationTypeUtils.ts(419,3): error TS2323: Cannot redeclare exported variable 'dataPointToSector'.
src/types/exploration/unified/ExplorationTypeUtils.ts(419,3): error TS2484: Export declaration conflicts with exported declaration of 'dataPointToSector'.
src/types/exploration/unified/ExplorationTypeUtils.ts(420,3): error TS2323: Cannot redeclare exported variable 'anomalyToDataPoint'.
src/types/exploration/unified/ExplorationTypeUtils.ts(420,3): error TS2484: Export declaration conflicts with exported declaration of 'anomalyToDataPoint'.
src/types/exploration/unified/ExplorationTypeUtils.ts(421,3): error TS2323: Cannot redeclare exported variable 'resourceDepositToDataPoint'.
src/types/exploration/unified/ExplorationTypeUtils.ts(421,3): error TS2484: Export declaration conflicts with exported declaration of 'resourceDepositToDataPoint'.
src/types/exploration/unified/ExplorationTypeUtils.ts(422,3): error TS2323: Cannot redeclare exported variable 'sectorToDataPoint'.
src/types/exploration/unified/ExplorationTypeUtils.ts(422,3): error TS2484: Export declaration conflicts with exported declaration of 'sectorToDataPoint'.
src/types/exploration/unified/ExplorationTypeUtils.ts(426,3): error TS2323: Cannot redeclare exported variable 'createDefaultEffect'.
src/types/exploration/unified/ExplorationTypeUtils.ts(426,3): error TS2484: Export declaration conflicts with exported declaration of 'createDefaultEffect'.
src/types/exploration/unified/ExplorationTypeUtils.ts(427,3): error TS2323: Cannot redeclare exported variable 'createDefaultAnalysisResult'.
src/types/exploration/unified/ExplorationTypeUtils.ts(427,3): error TS2484: Export declaration conflicts with exported declaration of 'createDefaultAnalysisResult'.
src/types/exploration/unified/ExplorationTypeUtils.ts(428,3): error TS2323: Cannot redeclare exported variable 'filterByExplorationStatus'.
src/types/exploration/unified/ExplorationTypeUtils.ts(428,3): error TS2484: Export declaration conflicts with exported declaration of 'filterByExplorationStatus'.
src/types/exploration/unified/ExplorationTypeUtils.ts(429,3): error TS2323: Cannot redeclare exported variable 'sortByDiscoveryDate'.
src/types/exploration/unified/ExplorationTypeUtils.ts(429,3): error TS2484: Export declaration conflicts with exported declaration of 'sortByDiscoveryDate'.
src/types/exploration/unified/ExplorationTypeUtils.ts(430,3): error TS2323: Cannot redeclare exported variable 'calculateDistance'.
src/types/exploration/unified/ExplorationTypeUtils.ts(430,3): error TS2484: Export declaration conflicts with exported declaration of 'calculateDistance'.
src/types/exploration/unified/ExplorationTypeUtils.ts(431,3): error TS2323: Cannot redeclare exported variable 'findNearestEntities'.
src/types/exploration/unified/ExplorationTypeUtils.ts(431,3): error TS2484: Export declaration conflicts with exported declaration of 'findNearestEntities'.
src/types/exploration/unified/ExplorationTypeUtils.ts(432,3): error TS2323: Cannot redeclare exported variable 'createEmptyExplorationState'.
src/types/exploration/unified/ExplorationTypeUtils.ts(432,3): error TS2484: Export declaration conflicts with exported declaration of 'createEmptyExplorationState'.
src/types/resources/ResourcePoolTypes.ts(20,23): error TS2304: Cannot find name 'ResourceState'.
src/types/resources/ResourceSerializationTypes.ts(37,11): error TS2304: Cannot find name 'ResourceAlert'.
src/types/resources/ResourceTypeUtils.ts(17,10): error TS2304: Cannot find name 'ResourceTypeInfo'.
src/types/resources/ResourceTypeUtils.ts(26,10): error TS2304: Cannot find name 'ResourceTypeInfo'.
src/types/resources/ResourceTypeUtils.ts(35,10): error TS2304: Cannot find name 'ResourceTypeInfo'.
src/types/resources/ResourceTypeUtils.ts(43,66): error TS2304: Cannot find name 'ResourceCategory'.
src/types/resources/ResourceTypeUtils.ts(44,10): error TS2304: Cannot find name 'ResourceTypeInfo'.
src/types/resources/ResourceTypeUtils.ts(53,10): error TS2304: Cannot find name 'ResourceTypeInfo'.
src/types/resources/ResourceTypeUtils.ts(61,54): error TS2304: Cannot find name 'ResourceCategory'.
src/types/resources/ResourceTypeUtils.ts(62,53): error TS2304: Cannot find name 'ResourceTypeInfo'.
src/types/resources/ResourceTypeUtils.ts(70,37): error TS2304: Cannot find name 'ResourceCategory'.
src/types/resources/ResourceTypeUtils.ts(78,37): error TS2304: Cannot find name 'ResourceCategory'.
src/types/resources/ResourceTypeUtils.ts(86,37): error TS2304: Cannot find name 'ResourceCategory'.
src/types/resources/ResourceTypeUtils.ts(95,10): error TS2304: Cannot find name 'ResourceTypeInfo'.
src/types/resources/ResourceTypeUtils.ts(95,54): error TS2304: Cannot find name 'ResourceCategory'.
src/types/resources/ResourceTypeUtils.ts(104,10): error TS2304: Cannot find name 'ResourceTypeInfo'.
src/types/resources/ResourceTypeUtils.ts(104,54): error TS2304: Cannot find name 'ResourceCategory'.
src/types/resources/ResourceTypeUtils.ts(113,10): error TS2304: Cannot find name 'ResourceTypeInfo'.
src/types/resources/ResourceTypeUtils.ts(113,54): error TS2304: Cannot find name 'ResourceCategory'.
src/types/resources/StandardizedResourceTypes.ts(14,3): error TS1205: Re-exporting a type when 'isolatedModules' is enabled requires using 'export type'.
src/types/resources/StandardizedResourceTypes.ts(15,3): error TS1205: Re-exporting a type when 'isolatedModules' is enabled requires using 'export type'.
src/types/resources/StandardizedResourceTypes.ts(16,3): error TS1205: Re-exporting a type when 'isolatedModules' is enabled requires using 'export type'.
src/types/resources/StandardizedResourceTypes.ts(17,3): error TS1205: Re-exporting a type when 'isolatedModules' is enabled requires using 'export type'.
src/types/resources/StandardizedResourceTypes.ts(19,3): error TS1205: Re-exporting a type when 'isolatedModules' is enabled requires using 'export type'.
src/types/resources/StandardizedResourceTypes.ts(20,3): error TS1205: Re-exporting a type when 'isolatedModules' is enabled requires using 'export type'.
src/types/resources/StandardizedResourceTypes.ts(24,3): error TS1205: Re-exporting a type when 'isolatedModules' is enabled requires using 'export type'.
src/types/resources/StandardizedResourceTypes.ts(25,3): error TS1205: Re-exporting a type when 'isolatedModules' is enabled requires using 'export type'.
src/types/state/TypeSafeStateManagement.ts(122,5): error TS7053: Element implicitly has an 'any' type because expression of type '"DEFAULT"' can't be used to index type 'Partial<Record<A["type"], (state: S, action: any) => S>>'.
  Property 'DEFAULT' does not exist on type 'Partial<Record<A["type"], (state: S, action: any) => S>>'.
src/types/state/TypeSafeStateManagement.ts(122,33): error TS7006: Parameter 'state' implicitly has an 'any' type.
src/types/state/TypeSafeStateManagement.ts(133,23): error TS7053: Element implicitly has an 'any' type because expression of type 'string' can't be used to index type 'Partial<Record<A["type"], (state: S, action: any) => S>>'.
  No index signature with a parameter of type 'string' was found on type 'Partial<Record<A["type"], (state: S, action: any) => S>>'.
src/types/state/TypeSafeStateManagement.ts(133,53): error TS7053: Element implicitly has an 'any' type because expression of type '"DEFAULT"' can't be used to index type 'Partial<Record<A["type"], (state: S, action: any) => S>>'.
  Property 'DEFAULT' does not exist on type 'Partial<Record<A["type"], (state: S, action: any) => S>>'.
src/types/state/TypeSafeStateManagement.ts(202,21): error TS7053: Element implicitly has an 'any' type because expression of type 'string' can't be used to index type 'Record<A["type"], (state: S, action: A) => S>'.
  No index signature with a parameter of type 'string' was found on type 'Record<A["type"], (state: S, action: A) => S>'.
src/types/state/TypeSafeStateManagement.ts(214,52): error TS2345: Argument of type 'Action<string>' is not assignable to parameter of type 'A'.
  'Action<string>' is assignable to the constraint of type 'A', but 'A' could be instantiated with a different subtype of constraint 'Action<string>'.
src/types/state/TypeSafeStateManagement.ts(330,20): error TS2339: Property 'payload' does not exist on type 'Action<string>'.
src/types/state/TypeSafeStateManagement.ts(336,21): error TS2339: Property 'payload' does not exist on type 'Action<string>'.
src/types/visualizations/D3DragTypes.ts(96,10): error TS2769: No overload matches this call.
  Overload 1 of 3, '(accessor: ValueFn<ContainerElement, Datum, DragContainerElement>): DragBehavior<ContainerElement, Datum, ParentDatum>', gave the following error.
    Type 'ContainerElement' is not assignable to type 'DragContainerElement'.
      Type 'Element' is not assignable to type 'DragContainerElement'.
        Type 'Element' is missing the following properties from type 'SVGGElement': transform, getBBox, getCTM, getScreenCTM, and 106 more.
          Type 'ContainerElement' is not assignable to type 'SVGGElement'.
            Type 'Element' is missing the following properties from type 'SVGGElement': transform, getBBox, getCTM, getScreenCTM, and 106 more.
  Overload 2 of 3, '(container: DragContainerElement): DragBehavior<ContainerElement, Datum, ParentDatum>', gave the following error.
    Argument of type '() => ContainerElement' is not assignable to parameter of type 'DragContainerElement'.
src/types/visualizations/D3DragTypes.ts(129,19): error TS2339: Property 'fx' does not exist on type 'object'.
src/types/visualizations/D3DragTypes.ts(129,38): error TS2339: Property 'x' does not exist on type 'object'.
src/types/visualizations/D3DragTypes.ts(130,19): error TS2339: Property 'fy' does not exist on type 'object'.
src/types/visualizations/D3DragTypes.ts(130,38): error TS2339: Property 'y' does not exist on type 'object'.
src/types/visualizations/D3DragTypes.ts(140,19): error TS2339: Property 'fx' does not exist on type 'object'.
src/types/visualizations/D3DragTypes.ts(141,19): error TS2339: Property 'fy' does not exist on type 'object'.
src/types/visualizations/D3DragTypes.ts(152,19): error TS2339: Property 'fx' does not exist on type 'object'.
src/types/visualizations/D3DragTypes.ts(153,19): error TS2339: Property 'fy' does not exist on type 'object'.
src/types/visualizations/D3SelectionTypes.ts(144,60): error TS2554: Expected 1-3 arguments, but got 4.
src/types/visualizations/D3SelectionTypes.ts(235,34): error TS2769: No overload matches this call.
  Overload 1 of 3, '(typenames: string, listener: null): Selection<GElement, Datum, PElement, PDatum>', gave the following error.
    Argument of type '(event: Event, d: Datum, i: number, g: GElement[]) => void' is not assignable to parameter of type 'null'.
  Overload 2 of 3, '(typenames: string, listener: (this: GElement, event: any, d: Datum) => void, options?: any): Selection<GElement, Datum, PElement, PDatum>', gave the following error.
    Argument of type '(event: Event, d: Datum, i: number, g: GElement[]) => void' is not assignable to parameter of type '(this: GElement, event: any, d: Datum) => void'.
      Target signature provides too few arguments. Expected 4 or more, but got 2.
src/types/visualizations/D3SelectionTypes.ts(347,31): error TS2769: No overload matches this call.
  Overload 1 of 3, '(typenames: string, listener: null): Selection<GElement, Datum, PElement, PDatum>', gave the following error.
    Argument of type '(event: Event, d: Datum, i: number, g: GElement[]) => void' is not assignable to parameter of type 'null'.
  Overload 2 of 3, '(typenames: string, listener: (this: GElement, event: any, d: Datum) => void, options?: any): Selection<GElement, Datum, PElement, PDatum>', gave the following error.
    Argument of type '(event: Event, d: Datum, i: number, g: GElement[]) => void' is not assignable to parameter of type '(this: GElement, event: any, d: Datum) => void'.
      Target signature provides too few arguments. Expected 4 or more, but got 2.
src/types/visualizations/D3SelectionTypes.ts(452,23): error TS2694: Namespace '"/Users/deadcoast/CursorProjects/Galactic_Sprawl/node_modules/@types/d3/index"' has no exported member 'EasingFn'.
src/types/visualizations/D3SelectionTypes.ts(483,32): error TS2769: No overload matches this call.
  Overload 1 of 3, '(typenames: string, listener: null): Transition<GElement, Datum, PElement, PDatum>', gave the following error.
    Argument of type '(event: Event, d: Datum) => void' is not assignable to parameter of type 'null'.
  Overload 2 of 3, '(typenames: string, listener: ValueFn<GElement, Datum, void>): Transition<GElement, Datum, PElement, PDatum>', gave the following error.
    Argument of type '(event: Event, d: Datum) => void' is not assignable to parameter of type 'ValueFn<GElement, Datum, void>'.
      Types of parameters 'event' and 'datum' are incompatible.
        Type 'Datum' is not assignable to type 'Event'.
src/types/visualizations/D3ZoomTypes.ts(20,26): error TS2344: Type 'Element' does not satisfy the constraint 'Element'.
  Type 'BaseType' is not assignable to type 'Element'.
    Type 'null' is not assignable to type 'Element'.
src/types/visualizations/D3ZoomTypes.ts(95,20): error TS2344: Type 'Element' does not satisfy the constraint 'Element'.
  Type 'BaseType' is not assignable to type 'Element'.
    Type 'null' is not assignable to type 'Element'.
src/types/visualizations/D3ZoomTypes.ts(97,24): error TS2344: Type 'Element' does not satisfy the constraint 'Element'.
  Type 'BaseType' is not assignable to type 'Element'.
    Type 'null' is not assignable to type 'Element'.
src/types/visualizations/D3ZoomTypes.ts(128,57): error TS2554: Expected 3 arguments, but got 2.
src/types/visualizations/D3ZoomTypes.ts(135,22): error TS2345: Argument of type '((a: ZoomView, b: ZoomView) => ZoomInterpolator) | null' is not assignable to parameter of type '(a: ZoomView, b: ZoomView) => (t: number) => ZoomView'.
  Type 'null' is not assignable to type '(a: ZoomView, b: ZoomView) => (t: number) => ZoomView'.
src/types/visualizations/D3ZoomTypes.ts(155,33): error TS2344: Type 'GElement' does not satisfy the constraint 'Element'.
  Type 'BaseType' is not assignable to type 'Element'.
    Type 'null' is not assignable to type 'Element'.
src/types/visualizations/D3ZoomTypes.ts(246,22): error TS2554: Expected 3 arguments, but got 2.
src/types/visualizations/D3ZoomTypes.ts(246,27): error TS2683: 'this' implicitly has type 'any' because it does not have a type annotation.
src/types/weapons/WeaponTypes.ts(271,3): error TS2561: Object literal may only specify known properties, but 'plasma' does not exist in type 'Record<WeaponUpgradeType, string>'. Did you mean to write 'PLASMA'?
src/ui/components/Card/Card.tsx(13,18): error TS2430: Interface 'CardProps' incorrectly extends interface 'HTMLAttributes<HTMLDivElement>'.
  Types of property 'title' are incompatible.
    Type 'ReactNode' is not assignable to type 'string | undefined'.
      Type 'null' is not assignable to type 'string | undefined'.
src/ui/components/Card/variants/ModuleCard.tsx(56,18): error TS2430: Interface 'ModuleCardProps' incorrectly extends interface 'Omit<CardProps, "title" | "subtitle">'.
  Types of property 'onSelect' are incompatible.
    Type '((module: Module) => void) | undefined' is not assignable to type 'ReactEventHandler<HTMLDivElement> | undefined'.
      Type '(module: Module) => void' is not assignable to type 'ReactEventHandler<HTMLDivElement>'.
        Types of parameters 'module' and 'event' are incompatible.
          Type 'SyntheticEvent<HTMLDivElement, Event>' is missing the following properties from type 'Module': id, name, description, status, and 5 more.
src/utils/dataTransforms/chartTransforms.ts(243,5): error TS2561: Object literal may only specify known properties, but 'minerals' does not exist in type 'Record<ResourceType, string>'. Did you mean to write 'MINERALS'?
src/utils/dataTransforms/chartTransforms.ts(376,12): error TS2339: Property 'config' does not exist on type 'AnalysisResult'.
src/utils/dataTransforms/chartTransforms.ts(403,78): error TS2345: Argument of type 'undefined' is not assignable to parameter of type 'Record<string, unknown>'.
src/utils/dataTransforms/chartTransforms.ts(494,47): error TS2345: Argument of type 'AnalysisResult' is not assignable to parameter of type 'Record<string, unknown>'.
  Index signature for type 'string' is missing in type 'AnalysisResult'.
src/utils/dataTransforms/chartTransforms.ts(495,39): error TS2345: Argument of type 'AnalysisResult' is not assignable to parameter of type 'Record<string, unknown>'.
  Index signature for type 'string' is missing in type 'AnalysisResult'.
src/utils/dataTransforms/chartTransforms.ts(590,35): error TS2345: Argument of type 'ResourceGridCell' is not assignable to parameter of type 'Record<string, unknown>'.
  Index signature for type 'string' is missing in type 'ResourceGridCell'.
src/utils/dataTransforms/chartTransforms.ts(592,44): error TS2345: Argument of type 'ResourceGridCell' is not assignable to parameter of type 'Record<string, unknown>'.
  Index signature for type 'string' is missing in type 'ResourceGridCell'.
src/utils/dataTransforms/chartTransforms.ts(709,24): error TS2339: Property 'toLowerCase' does not exist on type 'never'.
src/utils/dataTransforms/chartTransforms.ts(713,25): error TS2339: Property 'toLowerCase' does not exist on type 'never'.
src/utils/dataTransforms/filterTransforms.ts(382,20): error TS2339: Property 'toLowerCase' does not exist on type 'never'.
src/utils/dataTransforms/filterTransforms.ts(386,21): error TS2339: Property 'toLowerCase' does not exist on type 'never'.
src/utils/dataTransforms/filterTransforms.ts(390,9): error TS2365: Operator '>=' cannot be applied to types 'never' and 'string | number'.
src/utils/dataTransforms/filterTransforms.ts(390,35): error TS2365: Operator '<=' cannot be applied to types 'never' and 'string | number'.
src/utils/dataTransforms/filterTransforms.ts(595,35): error TS2339: Property 'length' does not exist on type 'never'.
src/utils/dataTransforms/index.ts(28,10): error TS2304: Cannot find name 'createColorScale'.
src/utils/dataTransforms/index.ts(28,28): error TS2304: Cannot find name 'getResourceTypeColor'.
src/utils/dataTransforms/index.ts(28,50): error TS2304: Cannot find name 'hexToRgb'.
src/utils/dataTransforms/scientificTransforms.ts(425,74): error TS2345: Argument of type 'undefined' is not assignable to parameter of type 'Record<string, unknown>'.
src/utils/performance/benchmarks/PerformanceBenchmarkTools.ts(19,30): error TS2307: Cannot find module '../../../types/resources/FlowTypes' or its corresponding type declarations.
src/utils/performance/benchmarks/PerformanceBenchmarkTools.ts(307,18): error TS2339: Property 'OXYGEN' does not exist on type 'typeof ResourceType'.
src/utils/performance/benchmarks/PerformanceBenchmarkTools.ts(308,18): error TS2339: Property 'SILICON' does not exist on type 'typeof ResourceType'.
src/utils/performance/benchmarks/PerformanceBenchmarkTools.ts(312,19): error TS2674: Constructor of class 'ResourceFlowManager' is protected and only accessible within the class declaration.
src/utils/performance/benchmarks/PerformanceBenchmarkTools.ts(402,23): error TS2674: Constructor of class 'ResourceFlowManager' is protected and only accessible within the class declaration.
src/utils/performance/D3AnimationProfiler.ts(527,47): error TS2683: 'this' implicitly has type 'any' because it does not have a type annotation.
src/utils/performance/D3AnimationProfiler.ts(527,53): error TS2345: Argument of type 'any[]' is not assignable to parameter of type '[transition: Transition<BaseType, any, any, any>]'.
  Target requires 1 element(s) but source may have fewer.
src/utils/performance/D3AnimationProfiler.ts(539,41): error TS2683: 'this' implicitly has type 'any' because it does not have a type annotation.
src/utils/performance/D3AnimationProfiler.ts(539,47): error TS2345: Argument of type 'any[]' is not assignable to parameter of type '[name: string, value: string | number | boolean | readonly (string | number)[] | ValueFn<GElement, Datum, string | number | boolean | readonly (string | number)[] | null> | null]'.
  Target requires 2 element(s) but source may have fewer.
src/utils/performance/D3AnimationProfiler.ts(551,42): error TS2683: 'this' implicitly has type 'any' because it does not have a type annotation.
src/utils/performance/D3AnimationProfiler.ts(551,48): error TS2345: Argument of type 'any[]' is not assignable to parameter of type '[name: string, value: ValueFn<GElement, Datum, string | number | boolean | null>, priority?: "important" | null | undefined]'.
  Target requires 2 element(s) but source may have fewer.
src/utils/performance/D3AnimationQualityManager.ts(903,21): error TS2352: Conversion of type 'Selection<GElement, unknown, HTMLElement, any>' to type 'Selection<GElement, unknown, null, undefined>' may be a mistake because neither type sufficiently overlaps with the other. If this was intentional, convert the expression to 'unknown' first.
  The types returned by 'select(...)' are incompatible between these types.
    Type 'Selection<any, unknown, HTMLElement, any>' is not comparable to type 'Selection<any, unknown, null, undefined>'.
      Type 'HTMLElement' is not comparable to type 'null'.
src/utils/performance/D3AnimationQualityManager.ts(903,31): error TS2769: No overload matches this call.
  Overload 1 of 2, '(selector: string): Selection<GElement, unknown, HTMLElement, any>', gave the following error.
    Argument of type 'string | GElement' is not assignable to parameter of type 'string'.
      Type 'GElement' is not assignable to type 'string'.
        Type 'Element' is not assignable to type 'string'.
  Overload 2 of 2, '(node: BaseType): Selection<BaseType, unknown, null, undefined>', gave the following error.
    Argument of type 'string | GElement' is not assignable to parameter of type 'BaseType'.
      Type 'string' is not assignable to type 'BaseType'.
src/utils/performance/D3AnimationQualityManager.ts(944,54): error TS2769: No overload matches this call.
  Overload 1 of 3, '(milliseconds: number): Transition<GElement, Datum, PElement, PDatum>', gave the following error.
    Argument of type 'number | undefined' is not assignable to parameter of type 'number'.
      Type 'undefined' is not assignable to type 'number'.
  Overload 2 of 3, '(milliseconds: ValueFn<GElement, Datum, number>): Transition<GElement, Datum, PElement, PDatum>', gave the following error.
    Argument of type 'number | undefined' is not assignable to parameter of type 'ValueFn<GElement, Datum, number>'.
      Type 'undefined' is not assignable to type 'ValueFn<GElement, Datum, number>'.
src/utils/performance/D3AnimationQualityManager.ts(980,52): error TS2345: Argument of type '(d: NewDatum, i: number, data: NewDatum[]) => string' is not assignable to parameter of type 'ValueFn<GElement | PElement, OldDatum | NewDatum, KeyType>'.
  Types of parameters 'd' and 'datum' are incompatible.
    Type 'OldDatum | NewDatum' is not assignable to type 'NewDatum'.
      'NewDatum' could be instantiated with an arbitrary type which could be unrelated to 'OldDatum | NewDatum'.
src/utils/performance/D3AnimationQualityManager.ts(1047,49): error TS2686: 'React' refers to a UMD global, but the current file is a module. Consider adding an import instead.
src/utils/performance/D3AnimationQualityManager.ts(1051,3): error TS2686: 'React' refers to a UMD global, but the current file is a module. Consider adding an import instead.
src/utils/performance/D3BatchedUpdates.ts(501,33): error TS2683: 'this' implicitly has type 'any' because it does not have a type annotation.
src/utils/performance/D3BatchedUpdates.ts(501,39): error TS2345: Argument of type 'any[]' is not assignable to parameter of type '[name: string, value: string | number | boolean | readonly (string | number)[] | ValueFn<GElement, Datum, string | number | boolean | readonly (string | number)[] | null> | null]'.
  Target requires 2 element(s) but source may have fewer.
src/utils/performance/D3BatchedUpdates.ts(507,46): error TS2345: Argument of type 'any[]' is not assignable to parameter of type '[name: string, value: string | number | boolean | readonly (string | number)[] | ValueFn<GElement, Datum, string | number | boolean | readonly (string | number)[] | null> | null]'.
  Target requires 2 element(s) but source may have fewer.
src/utils/performance/D3BatchedUpdates.ts(522,34): error TS2683: 'this' implicitly has type 'any' because it does not have a type annotation.
src/utils/performance/D3BatchedUpdates.ts(522,40): error TS2345: Argument of type 'any[]' is not assignable to parameter of type '[name: string, value: ValueFn<GElement, Datum, string | number | boolean | null>, priority?: "important" | null | undefined]'.
  Target requires 2 element(s) but source may have fewer.
src/utils/performance/D3BatchedUpdates.ts(528,47): error TS2345: Argument of type 'any[]' is not assignable to parameter of type '[name: string, value: ValueFn<GElement, Datum, string | number | boolean | null>, priority?: "important" | null | undefined]'.
  Target requires 2 element(s) but source may have fewer.
src/utils/performance/D3BatchedUpdates.ts(543,37): error TS2683: 'this' implicitly has type 'any' because it does not have a type annotation.
src/utils/performance/D3BatchedUpdates.ts(543,43): error TS2345: Argument of type 'any[]' is not assignable to parameter of type '[name: Local<unknown>, value: unknown]'.
  Target requires 2 element(s) but source may have fewer.
src/utils/performance/D3BatchedUpdates.ts(549,50): error TS2345: Argument of type 'any[]' is not assignable to parameter of type '[name: Local<unknown>, value: unknown]'.
  Target requires 2 element(s) but source may have fewer.
src/utils/performance/D3BatchedUpdates.ts(564,33): error TS2683: 'this' implicitly has type 'any' because it does not have a type annotation.
src/utils/performance/D3BatchedUpdates.ts(564,39): error TS2345: Argument of type 'any[]' is not assignable to parameter of type '[value: string | ValueFn<GElement, Datum, string | null> | null]'.
  Target requires 1 element(s) but source may have fewer.
src/utils/performance/D3BatchedUpdates.ts(570,46): error TS2345: Argument of type 'any[]' is not assignable to parameter of type '[value: string | ValueFn<GElement, Datum, string | null> | null]'.
  Target requires 1 element(s) but source may have fewer.
src/utils/performance/D3BatchedUpdates.ts(585,33): error TS2683: 'this' implicitly has type 'any' because it does not have a type annotation.
src/utils/performance/D3BatchedUpdates.ts(585,39): error TS2345: Argument of type 'any[]' is not assignable to parameter of type '[value: string | number | boolean | ValueFn<GElement, Datum, string | number | boolean | null> | null]'.
  Target requires 1 element(s) but source may have fewer.
src/utils/performance/D3BatchedUpdates.ts(591,46): error TS2345: Argument of type 'any[]' is not assignable to parameter of type '[value: string | number | boolean | ValueFn<GElement, Datum, string | number | boolean | null> | null]'.
  Target requires 1 element(s) but source may have fewer.
src/utils/performance/D3BatchedUpdates.ts(614,23): error TS2352: Conversion of type 'Selection<GElement, Datum, HTMLElement, any>' to type 'Selection<GElement, Datum, null, undefined>' may be a mistake because neither type sufficiently overlaps with the other. If this was intentional, convert the expression to 'unknown' first.
  The types returned by 'select(...).select(...)' are incompatible between these types.
    Type 'Selection<null, undefined, HTMLElement, any>' is not comparable to type 'Selection<null, undefined, null, undefined>'.
      Type 'HTMLElement' is not comparable to type 'null'.
src/utils/performance/D3BatchedUpdates.ts(614,33): error TS2769: No overload matches this call.
  Overload 1 of 2, '(selector: string): Selection<GElement, Datum, HTMLElement, any>', gave the following error.
    Argument of type 'string | GElement' is not assignable to parameter of type 'string'.
      Type 'GElement' is not assignable to type 'string'.
        Type 'Element' is not assignable to type 'string'.
  Overload 2 of 2, '(node: BaseType): Selection<BaseType, Datum, null, undefined>', gave the following error.
    Argument of type 'string | GElement' is not assignable to parameter of type 'BaseType'.
      Type 'string' is not assignable to type 'BaseType'.
src/utils/performance/D3BatchedUpdates.ts(615,5): error TS2322: Type 'Selection<GElement, Datum, Element, undefined>' is not assignable to type 'Selection<GElement, Datum, null, undefined>'.
  The types of 'select(...).select(...).data' are incompatible between these types.
    Type '{ (): undefined[]; <NewDatum>(data: NewDatum[] | Iterable<NewDatum> | ValueFn<Element, undefined, NewDatum[] | Iterable<NewDatum>>, key?: ValueFn<...> | undefined): Selection<...>; }' is not assignable to type '{ (): undefined[]; <NewDatum>(data: NewDatum[] | Iterable<NewDatum> | ValueFn<null, undefined, NewDatum[] | Iterable<NewDatum>>, key?: ValueFn<...> | undefined): Selection<...>; }'.
      Types of parameters 'data' and 'data' are incompatible.
        Type 'any[] | Iterable<any> | ValueFn<null, undefined, any[] | Iterable<any>>' is not assignable to type 'any[] | Iterable<any> | ValueFn<Element, undefined, any[] | Iterable<any>>'.
          Type 'ValueFn<null, undefined, any[] | Iterable<any>>' is not assignable to type 'any[] | Iterable<any> | ValueFn<Element, undefined, any[] | Iterable<any>>'.
            Type 'ValueFn<null, undefined, any[] | Iterable<any>>' is not assignable to type 'ValueFn<Element, undefined, any[] | Iterable<any>>'.
              Type 'Element' is not assignable to type 'null'.
src/utils/performance/D3BatchedUpdates.ts(615,35): error TS2345: Argument of type 'Selection<GElement, Datum, null, undefined>' is not assignable to parameter of type 'Selection<GElement, Datum, Element, undefined>'.
  The types of 'select(...).select(...).data' are incompatible between these types.
    Type '{ (): undefined[]; <NewDatum>(data: NewDatum[] | Iterable<NewDatum> | ValueFn<null, undefined, NewDatum[] | Iterable<NewDatum>>, key?: ValueFn<...> | undefined): Selection<...>; }' is not assignable to type '{ (): undefined[]; <NewDatum>(data: NewDatum[] | Iterable<NewDatum> | ValueFn<Element, undefined, NewDatum[] | Iterable<NewDatum>>, key?: ValueFn<...> | undefined): Selection<...>; }'.
      Types of parameters 'data' and 'data' are incompatible.
        Type 'any[] | Iterable<any> | ValueFn<Element, undefined, any[] | Iterable<any>>' is not assignable to type 'any[] | Iterable<any> | ValueFn<null, undefined, any[] | Iterable<any>>'.
          Type 'ValueFn<Element, undefined, any[] | Iterable<any>>' is not assignable to type 'any[] | Iterable<any> | ValueFn<null, undefined, any[] | Iterable<any>>'.
            Type 'ValueFn<Element, undefined, any[] | Iterable<any>>' is not assignable to type 'ValueFn<null, undefined, any[] | Iterable<any>>'.
              Type 'null' is not assignable to type 'Element'.
src/utils/performance/D3BatchedUpdates.ts(636,49): error TS2683: 'this' implicitly has type 'any' because it does not have a type annotation.
src/utils/performance/D3BatchedUpdates.ts(636,55): error TS2345: Argument of type 'any[]' is not assignable to parameter of type '[transition: Transition<BaseType, any, any, any>]'.
  Target requires 1 element(s) but source may have fewer.
src/utils/performance/D3BatchedUpdates.ts(645,29): error TS2554: Expected 3 arguments, but got 2.
src/utils/performance/D3BatchedUpdates.ts(645,34): error TS2683: 'this' implicitly has type 'any' because it does not have a type annotation.
src/utils/performance/D3BatchedUpdates.ts(654,43): error TS2554: Expected 3 arguments, but got 2.
src/utils/performance/D3BatchedUpdates.ts(655,43): error TS2554: Expected 3 arguments, but got 2.
src/utils/performance/D3BatchedUpdates.ts(674,14): error TS2683: 'this' implicitly has type 'any' because it does not have a type annotation.
src/utils/performance/D3BatchedUpdates.ts(680,30): error TS2554: Expected 3-4 arguments, but got 2.
src/utils/performance/D3BatchedUpdates.ts(680,35): error TS2683: 'this' implicitly has type 'any' because it does not have a type annotation.
src/utils/performance/D3BatchedUpdates.ts(689,44): error TS2554: Expected 3-4 arguments, but got 2.
src/utils/performance/D3BatchedUpdates.ts(690,44): error TS2554: Expected 3-4 arguments, but got 2.
src/utils/performance/D3BatchedUpdates.ts(697,57): error TS2769: No overload matches this call.
  Overload 1 of 4, '(name: string, value: string | number | boolean, priority?: "important" | null | undefined): Selection<GElement, unknown, null, undefined>', gave the following error.
    Argument of type 'string | undefined' is not assignable to parameter of type '"important" | null | undefined'.
      Type 'string' is not assignable to type '"important"'.
  Overload 2 of 4, '(name: string, value: ValueFn<GElement, unknown, string | number | boolean | null>, priority?: "important" | null | undefined): Selection<GElement, unknown, null, undefined>', gave the following error.
    Argument of type 'string | undefined' is not assignable to parameter of type '"important" | null | undefined'.
      Type 'string' is not assignable to type '"important"'.
src/utils/performance/D3BatchedUpdates.ts(709,14): error TS2683: 'this' implicitly has type 'any' because it does not have a type annotation.
src/utils/performance/D3InterpolationCache.ts(681,49): error TS2683: 'this' implicitly has type 'any' because it does not have a type annotation.
src/utils/performance/D3InterpolationCache.ts(681,55): error TS2345: Argument of type 'any[]' is not assignable to parameter of type '[transition: Transition<BaseType, any, any, any>]'.
  Target requires 1 element(s) but source may have fewer.
src/utils/performance/D3InterpolationCache.ts(688,5): error TS2322: Type '(name: string, factory: any) => any' is not assignable to type '{ (name: string): ValueFn<GElement, Datum, (this: GElement, t: number) => string> | undefined; (name: string, factory: null): Transition<GElement, Datum, PElement, PDatum>; (name: string, factory: ValueFn<...>): Transition<...>; }'.
  Target signature provides too few arguments. Expected 2 or more, but got 1.
src/utils/performance/D3InterpolationCache.ts(702,5): error TS2322: Type '(name: string, factory: any) => any' is not assignable to type '{ (name: string): ValueFn<GElement, Datum, (this: GElement, t: number) => string> | undefined; (name: string, factory: null): Transition<GElement, Datum, PElement, PDatum>; (name: string, factory: ValueFn<...>, priority?: "important" | ... 1 more ... | undefined): Transition<...>; }'.
  Target signature provides too few arguments. Expected 2 or more, but got 1.
src/utils/performance/longsession/LongSessionMemoryTracker.ts(31,5): error TS2717: Subsequent property declarations must have the same type.  Property 'memory' must be of type 'PerformanceMetrics | undefined', but here has type 'PerformanceMemory | undefined'.
src/utils/performance/longsession/LongSessionMemoryTracker.ts(619,7): error TS2322: Type 'import("/Users/deadcoast/CursorProjects/Galactic_Sprawl/src/types/events/ModuleEventTypes").ModuleType' is not assignable to type 'import("/Users/deadcoast/CursorProjects/Galactic_Sprawl/src/types/buildings/ModuleTypes").ModuleType'.
  Type '"module-manager"' is not assignable to type 'ModuleType'.
src/utils/performance/multitab/MultitabCommunicationChannel.ts(217,9): error TS2322: Type '{}' is not assignable to type '"coordinator" | "worker"'.
src/utils/performance/multitab/MultitabCommunicationChannel.ts(219,9): error TS2322: Type '{}' is not assignable to type '"idle" | "error" | "ready" | "complete" | "testing"'.
src/utils/performance/multitab/MultitabCommunicationChannel.ts(384,7): error TS2322: Type 'null' is not assignable to type 'Record<string, unknown> | undefined'.
src/utils/performance/network/NetworkDegradationSimulator.ts(365,11): error TS18046: 'error' is of type 'unknown'.
src/utils/performance/network/NetworkDegradationSimulator.ts(390,37): error TS2345: Argument of type 'any[]' is not assignable to parameter of type '[method: string, url: string | URL, async: boolean, username?: string | null | undefined, password?: string | null | undefined]'.
  Target requires 3 element(s) but source may have fewer.
src/utils/performance/network/NetworkDegradationSimulator.ts(398,39): error TS2345: Argument of type 'any[]' is not assignable to parameter of type '[body?: Document | XMLHttpRequestBodyInit | null | undefined]'.
  Target allows only 1 element(s) but source may have more.
src/utils/performance/network/NetworkDegradationSimulator.ts(416,38): error TS2345: Argument of type 'ErrorEvent' is not assignable to parameter of type 'ProgressEvent<EventTarget>'.
  Type 'ErrorEvent' is missing the following properties from type 'ProgressEvent<EventTarget>': lengthComputable, loaded, total
src/utils/performance/network/NetworkDegradationSimulator.ts(436,52): error TS2345: Argument of type 'any[]' is not assignable to parameter of type '[ev: Event]'.
  Target requires 1 element(s) but source may have fewer.
src/utils/performance/network/NetworkDegradationSimulator.ts(444,48): error TS2345: Argument of type 'any[]' is not assignable to parameter of type '[ev: Event]'.
  Target requires 1 element(s) but source may have fewer.
src/utils/performance/network/NetworkDegradationSimulator.ts(450,32): error TS2345: Argument of type 'any[]' is not assignable to parameter of type '[body?: Document | XMLHttpRequestBodyInit | null | undefined]'.
  Target allows only 1 element(s) but source may have more.
src/utils/performance/network/NetworkDegradationSimulator.ts(470,13): error TS2556: A spread argument must either have a tuple type or be passed to a rest parameter.
src/utils/performance/network/NetworkDegradationSimulator.ts(800,35): error TS18046: 'error' is of type 'unknown'.
src/utils/resources/ResourceTypeMigration.ts(48,3): error TS2561: Object literal may only specify known properties, but 'minerals' does not exist in type 'Record<ResourceTypeString, ResourceType>'. Did you mean to write 'MINERALS'?
src/utils/weapons/weaponEffectUtils.ts(36,1): error TS2578: Unused '@ts-expect-error' directive.
src/utils/workers/ResourceFlowWorkerUtil.ts(1,10): error TS2300: Duplicate identifier 'ResourceType'.
src/utils/workers/ResourceFlowWorkerUtil.ts(10,3): error TS2305: Module '"../../types/resources/StandardizedResourceTypes"' has no exported member 'FlowConnection'.
src/utils/workers/ResourceFlowWorkerUtil.ts(11,3): error TS2305: Module '"../../types/resources/StandardizedResourceTypes"' has no exported member 'FlowNode'.
src/utils/workers/ResourceFlowWorkerUtil.ts(14,3): error TS2300: Duplicate identifier 'ResourceType'.
src/visualization/renderers/CanvasRenderer.tsx(712,43): error TS2358: The left-hand side of an 'instanceof' expression must be of type 'any', an object type or a type parameter.
src/visualization/renderers/CanvasRenderer.tsx(1060,56): error TS2304: Cannot find name 'ChartDataPoint'.
src/visualization/renderers/CanvasRenderer.tsx(1070,14): error TS2304: Cannot find name 'ChartDataPoint'.
src/visualization/renderers/CanvasRenderer.tsx(1135,33): error TS2339: Property 'x' does not exist on type 'ChartAxes | undefined'.
src/visualization/renderers/CanvasRenderer.tsx(1136,33): error TS2339: Property 'y' does not exist on type 'ChartAxes | undefined'.
src/visualization/renderers/SVGRenderer.tsx(923,43): error TS2358: The left-hand side of an 'instanceof' expression must be of type 'any', an object type or a type parameter.
src/visualization/renderers/SVGRenderer.tsx(1304,33): error TS2339: Property 'x' does not exist on type 'ChartAxes | undefined'.
src/visualization/renderers/SVGRenderer.tsx(1305,33): error TS2339: Property 'y' does not exist on type 'ChartAxes | undefined'.
src/visualization/renderers/WebGLRenderer.tsx(1116,43): error TS2358: The left-hand side of an 'instanceof' expression must be of type 'any', an object type or a type parameter.
src/visualization/renderers/WebGLRenderer.tsx(1543,33): error TS2339: Property 'x' does not exist on type 'ChartAxes | undefined'.
src/visualization/renderers/WebGLRenderer.tsx(1544,33): error TS2339: Property 'y' does not exist on type 'ChartAxes | undefined'.
src/workers/combatWorker.ts(45,1): error TS2578: Unused '@ts-expect-error' directive.
src/workers/ResourceFlowWorker.ts(1,10): error TS2300: Duplicate identifier 'ResourceType'.
src/workers/ResourceFlowWorker.ts(11,3): error TS2305: Module '"../types/resources/StandardizedResourceTypes"' has no exported member 'FlowConnection'.
src/workers/ResourceFlowWorker.ts(12,3): error TS2305: Module '"../types/resources/StandardizedResourceTypes"' has no exported member 'FlowNode'.
src/workers/ResourceFlowWorker.ts(15,3): error TS2300: Duplicate identifier 'ResourceType'.
src/workers/ResourceFlowWorker.ts(54,32): error TS18046: 'data' is of type 'unknown'.
src/workers/ResourceFlowWorker.ts(54,44): error TS18046: 'data' is of type 'unknown'.
src/workers/ResourceFlowWorker.ts(54,62): error TS18046: 'data' is of type 'unknown'.
src/workers/ResourceFlowWorker.ts(58,31): error TS18046: 'data' is of type 'unknown'.
src/workers/ResourceFlowWorker.ts(58,43): error TS18046: 'data' is of type 'unknown'.
src/workers/ResourceFlowWorker.ts(58,61): error TS18046: 'data' is of type 'unknown'.
src/workers/ResourceFlowWorker.ts(63,11): error TS18046: 'data' is of type 'unknown'.
src/workers/ResourceFlowWorker.ts(64,11): error TS18046: 'data' is of type 'unknown'.
src/workers/ResourceFlowWorker.ts(65,11): error TS18046: 'data' is of type 'unknown'.
src/workers/ResourceFlowWorker.ts(66,11): error TS18046: 'data' is of type 'unknown'.
src/workers/ResourceFlowWorker.ts(71,36): error TS18046: 'data' is of type 'unknown'.
src/workers/ResourceFlowWorker.ts(71,54): error TS18046: 'data' is of type 'unknown'.
src/workers/ResourceFlowWorker.ts(71,73): error TS18046: 'data' is of type 'unknown'.
src/workers/ResourceFlowWorker.ts(75,45): error TS18046: 'data' is of type 'unknown'.
src/workers/ResourceFlowWorker.ts(204,7): error TS7053: Element implicitly has an 'any' type because expression of type 'any' can't be used to index type 'Partial<Record<ResourceType, number>>'.
src/workers/ResourceFlowWorker.ts(204,37): error TS7053: Element implicitly has an 'any' type because expression of type 'any' can't be used to index type 'Partial<Record<ResourceType, number>>'.
src/workers/ResourceFlowWorker.ts(212,7): error TS7053: Element implicitly has an 'any' type because expression of type 'any' can't be used to index type 'Partial<Record<ResourceType, number>>'.
src/workers/ResourceFlowWorker.ts(212,31): error TS7053: Element implicitly has an 'any' type because expression of type 'any' can't be used to index type 'Partial<Record<ResourceType, number>>'.
src/workers/ResourceFlowWorker.ts(220,7): error TS7053: Element implicitly has an 'any' type because expression of type 'any' can't be used to index type 'Partial<Record<ResourceType, number>>'.
src/workers/ResourceFlowWorker.ts(220,37): error TS7053: Element implicitly has an 'any' type because expression of type 'any' can't be used to index type 'Partial<Record<ResourceType, number>>'.
src/workers/ResourceFlowWorker.ts(319,11): error TS2353: Object literal may only specify known properties, and 'id' does not exist in type 'ResourceTransfer'.
